[2025-08-04 21:14:53,804] [INFO] [real_accelerator.py:110:get_accelerator] Setting ds_accelerator to cuda (auto detect)
[2025-08-04 21:18:36,189] [WARNING] [runner.py:196:fetch_hostfile] Unable to find hostfile, will proceed with training with local resources only.
[2025-08-04 21:18:36,189] [INFO] [runner.py:555:main] cmd = /work/09359/mf0463/ls6/miniconda3/envs/clmoe/bin/python -u -m deepspeed.launcher.launch --world_info=eyJsb2NhbGhvc3QiOiBbMCwgMSwgMl19 --master_addr=127.0.0.1 --master_port=29600 --enable_each_rank_log=None llava/train/train_mem_MOE.py --deepspeed ./scripts/zero3_offload.json --lora_enable True --lora_r 32 --lora_alpha 64 --mm_projector_lr 2e-5 --expert_num 4 --model_name_or_path /work/09359/mf0463/ls6/CL-MoE/checkpoint/vicuna-7b-v1.5 --previous_task_model_path ./checkpoints/CL4VQA/type/llava-1.5-7b-lora --version v1 --data_path /work/09359/mf0463/ls6/CL-MoE/data/CL4VQA/train/train_q_subcategory.json --image_folder /work/09359/mf0463/ls6/ --vision_tower /work/09359/mf0463/ls6/CL-MoE/checkpoint/clip-vit-large-patch14-336 --mm_projector_type mlp2x_gelu --mm_vision_select_layer -2 --mm_use_im_start_end False --mm_use_im_patch_token False --image_aspect_ratio pad --group_by_modality_length True --bf16 True --output_dir ./checkpoints/CL4VQA/Only_Pretrain_1.5_MOE_2/subcategory/llava-1.5-7b-lora --num_train_epochs 1 --per_device_train_batch_size 8 --per_device_eval_batch_size 16 --gradient_accumulation_steps 1 --evaluation_strategy no --save_strategy steps --save_steps 50000 --learning_rate 2e-4 --weight_decay 0. --warmup_ratio 0.03 --lr_scheduler_type cosine --logging_steps 1 --tf32 True --model_max_length 2048 --gradient_checkpointing True --dataloader_num_workers 4 --lazy_preprocess True --report_to none --task subcategory
[2025-08-04 21:18:38,293] [INFO] [real_accelerator.py:110:get_accelerator] Setting ds_accelerator to cuda (auto detect)
[2025-08-04 21:18:46,069] [INFO] [launch.py:145:main] WORLD INFO DICT: {'localhost': [0, 1, 2]}
[2025-08-04 21:18:46,069] [INFO] [launch.py:151:main] nnodes=1, num_local_procs=3, node_rank=0
[2025-08-04 21:18:46,069] [INFO] [launch.py:162:main] global_rank_mapping=defaultdict(<class 'list'>, {'localhost': [0, 1, 2]})
[2025-08-04 21:18:46,069] [INFO] [launch.py:163:main] dist_world_size=3
[2025-08-04 21:18:46,069] [INFO] [launch.py:165:main] Setting CUDA_VISIBLE_DEVICES=0,1,2
[2025-08-04 21:18:50,208] [INFO] [real_accelerator.py:110:get_accelerator] Setting ds_accelerator to cuda (auto detect)
[2025-08-04 21:18:50,208] [INFO] [real_accelerator.py:110:get_accelerator] Setting ds_accelerator to cuda (auto detect)
[2025-08-04 21:18:50,208] [INFO] [real_accelerator.py:110:get_accelerator] Setting ds_accelerator to cuda (auto detect)
[2025-08-04 21:19:04,280] [WARNING] [comm.py:152:init_deepspeed_backend] NCCL backend in DeepSpeed not yet implemented
[2025-08-04 21:19:04,280] [WARNING] [comm.py:152:init_deepspeed_backend] NCCL backend in DeepSpeed not yet implemented
[2025-08-04 21:19:04,280] [INFO] [comm.py:594:init_distributed] cdb=None
[2025-08-04 21:19:04,280] [INFO] [comm.py:594:init_distributed] cdb=None
[2025-08-04 21:19:04,280] [WARNING] [comm.py:152:init_deepspeed_backend] NCCL backend in DeepSpeed not yet implemented
[2025-08-04 21:19:04,280] [INFO] [comm.py:594:init_distributed] cdb=None
[2025-08-04 21:19:04,280] [INFO] [comm.py:625:init_distributed] Initializing TorchBackend in DeepSpeed with backend nccl
[2025-08-04 21:19:27,567] [INFO] [partition_parameters.py:453:__exit__] finished initializing model with 6.74B parameters
Adding LoRA adapters...
[2025-08-04 21:21:44,013] [WARNING] [partition_parameters.py:836:_post_init_method] param `class_embedding` in CLIPVisionEmbeddings not on GPU so was not broadcasted from rank 0
[2025-08-04 21:21:44,542] [INFO] [partition_parameters.py:453:__exit__] finished initializing model with 7.04B parameters
Loading additional LLaVA weights...
Loading additional LLaVA weights...
Loading additional LLaVA weights...
Loading LoRA weights...
Loading LoRA weights...
Loading LoRA weights...
Model is loaded...
Model is loaded...
Model is loaded...
Formatting inputs...Skip in lazy mode
ninja: no work to do.
Time to load cpu_adam op: 0.9159457683563232 secondsTime to load cpu_adam op: 0.9159572124481201 seconds

Time to load cpu_adam op: 0.9162273406982422 seconds
Parameter Offload: Total persistent parameters: 49882112 in 1912 params
{'loss': 3.0632, 'learning_rate': 0.0, 'epoch': 0.0}
{'loss': 1.3715, 'learning_rate': 3.868528072345415e-05, 'epoch': 0.0}
{'loss': 1.8093, 'learning_rate': 6.131471927654584e-05, 'epoch': 0.0}
{'loss': 1.3591, 'learning_rate': 7.73705614469083e-05, 'epoch': 0.0}
{'loss': 1.0864, 'learning_rate': 8.982444017039271e-05, 'epoch': 0.0}
{'loss': 1.1681, 'learning_rate': 9.999999999999999e-05, 'epoch': 0.01}
{'loss': 1.1485, 'learning_rate': 0.00010860331325016917, 'epoch': 0.01}
{'loss': 1.2563, 'learning_rate': 0.00011605584217036247, 'epoch': 0.01}
{'loss': 1.017, 'learning_rate': 0.00012262943855309168, 'epoch': 0.01}
{'loss': 0.8233, 'learning_rate': 0.00012850972089384688, 'epoch': 0.01}
{'loss': 1.4056, 'learning_rate': 0.00013382908331057726, 'epoch': 0.01}
{'loss': 0.9797, 'learning_rate': 0.00013868528072345416, 'epoch': 0.01}
{'loss': 1.3694, 'learning_rate': 0.0001431525492965077, 'epoch': 0.01}
{'loss': 1.0917, 'learning_rate': 0.00014728859397362333, 'epoch': 0.01}
{'loss': 0.927, 'learning_rate': 0.00015113915944693854, 'epoch': 0.01}
{'loss': 0.9132, 'learning_rate': 0.0001547411228938166, 'epoch': 0.01}
{'loss': 0.9779, 'learning_rate': 0.00015812464746045693, 'epoch': 0.01}
{'loss': 1.335, 'learning_rate': 0.00016131471927654582, 'epoch': 0.02}
{'loss': 1.505, 'learning_rate': 0.0001643322683504497, 'epoch': 0.02}
{'loss': 1.2367, 'learning_rate': 0.00016719500161730102, 'epoch': 0.02}
{'loss': 0.9643, 'learning_rate': 0.00016991803252671504, 'epoch': 0.02}
{'loss': 1.0922, 'learning_rate': 0.00017251436403403143, 'epoch': 0.02}
{'loss': 1.14, 'learning_rate': 0.00017499526414000292, 'epoch': 0.02}
{'loss': 1.0488, 'learning_rate': 0.00017737056144690832, 'epoch': 0.02}
{'loss': 1.2995, 'learning_rate': 0.00017964888034078543, 'epoch': 0.02}
{'loss': 0.6556, 'learning_rate': 0.00018183783001996187, 'epoch': 0.02}
{'loss': 0.7434, 'learning_rate': 0.00018394415782963753, 'epoch': 0.02}
{'loss': 1.3293, 'learning_rate': 0.0001859738746970775, 'epoch': 0.02}
{'loss': 1.3609, 'learning_rate': 0.0001879323585457153, 'epoch': 0.02}
{'loss': 0.6941, 'learning_rate': 0.0001898244401703927, 'epoch': 0.03}
{'loss': 0.7411, 'learning_rate': 0.00019165447502641708, 'epoch': 0.03}
{'loss': 0.8531, 'learning_rate': 0.00019342640361727078, 'epoch': 0.03}
{'loss': 0.9057, 'learning_rate': 0.0001951438025871231, 'epoch': 0.03}
{'loss': 0.8435, 'learning_rate': 0.0001968099281839111, 'epoch': 0.03}
{'loss': 0.809, 'learning_rate': 0.00019842775342056188, 'epoch': 0.03}
{'loss': 0.8737, 'learning_rate': 0.00019999999999999998, 'epoch': 0.03}
{'loss': 1.0967, 'learning_rate': 0.0002, 'epoch': 0.03}
{'loss': 1.4004, 'learning_rate': 0.0002, 'epoch': 0.03}
{'loss': 0.9698, 'learning_rate': 0.0002, 'epoch': 0.03}
{'loss': 1.2233, 'learning_rate': 0.0002, 'epoch': 0.03}
{'loss': 0.5553, 'learning_rate': 0.0002, 'epoch': 0.03}
{'loss': 0.9714, 'learning_rate': 0.0002, 'epoch': 0.04}
{'loss': 1.9009, 'learning_rate': 0.0002, 'epoch': 0.04}
{'loss': 0.8582, 'learning_rate': 0.0002, 'epoch': 0.04}
{'loss': 0.6234, 'learning_rate': 0.0002, 'epoch': 0.04}
{'loss': 1.1263, 'learning_rate': 0.0002, 'epoch': 0.04}
{'loss': 0.9749, 'learning_rate': 0.0002, 'epoch': 0.04}
{'loss': 0.8601, 'learning_rate': 0.0002, 'epoch': 0.04}
{'loss': 0.8797, 'learning_rate': 0.0002, 'epoch': 0.04}
{'loss': 1.2183, 'learning_rate': 0.0002, 'epoch': 0.04}
{'loss': 0.7497, 'learning_rate': 0.0002, 'epoch': 0.04}
{'loss': 1.1042, 'learning_rate': 0.0002, 'epoch': 0.04}
{'loss': 0.7465, 'learning_rate': 0.0002, 'epoch': 0.04}
{'loss': 0.819, 'learning_rate': 0.0002, 'epoch': 0.05}
{'loss': 0.9905, 'learning_rate': 0.0002, 'epoch': 0.05}
{'loss': 1.0365, 'learning_rate': 0.0002, 'epoch': 0.05}
{'loss': 1.49, 'learning_rate': 0.0002, 'epoch': 0.05}
{'loss': 0.9505, 'learning_rate': 0.0002, 'epoch': 0.05}
{'loss': 1.0732, 'learning_rate': 0.0002, 'epoch': 0.05}
{'loss': 1.1389, 'learning_rate': 0.0002, 'epoch': 0.05}
{'loss': 0.8048, 'learning_rate': 0.0002, 'epoch': 0.05}
{'loss': 0.8597, 'learning_rate': 0.0002, 'epoch': 0.05}
{'loss': 0.9754, 'learning_rate': 0.0002, 'epoch': 0.05}
{'loss': 0.8985, 'learning_rate': 0.0002, 'epoch': 0.05}
{'loss': 1.529, 'learning_rate': 0.0002, 'epoch': 0.05}
{'loss': 1.2416, 'learning_rate': 0.0002, 'epoch': 0.06}
{'loss': 1.0049, 'learning_rate': 0.0002, 'epoch': 0.06}
{'loss': 0.9663, 'learning_rate': 0.0002, 'epoch': 0.06}
{'loss': 0.5692, 'learning_rate': 0.0002, 'epoch': 0.06}
{'loss': 0.6922, 'learning_rate': 0.0002, 'epoch': 0.06}
{'loss': 1.1651, 'learning_rate': 0.0002, 'epoch': 0.06}
{'loss': 0.7858, 'learning_rate': 0.0002, 'epoch': 0.06}
{'loss': 1.0789, 'learning_rate': 0.0002, 'epoch': 0.06}
{'loss': 0.8803, 'learning_rate': 0.0002, 'epoch': 0.06}
{'loss': 0.8144, 'learning_rate': 0.0002, 'epoch': 0.06}
{'loss': 0.9719, 'learning_rate': 0.0002, 'epoch': 0.06}
{'loss': 1.1357, 'learning_rate': 0.0002, 'epoch': 0.06}
{'loss': 0.8399, 'learning_rate': 0.0002, 'epoch': 0.07}
{'loss': 0.9483, 'learning_rate': 0.0002, 'epoch': 0.07}
{'loss': 0.744, 'learning_rate': 0.0002, 'epoch': 0.07}
{'loss': 0.8092, 'learning_rate': 0.0002, 'epoch': 0.07}
{'loss': 0.89, 'learning_rate': 0.0002, 'epoch': 0.07}
{'loss': 0.955, 'learning_rate': 0.0002, 'epoch': 0.07}
{'loss': 0.8143, 'learning_rate': 0.0002, 'epoch': 0.07}
{'loss': 0.7928, 'learning_rate': 0.0002, 'epoch': 0.07}
{'loss': 0.9349, 'learning_rate': 0.0002, 'epoch': 0.07}
{'loss': 0.8337, 'learning_rate': 0.0002, 'epoch': 0.07}
{'loss': 0.6508, 'learning_rate': 0.0002, 'epoch': 0.07}
{'loss': 1.3697, 'learning_rate': 0.0002, 'epoch': 0.07}
{'loss': 0.9547, 'learning_rate': 0.0002, 'epoch': 0.08}
{'loss': 1.0452, 'learning_rate': 0.0002, 'epoch': 0.08}
{'loss': 1.0632, 'learning_rate': 0.0002, 'epoch': 0.08}
{'loss': 0.8235, 'learning_rate': 0.0002, 'epoch': 0.08}
{'loss': 1.3058, 'learning_rate': 0.0002, 'epoch': 0.08}
{'loss': 0.656, 'learning_rate': 0.0002, 'epoch': 0.08}
{'loss': 0.8069, 'learning_rate': 0.0002, 'epoch': 0.08}
{'loss': 0.4988, 'learning_rate': 0.0002, 'epoch': 0.08}
{'loss': 0.8596, 'learning_rate': 0.0002, 'epoch': 0.08}
{'loss': 1.3786, 'learning_rate': 0.0002, 'epoch': 0.08}
{'loss': 0.7735, 'learning_rate': 0.0002, 'epoch': 0.08}
{'loss': 0.6141, 'learning_rate': 0.0002, 'epoch': 0.08}
{'loss': 1.197, 'learning_rate': 0.0002, 'epoch': 0.09}
{'loss': 1.3211, 'learning_rate': 0.0002, 'epoch': 0.09}
{'loss': 0.8961, 'learning_rate': 0.0002, 'epoch': 0.09}
{'loss': 0.8255, 'learning_rate': 0.0002, 'epoch': 0.09}
{'loss': 0.6025, 'learning_rate': 0.0002, 'epoch': 0.09}
{'loss': 0.8832, 'learning_rate': 0.0002, 'epoch': 0.09}
{'loss': 0.7023, 'learning_rate': 0.0002, 'epoch': 0.09}
{'loss': 1.677, 'learning_rate': 0.0002, 'epoch': 0.09}
{'loss': 1.2357, 'learning_rate': 0.0002, 'epoch': 0.09}
{'loss': 0.4699, 'learning_rate': 0.0002, 'epoch': 0.09}
{'loss': 1.1908, 'learning_rate': 0.0002, 'epoch': 0.09}
{'loss': 1.1723, 'learning_rate': 0.0002, 'epoch': 0.1}
{'loss': 0.9851, 'learning_rate': 0.0002, 'epoch': 0.1}
{'loss': 1.2968, 'learning_rate': 0.0002, 'epoch': 0.1}
{'loss': 0.889, 'learning_rate': 0.0002, 'epoch': 0.1}
{'loss': 0.8903, 'learning_rate': 0.0002, 'epoch': 0.1}
{'loss': 0.6523, 'learning_rate': 0.0002, 'epoch': 0.1}
{'loss': 0.9548, 'learning_rate': 0.0002, 'epoch': 0.1}
{'loss': 0.6576, 'learning_rate': 0.0002, 'epoch': 0.1}
{'loss': 0.8446, 'learning_rate': 0.0002, 'epoch': 0.1}
{'loss': 0.5098, 'learning_rate': 0.0002, 'epoch': 0.1}
{'loss': 1.0556, 'learning_rate': 0.0002, 'epoch': 0.1}
{'loss': 0.9512, 'learning_rate': 0.0002, 'epoch': 0.1}
{'loss': 0.9289, 'learning_rate': 0.0002, 'epoch': 0.11}
{'loss': 0.799, 'learning_rate': 0.0002, 'epoch': 0.11}
{'loss': 1.4072, 'learning_rate': 0.0002, 'epoch': 0.11}
{'loss': 0.9663, 'learning_rate': 0.0002, 'epoch': 0.11}
{'loss': 0.8335, 'learning_rate': 0.0002, 'epoch': 0.11}
{'loss': 1.1894, 'learning_rate': 0.0002, 'epoch': 0.11}
{'loss': 0.8572, 'learning_rate': 0.0002, 'epoch': 0.11}
{'loss': 0.7039, 'learning_rate': 0.0002, 'epoch': 0.11}
{'loss': 0.7701, 'learning_rate': 0.0002, 'epoch': 0.11}
{'loss': 0.8931, 'learning_rate': 0.0002, 'epoch': 0.11}
{'loss': 0.8257, 'learning_rate': 0.0002, 'epoch': 0.11}
{'loss': 1.1028, 'learning_rate': 0.0002, 'epoch': 0.11}
{'loss': 0.8425, 'learning_rate': 0.0002, 'epoch': 0.12}
{'loss': 0.809, 'learning_rate': 0.0002, 'epoch': 0.12}
{'loss': 0.7243, 'learning_rate': 0.0002, 'epoch': 0.12}
{'loss': 0.8288, 'learning_rate': 0.0002, 'epoch': 0.12}
{'loss': 0.7914, 'learning_rate': 0.0002, 'epoch': 0.12}
{'loss': 0.8244, 'learning_rate': 0.0002, 'epoch': 0.12}
{'loss': 0.647, 'learning_rate': 0.0002, 'epoch': 0.12}
{'loss': 1.1342, 'learning_rate': 0.0002, 'epoch': 0.12}
{'loss': 0.6729, 'learning_rate': 0.0002, 'epoch': 0.12}
{'loss': 1.4764, 'learning_rate': 0.0002, 'epoch': 0.12}
{'loss': 0.707, 'learning_rate': 0.0002, 'epoch': 0.12}
{'loss': 0.7746, 'learning_rate': 0.0002, 'epoch': 0.12}
{'loss': 0.7317, 'learning_rate': 0.0002, 'epoch': 0.13}
{'loss': 1.1562, 'learning_rate': 0.0002, 'epoch': 0.13}
{'loss': 0.9263, 'learning_rate': 0.0002, 'epoch': 0.13}
{'loss': 0.5658, 'learning_rate': 0.0002, 'epoch': 0.13}
{'loss': 0.7937, 'learning_rate': 0.0002, 'epoch': 0.13}
{'loss': 0.8088, 'learning_rate': 0.0002, 'epoch': 0.13}
{'loss': 0.7381, 'learning_rate': 0.0002, 'epoch': 0.13}
{'loss': 0.6552, 'learning_rate': 0.0002, 'epoch': 0.13}
{'loss': 0.7784, 'learning_rate': 0.0002, 'epoch': 0.13}
{'loss': 0.7887, 'learning_rate': 0.0002, 'epoch': 0.13}
{'loss': 0.7769, 'learning_rate': 0.0002, 'epoch': 0.13}
{'loss': 1.1324, 'learning_rate': 0.0002, 'epoch': 0.13}
{'loss': 1.0037, 'learning_rate': 0.0002, 'epoch': 0.14}
{'loss': 1.0086, 'learning_rate': 0.0002, 'epoch': 0.14}
{'loss': 1.047, 'learning_rate': 0.0002, 'epoch': 0.14}
{'loss': 0.824, 'learning_rate': 0.0002, 'epoch': 0.14}
{'loss': 1.0107, 'learning_rate': 0.0002, 'epoch': 0.14}
{'loss': 0.4905, 'learning_rate': 0.0002, 'epoch': 0.14}
{'loss': 1.1038, 'learning_rate': 0.0002, 'epoch': 0.14}
{'loss': 0.7679, 'learning_rate': 0.0002, 'epoch': 0.14}
{'loss': 1.1249, 'learning_rate': 0.0002, 'epoch': 0.14}
{'loss': 0.7988, 'learning_rate': 0.0002, 'epoch': 0.14}
{'loss': 0.6524, 'learning_rate': 0.0002, 'epoch': 0.14}
{'loss': 0.6427, 'learning_rate': 0.0002, 'epoch': 0.14}
{'loss': 0.7783, 'learning_rate': 0.0002, 'epoch': 0.15}
{'loss': 0.7789, 'learning_rate': 0.0002, 'epoch': 0.15}
{'loss': 0.8807, 'learning_rate': 0.0002, 'epoch': 0.15}
{'loss': 0.7426, 'learning_rate': 0.0002, 'epoch': 0.15}
{'loss': 0.6177, 'learning_rate': 0.0002, 'epoch': 0.15}
{'loss': 0.835, 'learning_rate': 0.0002, 'epoch': 0.15}
{'loss': 0.7586, 'learning_rate': 0.0002, 'epoch': 0.15}
{'loss': 1.0361, 'learning_rate': 0.0002, 'epoch': 0.15}
{'loss': 0.8141, 'learning_rate': 0.0002, 'epoch': 0.15}
{'loss': 1.2894, 'learning_rate': 0.0002, 'epoch': 0.15}
{'loss': 0.8021, 'learning_rate': 0.0002, 'epoch': 0.15}
{'loss': 1.1493, 'learning_rate': 0.0002, 'epoch': 0.15}
{'loss': 0.975, 'learning_rate': 0.0002, 'epoch': 0.16}
{'loss': 0.7305, 'learning_rate': 0.0002, 'epoch': 0.16}
{'loss': 0.9562, 'learning_rate': 0.0002, 'epoch': 0.16}
{'loss': 0.8393, 'learning_rate': 0.0002, 'epoch': 0.16}
{'loss': 0.6931, 'learning_rate': 0.0002, 'epoch': 0.16}
{'loss': 0.8886, 'learning_rate': 0.0002, 'epoch': 0.16}
{'loss': 0.897, 'learning_rate': 0.0002, 'epoch': 0.16}
{'loss': 0.8432, 'learning_rate': 0.0002, 'epoch': 0.16}
{'loss': 0.6167, 'learning_rate': 0.0002, 'epoch': 0.16}
{'loss': 0.5767, 'learning_rate': 0.0002, 'epoch': 0.16}
{'loss': 0.8182, 'learning_rate': 0.0002, 'epoch': 0.16}
{'loss': 0.6419, 'learning_rate': 0.0002, 'epoch': 0.16}
{'loss': 0.7831, 'learning_rate': 0.0002, 'epoch': 0.17}
{'loss': 1.1115, 'learning_rate': 0.0002, 'epoch': 0.17}
{'loss': 0.5526, 'learning_rate': 0.0002, 'epoch': 0.17}
{'loss': 0.7514, 'learning_rate': 0.0002, 'epoch': 0.17}
{'loss': 0.67, 'learning_rate': 0.0002, 'epoch': 0.17}
{'loss': 0.6624, 'learning_rate': 0.0002, 'epoch': 0.17}
{'loss': 0.4972, 'learning_rate': 0.0002, 'epoch': 0.17}
{'loss': 0.8364, 'learning_rate': 0.0002, 'epoch': 0.17}
{'loss': 0.5871, 'learning_rate': 0.0002, 'epoch': 0.17}
{'loss': 1.0915, 'learning_rate': 0.0002, 'epoch': 0.17}
{'loss': 0.8069, 'learning_rate': 0.0002, 'epoch': 0.17}
{'loss': 0.5513, 'learning_rate': 0.0002, 'epoch': 0.17}
{'loss': 0.569, 'learning_rate': 0.0002, 'epoch': 0.18}
{'loss': 0.7658, 'learning_rate': 0.0002, 'epoch': 0.18}
{'loss': 1.2377, 'learning_rate': 0.0002, 'epoch': 0.18}
{'loss': 0.8989, 'learning_rate': 0.0002, 'epoch': 0.18}
{'loss': 0.8468, 'learning_rate': 0.0002, 'epoch': 0.18}
{'loss': 0.7616, 'learning_rate': 0.0002, 'epoch': 0.18}
{'loss': 0.7655, 'learning_rate': 0.0002, 'epoch': 0.18}
{'loss': 0.7879, 'learning_rate': 0.0002, 'epoch': 0.18}
{'loss': 0.4792, 'learning_rate': 0.0002, 'epoch': 0.18}
{'loss': 0.5516, 'learning_rate': 0.0002, 'epoch': 0.18}
{'loss': 0.8153, 'learning_rate': 0.0002, 'epoch': 0.18}
{'loss': 0.7979, 'learning_rate': 0.0002, 'epoch': 0.19}
{'loss': 0.5501, 'learning_rate': 0.0002, 'epoch': 0.19}
{'loss': 0.6916, 'learning_rate': 0.0002, 'epoch': 0.19}
{'loss': 0.6095, 'learning_rate': 0.0002, 'epoch': 0.19}
{'loss': 0.6764, 'learning_rate': 0.0002, 'epoch': 0.19}
{'loss': 0.715, 'learning_rate': 0.0002, 'epoch': 0.19}
{'loss': 0.9672, 'learning_rate': 0.0002, 'epoch': 0.19}
{'loss': 0.6606, 'learning_rate': 0.0002, 'epoch': 0.19}
{'loss': 1.0057, 'learning_rate': 0.0002, 'epoch': 0.19}
{'loss': 1.0292, 'learning_rate': 0.0002, 'epoch': 0.19}
{'loss': 0.9209, 'learning_rate': 0.0002, 'epoch': 0.19}
{'loss': 0.8909, 'learning_rate': 0.0002, 'epoch': 0.19}
{'loss': 0.562, 'learning_rate': 0.0002, 'epoch': 0.2}
{'loss': 0.9387, 'learning_rate': 0.0002, 'epoch': 0.2}
{'loss': 0.6107, 'learning_rate': 0.0002, 'epoch': 0.2}
{'loss': 0.3871, 'learning_rate': 0.0002, 'epoch': 0.2}
{'loss': 0.6949, 'learning_rate': 0.0002, 'epoch': 0.2}
{'loss': 0.9844, 'learning_rate': 0.0002, 'epoch': 0.2}
{'loss': 1.0852, 'learning_rate': 0.0002, 'epoch': 0.2}
{'loss': 0.8715, 'learning_rate': 0.0002, 'epoch': 0.2}
{'loss': 1.0774, 'learning_rate': 0.0002, 'epoch': 0.2}
{'loss': 0.5194, 'learning_rate': 0.0002, 'epoch': 0.2}
{'loss': 0.7178, 'learning_rate': 0.0002, 'epoch': 0.2}
{'loss': 0.7418, 'learning_rate': 0.0002, 'epoch': 0.2}
{'loss': 0.6966, 'learning_rate': 0.0002, 'epoch': 0.21}
{'loss': 0.6219, 'learning_rate': 0.0002, 'epoch': 0.21}
{'loss': 0.8986, 'learning_rate': 0.0002, 'epoch': 0.21}
{'loss': 0.7437, 'learning_rate': 0.0002, 'epoch': 0.21}
{'loss': 1.0575, 'learning_rate': 0.0002, 'epoch': 0.21}
{'loss': 0.7546, 'learning_rate': 0.0002, 'epoch': 0.21}
{'loss': 0.6281, 'learning_rate': 0.0002, 'epoch': 0.21}
{'loss': 0.8926, 'learning_rate': 0.0002, 'epoch': 0.21}
{'loss': 0.6652, 'learning_rate': 0.0002, 'epoch': 0.21}
{'loss': 0.4879, 'learning_rate': 0.0002, 'epoch': 0.21}
{'loss': 0.8854, 'learning_rate': 0.0002, 'epoch': 0.21}
{'loss': 1.1274, 'learning_rate': 0.0002, 'epoch': 0.21}
{'loss': 0.5707, 'learning_rate': 0.0002, 'epoch': 0.22}
{'loss': 0.6559, 'learning_rate': 0.0002, 'epoch': 0.22}
{'loss': 0.9453, 'learning_rate': 0.0002, 'epoch': 0.22}
{'loss': 0.6483, 'learning_rate': 0.0002, 'epoch': 0.22}
{'loss': 0.6704, 'learning_rate': 0.0002, 'epoch': 0.22}
{'loss': 0.6745, 'learning_rate': 0.0002, 'epoch': 0.22}
{'loss': 1.1873, 'learning_rate': 0.0002, 'epoch': 0.22}
{'loss': 1.1184, 'learning_rate': 0.0002, 'epoch': 0.22}
{'loss': 0.8126, 'learning_rate': 0.0002, 'epoch': 0.22}
{'loss': 0.8589, 'learning_rate': 0.0002, 'epoch': 0.22}
{'loss': 0.7536, 'learning_rate': 0.0002, 'epoch': 0.22}
{'loss': 0.7012, 'learning_rate': 0.0002, 'epoch': 0.22}
{'loss': 0.3263, 'learning_rate': 0.0002, 'epoch': 0.23}
{'loss': 1.0424, 'learning_rate': 0.0002, 'epoch': 0.23}
{'loss': 0.7774, 'learning_rate': 0.0002, 'epoch': 0.23}
{'loss': 0.7353, 'learning_rate': 0.0002, 'epoch': 0.23}
{'loss': 0.7803, 'learning_rate': 0.0002, 'epoch': 0.23}
{'loss': 0.821, 'learning_rate': 0.0002, 'epoch': 0.23}
{'loss': 0.7638, 'learning_rate': 0.0002, 'epoch': 0.23}
{'loss': 0.5832, 'learning_rate': 0.0002, 'epoch': 0.23}
{'loss': 1.0539, 'learning_rate': 0.0002, 'epoch': 0.23}
{'loss': 1.0141, 'learning_rate': 0.0002, 'epoch': 0.23}
{'loss': 0.6999, 'learning_rate': 0.0002, 'epoch': 0.23}
{'loss': 0.5956, 'learning_rate': 0.0002, 'epoch': 0.23}
{'loss': 0.874, 'learning_rate': 0.0002, 'epoch': 0.24}
{'loss': 0.5429, 'learning_rate': 0.0002, 'epoch': 0.24}
{'loss': 0.9984, 'learning_rate': 0.0002, 'epoch': 0.24}
{'loss': 0.7097, 'learning_rate': 0.0002, 'epoch': 0.24}
{'loss': 0.9318, 'learning_rate': 0.0002, 'epoch': 0.24}
{'loss': 1.1592, 'learning_rate': 0.0002, 'epoch': 0.24}
{'loss': 1.0073, 'learning_rate': 0.0002, 'epoch': 0.24}
{'loss': 1.0825, 'learning_rate': 0.0002, 'epoch': 0.24}
{'loss': 0.9203, 'learning_rate': 0.0002, 'epoch': 0.24}
{'loss': 0.6582, 'learning_rate': 0.0002, 'epoch': 0.24}
{'loss': 0.6067, 'learning_rate': 0.0002, 'epoch': 0.24}
{'loss': 0.8966, 'learning_rate': 0.0002, 'epoch': 0.24}
{'loss': 0.8042, 'learning_rate': 0.0002, 'epoch': 0.25}
{'loss': 0.5852, 'learning_rate': 0.0002, 'epoch': 0.25}
{'loss': 0.7154, 'learning_rate': 0.0002, 'epoch': 0.25}
{'loss': 0.678, 'learning_rate': 0.0002, 'epoch': 0.25}
{'loss': 0.6089, 'learning_rate': 0.0002, 'epoch': 0.25}
{'loss': 0.5916, 'learning_rate': 0.0002, 'epoch': 0.25}
{'loss': 0.8431, 'learning_rate': 0.0002, 'epoch': 0.25}
{'loss': 0.6902, 'learning_rate': 0.0002, 'epoch': 0.25}
{'loss': 0.6848, 'learning_rate': 0.0002, 'epoch': 0.25}
{'loss': 0.6597, 'learning_rate': 0.0002, 'epoch': 0.25}
{'loss': 0.6141, 'learning_rate': 0.0002, 'epoch': 0.25}
{'loss': 0.6556, 'learning_rate': 0.0002, 'epoch': 0.25}
{'loss': 0.3205, 'learning_rate': 0.0002, 'epoch': 0.26}
{'loss': 0.9075, 'learning_rate': 0.0002, 'epoch': 0.26}
{'loss': 0.6707, 'learning_rate': 0.0002, 'epoch': 0.26}
{'loss': 0.7244, 'learning_rate': 0.0002, 'epoch': 0.26}
{'loss': 0.7662, 'learning_rate': 0.0002, 'epoch': 0.26}
{'loss': 0.7374, 'learning_rate': 0.0002, 'epoch': 0.26}
{'loss': 0.7956, 'learning_rate': 0.0002, 'epoch': 0.26}
{'loss': 0.8064, 'learning_rate': 0.0002, 'epoch': 0.26}
{'loss': 0.7005, 'learning_rate': 0.0002, 'epoch': 0.26}
{'loss': 0.668, 'learning_rate': 0.0002, 'epoch': 0.26}
{'loss': 0.8521, 'learning_rate': 0.0002, 'epoch': 0.26}
{'loss': 0.6271, 'learning_rate': 0.0002, 'epoch': 0.26}
{'loss': 0.7882, 'learning_rate': 0.0002, 'epoch': 0.27}
{'loss': 0.581, 'learning_rate': 0.0002, 'epoch': 0.27}
{'loss': 0.7374, 'learning_rate': 0.0002, 'epoch': 0.27}
{'loss': 0.8733, 'learning_rate': 0.0002, 'epoch': 0.27}
{'loss': 0.8227, 'learning_rate': 0.0002, 'epoch': 0.27}
{'loss': 0.7027, 'learning_rate': 0.0002, 'epoch': 0.27}
{'loss': 0.8467, 'learning_rate': 0.0002, 'epoch': 0.27}
{'loss': 0.798, 'learning_rate': 0.0002, 'epoch': 0.27}
{'loss': 0.664, 'learning_rate': 0.0002, 'epoch': 0.27}
{'loss': 0.9976, 'learning_rate': 0.0002, 'epoch': 0.27}
{'loss': 1.2007, 'learning_rate': 0.0002, 'epoch': 0.27}
{'loss': 0.9136, 'learning_rate': 0.0002, 'epoch': 0.28}
{'loss': 0.9962, 'learning_rate': 0.0002, 'epoch': 0.28}
{'loss': 0.9407, 'learning_rate': 0.0002, 'epoch': 0.28}
{'loss': 0.701, 'learning_rate': 0.0002, 'epoch': 0.28}
{'loss': 0.8251, 'learning_rate': 0.0002, 'epoch': 0.28}
{'loss': 0.9005, 'learning_rate': 0.0002, 'epoch': 0.28}
{'loss': 0.8584, 'learning_rate': 0.0002, 'epoch': 0.28}
{'loss': 1.0814, 'learning_rate': 0.0002, 'epoch': 0.28}
{'loss': 1.0351, 'learning_rate': 0.0002, 'epoch': 0.28}
{'loss': 0.9779, 'learning_rate': 0.0002, 'epoch': 0.28}
{'loss': 0.8278, 'learning_rate': 0.0002, 'epoch': 0.28}
{'loss': 0.7965, 'learning_rate': 0.0002, 'epoch': 0.28}
{'loss': 0.8595, 'learning_rate': 0.0002, 'epoch': 0.29}
{'loss': 1.2715, 'learning_rate': 0.0002, 'epoch': 0.29}
{'loss': 0.8627, 'learning_rate': 0.0002, 'epoch': 0.29}
{'loss': 0.616, 'learning_rate': 0.0002, 'epoch': 0.29}
{'loss': 0.8281, 'learning_rate': 0.0002, 'epoch': 0.29}
{'loss': 0.6541, 'learning_rate': 0.0002, 'epoch': 0.29}
{'loss': 0.6692, 'learning_rate': 0.0002, 'epoch': 0.29}
{'loss': 0.7177, 'learning_rate': 0.0002, 'epoch': 0.29}
{'loss': 0.5703, 'learning_rate': 0.0002, 'epoch': 0.29}
{'loss': 0.9672, 'learning_rate': 0.0002, 'epoch': 0.29}
{'loss': 0.6036, 'learning_rate': 0.0002, 'epoch': 0.29}
{'loss': 1.2436, 'learning_rate': 0.0002, 'epoch': 0.29}
{'loss': 0.5858, 'learning_rate': 0.0002, 'epoch': 0.3}
{'loss': 0.539, 'learning_rate': 0.0002, 'epoch': 0.3}
{'loss': 0.4924, 'learning_rate': 0.0002, 'epoch': 0.3}
{'loss': 0.8471, 'learning_rate': 0.0002, 'epoch': 0.3}
{'loss': 0.7097, 'learning_rate': 0.0002, 'epoch': 0.3}
{'loss': 1.1188, 'learning_rate': 0.0002, 'epoch': 0.3}
{'loss': 0.8302, 'learning_rate': 0.0002, 'epoch': 0.3}
{'loss': 0.6974, 'learning_rate': 0.0002, 'epoch': 0.3}
{'loss': 0.7712, 'learning_rate': 0.0002, 'epoch': 0.3}
{'loss': 0.5928, 'learning_rate': 0.0002, 'epoch': 0.3}
{'loss': 0.394, 'learning_rate': 0.0002, 'epoch': 0.3}
{'loss': 0.8824, 'learning_rate': 0.0002, 'epoch': 0.3}
{'loss': 0.8239, 'learning_rate': 0.0002, 'epoch': 0.31}
{'loss': 1.1391, 'learning_rate': 0.0002, 'epoch': 0.31}
{'loss': 0.6873, 'learning_rate': 0.0002, 'epoch': 0.31}
{'loss': 0.7978, 'learning_rate': 0.0002, 'epoch': 0.31}
{'loss': 0.6175, 'learning_rate': 0.0002, 'epoch': 0.31}
{'loss': 0.4596, 'learning_rate': 0.0002, 'epoch': 0.31}
{'loss': 0.799, 'learning_rate': 0.0002, 'epoch': 0.31}
{'loss': 0.8477, 'learning_rate': 0.0002, 'epoch': 0.31}
{'loss': 1.065, 'learning_rate': 0.0002, 'epoch': 0.31}
{'loss': 0.6379, 'learning_rate': 0.0002, 'epoch': 0.31}
{'loss': 0.6083, 'learning_rate': 0.0002, 'epoch': 0.31}
{'loss': 0.8972, 'learning_rate': 0.0002, 'epoch': 0.31}
{'loss': 0.8577, 'learning_rate': 0.0002, 'epoch': 0.32}
{'loss': 0.3945, 'learning_rate': 0.0002, 'epoch': 0.32}
{'loss': 0.7211, 'learning_rate': 0.0002, 'epoch': 0.32}
{'loss': 0.9041, 'learning_rate': 0.0002, 'epoch': 0.32}
{'loss': 0.7551, 'learning_rate': 0.0002, 'epoch': 0.32}
{'loss': 0.7379, 'learning_rate': 0.0002, 'epoch': 0.32}
{'loss': 0.8756, 'learning_rate': 0.0002, 'epoch': 0.32}
{'loss': 0.6319, 'learning_rate': 0.0002, 'epoch': 0.32}
{'loss': 0.6755, 'learning_rate': 0.0002, 'epoch': 0.32}
{'loss': 0.7567, 'learning_rate': 0.0002, 'epoch': 0.32}
{'loss': 0.6861, 'learning_rate': 0.0002, 'epoch': 0.32}
{'loss': 1.2951, 'learning_rate': 0.0002, 'epoch': 0.32}
{'loss': 0.6468, 'learning_rate': 0.0002, 'epoch': 0.33}
{'loss': 0.7735, 'learning_rate': 0.0002, 'epoch': 0.33}
{'loss': 1.0709, 'learning_rate': 0.0002, 'epoch': 0.33}
{'loss': 0.6942, 'learning_rate': 0.0002, 'epoch': 0.33}
{'loss': 0.8163, 'learning_rate': 0.0002, 'epoch': 0.33}
{'loss': 0.617, 'learning_rate': 0.0002, 'epoch': 0.33}
{'loss': 0.8129, 'learning_rate': 0.0002, 'epoch': 0.33}
{'loss': 0.9284, 'learning_rate': 0.0002, 'epoch': 0.33}
{'loss': 0.8482, 'learning_rate': 0.0002, 'epoch': 0.33}
{'loss': 0.7153, 'learning_rate': 0.0002, 'epoch': 0.33}
{'loss': 0.5626, 'learning_rate': 0.0002, 'epoch': 0.33}
{'loss': 0.7293, 'learning_rate': 0.0002, 'epoch': 0.33}
{'loss': 0.7627, 'learning_rate': 0.0002, 'epoch': 0.34}
{'loss': 0.7687, 'learning_rate': 0.0002, 'epoch': 0.34}
{'loss': 0.8143, 'learning_rate': 0.0002, 'epoch': 0.34}
{'loss': 0.8031, 'learning_rate': 0.0002, 'epoch': 0.34}
{'loss': 0.7686, 'learning_rate': 0.0002, 'epoch': 0.34}
{'loss': 0.8766, 'learning_rate': 0.0002, 'epoch': 0.34}
{'loss': 0.6433, 'learning_rate': 0.0002, 'epoch': 0.34}
{'loss': 0.8654, 'learning_rate': 0.0002, 'epoch': 0.34}
{'loss': 0.7543, 'learning_rate': 0.0002, 'epoch': 0.34}
{'loss': 0.8883, 'learning_rate': 0.0002, 'epoch': 0.34}
{'loss': 0.834, 'learning_rate': 0.0002, 'epoch': 0.34}
{'loss': 0.434, 'learning_rate': 0.0002, 'epoch': 0.34}
{'loss': 0.8862, 'learning_rate': 0.0002, 'epoch': 0.35}
{'loss': 0.8909, 'learning_rate': 0.0002, 'epoch': 0.35}
{'loss': 1.0608, 'learning_rate': 0.0002, 'epoch': 0.35}
{'loss': 0.5554, 'learning_rate': 0.0002, 'epoch': 0.35}
{'loss': 0.8224, 'learning_rate': 0.0002, 'epoch': 0.35}
{'loss': 0.7454, 'learning_rate': 0.0002, 'epoch': 0.35}
{'loss': 0.7639, 'learning_rate': 0.0002, 'epoch': 0.35}
{'loss': 0.7038, 'learning_rate': 0.0002, 'epoch': 0.35}
{'loss': 0.4364, 'learning_rate': 0.0002, 'epoch': 0.35}
{'loss': 1.1494, 'learning_rate': 0.0002, 'epoch': 0.35}
{'loss': 0.597, 'learning_rate': 0.0002, 'epoch': 0.35}
{'loss': 0.6375, 'learning_rate': 0.0002, 'epoch': 0.35}
{'loss': 0.5431, 'learning_rate': 0.0002, 'epoch': 0.36}
{'loss': 1.101, 'learning_rate': 0.0002, 'epoch': 0.36}
{'loss': 0.6725, 'learning_rate': 0.0002, 'epoch': 0.36}
{'loss': 0.9477, 'learning_rate': 0.0002, 'epoch': 0.36}
{'loss': 0.9946, 'learning_rate': 0.0002, 'epoch': 0.36}
{'loss': 0.7261, 'learning_rate': 0.0002, 'epoch': 0.36}
{'loss': 0.9063, 'learning_rate': 0.0002, 'epoch': 0.36}
{'loss': 0.6374, 'learning_rate': 0.0002, 'epoch': 0.36}
{'loss': 0.7958, 'learning_rate': 0.0002, 'epoch': 0.36}
{'loss': 0.7557, 'learning_rate': 0.0002, 'epoch': 0.36}
{'loss': 0.6151, 'learning_rate': 0.0002, 'epoch': 0.36}
{'loss': 0.6472, 'learning_rate': 0.0002, 'epoch': 0.37}
{'loss': 0.6874, 'learning_rate': 0.0002, 'epoch': 0.37}
{'loss': 0.5764, 'learning_rate': 0.0002, 'epoch': 0.37}
{'loss': 1.0774, 'learning_rate': 0.0002, 'epoch': 0.37}
{'loss': 0.9293, 'learning_rate': 0.0002, 'epoch': 0.37}
{'loss': 0.8343, 'learning_rate': 0.0002, 'epoch': 0.37}
{'loss': 0.6427, 'learning_rate': 0.0002, 'epoch': 0.37}
{'loss': 0.573, 'learning_rate': 0.0002, 'epoch': 0.37}
{'loss': 0.7589, 'learning_rate': 0.0002, 'epoch': 0.37}
{'loss': 0.849, 'learning_rate': 0.0002, 'epoch': 0.37}
{'loss': 0.7441, 'learning_rate': 0.0002, 'epoch': 0.37}
{'loss': 0.9644, 'learning_rate': 0.0002, 'epoch': 0.37}
{'loss': 0.6804, 'learning_rate': 0.0002, 'epoch': 0.38}
{'loss': 0.5058, 'learning_rate': 0.0002, 'epoch': 0.38}
{'loss': 0.5727, 'learning_rate': 0.0002, 'epoch': 0.38}
{'loss': 0.6369, 'learning_rate': 0.0002, 'epoch': 0.38}
{'loss': 0.7128, 'learning_rate': 0.0002, 'epoch': 0.38}
{'loss': 1.0053, 'learning_rate': 0.0002, 'epoch': 0.38}
{'loss': 1.227, 'learning_rate': 0.0002, 'epoch': 0.38}
{'loss': 0.5273, 'learning_rate': 0.0002, 'epoch': 0.38}
{'loss': 0.7297, 'learning_rate': 0.0002, 'epoch': 0.38}
{'loss': 0.6276, 'learning_rate': 0.0002, 'epoch': 0.38}
{'loss': 0.6619, 'learning_rate': 0.0002, 'epoch': 0.38}
{'loss': 0.7447, 'learning_rate': 0.0002, 'epoch': 0.38}
{'loss': 0.8905, 'learning_rate': 0.0002, 'epoch': 0.39}
{'loss': 0.7636, 'learning_rate': 0.0002, 'epoch': 0.39}
{'loss': 0.4801, 'learning_rate': 0.0002, 'epoch': 0.39}
{'loss': 0.8616, 'learning_rate': 0.0002, 'epoch': 0.39}
{'loss': 1.0271, 'learning_rate': 0.0002, 'epoch': 0.39}
{'loss': 0.6894, 'learning_rate': 0.0002, 'epoch': 0.39}
{'loss': 0.9917, 'learning_rate': 0.0002, 'epoch': 0.39}
{'loss': 0.6826, 'learning_rate': 0.0002, 'epoch': 0.39}
{'loss': 0.8831, 'learning_rate': 0.0002, 'epoch': 0.39}
{'loss': 0.3927, 'learning_rate': 0.0002, 'epoch': 0.39}
{'loss': 0.603, 'learning_rate': 0.0002, 'epoch': 0.39}
{'loss': 0.6083, 'learning_rate': 0.0002, 'epoch': 0.39}
{'loss': 0.7415, 'learning_rate': 0.0002, 'epoch': 0.4}
{'loss': 0.7785, 'learning_rate': 0.0002, 'epoch': 0.4}
{'loss': 0.4954, 'learning_rate': 0.0002, 'epoch': 0.4}
{'loss': 0.5662, 'learning_rate': 0.0002, 'epoch': 0.4}
{'loss': 0.6948, 'learning_rate': 0.0002, 'epoch': 0.4}
{'loss': 0.3945, 'learning_rate': 0.0002, 'epoch': 0.4}
{'loss': 0.3315, 'learning_rate': 0.0002, 'epoch': 0.4}
{'loss': 0.761, 'learning_rate': 0.0002, 'epoch': 0.4}
{'loss': 1.1527, 'learning_rate': 0.0002, 'epoch': 0.4}
{'loss': 0.4013, 'learning_rate': 0.0002, 'epoch': 0.4}
{'loss': 0.7799, 'learning_rate': 0.0002, 'epoch': 0.4}
{'loss': 0.709, 'learning_rate': 0.0002, 'epoch': 0.4}
{'loss': 0.699, 'learning_rate': 0.0002, 'epoch': 0.41}
{'loss': 0.8931, 'learning_rate': 0.0002, 'epoch': 0.41}
{'loss': 0.7728, 'learning_rate': 0.0002, 'epoch': 0.41}
{'loss': 0.7037, 'learning_rate': 0.0002, 'epoch': 0.41}
{'loss': 0.7146, 'learning_rate': 0.0002, 'epoch': 0.41}
{'loss': 0.4432, 'learning_rate': 0.0002, 'epoch': 0.41}
{'loss': 0.4972, 'learning_rate': 0.0002, 'epoch': 0.41}
{'loss': 0.8827, 'learning_rate': 0.0002, 'epoch': 0.41}
{'loss': 0.6659, 'learning_rate': 0.0002, 'epoch': 0.41}
{'loss': 0.7296, 'learning_rate': 0.0002, 'epoch': 0.41}
{'loss': 0.613, 'learning_rate': 0.0002, 'epoch': 0.41}
{'loss': 0.4747, 'learning_rate': 0.0002, 'epoch': 0.41}
{'loss': 0.8767, 'learning_rate': 0.0002, 'epoch': 0.42}
{'loss': 0.7589, 'learning_rate': 0.0002, 'epoch': 0.42}
{'loss': 0.5617, 'learning_rate': 0.0002, 'epoch': 0.42}
{'loss': 0.5307, 'learning_rate': 0.0002, 'epoch': 0.42}
{'loss': 0.7449, 'learning_rate': 0.0002, 'epoch': 0.42}
{'loss': 0.5069, 'learning_rate': 0.0002, 'epoch': 0.42}
{'loss': 0.7563, 'learning_rate': 0.0002, 'epoch': 0.42}
{'loss': 0.7267, 'learning_rate': 0.0002, 'epoch': 0.42}
{'loss': 0.5578, 'learning_rate': 0.0002, 'epoch': 0.42}
{'loss': 0.6762, 'learning_rate': 0.0002, 'epoch': 0.42}
{'loss': 0.5792, 'learning_rate': 0.0002, 'epoch': 0.42}
{'loss': 1.0355, 'learning_rate': 0.0002, 'epoch': 0.42}
{'loss': 0.3238, 'learning_rate': 0.0002, 'epoch': 0.43}
{'loss': 1.0173, 'learning_rate': 0.0002, 'epoch': 0.43}
{'loss': 0.53, 'learning_rate': 0.0002, 'epoch': 0.43}
{'loss': 0.7987, 'learning_rate': 0.0002, 'epoch': 0.43}
{'loss': 0.6496, 'learning_rate': 0.0002, 'epoch': 0.43}
{'loss': 1.0362, 'learning_rate': 0.0002, 'epoch': 0.43}
{'loss': 0.5605, 'learning_rate': 0.0002, 'epoch': 0.43}
{'loss': 0.6098, 'learning_rate': 0.0002, 'epoch': 0.43}
{'loss': 0.884, 'learning_rate': 0.0002, 'epoch': 0.43}
{'loss': 0.7353, 'learning_rate': 0.0002, 'epoch': 0.43}
{'loss': 0.8217, 'learning_rate': 0.0002, 'epoch': 0.43}
{'loss': 0.854, 'learning_rate': 0.0002, 'epoch': 0.43}
{'loss': 0.5235, 'learning_rate': 0.0002, 'epoch': 0.44}
{'loss': 0.7428, 'learning_rate': 0.0002, 'epoch': 0.44}
{'loss': 0.4855, 'learning_rate': 0.0002, 'epoch': 0.44}
{'loss': 1.1332, 'learning_rate': 0.0002, 'epoch': 0.44}
{'loss': 0.5353, 'learning_rate': 0.0002, 'epoch': 0.44}
{'loss': 0.573, 'learning_rate': 0.0002, 'epoch': 0.44}
{'loss': 0.7415, 'learning_rate': 0.0002, 'epoch': 0.44}
{'loss': 0.6245, 'learning_rate': 0.0002, 'epoch': 0.44}
{'loss': 0.2598, 'learning_rate': 0.0002, 'epoch': 0.44}
{'loss': 0.6424, 'learning_rate': 0.0002, 'epoch': 0.44}
{'loss': 0.7367, 'learning_rate': 0.0002, 'epoch': 0.44}
{'loss': 1.1063, 'learning_rate': 0.0002, 'epoch': 0.44}
{'loss': 0.7718, 'learning_rate': 0.0002, 'epoch': 0.45}
{'loss': 0.6162, 'learning_rate': 0.0002, 'epoch': 0.45}
{'loss': 0.8575, 'learning_rate': 0.0002, 'epoch': 0.45}
{'loss': 0.7758, 'learning_rate': 0.0002, 'epoch': 0.45}
{'loss': 0.6929, 'learning_rate': 0.0002, 'epoch': 0.45}
{'loss': 0.4933, 'learning_rate': 0.0002, 'epoch': 0.45}
{'loss': 1.0651, 'learning_rate': 0.0002, 'epoch': 0.45}
{'loss': 0.8859, 'learning_rate': 0.0002, 'epoch': 0.45}
{'loss': 0.3015, 'learning_rate': 0.0002, 'epoch': 0.45}
{'loss': 0.7525, 'learning_rate': 0.0002, 'epoch': 0.45}
{'loss': 0.642, 'learning_rate': 0.0002, 'epoch': 0.45}
{'loss': 0.9751, 'learning_rate': 0.0002, 'epoch': 0.46}
{'loss': 0.547, 'learning_rate': 0.0002, 'epoch': 0.46}
{'loss': 0.2981, 'learning_rate': 0.0002, 'epoch': 0.46}
{'loss': 0.6437, 'learning_rate': 0.0002, 'epoch': 0.46}
{'loss': 0.2425, 'learning_rate': 0.0002, 'epoch': 0.46}
{'loss': 0.5569, 'learning_rate': 0.0002, 'epoch': 0.46}
{'loss': 0.9526, 'learning_rate': 0.0002, 'epoch': 0.46}
{'loss': 1.1056, 'learning_rate': 0.0002, 'epoch': 0.46}
{'loss': 1.0752, 'learning_rate': 0.0002, 'epoch': 0.46}
{'loss': 0.3839, 'learning_rate': 0.0002, 'epoch': 0.46}
{'loss': 0.652, 'learning_rate': 0.0002, 'epoch': 0.46}
{'loss': 0.6286, 'learning_rate': 0.0002, 'epoch': 0.46}
{'loss': 0.5897, 'learning_rate': 0.0002, 'epoch': 0.47}
{'loss': 0.75, 'learning_rate': 0.0002, 'epoch': 0.47}
{'loss': 0.6271, 'learning_rate': 0.0002, 'epoch': 0.47}
{'loss': 0.3773, 'learning_rate': 0.0002, 'epoch': 0.47}
{'loss': 0.6014, 'learning_rate': 0.0002, 'epoch': 0.47}
{'loss': 0.5539, 'learning_rate': 0.0002, 'epoch': 0.47}
{'loss': 0.8271, 'learning_rate': 0.0002, 'epoch': 0.47}
{'loss': 0.6194, 'learning_rate': 0.0002, 'epoch': 0.47}
{'loss': 0.622, 'learning_rate': 0.0002, 'epoch': 0.47}
{'loss': 0.674, 'learning_rate': 0.0002, 'epoch': 0.47}
{'loss': 0.6755, 'learning_rate': 0.0002, 'epoch': 0.47}
{'loss': 0.6782, 'learning_rate': 0.0002, 'epoch': 0.47}
{'loss': 0.5373, 'learning_rate': 0.0002, 'epoch': 0.48}
{'loss': 0.6806, 'learning_rate': 0.0002, 'epoch': 0.48}
{'loss': 0.4439, 'learning_rate': 0.0002, 'epoch': 0.48}
{'loss': 0.911, 'learning_rate': 0.0002, 'epoch': 0.48}
{'loss': 0.5025, 'learning_rate': 0.0002, 'epoch': 0.48}
{'loss': 0.8282, 'learning_rate': 0.0002, 'epoch': 0.48}
{'loss': 0.631, 'learning_rate': 0.0002, 'epoch': 0.48}
{'loss': 1.0379, 'learning_rate': 0.0002, 'epoch': 0.48}
{'loss': 0.7055, 'learning_rate': 0.0002, 'epoch': 0.48}
{'loss': 0.6659, 'learning_rate': 0.0002, 'epoch': 0.48}
{'loss': 0.815, 'learning_rate': 0.0002, 'epoch': 0.48}
{'loss': 1.0681, 'learning_rate': 0.0002, 'epoch': 0.48}
{'loss': 0.5578, 'learning_rate': 0.0002, 'epoch': 0.49}
{'loss': 0.578, 'learning_rate': 0.0002, 'epoch': 0.49}
{'loss': 0.7962, 'learning_rate': 0.0002, 'epoch': 0.49}
{'loss': 0.9504, 'learning_rate': 0.0002, 'epoch': 0.49}
{'loss': 0.6359, 'learning_rate': 0.0002, 'epoch': 0.49}
{'loss': 0.7559, 'learning_rate': 0.0002, 'epoch': 0.49}
{'loss': 0.8243, 'learning_rate': 0.0002, 'epoch': 0.49}
{'loss': 0.7564, 'learning_rate': 0.0002, 'epoch': 0.49}
{'loss': 0.6739, 'learning_rate': 0.0002, 'epoch': 0.49}
{'loss': 1.0591, 'learning_rate': 0.0002, 'epoch': 0.49}
{'loss': 0.6421, 'learning_rate': 0.0002, 'epoch': 0.49}
{'loss': 1.0246, 'learning_rate': 0.0002, 'epoch': 0.49}
{'loss': 1.1148, 'learning_rate': 0.0002, 'epoch': 0.5}
{'loss': 0.9338, 'learning_rate': 0.0002, 'epoch': 0.5}
{'loss': 0.6691, 'learning_rate': 0.0002, 'epoch': 0.5}
{'loss': 1.025, 'learning_rate': 0.0002, 'epoch': 0.5}
{'loss': 0.7752, 'learning_rate': 0.0002, 'epoch': 0.5}
{'loss': 0.5751, 'learning_rate': 0.0002, 'epoch': 0.5}
{'loss': 1.1078, 'learning_rate': 0.0002, 'epoch': 0.5}
{'loss': 0.5739, 'learning_rate': 0.0002, 'epoch': 0.5}
{'loss': 0.9937, 'learning_rate': 0.0002, 'epoch': 0.5}
{'loss': 0.639, 'learning_rate': 0.0002, 'epoch': 0.5}
{'loss': 0.7064, 'learning_rate': 0.0002, 'epoch': 0.5}
{'loss': 0.6064, 'learning_rate': 0.0002, 'epoch': 0.5}
{'loss': 0.6043, 'learning_rate': 0.0002, 'epoch': 0.51}
{'loss': 1.0097, 'learning_rate': 0.0002, 'epoch': 0.51}
{'loss': 0.6573, 'learning_rate': 0.0002, 'epoch': 0.51}
{'loss': 0.7674, 'learning_rate': 0.0002, 'epoch': 0.51}
{'loss': 0.6934, 'learning_rate': 0.0002, 'epoch': 0.51}
{'loss': 0.729, 'learning_rate': 0.0002, 'epoch': 0.51}
{'loss': 0.7787, 'learning_rate': 0.0002, 'epoch': 0.51}
{'loss': 0.3345, 'learning_rate': 0.0002, 'epoch': 0.51}
{'loss': 0.9765, 'learning_rate': 0.0002, 'epoch': 0.51}
{'loss': 0.959, 'learning_rate': 0.0002, 'epoch': 0.51}
{'loss': 0.9175, 'learning_rate': 0.0002, 'epoch': 0.51}
{'loss': 0.528, 'learning_rate': 0.0002, 'epoch': 0.51}
{'loss': 1.0279, 'learning_rate': 0.0002, 'epoch': 0.52}
{'loss': 0.6164, 'learning_rate': 0.0002, 'epoch': 0.52}
{'loss': 0.7733, 'learning_rate': 0.0002, 'epoch': 0.52}
{'loss': 0.8869, 'learning_rate': 0.0002, 'epoch': 0.52}
{'loss': 0.8917, 'learning_rate': 0.0002, 'epoch': 0.52}
{'loss': 1.3026, 'learning_rate': 0.0002, 'epoch': 0.52}
{'loss': 0.4746, 'learning_rate': 0.0002, 'epoch': 0.52}
{'loss': 0.5488, 'learning_rate': 0.0002, 'epoch': 0.52}
{'loss': 1.2382, 'learning_rate': 0.0002, 'epoch': 0.52}
{'loss': 0.7055, 'learning_rate': 0.0002, 'epoch': 0.52}
{'loss': 0.6885, 'learning_rate': 0.0002, 'epoch': 0.52}
{'loss': 0.3449, 'learning_rate': 0.0002, 'epoch': 0.52}
{'loss': 0.7174, 'learning_rate': 0.0002, 'epoch': 0.53}
{'loss': 0.8972, 'learning_rate': 0.0002, 'epoch': 0.53}
{'loss': 0.864, 'learning_rate': 0.0002, 'epoch': 0.53}
{'loss': 0.4698, 'learning_rate': 0.0002, 'epoch': 0.53}
{'loss': 0.7506, 'learning_rate': 0.0002, 'epoch': 0.53}
{'loss': 1.0859, 'learning_rate': 0.0002, 'epoch': 0.53}
{'loss': 0.6064, 'learning_rate': 0.0002, 'epoch': 0.53}
{'loss': 0.8298, 'learning_rate': 0.0002, 'epoch': 0.53}
{'loss': 0.5585, 'learning_rate': 0.0002, 'epoch': 0.53}
{'loss': 0.5622, 'learning_rate': 0.0002, 'epoch': 0.53}
{'loss': 0.6945, 'learning_rate': 0.0002, 'epoch': 0.53}
{'loss': 0.6629, 'learning_rate': 0.0002, 'epoch': 0.53}
{'loss': 0.6189, 'learning_rate': 0.0002, 'epoch': 0.54}
{'loss': 0.5673, 'learning_rate': 0.0002, 'epoch': 0.54}
{'loss': 0.4366, 'learning_rate': 0.0002, 'epoch': 0.54}
{'loss': 1.0795, 'learning_rate': 0.0002, 'epoch': 0.54}
{'loss': 0.6849, 'learning_rate': 0.0002, 'epoch': 0.54}
{'loss': 0.6135, 'learning_rate': 0.0002, 'epoch': 0.54}
{'loss': 0.6067, 'learning_rate': 0.0002, 'epoch': 0.54}
{'loss': 0.807, 'learning_rate': 0.0002, 'epoch': 0.54}
{'loss': 0.446, 'learning_rate': 0.0002, 'epoch': 0.54}
{'loss': 0.7753, 'learning_rate': 0.0002, 'epoch': 0.54}
{'loss': 0.5833, 'learning_rate': 0.0002, 'epoch': 0.54}
{'loss': 0.7516, 'learning_rate': 0.0002, 'epoch': 0.54}
{'loss': 0.5392, 'learning_rate': 0.0002, 'epoch': 0.55}
{'loss': 0.6848, 'learning_rate': 0.0002, 'epoch': 0.55}
{'loss': 1.0024, 'learning_rate': 0.0002, 'epoch': 0.55}
{'loss': 1.2163, 'learning_rate': 0.0002, 'epoch': 0.55}
{'loss': 0.683, 'learning_rate': 0.0002, 'epoch': 0.55}
{'loss': 0.5986, 'learning_rate': 0.0002, 'epoch': 0.55}
{'loss': 0.4851, 'learning_rate': 0.0002, 'epoch': 0.55}
{'loss': 0.6109, 'learning_rate': 0.0002, 'epoch': 0.55}
{'loss': 0.5496, 'learning_rate': 0.0002, 'epoch': 0.55}
{'loss': 0.5909, 'learning_rate': 0.0002, 'epoch': 0.55}
{'loss': 0.8684, 'learning_rate': 0.0002, 'epoch': 0.55}
{'loss': 0.7558, 'learning_rate': 0.0002, 'epoch': 0.56}
{'loss': 0.7206, 'learning_rate': 0.0002, 'epoch': 0.56}
{'loss': 0.8207, 'learning_rate': 0.0002, 'epoch': 0.56}
{'loss': 0.7225, 'learning_rate': 0.0002, 'epoch': 0.56}
{'loss': 0.7632, 'learning_rate': 0.0002, 'epoch': 0.56}
{'loss': 0.7759, 'learning_rate': 0.0002, 'epoch': 0.56}
{'loss': 0.4927, 'learning_rate': 0.0002, 'epoch': 0.56}
{'loss': 0.8533, 'learning_rate': 0.0002, 'epoch': 0.56}
{'loss': 0.5045, 'learning_rate': 0.0002, 'epoch': 0.56}
{'loss': 0.6438, 'learning_rate': 0.0002, 'epoch': 0.56}
{'loss': 0.9048, 'learning_rate': 0.0002, 'epoch': 0.56}
{'loss': 0.5361, 'learning_rate': 0.0002, 'epoch': 0.56}
{'loss': 0.4801, 'learning_rate': 0.0002, 'epoch': 0.57}
{'loss': 0.5308, 'learning_rate': 0.0002, 'epoch': 0.57}
{'loss': 0.5742, 'learning_rate': 0.0002, 'epoch': 0.57}
{'loss': 0.6858, 'learning_rate': 0.0002, 'epoch': 0.57}
{'loss': 0.5335, 'learning_rate': 0.0002, 'epoch': 0.57}
{'loss': 0.6895, 'learning_rate': 0.0002, 'epoch': 0.57}
{'loss': 0.5943, 'learning_rate': 0.0002, 'epoch': 0.57}
{'loss': 0.6106, 'learning_rate': 0.0002, 'epoch': 0.57}
{'loss': 0.7989, 'learning_rate': 0.0002, 'epoch': 0.57}
{'loss': 0.3225, 'learning_rate': 0.0002, 'epoch': 0.57}
{'loss': 0.8147, 'learning_rate': 0.0002, 'epoch': 0.57}
{'loss': 0.8046, 'learning_rate': 0.0002, 'epoch': 0.57}
{'loss': 0.6766, 'learning_rate': 0.0002, 'epoch': 0.58}
{'loss': 0.441, 'learning_rate': 0.0002, 'epoch': 0.58}
{'loss': 0.707, 'learning_rate': 0.0002, 'epoch': 0.58}
{'loss': 0.9174, 'learning_rate': 0.0002, 'epoch': 0.58}
{'loss': 0.8722, 'learning_rate': 0.0002, 'epoch': 0.58}
{'loss': 0.9483, 'learning_rate': 0.0002, 'epoch': 0.58}
{'loss': 1.2242, 'learning_rate': 0.0002, 'epoch': 0.58}
{'loss': 0.7842, 'learning_rate': 0.0002, 'epoch': 0.58}
{'loss': 0.6737, 'learning_rate': 0.0002, 'epoch': 0.58}
{'loss': 1.1644, 'learning_rate': 0.0002, 'epoch': 0.58}
{'loss': 0.3205, 'learning_rate': 0.0002, 'epoch': 0.58}
{'loss': 0.762, 'learning_rate': 0.0002, 'epoch': 0.58}
{'loss': 0.2868, 'learning_rate': 0.0002, 'epoch': 0.59}
{'loss': 0.5177, 'learning_rate': 0.0002, 'epoch': 0.59}
{'loss': 0.7577, 'learning_rate': 0.0002, 'epoch': 0.59}
{'loss': 0.7837, 'learning_rate': 0.0002, 'epoch': 0.59}
{'loss': 0.5905, 'learning_rate': 0.0002, 'epoch': 0.59}
{'loss': 0.6631, 'learning_rate': 0.0002, 'epoch': 0.59}
{'loss': 0.7036, 'learning_rate': 0.0002, 'epoch': 0.59}
{'loss': 0.7167, 'learning_rate': 0.0002, 'epoch': 0.59}
{'loss': 0.5478, 'learning_rate': 0.0002, 'epoch': 0.59}
{'loss': 0.4, 'learning_rate': 0.0002, 'epoch': 0.59}
{'loss': 0.6369, 'learning_rate': 0.0002, 'epoch': 0.59}
{'loss': 0.8145, 'learning_rate': 0.0002, 'epoch': 0.59}
{'loss': 0.9199, 'learning_rate': 0.0002, 'epoch': 0.6}
{'loss': 0.7227, 'learning_rate': 0.0002, 'epoch': 0.6}
{'loss': 0.8335, 'learning_rate': 0.0002, 'epoch': 0.6}
{'loss': 0.8619, 'learning_rate': 0.0002, 'epoch': 0.6}
{'loss': 0.935, 'learning_rate': 0.0002, 'epoch': 0.6}
{'loss': 0.5042, 'learning_rate': 0.0002, 'epoch': 0.6}
{'loss': 0.8571, 'learning_rate': 0.0002, 'epoch': 0.6}
{'loss': 0.6078, 'learning_rate': 0.0002, 'epoch': 0.6}
{'loss': 0.5771, 'learning_rate': 0.0002, 'epoch': 0.6}
{'loss': 0.5646, 'learning_rate': 0.0002, 'epoch': 0.6}
{'loss': 0.4319, 'learning_rate': 0.0002, 'epoch': 0.6}
{'loss': 0.8438, 'learning_rate': 0.0002, 'epoch': 0.6}
{'loss': 0.4839, 'learning_rate': 0.0002, 'epoch': 0.61}
{'loss': 0.9902, 'learning_rate': 0.0002, 'epoch': 0.61}
{'loss': 0.5883, 'learning_rate': 0.0002, 'epoch': 0.61}
{'loss': 0.6381, 'learning_rate': 0.0002, 'epoch': 0.61}
{'loss': 0.9381, 'learning_rate': 0.0002, 'epoch': 0.61}
{'loss': 0.6898, 'learning_rate': 0.0002, 'epoch': 0.61}
{'loss': 0.4989, 'learning_rate': 0.0002, 'epoch': 0.61}
{'loss': 0.7959, 'learning_rate': 0.0002, 'epoch': 0.61}
{'loss': 0.5454, 'learning_rate': 0.0002, 'epoch': 0.61}
{'loss': 0.5706, 'learning_rate': 0.0002, 'epoch': 0.61}
{'loss': 0.4558, 'learning_rate': 0.0002, 'epoch': 0.61}
{'loss': 0.804, 'learning_rate': 0.0002, 'epoch': 0.61}
{'loss': 0.7287, 'learning_rate': 0.0002, 'epoch': 0.62}
{'loss': 0.9816, 'learning_rate': 0.0002, 'epoch': 0.62}
{'loss': 0.8767, 'learning_rate': 0.0002, 'epoch': 0.62}
{'loss': 0.7332, 'learning_rate': 0.0002, 'epoch': 0.62}
{'loss': 0.8382, 'learning_rate': 0.0002, 'epoch': 0.62}
{'loss': 0.7943, 'learning_rate': 0.0002, 'epoch': 0.62}
{'loss': 0.7034, 'learning_rate': 0.0002, 'epoch': 0.62}
{'loss': 0.8479, 'learning_rate': 0.0002, 'epoch': 0.62}
{'loss': 0.6458, 'learning_rate': 0.0002, 'epoch': 0.62}
{'loss': 0.654, 'learning_rate': 0.0002, 'epoch': 0.62}
{'loss': 0.6233, 'learning_rate': 0.0002, 'epoch': 0.62}
{'loss': 0.8663, 'learning_rate': 0.0002, 'epoch': 0.62}
{'loss': 0.9073, 'learning_rate': 0.0002, 'epoch': 0.63}
{'loss': 0.3722, 'learning_rate': 0.0002, 'epoch': 0.63}
{'loss': 0.7819, 'learning_rate': 0.0002, 'epoch': 0.63}
{'loss': 0.4542, 'learning_rate': 0.0002, 'epoch': 0.63}
{'loss': 0.7023, 'learning_rate': 0.0002, 'epoch': 0.63}
{'loss': 0.7029, 'learning_rate': 0.0002, 'epoch': 0.63}
{'loss': 0.6523, 'learning_rate': 0.0002, 'epoch': 0.63}
{'loss': 0.3214, 'learning_rate': 0.0002, 'epoch': 0.63}
{'loss': 0.5604, 'learning_rate': 0.0002, 'epoch': 0.63}
{'loss': 0.8683, 'learning_rate': 0.0002, 'epoch': 0.63}
{'loss': 0.738, 'learning_rate': 0.0002, 'epoch': 0.63}
{'loss': 0.5445, 'learning_rate': 0.0002, 'epoch': 0.63}
{'loss': 0.3904, 'learning_rate': 0.0002, 'epoch': 0.64}
{'loss': 0.9126, 'learning_rate': 0.0002, 'epoch': 0.64}
{'loss': 0.7428, 'learning_rate': 0.0002, 'epoch': 0.64}
{'loss': 0.7326, 'learning_rate': 0.0002, 'epoch': 0.64}
{'loss': 0.7298, 'learning_rate': 0.0002, 'epoch': 0.64}
{'loss': 0.7893, 'learning_rate': 0.0002, 'epoch': 0.64}
{'loss': 0.7738, 'learning_rate': 0.0002, 'epoch': 0.64}
{'loss': 0.8341, 'learning_rate': 0.0002, 'epoch': 0.64}
{'loss': 0.6521, 'learning_rate': 0.0002, 'epoch': 0.64}
{'loss': 0.7175, 'learning_rate': 0.0002, 'epoch': 0.64}
{'loss': 0.4242, 'learning_rate': 0.0002, 'epoch': 0.64}
{'loss': 1.2421, 'learning_rate': 0.0002, 'epoch': 0.65}
{'loss': 0.9611, 'learning_rate': 0.0002, 'epoch': 0.65}
{'loss': 1.1189, 'learning_rate': 0.0002, 'epoch': 0.65}
{'loss': 0.5939, 'learning_rate': 0.0002, 'epoch': 0.65}
{'loss': 0.612, 'learning_rate': 0.0002, 'epoch': 0.65}
{'loss': 0.6684, 'learning_rate': 0.0002, 'epoch': 0.65}
{'loss': 0.8905, 'learning_rate': 0.0002, 'epoch': 0.65}
{'loss': 0.3836, 'learning_rate': 0.0002, 'epoch': 0.65}
{'loss': 0.6, 'learning_rate': 0.0002, 'epoch': 0.65}
{'loss': 0.5204, 'learning_rate': 0.0002, 'epoch': 0.65}
{'loss': 0.6272, 'learning_rate': 0.0002, 'epoch': 0.65}
{'loss': 0.5434, 'learning_rate': 0.0002, 'epoch': 0.65}
{'loss': 0.9438, 'learning_rate': 0.0002, 'epoch': 0.66}
{'loss': 0.7845, 'learning_rate': 0.0002, 'epoch': 0.66}
{'loss': 0.7429, 'learning_rate': 0.0002, 'epoch': 0.66}
{'loss': 0.6597, 'learning_rate': 0.0002, 'epoch': 0.66}
{'loss': 0.7048, 'learning_rate': 0.0002, 'epoch': 0.66}
{'loss': 0.7097, 'learning_rate': 0.0002, 'epoch': 0.66}
{'loss': 0.32, 'learning_rate': 0.0002, 'epoch': 0.66}
{'loss': 1.0776, 'learning_rate': 0.0002, 'epoch': 0.66}
{'loss': 0.5215, 'learning_rate': 0.0002, 'epoch': 0.66}
{'loss': 0.8187, 'learning_rate': 0.0002, 'epoch': 0.66}
{'loss': 0.7194, 'learning_rate': 0.0002, 'epoch': 0.66}
{'loss': 0.6276, 'learning_rate': 0.0002, 'epoch': 0.66}
{'loss': 0.8159, 'learning_rate': 0.0002, 'epoch': 0.67}
{'loss': 0.587, 'learning_rate': 0.0002, 'epoch': 0.67}
{'loss': 1.0097, 'learning_rate': 0.0002, 'epoch': 0.67}
{'loss': 0.7709, 'learning_rate': 0.0002, 'epoch': 0.67}
{'loss': 0.6462, 'learning_rate': 0.0002, 'epoch': 0.67}
{'loss': 0.9165, 'learning_rate': 0.0002, 'epoch': 0.67}
{'loss': 0.7609, 'learning_rate': 0.0002, 'epoch': 0.67}
{'loss': 0.6078, 'learning_rate': 0.0002, 'epoch': 0.67}
{'loss': 0.8098, 'learning_rate': 0.0002, 'epoch': 0.67}
{'loss': 0.75, 'learning_rate': 0.0002, 'epoch': 0.67}
{'loss': 0.7531, 'learning_rate': 0.0002, 'epoch': 0.67}
{'loss': 0.4484, 'learning_rate': 0.0002, 'epoch': 0.67}
{'loss': 0.6442, 'learning_rate': 0.0002, 'epoch': 0.68}
{'loss': 0.5198, 'learning_rate': 0.0002, 'epoch': 0.68}
{'loss': 0.6463, 'learning_rate': 0.0002, 'epoch': 0.68}
{'loss': 0.7077, 'learning_rate': 0.0002, 'epoch': 0.68}
{'loss': 0.8551, 'learning_rate': 0.0002, 'epoch': 0.68}
{'loss': 0.6701, 'learning_rate': 0.0002, 'epoch': 0.68}
{'loss': 0.4088, 'learning_rate': 0.0002, 'epoch': 0.68}
{'loss': 0.776, 'learning_rate': 0.0002, 'epoch': 0.68}
{'loss': 0.8109, 'learning_rate': 0.0002, 'epoch': 0.68}
{'loss': 0.6246, 'learning_rate': 0.0002, 'epoch': 0.68}
{'loss': 0.7305, 'learning_rate': 0.0002, 'epoch': 0.68}
{'loss': 0.7862, 'learning_rate': 0.0002, 'epoch': 0.68}
{'loss': 0.8576, 'learning_rate': 0.0002, 'epoch': 0.69}
{'loss': 0.5542, 'learning_rate': 0.0002, 'epoch': 0.69}
{'loss': 0.7865, 'learning_rate': 0.0002, 'epoch': 0.69}
{'loss': 0.4807, 'learning_rate': 0.0002, 'epoch': 0.69}
{'loss': 0.7258, 'learning_rate': 0.0002, 'epoch': 0.69}
{'loss': 0.413, 'learning_rate': 0.0002, 'epoch': 0.69}
{'loss': 0.354, 'learning_rate': 0.0002, 'epoch': 0.69}
{'loss': 0.6226, 'learning_rate': 0.0002, 'epoch': 0.69}
{'loss': 0.5834, 'learning_rate': 0.0002, 'epoch': 0.69}
{'loss': 0.9095, 'learning_rate': 0.0002, 'epoch': 0.69}
{'loss': 0.5534, 'learning_rate': 0.0002, 'epoch': 0.69}
{'loss': 0.556, 'learning_rate': 0.0002, 'epoch': 0.69}
{'loss': 0.6089, 'learning_rate': 0.0002, 'epoch': 0.7}
{'loss': 0.5302, 'learning_rate': 0.0002, 'epoch': 0.7}
{'loss': 0.8557, 'learning_rate': 0.0002, 'epoch': 0.7}
{'loss': 0.6704, 'learning_rate': 0.0002, 'epoch': 0.7}
{'loss': 0.6058, 'learning_rate': 0.0002, 'epoch': 0.7}
{'loss': 0.4801, 'learning_rate': 0.0002, 'epoch': 0.7}
{'loss': 0.5608, 'learning_rate': 0.0002, 'epoch': 0.7}
{'loss': 0.6346, 'learning_rate': 0.0002, 'epoch': 0.7}
{'loss': 0.917, 'learning_rate': 0.0002, 'epoch': 0.7}
{'loss': 0.6458, 'learning_rate': 0.0002, 'epoch': 0.7}
{'loss': 0.4644, 'learning_rate': 0.0002, 'epoch': 0.7}
{'loss': 0.2933, 'learning_rate': 0.0002, 'epoch': 0.7}
{'loss': 0.9323, 'learning_rate': 0.0002, 'epoch': 0.71}
{'loss': 0.7633, 'learning_rate': 0.0002, 'epoch': 0.71}
{'loss': 0.6493, 'learning_rate': 0.0002, 'epoch': 0.71}
{'loss': 0.609, 'learning_rate': 0.0002, 'epoch': 0.71}
{'loss': 1.0032, 'learning_rate': 0.0002, 'epoch': 0.71}
{'loss': 0.6174, 'learning_rate': 0.0002, 'epoch': 0.71}
{'loss': 0.7524, 'learning_rate': 0.0002, 'epoch': 0.71}
{'loss': 0.6524, 'learning_rate': 0.0002, 'epoch': 0.71}
{'loss': 0.6822, 'learning_rate': 0.0002, 'epoch': 0.71}
{'loss': 1.0311, 'learning_rate': 0.0002, 'epoch': 0.71}
{'loss': 0.6615, 'learning_rate': 0.0002, 'epoch': 0.71}
{'loss': 0.6756, 'learning_rate': 0.0002, 'epoch': 0.71}
{'loss': 0.864, 'learning_rate': 0.0002, 'epoch': 0.72}
{'loss': 0.4478, 'learning_rate': 0.0002, 'epoch': 0.72}
{'loss': 0.7169, 'learning_rate': 0.0002, 'epoch': 0.72}
{'loss': 0.5874, 'learning_rate': 0.0002, 'epoch': 0.72}
{'loss': 0.6169, 'learning_rate': 0.0002, 'epoch': 0.72}
{'loss': 0.6051, 'learning_rate': 0.0002, 'epoch': 0.72}
{'loss': 0.8066, 'learning_rate': 0.0002, 'epoch': 0.72}
{'loss': 0.8597, 'learning_rate': 0.0002, 'epoch': 0.72}
{'loss': 0.8451, 'learning_rate': 0.0002, 'epoch': 0.72}
{'loss': 0.6322, 'learning_rate': 0.0002, 'epoch': 0.72}
{'loss': 0.8094, 'learning_rate': 0.0002, 'epoch': 0.72}
{'loss': 0.7387, 'learning_rate': 0.0002, 'epoch': 0.72}
{'loss': 0.9203, 'learning_rate': 0.0002, 'epoch': 0.73}
{'loss': 1.7784, 'learning_rate': 0.0002, 'epoch': 0.73}
{'loss': 0.9454, 'learning_rate': 0.0002, 'epoch': 0.73}
{'loss': 0.4808, 'learning_rate': 0.0002, 'epoch': 0.73}
{'loss': 0.7026, 'learning_rate': 0.0002, 'epoch': 0.73}
{'loss': 0.6552, 'learning_rate': 0.0002, 'epoch': 0.73}
{'loss': 0.5857, 'learning_rate': 0.0002, 'epoch': 0.73}
{'loss': 0.6447, 'learning_rate': 0.0002, 'epoch': 0.73}
{'loss': 0.8675, 'learning_rate': 0.0002, 'epoch': 0.73}
{'loss': 0.3287, 'learning_rate': 0.0002, 'epoch': 0.73}
{'loss': 0.8653, 'learning_rate': 0.0002, 'epoch': 0.73}
{'loss': 0.7607, 'learning_rate': 0.0002, 'epoch': 0.74}
{'loss': 0.5668, 'learning_rate': 0.0002, 'epoch': 0.74}
{'loss': 0.8831, 'learning_rate': 0.0002, 'epoch': 0.74}
{'loss': 0.9283, 'learning_rate': 0.0002, 'epoch': 0.74}
{'loss': 0.6918, 'learning_rate': 0.0002, 'epoch': 0.74}
{'loss': 0.4946, 'learning_rate': 0.0002, 'epoch': 0.74}
{'loss': 0.803, 'learning_rate': 0.0002, 'epoch': 0.74}
{'loss': 1.0203, 'learning_rate': 0.0002, 'epoch': 0.74}
{'loss': 1.2001, 'learning_rate': 0.0002, 'epoch': 0.74}
{'loss': 0.5427, 'learning_rate': 0.0002, 'epoch': 0.74}
{'loss': 0.8213, 'learning_rate': 0.0002, 'epoch': 0.74}
{'loss': 0.508, 'learning_rate': 0.0002, 'epoch': 0.74}
{'loss': 0.8753, 'learning_rate': 0.0002, 'epoch': 0.75}
{'loss': 0.4658, 'learning_rate': 0.0002, 'epoch': 0.75}
{'loss': 0.3764, 'learning_rate': 0.0002, 'epoch': 0.75}
{'loss': 0.5893, 'learning_rate': 0.0002, 'epoch': 0.75}
{'loss': 0.6558, 'learning_rate': 0.0002, 'epoch': 0.75}
{'loss': 0.7715, 'learning_rate': 0.0002, 'epoch': 0.75}
{'loss': 0.6584, 'learning_rate': 0.0002, 'epoch': 0.75}
{'loss': 0.6446, 'learning_rate': 0.0002, 'epoch': 0.75}
{'loss': 0.4967, 'learning_rate': 0.0002, 'epoch': 0.75}
{'loss': 0.675, 'learning_rate': 0.0002, 'epoch': 0.75}
{'loss': 1.0737, 'learning_rate': 0.0002, 'epoch': 0.75}
{'loss': 0.5889, 'learning_rate': 0.0002, 'epoch': 0.75}
{'loss': 0.5124, 'learning_rate': 0.0002, 'epoch': 0.76}
{'loss': 0.5264, 'learning_rate': 0.0002, 'epoch': 0.76}
{'loss': 0.4179, 'learning_rate': 0.0002, 'epoch': 0.76}
{'loss': 0.6643, 'learning_rate': 0.0002, 'epoch': 0.76}
{'loss': 0.4584, 'learning_rate': 0.0002, 'epoch': 0.76}
{'loss': 1.1771, 'learning_rate': 0.0002, 'epoch': 0.76}
{'loss': 0.7244, 'learning_rate': 0.0002, 'epoch': 0.76}
{'loss': 0.4414, 'learning_rate': 0.0002, 'epoch': 0.76}
{'loss': 0.6547, 'learning_rate': 0.0002, 'epoch': 0.76}
{'loss': 0.8834, 'learning_rate': 0.0002, 'epoch': 0.76}
{'loss': 0.6162, 'learning_rate': 0.0002, 'epoch': 0.76}
{'loss': 0.9716, 'learning_rate': 0.0002, 'epoch': 0.76}
{'loss': 0.9333, 'learning_rate': 0.0002, 'epoch': 0.77}
{'loss': 0.5963, 'learning_rate': 0.0002, 'epoch': 0.77}
{'loss': 0.4504, 'learning_rate': 0.0002, 'epoch': 0.77}
{'loss': 0.5385, 'learning_rate': 0.0002, 'epoch': 0.77}
{'loss': 0.7597, 'learning_rate': 0.0002, 'epoch': 0.77}
{'loss': 1.0814, 'learning_rate': 0.0002, 'epoch': 0.77}
{'loss': 0.9302, 'learning_rate': 0.0002, 'epoch': 0.77}
{'loss': 0.3955, 'learning_rate': 0.0002, 'epoch': 0.77}
{'loss': 0.7336, 'learning_rate': 0.0002, 'epoch': 0.77}
{'loss': 0.9014, 'learning_rate': 0.0002, 'epoch': 0.77}
{'loss': 0.609, 'learning_rate': 0.0002, 'epoch': 0.77}
{'loss': 0.8173, 'learning_rate': 0.0002, 'epoch': 0.77}
{'loss': 0.6006, 'learning_rate': 0.0002, 'epoch': 0.78}
{'loss': 0.7685, 'learning_rate': 0.0002, 'epoch': 0.78}
{'loss': 0.7296, 'learning_rate': 0.0002, 'epoch': 0.78}
{'loss': 0.3986, 'learning_rate': 0.0002, 'epoch': 0.78}
{'loss': 0.5943, 'learning_rate': 0.0002, 'epoch': 0.78}
{'loss': 0.6074, 'learning_rate': 0.0002, 'epoch': 0.78}
{'loss': 0.6088, 'learning_rate': 0.0002, 'epoch': 0.78}
{'loss': 0.5854, 'learning_rate': 0.0002, 'epoch': 0.78}
{'loss': 0.5605, 'learning_rate': 0.0002, 'epoch': 0.78}
{'loss': 0.5879, 'learning_rate': 0.0002, 'epoch': 0.78}
{'loss': 0.7196, 'learning_rate': 0.0002, 'epoch': 0.78}
{'loss': 0.6593, 'learning_rate': 0.0002, 'epoch': 0.78}
{'loss': 0.8812, 'learning_rate': 0.0002, 'epoch': 0.79}
{'loss': 0.5346, 'learning_rate': 0.0002, 'epoch': 0.79}
{'loss': 0.5728, 'learning_rate': 0.0002, 'epoch': 0.79}
{'loss': 0.7064, 'learning_rate': 0.0002, 'epoch': 0.79}
{'loss': 0.6064, 'learning_rate': 0.0002, 'epoch': 0.79}
{'loss': 0.9204, 'learning_rate': 0.0002, 'epoch': 0.79}
{'loss': 0.6718, 'learning_rate': 0.0002, 'epoch': 0.79}
{'loss': 0.602, 'learning_rate': 0.0002, 'epoch': 0.79}
{'loss': 0.6075, 'learning_rate': 0.0002, 'epoch': 0.79}
{'loss': 0.8556, 'learning_rate': 0.0002, 'epoch': 0.79}
{'loss': 0.8135, 'learning_rate': 0.0002, 'epoch': 0.79}
{'loss': 0.5722, 'learning_rate': 0.0002, 'epoch': 0.79}
{'loss': 0.5831, 'learning_rate': 0.0002, 'epoch': 0.8}
{'loss': 0.6094, 'learning_rate': 0.0002, 'epoch': 0.8}
{'loss': 0.9994, 'learning_rate': 0.0002, 'epoch': 0.8}
{'loss': 0.564, 'learning_rate': 0.0002, 'epoch': 0.8}
{'loss': 0.7121, 'learning_rate': 0.0002, 'epoch': 0.8}
{'loss': 0.4877, 'learning_rate': 0.0002, 'epoch': 0.8}
{'loss': 0.5739, 'learning_rate': 0.0002, 'epoch': 0.8}
{'loss': 0.6504, 'learning_rate': 0.0002, 'epoch': 0.8}
{'loss': 1.2601, 'learning_rate': 0.0002, 'epoch': 0.8}
{'loss': 0.7048, 'learning_rate': 0.0002, 'epoch': 0.8}
{'loss': 0.7247, 'learning_rate': 0.0002, 'epoch': 0.8}
{'loss': 0.5247, 'learning_rate': 0.0002, 'epoch': 0.8}
{'loss': 0.4948, 'learning_rate': 0.0002, 'epoch': 0.81}
{'loss': 0.8449, 'learning_rate': 0.0002, 'epoch': 0.81}
{'loss': 1.2235, 'learning_rate': 0.0002, 'epoch': 0.81}
{'loss': 0.8006, 'learning_rate': 0.0002, 'epoch': 0.81}
{'loss': 0.605, 'learning_rate': 0.0002, 'epoch': 0.81}
{'loss': 0.7262, 'learning_rate': 0.0002, 'epoch': 0.81}
{'loss': 0.3991, 'learning_rate': 0.0002, 'epoch': 0.81}
{'loss': 0.6468, 'learning_rate': 0.0002, 'epoch': 0.81}
{'loss': 0.6921, 'learning_rate': 0.0002, 'epoch': 0.81}
{'loss': 0.9548, 'learning_rate': 0.0002, 'epoch': 0.81}
{'loss': 0.8249, 'learning_rate': 0.0002, 'epoch': 0.81}
{'loss': 0.9718, 'learning_rate': 0.0002, 'epoch': 0.81}
{'loss': 0.7228, 'learning_rate': 0.0002, 'epoch': 0.82}
{'loss': 0.4647, 'learning_rate': 0.0002, 'epoch': 0.82}
{'loss': 0.595, 'learning_rate': 0.0002, 'epoch': 0.82}
{'loss': 0.7088, 'learning_rate': 0.0002, 'epoch': 0.82}
{'loss': 0.3821, 'learning_rate': 0.0002, 'epoch': 0.82}
{'loss': 0.7519, 'learning_rate': 0.0002, 'epoch': 0.82}
{'loss': 0.749, 'learning_rate': 0.0002, 'epoch': 0.82}
{'loss': 0.4529, 'learning_rate': 0.0002, 'epoch': 0.82}
{'loss': 0.4668, 'learning_rate': 0.0002, 'epoch': 0.82}
{'loss': 0.595, 'learning_rate': 0.0002, 'epoch': 0.82}
{'loss': 0.8525, 'learning_rate': 0.0002, 'epoch': 0.82}
{'loss': 0.4897, 'learning_rate': 0.0002, 'epoch': 0.83}
{'loss': 0.8922, 'learning_rate': 0.0002, 'epoch': 0.83}
{'loss': 0.8187, 'learning_rate': 0.0002, 'epoch': 0.83}
{'loss': 0.5609, 'learning_rate': 0.0002, 'epoch': 0.83}
{'loss': 0.9238, 'learning_rate': 0.0002, 'epoch': 0.83}
{'loss': 0.607, 'learning_rate': 0.0002, 'epoch': 0.83}
{'loss': 0.882, 'learning_rate': 0.0002, 'epoch': 0.83}
{'loss': 0.8997, 'learning_rate': 0.0002, 'epoch': 0.83}
{'loss': 0.7109, 'learning_rate': 0.0002, 'epoch': 0.83}
{'loss': 0.5689, 'learning_rate': 0.0002, 'epoch': 0.83}
{'loss': 0.6007, 'learning_rate': 0.0002, 'epoch': 0.83}
{'loss': 0.5994, 'learning_rate': 0.0002, 'epoch': 0.83}
{'loss': 0.4419, 'learning_rate': 0.0002, 'epoch': 0.84}
{'loss': 0.5858, 'learning_rate': 0.0002, 'epoch': 0.84}
{'loss': 0.4953, 'learning_rate': 0.0002, 'epoch': 0.84}
{'loss': 0.687, 'learning_rate': 0.0002, 'epoch': 0.84}
{'loss': 1.0242, 'learning_rate': 0.0002, 'epoch': 0.84}
{'loss': 0.4641, 'learning_rate': 0.0002, 'epoch': 0.84}
{'loss': 0.7733, 'learning_rate': 0.0002, 'epoch': 0.84}
{'loss': 0.6879, 'learning_rate': 0.0002, 'epoch': 0.84}
{'loss': 0.7273, 'learning_rate': 0.0002, 'epoch': 0.84}
{'loss': 0.7702, 'learning_rate': 0.0002, 'epoch': 0.84}
{'loss': 0.6564, 'learning_rate': 0.0002, 'epoch': 0.84}
{'loss': 0.8609, 'learning_rate': 0.0002, 'epoch': 0.84}
{'loss': 0.6156, 'learning_rate': 0.0002, 'epoch': 0.85}
{'loss': 1.1947, 'learning_rate': 0.0002, 'epoch': 0.85}
{'loss': 0.8146, 'learning_rate': 0.0002, 'epoch': 0.85}
{'loss': 0.762, 'learning_rate': 0.0002, 'epoch': 0.85}
{'loss': 0.6843, 'learning_rate': 0.0002, 'epoch': 0.85}
{'loss': 0.734, 'learning_rate': 0.0002, 'epoch': 0.85}
{'loss': 0.6307, 'learning_rate': 0.0002, 'epoch': 0.85}
{'loss': 0.7478, 'learning_rate': 0.0002, 'epoch': 0.85}
{'loss': 0.8711, 'learning_rate': 0.0002, 'epoch': 0.85}
{'loss': 1.0155, 'learning_rate': 0.0002, 'epoch': 0.85}
{'loss': 0.5383, 'learning_rate': 0.0002, 'epoch': 0.85}
{'loss': 0.6005, 'learning_rate': 0.0002, 'epoch': 0.85}
{'loss': 0.5815, 'learning_rate': 0.0002, 'epoch': 0.86}
{'loss': 0.5415, 'learning_rate': 0.0002, 'epoch': 0.86}
{'loss': 0.5882, 'learning_rate': 0.0002, 'epoch': 0.86}
{'loss': 0.9126, 'learning_rate': 0.0002, 'epoch': 0.86}
{'loss': 0.7588, 'learning_rate': 0.0002, 'epoch': 0.86}
{'loss': 0.4195, 'learning_rate': 0.0002, 'epoch': 0.86}
{'loss': 0.6321, 'learning_rate': 0.0002, 'epoch': 0.86}
{'loss': 0.821, 'learning_rate': 0.0002, 'epoch': 0.86}
{'loss': 0.5856, 'learning_rate': 0.0002, 'epoch': 0.86}
{'loss': 1.038, 'learning_rate': 0.0002, 'epoch': 0.86}
{'loss': 0.6145, 'learning_rate': 0.0002, 'epoch': 0.86}
{'loss': 0.7018, 'learning_rate': 0.0002, 'epoch': 0.86}
{'loss': 0.4679, 'learning_rate': 0.0002, 'epoch': 0.87}
{'loss': 0.3407, 'learning_rate': 0.0002, 'epoch': 0.87}
{'loss': 0.6631, 'learning_rate': 0.0002, 'epoch': 0.87}
{'loss': 1.1456, 'learning_rate': 0.0002, 'epoch': 0.87}
{'loss': 0.6102, 'learning_rate': 0.0002, 'epoch': 0.87}
{'loss': 0.5825, 'learning_rate': 0.0002, 'epoch': 0.87}
{'loss': 0.6171, 'learning_rate': 0.0002, 'epoch': 0.87}
{'loss': 0.455, 'learning_rate': 0.0002, 'epoch': 0.87}
{'loss': 0.8429, 'learning_rate': 0.0002, 'epoch': 0.87}
{'loss': 0.9293, 'learning_rate': 0.0002, 'epoch': 0.87}
{'loss': 0.7019, 'learning_rate': 0.0002, 'epoch': 0.87}
{'loss': 0.6966, 'learning_rate': 0.0002, 'epoch': 0.87}
{'loss': 0.6745, 'learning_rate': 0.0002, 'epoch': 0.88}
{'loss': 0.5224, 'learning_rate': 0.0002, 'epoch': 0.88}
{'loss': 0.3871, 'learning_rate': 0.0002, 'epoch': 0.88}
{'loss': 0.5706, 'learning_rate': 0.0002, 'epoch': 0.88}
{'loss': 0.5896, 'learning_rate': 0.0002, 'epoch': 0.88}
{'loss': 0.7452, 'learning_rate': 0.0002, 'epoch': 0.88}
{'loss': 0.8603, 'learning_rate': 0.0002, 'epoch': 0.88}
{'loss': 0.5896, 'learning_rate': 0.0002, 'epoch': 0.88}
{'loss': 0.3864, 'learning_rate': 0.0002, 'epoch': 0.88}
{'loss': 0.6815, 'learning_rate': 0.0002, 'epoch': 0.88}
{'loss': 0.9928, 'learning_rate': 0.0002, 'epoch': 0.88}
{'loss': 0.5613, 'learning_rate': 0.0002, 'epoch': 0.88}
{'loss': 0.6971, 'learning_rate': 0.0002, 'epoch': 0.89}
{'loss': 0.5984, 'learning_rate': 0.0002, 'epoch': 0.89}
{'loss': 0.6151, 'learning_rate': 0.0002, 'epoch': 0.89}
{'loss': 0.8986, 'learning_rate': 0.0002, 'epoch': 0.89}
{'loss': 0.5191, 'learning_rate': 0.0002, 'epoch': 0.89}
{'loss': 0.5148, 'learning_rate': 0.0002, 'epoch': 0.89}
{'loss': 0.842, 'learning_rate': 0.0002, 'epoch': 0.89}
{'loss': 0.3514, 'learning_rate': 0.0002, 'epoch': 0.89}
{'loss': 0.5348, 'learning_rate': 0.0002, 'epoch': 0.89}
{'loss': 0.6675, 'learning_rate': 0.0002, 'epoch': 0.89}
{'loss': 0.6876, 'learning_rate': 0.0002, 'epoch': 0.89}
{'loss': 0.6204, 'learning_rate': 0.0002, 'epoch': 0.89}
{'loss': 0.7152, 'learning_rate': 0.0002, 'epoch': 0.9}
{'loss': 0.5791, 'learning_rate': 0.0002, 'epoch': 0.9}
{'loss': 1.1806, 'learning_rate': 0.0002, 'epoch': 0.9}
{'loss': 0.6833, 'learning_rate': 0.0002, 'epoch': 0.9}
{'loss': 0.6389, 'learning_rate': 0.0002, 'epoch': 0.9}
{'loss': 0.5375, 'learning_rate': 0.0002, 'epoch': 0.9}
{'loss': 0.5823, 'learning_rate': 0.0002, 'epoch': 0.9}
{'loss': 0.8128, 'learning_rate': 0.0002, 'epoch': 0.9}
{'loss': 0.921, 'learning_rate': 0.0002, 'epoch': 0.9}
{'loss': 0.7865, 'learning_rate': 0.0002, 'epoch': 0.9}
{'loss': 0.6014, 'learning_rate': 0.0002, 'epoch': 0.9}
{'loss': 0.5911, 'learning_rate': 0.0002, 'epoch': 0.9}
{'loss': 0.4667, 'learning_rate': 0.0002, 'epoch': 0.91}
{'loss': 0.5757, 'learning_rate': 0.0002, 'epoch': 0.91}
{'loss': 0.714, 'learning_rate': 0.0002, 'epoch': 0.91}
{'loss': 0.8661, 'learning_rate': 0.0002, 'epoch': 0.91}
{'loss': 0.6016, 'learning_rate': 0.0002, 'epoch': 0.91}
{'loss': 0.8333, 'learning_rate': 0.0002, 'epoch': 0.91}
{'loss': 0.4915, 'learning_rate': 0.0002, 'epoch': 0.91}
{'loss': 0.6077, 'learning_rate': 0.0002, 'epoch': 0.91}
{'loss': 0.6378, 'learning_rate': 0.0002, 'epoch': 0.91}
{'loss': 0.7109, 'learning_rate': 0.0002, 'epoch': 0.91}
{'loss': 0.7886, 'learning_rate': 0.0002, 'epoch': 0.91}
{'loss': 0.52, 'learning_rate': 0.0002, 'epoch': 0.92}
{'loss': 0.8253, 'learning_rate': 0.0002, 'epoch': 0.92}
{'loss': 0.939, 'learning_rate': 0.0002, 'epoch': 0.92}
{'loss': 0.9494, 'learning_rate': 0.0002, 'epoch': 0.92}
{'loss': 0.8243, 'learning_rate': 0.0002, 'epoch': 0.92}
{'loss': 0.8643, 'learning_rate': 0.0002, 'epoch': 0.92}
{'loss': 0.4307, 'learning_rate': 0.0002, 'epoch': 0.92}
{'loss': 0.6034, 'learning_rate': 0.0002, 'epoch': 0.92}
{'loss': 0.6589, 'learning_rate': 0.0002, 'epoch': 0.92}
{'loss': 0.6828, 'learning_rate': 0.0002, 'epoch': 0.92}
{'loss': 0.4679, 'learning_rate': 0.0002, 'epoch': 0.92}
{'loss': 0.6813, 'learning_rate': 0.0002, 'epoch': 0.92}
{'loss': 0.9264, 'learning_rate': 0.0002, 'epoch': 0.93}
{'loss': 0.5021, 'learning_rate': 0.0002, 'epoch': 0.93}
{'loss': 0.9883, 'learning_rate': 0.0002, 'epoch': 0.93}
{'loss': 0.3718, 'learning_rate': 0.0002, 'epoch': 0.93}
{'loss': 0.7191, 'learning_rate': 0.0002, 'epoch': 0.93}
{'loss': 0.7608, 'learning_rate': 0.0002, 'epoch': 0.93}
{'loss': 0.6358, 'learning_rate': 0.0002, 'epoch': 0.93}
{'loss': 0.9586, 'learning_rate': 0.0002, 'epoch': 0.93}
{'loss': 0.8201, 'learning_rate': 0.0002, 'epoch': 0.93}
{'loss': 0.5451, 'learning_rate': 0.0002, 'epoch': 0.93}
{'loss': 0.604, 'learning_rate': 0.0002, 'epoch': 0.93}
{'loss': 1.0141, 'learning_rate': 0.0002, 'epoch': 0.93}
{'loss': 0.9617, 'learning_rate': 0.0002, 'epoch': 0.94}
{'loss': 0.7199, 'learning_rate': 0.0002, 'epoch': 0.94}
{'loss': 0.4518, 'learning_rate': 0.0002, 'epoch': 0.94}
{'loss': 0.5477, 'learning_rate': 0.0002, 'epoch': 0.94}
{'loss': 0.7385, 'learning_rate': 0.0002, 'epoch': 0.94}
{'loss': 0.4867, 'learning_rate': 0.0002, 'epoch': 0.94}
{'loss': 0.8534, 'learning_rate': 0.0002, 'epoch': 0.94}
{'loss': 0.8535, 'learning_rate': 0.0002, 'epoch': 0.94}
{'loss': 0.7638, 'learning_rate': 0.0002, 'epoch': 0.94}
{'loss': 0.6627, 'learning_rate': 0.0002, 'epoch': 0.94}
{'loss': 0.399, 'learning_rate': 0.0002, 'epoch': 0.94}
{'loss': 0.495, 'learning_rate': 0.0002, 'epoch': 0.94}
{'loss': 0.6393, 'learning_rate': 0.0002, 'epoch': 0.95}
{'loss': 0.6979, 'learning_rate': 0.0002, 'epoch': 0.95}
{'loss': 0.332, 'learning_rate': 0.0002, 'epoch': 0.95}
{'loss': 0.9554, 'learning_rate': 0.0002, 'epoch': 0.95}
{'loss': 0.7037, 'learning_rate': 0.0002, 'epoch': 0.95}
{'loss': 0.5859, 'learning_rate': 0.0002, 'epoch': 0.95}
{'loss': 0.8306, 'learning_rate': 0.0002, 'epoch': 0.95}
{'loss': 0.8225, 'learning_rate': 0.0002, 'epoch': 0.95}
{'loss': 0.5843, 'learning_rate': 0.0002, 'epoch': 0.95}
{'loss': 0.4939, 'learning_rate': 0.0002, 'epoch': 0.95}
{'loss': 0.6329, 'learning_rate': 0.0002, 'epoch': 0.95}
{'loss': 0.714, 'learning_rate': 0.0002, 'epoch': 0.95}
{'loss': 0.5109, 'learning_rate': 0.0002, 'epoch': 0.96}
{'loss': 0.4957, 'learning_rate': 0.0002, 'epoch': 0.96}
{'loss': 0.5724, 'learning_rate': 0.0002, 'epoch': 0.96}
{'loss': 0.4694, 'learning_rate': 0.0002, 'epoch': 0.96}
{'loss': 0.5797, 'learning_rate': 0.0002, 'epoch': 0.96}
{'loss': 0.8663, 'learning_rate': 0.0002, 'epoch': 0.96}
{'loss': 0.6316, 'learning_rate': 0.0002, 'epoch': 0.96}
{'loss': 0.883, 'learning_rate': 0.0002, 'epoch': 0.96}
{'loss': 0.5681, 'learning_rate': 0.0002, 'epoch': 0.96}
{'loss': 0.4252, 'learning_rate': 0.0002, 'epoch': 0.96}
{'loss': 0.6375, 'learning_rate': 0.0002, 'epoch': 0.96}
{'loss': 0.6573, 'learning_rate': 0.0002, 'epoch': 0.96}
{'loss': 0.3775, 'learning_rate': 0.0002, 'epoch': 0.97}
{'loss': 0.7028, 'learning_rate': 0.0002, 'epoch': 0.97}
{'loss': 0.7013, 'learning_rate': 0.0002, 'epoch': 0.97}
{'loss': 0.3783, 'learning_rate': 0.0002, 'epoch': 0.97}
{'loss': 0.6398, 'learning_rate': 0.0002, 'epoch': 0.97}
{'loss': 0.5216, 'learning_rate': 0.0002, 'epoch': 0.97}
{'loss': 0.3807, 'learning_rate': 0.0002, 'epoch': 0.97}
{'loss': 0.446, 'learning_rate': 0.0002, 'epoch': 0.97}
{'loss': 0.5056, 'learning_rate': 0.0002, 'epoch': 0.97}
{'loss': 0.5039, 'learning_rate': 0.0002, 'epoch': 0.97}
{'loss': 0.5773, 'learning_rate': 0.0002, 'epoch': 0.97}
{'loss': 0.8535, 'learning_rate': 0.0002, 'epoch': 0.97}
{'loss': 0.5722, 'learning_rate': 0.0002, 'epoch': 0.98}
{'loss': 0.6511, 'learning_rate': 0.0002, 'epoch': 0.98}
{'loss': 0.5784, 'learning_rate': 0.0002, 'epoch': 0.98}
{'loss': 0.6279, 'learning_rate': 0.0002, 'epoch': 0.98}
{'loss': 0.7863, 'learning_rate': 0.0002, 'epoch': 0.98}
{'loss': 0.6067, 'learning_rate': 0.0002, 'epoch': 0.98}
{'loss': 0.7179, 'learning_rate': 0.0002, 'epoch': 0.98}
{'loss': 0.7062, 'learning_rate': 0.0002, 'epoch': 0.98}
{'loss': 0.6058, 'learning_rate': 0.0002, 'epoch': 0.98}
{'loss': 0.5262, 'learning_rate': 0.0002, 'epoch': 0.98}
{'loss': 0.4256, 'learning_rate': 0.0002, 'epoch': 0.98}
{'loss': 0.8785, 'learning_rate': 0.0002, 'epoch': 0.98}
{'loss': 0.4326, 'learning_rate': 0.0002, 'epoch': 0.99}
{'loss': 0.4954, 'learning_rate': 0.0002, 'epoch': 0.99}
{'loss': 0.6033, 'learning_rate': 0.0002, 'epoch': 0.99}
{'loss': 0.8525, 'learning_rate': 0.0002, 'epoch': 0.99}
{'loss': 1.1303, 'learning_rate': 0.0002, 'epoch': 0.99}
{'loss': 0.7293, 'learning_rate': 0.0002, 'epoch': 0.99}
{'loss': 0.6155, 'learning_rate': 0.0002, 'epoch': 0.99}
{'loss': 0.5059, 'learning_rate': 0.0002, 'epoch': 0.99}
{'loss': 0.7475, 'learning_rate': 0.0002, 'epoch': 0.99}
{'loss': 0.7915, 'learning_rate': 0.0002, 'epoch': 0.99}
{'loss': 0.5726, 'learning_rate': 0.0002, 'epoch': 0.99}
{'loss': 0.5303, 'learning_rate': 0.0002, 'epoch': 0.99}
{'loss': 0.3797, 'learning_rate': 0.0002, 'epoch': 1.0}
{'loss': 0.5954, 'learning_rate': 0.0002, 'epoch': 1.0}
{'loss': 0.9361, 'learning_rate': 0.0002, 'epoch': 1.0}
{'loss': 0.6766, 'learning_rate': 0.0002, 'epoch': 1.0}
{'loss': 0.7094, 'learning_rate': 0.0002, 'epoch': 1.0}
{'loss': 0.5703, 'learning_rate': 0.0002, 'epoch': 1.0}
{'train_runtime': 8578.0709, 'train_samples_per_second': 3.326, 'train_steps_per_second': 0.139, 'train_loss': 0.7549218647839945, 'epoch': 1.0}
[2025-08-04 23:45:44,156] [INFO] [launch.py:347:main] Process 1221008 exits successfully.
[2025-08-04 23:45:45,157] [INFO] [launch.py:347:main] Process 1221009 exits successfully.
[2025-08-04 23:45:45,157] [INFO] [launch.py:347:main] Process 1221010 exits successfully.
value_counts_subcategory.txt
{0: 62895887, 1: 60586069, 3: 59032316, 2: 57752740, -1: 10742476}
Model merge completed successfully.
