[2025-07-25 10:56:12,627] [INFO] [real_accelerator.py:110:get_accelerator] Setting ds_accelerator to cuda (auto detect)
[2025-07-25 10:58:48,016] [WARNING] [runner.py:196:fetch_hostfile] Unable to find hostfile, will proceed with training with local resources only.
[2025-07-25 10:58:48,016] [INFO] [runner.py:555:main] cmd = /work/09359/mf0463/ls6/miniconda3/envs/clmoe/bin/python -u -m deepspeed.launcher.launch --world_info=eyJsb2NhbGhvc3QiOiBbMCwgMSwgMl19 --master_addr=127.0.0.1 --master_port=29600 --enable_each_rank_log=None llava/train/train_mem_MOE.py --deepspeed ./scripts/zero3_offload.json --lora_enable True --lora_r 32 --lora_alpha 64 --mm_projector_lr 2e-5 --expert_num 4 --model_name_or_path /work/09359/mf0463/ls6/CL-MoE/checkpoint/vicuna-7b-v1.5 --previous_task_model_path ./checkpoints/CL4VQA/count/llava-1.5-7b-lora --version v1 --data_path /work/09359/mf0463/ls6/CL-MoE/data/CL4VQA/train/train_q_action.json --image_folder /work/09359/mf0463/ls6/ --vision_tower /work/09359/mf0463/ls6/CL-MoE/checkpoint/clip-vit-large-patch14-336 --mm_projector_type mlp2x_gelu --mm_vision_select_layer -2 --mm_use_im_start_end False --mm_use_im_patch_token False --image_aspect_ratio pad --group_by_modality_length True --bf16 True --output_dir ./checkpoints/CL4VQA/Only_Pretrain_1.5_MOE_2/action/llava-1.5-7b-lora --num_train_epochs 1 --per_device_train_batch_size 8 --per_device_eval_batch_size 16 --gradient_accumulation_steps 1 --evaluation_strategy no --save_strategy steps --save_steps 50000 --learning_rate 2e-4 --weight_decay 0. --warmup_ratio 0.03 --lr_scheduler_type cosine --logging_steps 1 --tf32 True --model_max_length 2048 --gradient_checkpointing True --dataloader_num_workers 4 --lazy_preprocess True --report_to none --task action
[2025-07-25 10:58:50,055] [INFO] [real_accelerator.py:110:get_accelerator] Setting ds_accelerator to cuda (auto detect)
[2025-07-25 10:58:57,223] [INFO] [launch.py:145:main] WORLD INFO DICT: {'localhost': [0, 1, 2]}
[2025-07-25 10:58:57,223] [INFO] [launch.py:151:main] nnodes=1, num_local_procs=3, node_rank=0
[2025-07-25 10:58:57,223] [INFO] [launch.py:162:main] global_rank_mapping=defaultdict(<class 'list'>, {'localhost': [0, 1, 2]})
[2025-07-25 10:58:57,223] [INFO] [launch.py:163:main] dist_world_size=3
[2025-07-25 10:58:57,223] [INFO] [launch.py:165:main] Setting CUDA_VISIBLE_DEVICES=0,1,2
[2025-07-25 10:59:01,385] [INFO] [real_accelerator.py:110:get_accelerator] Setting ds_accelerator to cuda (auto detect)
[2025-07-25 10:59:01,385] [INFO] [real_accelerator.py:110:get_accelerator] Setting ds_accelerator to cuda (auto detect)
[2025-07-25 10:59:01,385] [INFO] [real_accelerator.py:110:get_accelerator] Setting ds_accelerator to cuda (auto detect)
[2025-07-25 10:59:12,474] [WARNING] [comm.py:152:init_deepspeed_backend] NCCL backend in DeepSpeed not yet implemented
[2025-07-25 10:59:12,474] [WARNING] [comm.py:152:init_deepspeed_backend] NCCL backend in DeepSpeed not yet implemented
[2025-07-25 10:59:12,474] [WARNING] [comm.py:152:init_deepspeed_backend] NCCL backend in DeepSpeed not yet implemented
[2025-07-25 10:59:12,474] [INFO] [comm.py:594:init_distributed] cdb=None
[2025-07-25 10:59:12,474] [INFO] [comm.py:594:init_distributed] cdb=None
[2025-07-25 10:59:12,474] [INFO] [comm.py:594:init_distributed] cdb=None
[2025-07-25 10:59:12,474] [INFO] [comm.py:625:init_distributed] Initializing TorchBackend in DeepSpeed with backend nccl
[2025-07-25 10:59:29,473] [INFO] [partition_parameters.py:453:__exit__] finished initializing model with 6.74B parameters
Adding LoRA adapters...
[2025-07-25 11:01:40,607] [WARNING] [partition_parameters.py:836:_post_init_method] param `class_embedding` in CLIPVisionEmbeddings not on GPU so was not broadcasted from rank 0
[2025-07-25 11:01:41,081] [INFO] [partition_parameters.py:453:__exit__] finished initializing model with 7.04B parameters
Loading additional LLaVA weights...
Loading additional LLaVA weights...
Loading additional LLaVA weights...
Loading LoRA weights...
Loading LoRA weights...Loading LoRA weights...

Model is loaded...
Model is loaded...
Model is loaded...
Formatting inputs...Skip in lazy mode
ninja: no work to do.
Time to load cpu_adam op: 1.4175291061401367 secondsTime to load cpu_adam op: 1.4168896675109863 seconds

Time to load cpu_adam op: 1.4186599254608154 seconds
Parameter Offload: Total persistent parameters: 49882112 in 1912 params
{'loss': 3.5004, 'learning_rate': 0.0, 'epoch': 0.0}
{'loss': 1.2832, 'learning_rate': 4.1169366492086894e-05, 'epoch': 0.0}
{'loss': 1.7023, 'learning_rate': 6.525190206840381e-05, 'epoch': 0.0}
{'loss': 1.5766, 'learning_rate': 8.233873298417379e-05, 'epoch': 0.0}
{'loss': 1.0528, 'learning_rate': 9.559230870669092e-05, 'epoch': 0.01}
{'loss': 0.9081, 'learning_rate': 0.0001064212685604907, 'epoch': 0.01}
{'loss': 0.8086, 'learning_rate': 0.00011557702365955355, 'epoch': 0.01}
{'loss': 0.7793, 'learning_rate': 0.00012350809947626068, 'epoch': 0.01}
{'loss': 0.9105, 'learning_rate': 0.00013050380413680762, 'epoch': 0.01}
{'loss': 0.9668, 'learning_rate': 0.00013676167519877783, 'epoch': 0.01}
{'loss': 0.7155, 'learning_rate': 0.00014242260816199227, 'epoch': 0.01}
{'loss': 0.8189, 'learning_rate': 0.0001475906350525776, 'epoch': 0.01}
{'loss': 0.7153, 'learning_rate': 0.00015234475893802533, 'epoch': 0.01}
{'loss': 0.5797, 'learning_rate': 0.0001567463901516404, 'epoch': 0.01}
{'loss': 0.69, 'learning_rate': 0.00016084421077509475, 'epoch': 0.02}
{'loss': 0.669, 'learning_rate': 0.00016467746596834758, 'epoch': 0.02}
{'loss': 0.631, 'learning_rate': 0.000168278255734222, 'epoch': 0.02}
{'loss': 0.6189, 'learning_rate': 0.00017167317062889449, 'epoch': 0.02}
{'loss': 0.7381, 'learning_rate': 0.00017488448463277834, 'epoch': 0.02}
{'loss': 0.6518, 'learning_rate': 0.0001779310416908647, 'epoch': 0.02}
{'loss': 0.6347, 'learning_rate': 0.00018082892572795735, 'epoch': 0.02}
{'loss': 0.7872, 'learning_rate': 0.00018359197465407916, 'epoch': 0.02}
{'loss': 0.7396, 'learning_rate': 0.0001862321800185726, 'epoch': 0.02}
{'loss': 0.9296, 'learning_rate': 0.0001887600015446645, 'epoch': 0.03}
{'loss': 0.6922, 'learning_rate': 0.00019118461741338185, 'epoch': 0.03}
{'loss': 0.3379, 'learning_rate': 0.00019351412543011225, 'epoch': 0.03}
{'loss': 0.5403, 'learning_rate': 0.00019575570620521145, 'epoch': 0.03}
{'loss': 0.702, 'learning_rate': 0.0001979157566437273, 'epoch': 0.03}
{'loss': 0.7532, 'learning_rate': 0.0002, 'epoch': 0.03}
{'loss': 0.7287, 'learning_rate': 0.0002, 'epoch': 0.03}
{'loss': 1.013, 'learning_rate': 0.0002, 'epoch': 0.03}
{'loss': 0.5441, 'learning_rate': 0.0002, 'epoch': 0.03}
{'loss': 0.592, 'learning_rate': 0.0002, 'epoch': 0.03}
{'loss': 0.9893, 'learning_rate': 0.0002, 'epoch': 0.04}
{'loss': 0.4311, 'learning_rate': 0.0002, 'epoch': 0.04}
{'loss': 0.7976, 'learning_rate': 0.0002, 'epoch': 0.04}
{'loss': 0.608, 'learning_rate': 0.0002, 'epoch': 0.04}
{'loss': 0.5409, 'learning_rate': 0.0002, 'epoch': 0.04}
{'loss': 0.5489, 'learning_rate': 0.0002, 'epoch': 0.04}
{'loss': 0.6541, 'learning_rate': 0.0002, 'epoch': 0.04}
{'loss': 0.7399, 'learning_rate': 0.0002, 'epoch': 0.04}
{'loss': 0.7896, 'learning_rate': 0.0002, 'epoch': 0.04}
{'loss': 0.4371, 'learning_rate': 0.0002, 'epoch': 0.05}
{'loss': 0.5865, 'learning_rate': 0.0002, 'epoch': 0.05}
{'loss': 1.0404, 'learning_rate': 0.0002, 'epoch': 0.05}
{'loss': 0.5124, 'learning_rate': 0.0002, 'epoch': 0.05}
{'loss': 0.7568, 'learning_rate': 0.0002, 'epoch': 0.05}
{'loss': 0.7995, 'learning_rate': 0.0002, 'epoch': 0.05}
{'loss': 0.8953, 'learning_rate': 0.0002, 'epoch': 0.05}
{'loss': 0.3209, 'learning_rate': 0.0002, 'epoch': 0.05}
{'loss': 0.4297, 'learning_rate': 0.0002, 'epoch': 0.05}
{'loss': 0.7297, 'learning_rate': 0.0002, 'epoch': 0.06}
{'loss': 0.5999, 'learning_rate': 0.0002, 'epoch': 0.06}
{'loss': 0.4621, 'learning_rate': 0.0002, 'epoch': 0.06}
{'loss': 0.7951, 'learning_rate': 0.0002, 'epoch': 0.06}
{'loss': 0.8431, 'learning_rate': 0.0002, 'epoch': 0.06}
{'loss': 0.9208, 'learning_rate': 0.0002, 'epoch': 0.06}
{'loss': 0.6406, 'learning_rate': 0.0002, 'epoch': 0.06}
{'loss': 0.5929, 'learning_rate': 0.0002, 'epoch': 0.06}
{'loss': 0.5358, 'learning_rate': 0.0002, 'epoch': 0.06}
{'loss': 0.747, 'learning_rate': 0.0002, 'epoch': 0.06}
{'loss': 0.5124, 'learning_rate': 0.0002, 'epoch': 0.07}
{'loss': 0.5598, 'learning_rate': 0.0002, 'epoch': 0.07}
{'loss': 0.4653, 'learning_rate': 0.0002, 'epoch': 0.07}
{'loss': 0.6034, 'learning_rate': 0.0002, 'epoch': 0.07}
{'loss': 0.5219, 'learning_rate': 0.0002, 'epoch': 0.07}
{'loss': 0.5648, 'learning_rate': 0.0002, 'epoch': 0.07}
{'loss': 0.6001, 'learning_rate': 0.0002, 'epoch': 0.07}
{'loss': 0.9427, 'learning_rate': 0.0002, 'epoch': 0.07}
{'loss': 0.8834, 'learning_rate': 0.0002, 'epoch': 0.07}
{'loss': 0.6386, 'learning_rate': 0.0002, 'epoch': 0.08}
{'loss': 0.576, 'learning_rate': 0.0002, 'epoch': 0.08}
{'loss': 0.5439, 'learning_rate': 0.0002, 'epoch': 0.08}
{'loss': 0.6196, 'learning_rate': 0.0002, 'epoch': 0.08}
{'loss': 0.7948, 'learning_rate': 0.0002, 'epoch': 0.08}
{'loss': 0.4893, 'learning_rate': 0.0002, 'epoch': 0.08}
{'loss': 0.7074, 'learning_rate': 0.0002, 'epoch': 0.08}
{'loss': 0.4325, 'learning_rate': 0.0002, 'epoch': 0.08}
{'loss': 0.6587, 'learning_rate': 0.0002, 'epoch': 0.08}
{'loss': 0.6483, 'learning_rate': 0.0002, 'epoch': 0.08}
{'loss': 0.596, 'learning_rate': 0.0002, 'epoch': 0.09}
{'loss': 0.6403, 'learning_rate': 0.0002, 'epoch': 0.09}
{'loss': 0.4839, 'learning_rate': 0.0002, 'epoch': 0.09}
{'loss': 0.7198, 'learning_rate': 0.0002, 'epoch': 0.09}
{'loss': 0.6078, 'learning_rate': 0.0002, 'epoch': 0.09}
{'loss': 0.2482, 'learning_rate': 0.0002, 'epoch': 0.09}
{'loss': 0.4815, 'learning_rate': 0.0002, 'epoch': 0.09}
{'loss': 0.4661, 'learning_rate': 0.0002, 'epoch': 0.09}
{'loss': 0.6949, 'learning_rate': 0.0002, 'epoch': 0.09}
{'loss': 0.4406, 'learning_rate': 0.0002, 'epoch': 0.1}
{'loss': 0.801, 'learning_rate': 0.0002, 'epoch': 0.1}
{'loss': 0.3422, 'learning_rate': 0.0002, 'epoch': 0.1}
{'loss': 0.8724, 'learning_rate': 0.0002, 'epoch': 0.1}
{'loss': 0.5113, 'learning_rate': 0.0002, 'epoch': 0.1}
{'loss': 0.6593, 'learning_rate': 0.0002, 'epoch': 0.1}
{'loss': 0.6375, 'learning_rate': 0.0002, 'epoch': 0.1}
{'loss': 0.4497, 'learning_rate': 0.0002, 'epoch': 0.1}
{'loss': 0.5319, 'learning_rate': 0.0002, 'epoch': 0.1}
{'loss': 0.4224, 'learning_rate': 0.0002, 'epoch': 0.1}
{'loss': 0.7404, 'learning_rate': 0.0002, 'epoch': 0.11}
{'loss': 0.5837, 'learning_rate': 0.0002, 'epoch': 0.11}
{'loss': 0.8091, 'learning_rate': 0.0002, 'epoch': 0.11}
{'loss': 0.5637, 'learning_rate': 0.0002, 'epoch': 0.11}
{'loss': 0.5235, 'learning_rate': 0.0002, 'epoch': 0.11}
{'loss': 0.559, 'learning_rate': 0.0002, 'epoch': 0.11}
{'loss': 0.5792, 'learning_rate': 0.0002, 'epoch': 0.11}
{'loss': 0.4527, 'learning_rate': 0.0002, 'epoch': 0.11}
{'loss': 0.647, 'learning_rate': 0.0002, 'epoch': 0.11}
{'loss': 0.6278, 'learning_rate': 0.0002, 'epoch': 0.12}
{'loss': 0.7581, 'learning_rate': 0.0002, 'epoch': 0.12}
{'loss': 0.669, 'learning_rate': 0.0002, 'epoch': 0.12}
{'loss': 0.3784, 'learning_rate': 0.0002, 'epoch': 0.12}
{'loss': 0.4566, 'learning_rate': 0.0002, 'epoch': 0.12}
{'loss': 0.6505, 'learning_rate': 0.0002, 'epoch': 0.12}
{'loss': 0.531, 'learning_rate': 0.0002, 'epoch': 0.12}
{'loss': 0.5022, 'learning_rate': 0.0002, 'epoch': 0.12}
{'loss': 0.5325, 'learning_rate': 0.0002, 'epoch': 0.12}
{'loss': 0.505, 'learning_rate': 0.0002, 'epoch': 0.12}
{'loss': 0.3127, 'learning_rate': 0.0002, 'epoch': 0.13}
{'loss': 0.5484, 'learning_rate': 0.0002, 'epoch': 0.13}
{'loss': 0.5643, 'learning_rate': 0.0002, 'epoch': 0.13}
{'loss': 0.6683, 'learning_rate': 0.0002, 'epoch': 0.13}
{'loss': 0.6219, 'learning_rate': 0.0002, 'epoch': 0.13}
{'loss': 0.4206, 'learning_rate': 0.0002, 'epoch': 0.13}
{'loss': 0.3275, 'learning_rate': 0.0002, 'epoch': 0.13}
{'loss': 0.7518, 'learning_rate': 0.0002, 'epoch': 0.13}
{'loss': 0.4552, 'learning_rate': 0.0002, 'epoch': 0.13}
{'loss': 0.811, 'learning_rate': 0.0002, 'epoch': 0.14}
{'loss': 0.6659, 'learning_rate': 0.0002, 'epoch': 0.14}
{'loss': 0.4114, 'learning_rate': 0.0002, 'epoch': 0.14}
{'loss': 0.5, 'learning_rate': 0.0002, 'epoch': 0.14}
{'loss': 0.4342, 'learning_rate': 0.0002, 'epoch': 0.14}
{'loss': 0.4045, 'learning_rate': 0.0002, 'epoch': 0.14}
{'loss': 0.5685, 'learning_rate': 0.0002, 'epoch': 0.14}
{'loss': 0.5116, 'learning_rate': 0.0002, 'epoch': 0.14}
{'loss': 0.5113, 'learning_rate': 0.0002, 'epoch': 0.14}
{'loss': 0.3593, 'learning_rate': 0.0002, 'epoch': 0.14}
{'loss': 0.7685, 'learning_rate': 0.0002, 'epoch': 0.15}
{'loss': 0.5171, 'learning_rate': 0.0002, 'epoch': 0.15}
{'loss': 0.4198, 'learning_rate': 0.0002, 'epoch': 0.15}
{'loss': 0.4366, 'learning_rate': 0.0002, 'epoch': 0.15}
{'loss': 0.6084, 'learning_rate': 0.0002, 'epoch': 0.15}
{'loss': 0.6839, 'learning_rate': 0.0002, 'epoch': 0.15}
{'loss': 0.4299, 'learning_rate': 0.0002, 'epoch': 0.15}
{'loss': 0.367, 'learning_rate': 0.0002, 'epoch': 0.15}
{'loss': 0.5503, 'learning_rate': 0.0002, 'epoch': 0.15}
{'loss': 0.5301, 'learning_rate': 0.0002, 'epoch': 0.16}
{'loss': 0.4133, 'learning_rate': 0.0002, 'epoch': 0.16}
{'loss': 0.4719, 'learning_rate': 0.0002, 'epoch': 0.16}
{'loss': 0.9497, 'learning_rate': 0.0002, 'epoch': 0.16}
{'loss': 0.5199, 'learning_rate': 0.0002, 'epoch': 0.16}
{'loss': 0.4821, 'learning_rate': 0.0002, 'epoch': 0.16}
{'loss': 0.5669, 'learning_rate': 0.0002, 'epoch': 0.16}
{'loss': 0.5692, 'learning_rate': 0.0002, 'epoch': 0.16}
{'loss': 0.5812, 'learning_rate': 0.0002, 'epoch': 0.16}
{'loss': 0.6097, 'learning_rate': 0.0002, 'epoch': 0.17}
{'loss': 0.4088, 'learning_rate': 0.0002, 'epoch': 0.17}
{'loss': 0.4693, 'learning_rate': 0.0002, 'epoch': 0.17}
{'loss': 0.8045, 'learning_rate': 0.0002, 'epoch': 0.17}
{'loss': 0.3367, 'learning_rate': 0.0002, 'epoch': 0.17}
{'loss': 0.5222, 'learning_rate': 0.0002, 'epoch': 0.17}
{'loss': 0.4906, 'learning_rate': 0.0002, 'epoch': 0.17}
{'loss': 0.5126, 'learning_rate': 0.0002, 'epoch': 0.17}
{'loss': 0.659, 'learning_rate': 0.0002, 'epoch': 0.17}
{'loss': 0.5833, 'learning_rate': 0.0002, 'epoch': 0.17}
{'loss': 0.5308, 'learning_rate': 0.0002, 'epoch': 0.18}
{'loss': 0.4426, 'learning_rate': 0.0002, 'epoch': 0.18}
{'loss': 0.3867, 'learning_rate': 0.0002, 'epoch': 0.18}
{'loss': 0.414, 'learning_rate': 0.0002, 'epoch': 0.18}
{'loss': 0.4816, 'learning_rate': 0.0002, 'epoch': 0.18}
{'loss': 0.4859, 'learning_rate': 0.0002, 'epoch': 0.18}
{'loss': 0.5838, 'learning_rate': 0.0002, 'epoch': 0.18}
{'loss': 0.2548, 'learning_rate': 0.0002, 'epoch': 0.18}
{'loss': 0.3596, 'learning_rate': 0.0002, 'epoch': 0.18}
{'loss': 0.5938, 'learning_rate': 0.0002, 'epoch': 0.19}
{'loss': 0.3576, 'learning_rate': 0.0002, 'epoch': 0.19}
{'loss': 0.3041, 'learning_rate': 0.0002, 'epoch': 0.19}
{'loss': 0.4347, 'learning_rate': 0.0002, 'epoch': 0.19}
{'loss': 0.5376, 'learning_rate': 0.0002, 'epoch': 0.19}
{'loss': 0.3923, 'learning_rate': 0.0002, 'epoch': 0.19}
{'loss': 0.515, 'learning_rate': 0.0002, 'epoch': 0.19}
{'loss': 0.4277, 'learning_rate': 0.0002, 'epoch': 0.19}
{'loss': 0.5462, 'learning_rate': 0.0002, 'epoch': 0.19}
{'loss': 0.549, 'learning_rate': 0.0002, 'epoch': 0.19}
{'loss': 0.3906, 'learning_rate': 0.0002, 'epoch': 0.2}
{'loss': 0.5509, 'learning_rate': 0.0002, 'epoch': 0.2}
{'loss': 0.6394, 'learning_rate': 0.0002, 'epoch': 0.2}
{'loss': 0.298, 'learning_rate': 0.0002, 'epoch': 0.2}
{'loss': 0.4895, 'learning_rate': 0.0002, 'epoch': 0.2}
{'loss': 0.4914, 'learning_rate': 0.0002, 'epoch': 0.2}
{'loss': 0.4893, 'learning_rate': 0.0002, 'epoch': 0.2}
{'loss': 0.7932, 'learning_rate': 0.0002, 'epoch': 0.2}
{'loss': 0.5448, 'learning_rate': 0.0002, 'epoch': 0.2}
{'loss': 0.4769, 'learning_rate': 0.0002, 'epoch': 0.21}
{'loss': 0.3219, 'learning_rate': 0.0002, 'epoch': 0.21}
{'loss': 0.4518, 'learning_rate': 0.0002, 'epoch': 0.21}
{'loss': 0.4552, 'learning_rate': 0.0002, 'epoch': 0.21}
{'loss': 0.5797, 'learning_rate': 0.0002, 'epoch': 0.21}
{'loss': 0.3634, 'learning_rate': 0.0002, 'epoch': 0.21}
{'loss': 0.2932, 'learning_rate': 0.0002, 'epoch': 0.21}
{'loss': 0.4037, 'learning_rate': 0.0002, 'epoch': 0.21}
{'loss': 0.6461, 'learning_rate': 0.0002, 'epoch': 0.21}
{'loss': 0.3427, 'learning_rate': 0.0002, 'epoch': 0.21}
{'loss': 0.4483, 'learning_rate': 0.0002, 'epoch': 0.22}
{'loss': 0.5903, 'learning_rate': 0.0002, 'epoch': 0.22}
{'loss': 0.5622, 'learning_rate': 0.0002, 'epoch': 0.22}
{'loss': 0.3278, 'learning_rate': 0.0002, 'epoch': 0.22}
{'loss': 0.5715, 'learning_rate': 0.0002, 'epoch': 0.22}
{'loss': 0.5403, 'learning_rate': 0.0002, 'epoch': 0.22}
{'loss': 0.3375, 'learning_rate': 0.0002, 'epoch': 0.22}
{'loss': 0.4566, 'learning_rate': 0.0002, 'epoch': 0.22}
{'loss': 0.3364, 'learning_rate': 0.0002, 'epoch': 0.22}
{'loss': 0.6352, 'learning_rate': 0.0002, 'epoch': 0.23}
{'loss': 0.7081, 'learning_rate': 0.0002, 'epoch': 0.23}
{'loss': 0.3564, 'learning_rate': 0.0002, 'epoch': 0.23}
{'loss': 0.4484, 'learning_rate': 0.0002, 'epoch': 0.23}
{'loss': 0.5904, 'learning_rate': 0.0002, 'epoch': 0.23}
{'loss': 0.4812, 'learning_rate': 0.0002, 'epoch': 0.23}
{'loss': 0.3531, 'learning_rate': 0.0002, 'epoch': 0.23}
{'loss': 0.4099, 'learning_rate': 0.0002, 'epoch': 0.23}
{'loss': 0.5043, 'learning_rate': 0.0002, 'epoch': 0.23}
{'loss': 0.2708, 'learning_rate': 0.0002, 'epoch': 0.23}
{'loss': 0.5804, 'learning_rate': 0.0002, 'epoch': 0.24}
{'loss': 0.5234, 'learning_rate': 0.0002, 'epoch': 0.24}
{'loss': 0.3625, 'learning_rate': 0.0002, 'epoch': 0.24}
{'loss': 0.5968, 'learning_rate': 0.0002, 'epoch': 0.24}
{'loss': 0.5777, 'learning_rate': 0.0002, 'epoch': 0.24}
{'loss': 0.622, 'learning_rate': 0.0002, 'epoch': 0.24}
{'loss': 0.7135, 'learning_rate': 0.0002, 'epoch': 0.24}
{'loss': 0.4511, 'learning_rate': 0.0002, 'epoch': 0.24}
{'loss': 0.2808, 'learning_rate': 0.0002, 'epoch': 0.24}
{'loss': 0.2597, 'learning_rate': 0.0002, 'epoch': 0.25}
{'loss': 0.2989, 'learning_rate': 0.0002, 'epoch': 0.25}
{'loss': 0.461, 'learning_rate': 0.0002, 'epoch': 0.25}
{'loss': 0.6392, 'learning_rate': 0.0002, 'epoch': 0.25}
{'loss': 0.4798, 'learning_rate': 0.0002, 'epoch': 0.25}
{'loss': 0.4781, 'learning_rate': 0.0002, 'epoch': 0.25}
{'loss': 0.5782, 'learning_rate': 0.0002, 'epoch': 0.25}
{'loss': 0.3762, 'learning_rate': 0.0002, 'epoch': 0.25}
{'loss': 0.3345, 'learning_rate': 0.0002, 'epoch': 0.25}
{'loss': 0.4385, 'learning_rate': 0.0002, 'epoch': 0.26}
{'loss': 0.3578, 'learning_rate': 0.0002, 'epoch': 0.26}
{'loss': 0.2217, 'learning_rate': 0.0002, 'epoch': 0.26}
{'loss': 0.3368, 'learning_rate': 0.0002, 'epoch': 0.26}
{'loss': 0.3604, 'learning_rate': 0.0002, 'epoch': 0.26}
{'loss': 0.3683, 'learning_rate': 0.0002, 'epoch': 0.26}
{'loss': 0.4252, 'learning_rate': 0.0002, 'epoch': 0.26}
{'loss': 0.4559, 'learning_rate': 0.0002, 'epoch': 0.26}
{'loss': 0.4915, 'learning_rate': 0.0002, 'epoch': 0.26}
{'loss': 0.4206, 'learning_rate': 0.0002, 'epoch': 0.26}
{'loss': 0.6315, 'learning_rate': 0.0002, 'epoch': 0.27}
{'loss': 0.7109, 'learning_rate': 0.0002, 'epoch': 0.27}
{'loss': 0.276, 'learning_rate': 0.0002, 'epoch': 0.27}
{'loss': 0.4471, 'learning_rate': 0.0002, 'epoch': 0.27}
{'loss': 0.435, 'learning_rate': 0.0002, 'epoch': 0.27}
{'loss': 0.3154, 'learning_rate': 0.0002, 'epoch': 0.27}
{'loss': 0.2612, 'learning_rate': 0.0002, 'epoch': 0.27}
{'loss': 0.6049, 'learning_rate': 0.0002, 'epoch': 0.27}
{'loss': 0.3313, 'learning_rate': 0.0002, 'epoch': 0.27}
{'loss': 0.4054, 'learning_rate': 0.0002, 'epoch': 0.28}
{'loss': 0.4371, 'learning_rate': 0.0002, 'epoch': 0.28}
{'loss': 0.5754, 'learning_rate': 0.0002, 'epoch': 0.28}
{'loss': 0.6029, 'learning_rate': 0.0002, 'epoch': 0.28}
{'loss': 0.1651, 'learning_rate': 0.0002, 'epoch': 0.28}
{'loss': 0.4176, 'learning_rate': 0.0002, 'epoch': 0.28}
{'loss': 0.5989, 'learning_rate': 0.0002, 'epoch': 0.28}
{'loss': 0.4292, 'learning_rate': 0.0002, 'epoch': 0.28}
{'loss': 0.5758, 'learning_rate': 0.0002, 'epoch': 0.28}
{'loss': 0.6955, 'learning_rate': 0.0002, 'epoch': 0.28}
{'loss': 0.3346, 'learning_rate': 0.0002, 'epoch': 0.29}
{'loss': 0.3337, 'learning_rate': 0.0002, 'epoch': 0.29}
{'loss': 0.4476, 'learning_rate': 0.0002, 'epoch': 0.29}
{'loss': 0.5615, 'learning_rate': 0.0002, 'epoch': 0.29}
{'loss': 0.62, 'learning_rate': 0.0002, 'epoch': 0.29}
{'loss': 0.451, 'learning_rate': 0.0002, 'epoch': 0.29}
{'loss': 0.7012, 'learning_rate': 0.0002, 'epoch': 0.29}
{'loss': 0.3052, 'learning_rate': 0.0002, 'epoch': 0.29}
{'loss': 0.4373, 'learning_rate': 0.0002, 'epoch': 0.29}
{'loss': 0.3563, 'learning_rate': 0.0002, 'epoch': 0.3}
{'loss': 0.4972, 'learning_rate': 0.0002, 'epoch': 0.3}
{'loss': 0.3962, 'learning_rate': 0.0002, 'epoch': 0.3}
{'loss': 0.5306, 'learning_rate': 0.0002, 'epoch': 0.3}
{'loss': 0.4176, 'learning_rate': 0.0002, 'epoch': 0.3}
{'loss': 0.5496, 'learning_rate': 0.0002, 'epoch': 0.3}
{'loss': 0.4236, 'learning_rate': 0.0002, 'epoch': 0.3}
{'loss': 0.3058, 'learning_rate': 0.0002, 'epoch': 0.3}
{'loss': 0.4018, 'learning_rate': 0.0002, 'epoch': 0.3}
{'loss': 0.3641, 'learning_rate': 0.0002, 'epoch': 0.3}
{'loss': 0.3136, 'learning_rate': 0.0002, 'epoch': 0.31}
{'loss': 0.4236, 'learning_rate': 0.0002, 'epoch': 0.31}
{'loss': 0.3912, 'learning_rate': 0.0002, 'epoch': 0.31}
{'loss': 0.2881, 'learning_rate': 0.0002, 'epoch': 0.31}
{'loss': 0.6862, 'learning_rate': 0.0002, 'epoch': 0.31}
{'loss': 0.2696, 'learning_rate': 0.0002, 'epoch': 0.31}
{'loss': 0.4717, 'learning_rate': 0.0002, 'epoch': 0.31}
{'loss': 0.2808, 'learning_rate': 0.0002, 'epoch': 0.31}
{'loss': 0.3646, 'learning_rate': 0.0002, 'epoch': 0.31}
{'loss': 0.3804, 'learning_rate': 0.0002, 'epoch': 0.32}
{'loss': 0.4575, 'learning_rate': 0.0002, 'epoch': 0.32}
{'loss': 0.4738, 'learning_rate': 0.0002, 'epoch': 0.32}
{'loss': 0.4423, 'learning_rate': 0.0002, 'epoch': 0.32}
{'loss': 0.3315, 'learning_rate': 0.0002, 'epoch': 0.32}
{'loss': 0.5202, 'learning_rate': 0.0002, 'epoch': 0.32}
{'loss': 0.2279, 'learning_rate': 0.0002, 'epoch': 0.32}
{'loss': 0.425, 'learning_rate': 0.0002, 'epoch': 0.32}
{'loss': 0.3241, 'learning_rate': 0.0002, 'epoch': 0.32}
{'loss': 0.3733, 'learning_rate': 0.0002, 'epoch': 0.32}
{'loss': 0.3628, 'learning_rate': 0.0002, 'epoch': 0.33}
{'loss': 0.5711, 'learning_rate': 0.0002, 'epoch': 0.33}
{'loss': 0.632, 'learning_rate': 0.0002, 'epoch': 0.33}
{'loss': 0.3678, 'learning_rate': 0.0002, 'epoch': 0.33}
{'loss': 0.4037, 'learning_rate': 0.0002, 'epoch': 0.33}
{'loss': 0.4386, 'learning_rate': 0.0002, 'epoch': 0.33}
{'loss': 0.4359, 'learning_rate': 0.0002, 'epoch': 0.33}
{'loss': 0.3841, 'learning_rate': 0.0002, 'epoch': 0.33}
{'loss': 0.3726, 'learning_rate': 0.0002, 'epoch': 0.33}
{'loss': 0.5039, 'learning_rate': 0.0002, 'epoch': 0.34}
{'loss': 0.3285, 'learning_rate': 0.0002, 'epoch': 0.34}
{'loss': 0.4529, 'learning_rate': 0.0002, 'epoch': 0.34}
{'loss': 0.4994, 'learning_rate': 0.0002, 'epoch': 0.34}
{'loss': 0.2814, 'learning_rate': 0.0002, 'epoch': 0.34}
{'loss': 0.3601, 'learning_rate': 0.0002, 'epoch': 0.34}
{'loss': 0.5457, 'learning_rate': 0.0002, 'epoch': 0.34}
{'loss': 0.6093, 'learning_rate': 0.0002, 'epoch': 0.34}
{'loss': 0.3163, 'learning_rate': 0.0002, 'epoch': 0.34}
{'loss': 0.3119, 'learning_rate': 0.0002, 'epoch': 0.34}
{'loss': 0.3062, 'learning_rate': 0.0002, 'epoch': 0.35}
{'loss': 0.3774, 'learning_rate': 0.0002, 'epoch': 0.35}
{'loss': 0.4178, 'learning_rate': 0.0002, 'epoch': 0.35}
{'loss': 0.3902, 'learning_rate': 0.0002, 'epoch': 0.35}
{'loss': 0.4428, 'learning_rate': 0.0002, 'epoch': 0.35}
{'loss': 0.5904, 'learning_rate': 0.0002, 'epoch': 0.35}
{'loss': 0.6631, 'learning_rate': 0.0002, 'epoch': 0.35}
{'loss': 0.5316, 'learning_rate': 0.0002, 'epoch': 0.35}
{'loss': 0.3672, 'learning_rate': 0.0002, 'epoch': 0.35}
{'loss': 0.413, 'learning_rate': 0.0002, 'epoch': 0.36}
{'loss': 0.507, 'learning_rate': 0.0002, 'epoch': 0.36}
{'loss': 0.343, 'learning_rate': 0.0002, 'epoch': 0.36}
{'loss': 0.417, 'learning_rate': 0.0002, 'epoch': 0.36}
{'loss': 0.3659, 'learning_rate': 0.0002, 'epoch': 0.36}
{'loss': 0.3529, 'learning_rate': 0.0002, 'epoch': 0.36}
{'loss': 0.3054, 'learning_rate': 0.0002, 'epoch': 0.36}
{'loss': 0.5899, 'learning_rate': 0.0002, 'epoch': 0.36}
{'loss': 0.435, 'learning_rate': 0.0002, 'epoch': 0.36}
{'loss': 0.5006, 'learning_rate': 0.0002, 'epoch': 0.37}
{'loss': 0.3567, 'learning_rate': 0.0002, 'epoch': 0.37}
{'loss': 0.316, 'learning_rate': 0.0002, 'epoch': 0.37}
{'loss': 0.3332, 'learning_rate': 0.0002, 'epoch': 0.37}
{'loss': 0.5516, 'learning_rate': 0.0002, 'epoch': 0.37}
{'loss': 0.5779, 'learning_rate': 0.0002, 'epoch': 0.37}
{'loss': 0.6107, 'learning_rate': 0.0002, 'epoch': 0.37}
{'loss': 0.5543, 'learning_rate': 0.0002, 'epoch': 0.37}
{'loss': 0.5627, 'learning_rate': 0.0002, 'epoch': 0.37}
{'loss': 0.4321, 'learning_rate': 0.0002, 'epoch': 0.37}
{'loss': 0.2467, 'learning_rate': 0.0002, 'epoch': 0.38}
{'loss': 0.4097, 'learning_rate': 0.0002, 'epoch': 0.38}
{'loss': 0.3802, 'learning_rate': 0.0002, 'epoch': 0.38}
{'loss': 0.3988, 'learning_rate': 0.0002, 'epoch': 0.38}
{'loss': 0.2793, 'learning_rate': 0.0002, 'epoch': 0.38}
{'loss': 0.3833, 'learning_rate': 0.0002, 'epoch': 0.38}
{'loss': 0.4064, 'learning_rate': 0.0002, 'epoch': 0.38}
{'loss': 0.589, 'learning_rate': 0.0002, 'epoch': 0.38}
{'loss': 0.3595, 'learning_rate': 0.0002, 'epoch': 0.38}
{'loss': 0.7076, 'learning_rate': 0.0002, 'epoch': 0.39}
{'loss': 0.3752, 'learning_rate': 0.0002, 'epoch': 0.39}
{'loss': 0.5495, 'learning_rate': 0.0002, 'epoch': 0.39}
{'loss': 0.6345, 'learning_rate': 0.0002, 'epoch': 0.39}
{'loss': 0.5243, 'learning_rate': 0.0002, 'epoch': 0.39}
{'loss': 0.3069, 'learning_rate': 0.0002, 'epoch': 0.39}
{'loss': 0.2306, 'learning_rate': 0.0002, 'epoch': 0.39}
{'loss': 0.2217, 'learning_rate': 0.0002, 'epoch': 0.39}
{'loss': 0.813, 'learning_rate': 0.0002, 'epoch': 0.39}
{'loss': 0.3697, 'learning_rate': 0.0002, 'epoch': 0.39}
{'loss': 0.278, 'learning_rate': 0.0002, 'epoch': 0.4}
{'loss': 0.3712, 'learning_rate': 0.0002, 'epoch': 0.4}
{'loss': 0.563, 'learning_rate': 0.0002, 'epoch': 0.4}
{'loss': 0.4486, 'learning_rate': 0.0002, 'epoch': 0.4}
{'loss': 0.4758, 'learning_rate': 0.0002, 'epoch': 0.4}
{'loss': 0.8509, 'learning_rate': 0.0002, 'epoch': 0.4}
{'loss': 0.5769, 'learning_rate': 0.0002, 'epoch': 0.4}
{'loss': 0.4688, 'learning_rate': 0.0002, 'epoch': 0.4}
{'loss': 0.3146, 'learning_rate': 0.0002, 'epoch': 0.4}
{'loss': 0.4264, 'learning_rate': 0.0002, 'epoch': 0.41}
{'loss': 0.5045, 'learning_rate': 0.0002, 'epoch': 0.41}
{'loss': 0.2866, 'learning_rate': 0.0002, 'epoch': 0.41}
{'loss': 0.4224, 'learning_rate': 0.0002, 'epoch': 0.41}
{'loss': 0.4625, 'learning_rate': 0.0002, 'epoch': 0.41}
{'loss': 0.5146, 'learning_rate': 0.0002, 'epoch': 0.41}
{'loss': 0.3961, 'learning_rate': 0.0002, 'epoch': 0.41}
{'loss': 0.4921, 'learning_rate': 0.0002, 'epoch': 0.41}
{'loss': 0.4151, 'learning_rate': 0.0002, 'epoch': 0.41}
{'loss': 0.3297, 'learning_rate': 0.0002, 'epoch': 0.41}
{'loss': 0.5033, 'learning_rate': 0.0002, 'epoch': 0.42}
{'loss': 0.3668, 'learning_rate': 0.0002, 'epoch': 0.42}
{'loss': 0.2832, 'learning_rate': 0.0002, 'epoch': 0.42}
{'loss': 0.5557, 'learning_rate': 0.0002, 'epoch': 0.42}
{'loss': 0.3732, 'learning_rate': 0.0002, 'epoch': 0.42}
{'loss': 0.5031, 'learning_rate': 0.0002, 'epoch': 0.42}
{'loss': 0.5303, 'learning_rate': 0.0002, 'epoch': 0.42}
{'loss': 0.7093, 'learning_rate': 0.0002, 'epoch': 0.42}
{'loss': 0.5399, 'learning_rate': 0.0002, 'epoch': 0.42}
{'loss': 0.3755, 'learning_rate': 0.0002, 'epoch': 0.43}
{'loss': 0.3284, 'learning_rate': 0.0002, 'epoch': 0.43}
{'loss': 0.2465, 'learning_rate': 0.0002, 'epoch': 0.43}
{'loss': 0.3674, 'learning_rate': 0.0002, 'epoch': 0.43}
{'loss': 0.2812, 'learning_rate': 0.0002, 'epoch': 0.43}
{'loss': 0.275, 'learning_rate': 0.0002, 'epoch': 0.43}
{'loss': 0.395, 'learning_rate': 0.0002, 'epoch': 0.43}
{'loss': 0.3491, 'learning_rate': 0.0002, 'epoch': 0.43}
{'loss': 0.5333, 'learning_rate': 0.0002, 'epoch': 0.43}
{'loss': 0.4256, 'learning_rate': 0.0002, 'epoch': 0.43}
{'loss': 0.4185, 'learning_rate': 0.0002, 'epoch': 0.44}
{'loss': 0.3207, 'learning_rate': 0.0002, 'epoch': 0.44}
{'loss': 0.3107, 'learning_rate': 0.0002, 'epoch': 0.44}
{'loss': 0.3427, 'learning_rate': 0.0002, 'epoch': 0.44}
{'loss': 0.6614, 'learning_rate': 0.0002, 'epoch': 0.44}
{'loss': 0.2621, 'learning_rate': 0.0002, 'epoch': 0.44}
{'loss': 0.2374, 'learning_rate': 0.0002, 'epoch': 0.44}
{'loss': 0.4892, 'learning_rate': 0.0002, 'epoch': 0.44}
{'loss': 0.3469, 'learning_rate': 0.0002, 'epoch': 0.44}
{'loss': 0.5548, 'learning_rate': 0.0002, 'epoch': 0.45}
{'loss': 0.3691, 'learning_rate': 0.0002, 'epoch': 0.45}
{'loss': 0.3074, 'learning_rate': 0.0002, 'epoch': 0.45}
{'loss': 0.3129, 'learning_rate': 0.0002, 'epoch': 0.45}
{'loss': 0.4744, 'learning_rate': 0.0002, 'epoch': 0.45}
{'loss': 0.589, 'learning_rate': 0.0002, 'epoch': 0.45}
{'loss': 0.2534, 'learning_rate': 0.0002, 'epoch': 0.45}
{'loss': 0.3874, 'learning_rate': 0.0002, 'epoch': 0.45}
{'loss': 0.406, 'learning_rate': 0.0002, 'epoch': 0.45}
{'loss': 0.3382, 'learning_rate': 0.0002, 'epoch': 0.46}
{'loss': 0.4477, 'learning_rate': 0.0002, 'epoch': 0.46}
{'loss': 0.4481, 'learning_rate': 0.0002, 'epoch': 0.46}
{'loss': 0.222, 'learning_rate': 0.0002, 'epoch': 0.46}
{'loss': 0.5658, 'learning_rate': 0.0002, 'epoch': 0.46}
{'loss': 0.4201, 'learning_rate': 0.0002, 'epoch': 0.46}
{'loss': 0.3081, 'learning_rate': 0.0002, 'epoch': 0.46}
{'loss': 0.8602, 'learning_rate': 0.0002, 'epoch': 0.46}
{'loss': 0.314, 'learning_rate': 0.0002, 'epoch': 0.46}
{'loss': 0.4366, 'learning_rate': 0.0002, 'epoch': 0.46}
{'loss': 0.3162, 'learning_rate': 0.0002, 'epoch': 0.47}
{'loss': 0.473, 'learning_rate': 0.0002, 'epoch': 0.47}
{'loss': 0.3577, 'learning_rate': 0.0002, 'epoch': 0.47}
{'loss': 0.3502, 'learning_rate': 0.0002, 'epoch': 0.47}
{'loss': 0.4652, 'learning_rate': 0.0002, 'epoch': 0.47}
{'loss': 0.5432, 'learning_rate': 0.0002, 'epoch': 0.47}
{'loss': 0.5494, 'learning_rate': 0.0002, 'epoch': 0.47}
{'loss': 0.4087, 'learning_rate': 0.0002, 'epoch': 0.47}
{'loss': 0.3292, 'learning_rate': 0.0002, 'epoch': 0.47}
{'loss': 0.3858, 'learning_rate': 0.0002, 'epoch': 0.48}
{'loss': 0.8008, 'learning_rate': 0.0002, 'epoch': 0.48}
{'loss': 0.4704, 'learning_rate': 0.0002, 'epoch': 0.48}
{'loss': 0.3291, 'learning_rate': 0.0002, 'epoch': 0.48}
{'loss': 0.4659, 'learning_rate': 0.0002, 'epoch': 0.48}
{'loss': 0.4611, 'learning_rate': 0.0002, 'epoch': 0.48}
{'loss': 0.3145, 'learning_rate': 0.0002, 'epoch': 0.48}
{'loss': 0.342, 'learning_rate': 0.0002, 'epoch': 0.48}
{'loss': 0.3466, 'learning_rate': 0.0002, 'epoch': 0.48}
{'loss': 0.3979, 'learning_rate': 0.0002, 'epoch': 0.48}
{'loss': 0.6162, 'learning_rate': 0.0002, 'epoch': 0.49}
{'loss': 0.3277, 'learning_rate': 0.0002, 'epoch': 0.49}
{'loss': 0.2519, 'learning_rate': 0.0002, 'epoch': 0.49}
{'loss': 0.6022, 'learning_rate': 0.0002, 'epoch': 0.49}
{'loss': 0.2972, 'learning_rate': 0.0002, 'epoch': 0.49}
{'loss': 0.5311, 'learning_rate': 0.0002, 'epoch': 0.49}
{'loss': 0.2381, 'learning_rate': 0.0002, 'epoch': 0.49}
{'loss': 0.4827, 'learning_rate': 0.0002, 'epoch': 0.49}
{'loss': 0.463, 'learning_rate': 0.0002, 'epoch': 0.49}
{'loss': 0.5372, 'learning_rate': 0.0002, 'epoch': 0.5}
{'loss': 0.3955, 'learning_rate': 0.0002, 'epoch': 0.5}
{'loss': 0.3748, 'learning_rate': 0.0002, 'epoch': 0.5}
{'loss': 0.8924, 'learning_rate': 0.0002, 'epoch': 0.5}
{'loss': 0.2659, 'learning_rate': 0.0002, 'epoch': 0.5}
{'loss': 0.2827, 'learning_rate': 0.0002, 'epoch': 0.5}
{'loss': 0.3113, 'learning_rate': 0.0002, 'epoch': 0.5}
{'loss': 0.3521, 'learning_rate': 0.0002, 'epoch': 0.5}
{'loss': 0.3902, 'learning_rate': 0.0002, 'epoch': 0.5}
{'loss': 0.4598, 'learning_rate': 0.0002, 'epoch': 0.5}
{'loss': 0.5264, 'learning_rate': 0.0002, 'epoch': 0.51}
{'loss': 0.523, 'learning_rate': 0.0002, 'epoch': 0.51}
{'loss': 0.4355, 'learning_rate': 0.0002, 'epoch': 0.51}
{'loss': 0.3959, 'learning_rate': 0.0002, 'epoch': 0.51}
{'loss': 0.3813, 'learning_rate': 0.0002, 'epoch': 0.51}
{'loss': 0.3603, 'learning_rate': 0.0002, 'epoch': 0.51}
{'loss': 0.3521, 'learning_rate': 0.0002, 'epoch': 0.51}
{'loss': 0.4759, 'learning_rate': 0.0002, 'epoch': 0.51}
{'loss': 0.2871, 'learning_rate': 0.0002, 'epoch': 0.51}
{'loss': 0.3247, 'learning_rate': 0.0002, 'epoch': 0.52}
{'loss': 0.6593, 'learning_rate': 0.0002, 'epoch': 0.52}
{'loss': 0.2602, 'learning_rate': 0.0002, 'epoch': 0.52}
{'loss': 0.4112, 'learning_rate': 0.0002, 'epoch': 0.52}
{'loss': 0.4019, 'learning_rate': 0.0002, 'epoch': 0.52}
{'loss': 0.5012, 'learning_rate': 0.0002, 'epoch': 0.52}
{'loss': 0.5096, 'learning_rate': 0.0002, 'epoch': 0.52}
{'loss': 0.466, 'learning_rate': 0.0002, 'epoch': 0.52}
{'loss': 0.343, 'learning_rate': 0.0002, 'epoch': 0.52}
{'loss': 0.5464, 'learning_rate': 0.0002, 'epoch': 0.52}
{'loss': 0.399, 'learning_rate': 0.0002, 'epoch': 0.53}
{'loss': 0.4286, 'learning_rate': 0.0002, 'epoch': 0.53}
{'loss': 0.2425, 'learning_rate': 0.0002, 'epoch': 0.53}
{'loss': 0.479, 'learning_rate': 0.0002, 'epoch': 0.53}
{'loss': 0.4426, 'learning_rate': 0.0002, 'epoch': 0.53}
{'loss': 0.3373, 'learning_rate': 0.0002, 'epoch': 0.53}
{'loss': 0.3231, 'learning_rate': 0.0002, 'epoch': 0.53}
{'loss': 0.5972, 'learning_rate': 0.0002, 'epoch': 0.53}
{'loss': 0.4873, 'learning_rate': 0.0002, 'epoch': 0.53}
{'loss': 0.3375, 'learning_rate': 0.0002, 'epoch': 0.54}
{'loss': 0.3985, 'learning_rate': 0.0002, 'epoch': 0.54}
{'loss': 0.3219, 'learning_rate': 0.0002, 'epoch': 0.54}
{'loss': 0.4986, 'learning_rate': 0.0002, 'epoch': 0.54}
{'loss': 0.193, 'learning_rate': 0.0002, 'epoch': 0.54}
{'loss': 0.5895, 'learning_rate': 0.0002, 'epoch': 0.54}
{'loss': 0.3015, 'learning_rate': 0.0002, 'epoch': 0.54}
{'loss': 0.5188, 'learning_rate': 0.0002, 'epoch': 0.54}
{'loss': 0.3295, 'learning_rate': 0.0002, 'epoch': 0.54}
{'loss': 0.3862, 'learning_rate': 0.0002, 'epoch': 0.54}
{'loss': 0.408, 'learning_rate': 0.0002, 'epoch': 0.55}
{'loss': 0.2583, 'learning_rate': 0.0002, 'epoch': 0.55}
{'loss': 0.5604, 'learning_rate': 0.0002, 'epoch': 0.55}
{'loss': 0.4214, 'learning_rate': 0.0002, 'epoch': 0.55}
{'loss': 0.386, 'learning_rate': 0.0002, 'epoch': 0.55}
{'loss': 0.7984, 'learning_rate': 0.0002, 'epoch': 0.55}
{'loss': 0.4732, 'learning_rate': 0.0002, 'epoch': 0.55}
{'loss': 0.2317, 'learning_rate': 0.0002, 'epoch': 0.55}
{'loss': 0.3458, 'learning_rate': 0.0002, 'epoch': 0.55}
{'loss': 0.4586, 'learning_rate': 0.0002, 'epoch': 0.56}
{'loss': 0.3602, 'learning_rate': 0.0002, 'epoch': 0.56}
{'loss': 0.2695, 'learning_rate': 0.0002, 'epoch': 0.56}
{'loss': 0.3251, 'learning_rate': 0.0002, 'epoch': 0.56}
{'loss': 0.5314, 'learning_rate': 0.0002, 'epoch': 0.56}
{'loss': 0.3575, 'learning_rate': 0.0002, 'epoch': 0.56}
{'loss': 0.435, 'learning_rate': 0.0002, 'epoch': 0.56}
{'loss': 0.2988, 'learning_rate': 0.0002, 'epoch': 0.56}
{'loss': 0.5606, 'learning_rate': 0.0002, 'epoch': 0.56}
{'loss': 0.5013, 'learning_rate': 0.0002, 'epoch': 0.57}
{'loss': 0.3456, 'learning_rate': 0.0002, 'epoch': 0.57}
{'loss': 0.2384, 'learning_rate': 0.0002, 'epoch': 0.57}
{'loss': 0.3822, 'learning_rate': 0.0002, 'epoch': 0.57}
{'loss': 0.451, 'learning_rate': 0.0002, 'epoch': 0.57}
{'loss': 0.2899, 'learning_rate': 0.0002, 'epoch': 0.57}
{'loss': 0.5949, 'learning_rate': 0.0002, 'epoch': 0.57}
{'loss': 0.6676, 'learning_rate': 0.0002, 'epoch': 0.57}
{'loss': 0.3809, 'learning_rate': 0.0002, 'epoch': 0.57}
{'loss': 0.2798, 'learning_rate': 0.0002, 'epoch': 0.57}
{'loss': 0.3222, 'learning_rate': 0.0002, 'epoch': 0.58}
{'loss': 0.3012, 'learning_rate': 0.0002, 'epoch': 0.58}
{'loss': 0.3243, 'learning_rate': 0.0002, 'epoch': 0.58}
{'loss': 0.3828, 'learning_rate': 0.0002, 'epoch': 0.58}
{'loss': 0.3761, 'learning_rate': 0.0002, 'epoch': 0.58}
{'loss': 0.52, 'learning_rate': 0.0002, 'epoch': 0.58}
{'loss': 0.5701, 'learning_rate': 0.0002, 'epoch': 0.58}
{'loss': 0.2664, 'learning_rate': 0.0002, 'epoch': 0.58}
{'loss': 0.3467, 'learning_rate': 0.0002, 'epoch': 0.58}
{'loss': 0.3843, 'learning_rate': 0.0002, 'epoch': 0.59}
{'loss': 0.6068, 'learning_rate': 0.0002, 'epoch': 0.59}
{'loss': 0.4856, 'learning_rate': 0.0002, 'epoch': 0.59}
{'loss': 0.2234, 'learning_rate': 0.0002, 'epoch': 0.59}
{'loss': 0.3531, 'learning_rate': 0.0002, 'epoch': 0.59}
{'loss': 0.2777, 'learning_rate': 0.0002, 'epoch': 0.59}
{'loss': 0.4094, 'learning_rate': 0.0002, 'epoch': 0.59}
{'loss': 0.3364, 'learning_rate': 0.0002, 'epoch': 0.59}
{'loss': 0.5838, 'learning_rate': 0.0002, 'epoch': 0.59}
{'loss': 0.3101, 'learning_rate': 0.0002, 'epoch': 0.59}
{'loss': 0.2192, 'learning_rate': 0.0002, 'epoch': 0.6}
{'loss': 0.3404, 'learning_rate': 0.0002, 'epoch': 0.6}
{'loss': 0.4785, 'learning_rate': 0.0002, 'epoch': 0.6}
{'loss': 0.4895, 'learning_rate': 0.0002, 'epoch': 0.6}
{'loss': 0.5472, 'learning_rate': 0.0002, 'epoch': 0.6}
{'loss': 0.4279, 'learning_rate': 0.0002, 'epoch': 0.6}
{'loss': 0.541, 'learning_rate': 0.0002, 'epoch': 0.6}
{'loss': 0.3658, 'learning_rate': 0.0002, 'epoch': 0.6}
{'loss': 0.441, 'learning_rate': 0.0002, 'epoch': 0.6}
{'loss': 0.2763, 'learning_rate': 0.0002, 'epoch': 0.61}
{'loss': 0.3809, 'learning_rate': 0.0002, 'epoch': 0.61}
{'loss': 0.5788, 'learning_rate': 0.0002, 'epoch': 0.61}
{'loss': 0.4896, 'learning_rate': 0.0002, 'epoch': 0.61}
{'loss': 0.4837, 'learning_rate': 0.0002, 'epoch': 0.61}
{'loss': 0.5558, 'learning_rate': 0.0002, 'epoch': 0.61}
{'loss': 0.5581, 'learning_rate': 0.0002, 'epoch': 0.61}
{'loss': 0.4261, 'learning_rate': 0.0002, 'epoch': 0.61}
{'loss': 0.2954, 'learning_rate': 0.0002, 'epoch': 0.61}
{'loss': 0.262, 'learning_rate': 0.0002, 'epoch': 0.61}
{'loss': 0.3421, 'learning_rate': 0.0002, 'epoch': 0.62}
{'loss': 0.4307, 'learning_rate': 0.0002, 'epoch': 0.62}
{'loss': 0.3384, 'learning_rate': 0.0002, 'epoch': 0.62}
{'loss': 0.5973, 'learning_rate': 0.0002, 'epoch': 0.62}
{'loss': 0.3958, 'learning_rate': 0.0002, 'epoch': 0.62}
{'loss': 0.5109, 'learning_rate': 0.0002, 'epoch': 0.62}
{'loss': 0.3591, 'learning_rate': 0.0002, 'epoch': 0.62}
{'loss': 0.488, 'learning_rate': 0.0002, 'epoch': 0.62}
{'loss': 0.5051, 'learning_rate': 0.0002, 'epoch': 0.62}
{'loss': 0.387, 'learning_rate': 0.0002, 'epoch': 0.63}
{'loss': 0.2924, 'learning_rate': 0.0002, 'epoch': 0.63}
{'loss': 0.2254, 'learning_rate': 0.0002, 'epoch': 0.63}
{'loss': 0.3664, 'learning_rate': 0.0002, 'epoch': 0.63}
{'loss': 0.3535, 'learning_rate': 0.0002, 'epoch': 0.63}
{'loss': 0.3637, 'learning_rate': 0.0002, 'epoch': 0.63}
{'loss': 0.3925, 'learning_rate': 0.0002, 'epoch': 0.63}
{'loss': 0.3773, 'learning_rate': 0.0002, 'epoch': 0.63}
{'loss': 0.2684, 'learning_rate': 0.0002, 'epoch': 0.63}
{'loss': 0.3388, 'learning_rate': 0.0002, 'epoch': 0.63}
{'loss': 0.3165, 'learning_rate': 0.0002, 'epoch': 0.64}
{'loss': 0.5757, 'learning_rate': 0.0002, 'epoch': 0.64}
{'loss': 0.3862, 'learning_rate': 0.0002, 'epoch': 0.64}
{'loss': 0.447, 'learning_rate': 0.0002, 'epoch': 0.64}
{'loss': 0.6115, 'learning_rate': 0.0002, 'epoch': 0.64}
{'loss': 0.4166, 'learning_rate': 0.0002, 'epoch': 0.64}
{'loss': 0.6595, 'learning_rate': 0.0002, 'epoch': 0.64}
{'loss': 0.3408, 'learning_rate': 0.0002, 'epoch': 0.64}
{'loss': 0.3107, 'learning_rate': 0.0002, 'epoch': 0.64}
{'loss': 0.3411, 'learning_rate': 0.0002, 'epoch': 0.65}
{'loss': 0.3416, 'learning_rate': 0.0002, 'epoch': 0.65}
{'loss': 0.5384, 'learning_rate': 0.0002, 'epoch': 0.65}
{'loss': 0.3378, 'learning_rate': 0.0002, 'epoch': 0.65}
{'loss': 0.5126, 'learning_rate': 0.0002, 'epoch': 0.65}
{'loss': 0.1606, 'learning_rate': 0.0002, 'epoch': 0.65}
{'loss': 0.4869, 'learning_rate': 0.0002, 'epoch': 0.65}
{'loss': 0.5701, 'learning_rate': 0.0002, 'epoch': 0.65}
{'loss': 0.541, 'learning_rate': 0.0002, 'epoch': 0.65}
{'loss': 0.5097, 'learning_rate': 0.0002, 'epoch': 0.66}
{'loss': 0.408, 'learning_rate': 0.0002, 'epoch': 0.66}
{'loss': 0.6785, 'learning_rate': 0.0002, 'epoch': 0.66}
{'loss': 0.531, 'learning_rate': 0.0002, 'epoch': 0.66}
{'loss': 0.5925, 'learning_rate': 0.0002, 'epoch': 0.66}
{'loss': 0.4557, 'learning_rate': 0.0002, 'epoch': 0.66}
{'loss': 0.273, 'learning_rate': 0.0002, 'epoch': 0.66}
{'loss': 0.3418, 'learning_rate': 0.0002, 'epoch': 0.66}
{'loss': 0.5073, 'learning_rate': 0.0002, 'epoch': 0.66}
{'loss': 0.4425, 'learning_rate': 0.0002, 'epoch': 0.66}
{'loss': 0.3174, 'learning_rate': 0.0002, 'epoch': 0.67}
{'loss': 0.1894, 'learning_rate': 0.0002, 'epoch': 0.67}
{'loss': 0.1915, 'learning_rate': 0.0002, 'epoch': 0.67}
{'loss': 0.5092, 'learning_rate': 0.0002, 'epoch': 0.67}
{'loss': 0.3416, 'learning_rate': 0.0002, 'epoch': 0.67}
{'loss': 0.6304, 'learning_rate': 0.0002, 'epoch': 0.67}
{'loss': 0.4288, 'learning_rate': 0.0002, 'epoch': 0.67}
{'loss': 0.4493, 'learning_rate': 0.0002, 'epoch': 0.67}
{'loss': 0.3825, 'learning_rate': 0.0002, 'epoch': 0.67}
{'loss': 0.3947, 'learning_rate': 0.0002, 'epoch': 0.68}
{'loss': 0.3357, 'learning_rate': 0.0002, 'epoch': 0.68}
{'loss': 0.4568, 'learning_rate': 0.0002, 'epoch': 0.68}
{'loss': 0.3902, 'learning_rate': 0.0002, 'epoch': 0.68}
{'loss': 0.3346, 'learning_rate': 0.0002, 'epoch': 0.68}
{'loss': 0.4633, 'learning_rate': 0.0002, 'epoch': 0.68}
{'loss': 0.4668, 'learning_rate': 0.0002, 'epoch': 0.68}
{'loss': 0.2633, 'learning_rate': 0.0002, 'epoch': 0.68}
{'loss': 0.3533, 'learning_rate': 0.0002, 'epoch': 0.68}
{'loss': 0.3466, 'learning_rate': 0.0002, 'epoch': 0.68}
{'loss': 0.1903, 'learning_rate': 0.0002, 'epoch': 0.69}
{'loss': 0.3087, 'learning_rate': 0.0002, 'epoch': 0.69}
{'loss': 0.3106, 'learning_rate': 0.0002, 'epoch': 0.69}
{'loss': 0.5183, 'learning_rate': 0.0002, 'epoch': 0.69}
{'loss': 0.5718, 'learning_rate': 0.0002, 'epoch': 0.69}
{'loss': 0.355, 'learning_rate': 0.0002, 'epoch': 0.69}
{'loss': 0.3287, 'learning_rate': 0.0002, 'epoch': 0.69}
{'loss': 0.3907, 'learning_rate': 0.0002, 'epoch': 0.69}
{'loss': 0.5918, 'learning_rate': 0.0002, 'epoch': 0.69}
{'loss': 0.4124, 'learning_rate': 0.0002, 'epoch': 0.7}
{'loss': 0.5675, 'learning_rate': 0.0002, 'epoch': 0.7}
{'loss': 0.3187, 'learning_rate': 0.0002, 'epoch': 0.7}
{'loss': 0.3089, 'learning_rate': 0.0002, 'epoch': 0.7}
{'loss': 0.4345, 'learning_rate': 0.0002, 'epoch': 0.7}
{'loss': 0.4553, 'learning_rate': 0.0002, 'epoch': 0.7}
{'loss': 0.4339, 'learning_rate': 0.0002, 'epoch': 0.7}
{'loss': 0.3255, 'learning_rate': 0.0002, 'epoch': 0.7}
{'loss': 0.3811, 'learning_rate': 0.0002, 'epoch': 0.7}
{'loss': 0.4451, 'learning_rate': 0.0002, 'epoch': 0.7}
{'loss': 0.2307, 'learning_rate': 0.0002, 'epoch': 0.71}
{'loss': 0.5859, 'learning_rate': 0.0002, 'epoch': 0.71}
{'loss': 0.5873, 'learning_rate': 0.0002, 'epoch': 0.71}
{'loss': 0.3014, 'learning_rate': 0.0002, 'epoch': 0.71}
{'loss': 0.2535, 'learning_rate': 0.0002, 'epoch': 0.71}
{'loss': 0.5229, 'learning_rate': 0.0002, 'epoch': 0.71}
{'loss': 0.6487, 'learning_rate': 0.0002, 'epoch': 0.71}
{'loss': 0.3525, 'learning_rate': 0.0002, 'epoch': 0.71}
{'loss': 0.5674, 'learning_rate': 0.0002, 'epoch': 0.71}
{'loss': 0.3883, 'learning_rate': 0.0002, 'epoch': 0.72}
{'loss': 0.6645, 'learning_rate': 0.0002, 'epoch': 0.72}
{'loss': 0.4039, 'learning_rate': 0.0002, 'epoch': 0.72}
{'loss': 0.2616, 'learning_rate': 0.0002, 'epoch': 0.72}
{'loss': 0.4769, 'learning_rate': 0.0002, 'epoch': 0.72}
{'loss': 0.6472, 'learning_rate': 0.0002, 'epoch': 0.72}
{'loss': 0.3427, 'learning_rate': 0.0002, 'epoch': 0.72}
{'loss': 0.4034, 'learning_rate': 0.0002, 'epoch': 0.72}
{'loss': 0.2816, 'learning_rate': 0.0002, 'epoch': 0.72}
{'loss': 0.4226, 'learning_rate': 0.0002, 'epoch': 0.72}
{'loss': 0.5261, 'learning_rate': 0.0002, 'epoch': 0.73}
{'loss': 0.452, 'learning_rate': 0.0002, 'epoch': 0.73}
{'loss': 0.3774, 'learning_rate': 0.0002, 'epoch': 0.73}
{'loss': 0.3685, 'learning_rate': 0.0002, 'epoch': 0.73}
{'loss': 0.4065, 'learning_rate': 0.0002, 'epoch': 0.73}
{'loss': 0.5169, 'learning_rate': 0.0002, 'epoch': 0.73}
{'loss': 0.4037, 'learning_rate': 0.0002, 'epoch': 0.73}
{'loss': 0.1994, 'learning_rate': 0.0002, 'epoch': 0.73}
{'loss': 0.1496, 'learning_rate': 0.0002, 'epoch': 0.73}
{'loss': 0.4802, 'learning_rate': 0.0002, 'epoch': 0.74}
{'loss': 0.5147, 'learning_rate': 0.0002, 'epoch': 0.74}
{'loss': 0.3959, 'learning_rate': 0.0002, 'epoch': 0.74}
{'loss': 0.3362, 'learning_rate': 0.0002, 'epoch': 0.74}
{'loss': 0.4586, 'learning_rate': 0.0002, 'epoch': 0.74}
{'loss': 0.7779, 'learning_rate': 0.0002, 'epoch': 0.74}
{'loss': 0.652, 'learning_rate': 0.0002, 'epoch': 0.74}
{'loss': 0.3617, 'learning_rate': 0.0002, 'epoch': 0.74}
{'loss': 0.286, 'learning_rate': 0.0002, 'epoch': 0.74}
{'loss': 0.3109, 'learning_rate': 0.0002, 'epoch': 0.74}
{'loss': 0.5108, 'learning_rate': 0.0002, 'epoch': 0.75}
{'loss': 0.2999, 'learning_rate': 0.0002, 'epoch': 0.75}
{'loss': 0.3821, 'learning_rate': 0.0002, 'epoch': 0.75}
{'loss': 0.3341, 'learning_rate': 0.0002, 'epoch': 0.75}
{'loss': 0.3771, 'learning_rate': 0.0002, 'epoch': 0.75}
{'loss': 0.5016, 'learning_rate': 0.0002, 'epoch': 0.75}
{'loss': 0.3311, 'learning_rate': 0.0002, 'epoch': 0.75}
{'loss': 0.2505, 'learning_rate': 0.0002, 'epoch': 0.75}
{'loss': 0.3013, 'learning_rate': 0.0002, 'epoch': 0.75}
{'loss': 0.3166, 'learning_rate': 0.0002, 'epoch': 0.76}
{'loss': 0.4104, 'learning_rate': 0.0002, 'epoch': 0.76}
{'loss': 0.5458, 'learning_rate': 0.0002, 'epoch': 0.76}
{'loss': 0.4132, 'learning_rate': 0.0002, 'epoch': 0.76}
{'loss': 0.5358, 'learning_rate': 0.0002, 'epoch': 0.76}
{'loss': 0.5084, 'learning_rate': 0.0002, 'epoch': 0.76}
{'loss': 0.4519, 'learning_rate': 0.0002, 'epoch': 0.76}
{'loss': 0.4423, 'learning_rate': 0.0002, 'epoch': 0.76}
{'loss': 0.5165, 'learning_rate': 0.0002, 'epoch': 0.76}
{'loss': 0.3722, 'learning_rate': 0.0002, 'epoch': 0.77}
{'loss': 0.4176, 'learning_rate': 0.0002, 'epoch': 0.77}
{'loss': 0.2737, 'learning_rate': 0.0002, 'epoch': 0.77}
{'loss': 0.3524, 'learning_rate': 0.0002, 'epoch': 0.77}
{'loss': 0.2659, 'learning_rate': 0.0002, 'epoch': 0.77}
{'loss': 0.2354, 'learning_rate': 0.0002, 'epoch': 0.77}
{'loss': 0.6245, 'learning_rate': 0.0002, 'epoch': 0.77}
{'loss': 0.1807, 'learning_rate': 0.0002, 'epoch': 0.77}
{'loss': 0.3415, 'learning_rate': 0.0002, 'epoch': 0.77}
{'loss': 0.362, 'learning_rate': 0.0002, 'epoch': 0.77}
{'loss': 0.2731, 'learning_rate': 0.0002, 'epoch': 0.78}
{'loss': 0.5696, 'learning_rate': 0.0002, 'epoch': 0.78}
{'loss': 0.3867, 'learning_rate': 0.0002, 'epoch': 0.78}
{'loss': 0.4702, 'learning_rate': 0.0002, 'epoch': 0.78}
{'loss': 0.1525, 'learning_rate': 0.0002, 'epoch': 0.78}
{'loss': 0.3247, 'learning_rate': 0.0002, 'epoch': 0.78}
{'loss': 0.3514, 'learning_rate': 0.0002, 'epoch': 0.78}
{'loss': 0.4522, 'learning_rate': 0.0002, 'epoch': 0.78}
{'loss': 0.2781, 'learning_rate': 0.0002, 'epoch': 0.78}
{'loss': 0.5196, 'learning_rate': 0.0002, 'epoch': 0.79}
{'loss': 0.3705, 'learning_rate': 0.0002, 'epoch': 0.79}
{'loss': 0.3776, 'learning_rate': 0.0002, 'epoch': 0.79}
{'loss': 0.461, 'learning_rate': 0.0002, 'epoch': 0.79}
{'loss': 0.2965, 'learning_rate': 0.0002, 'epoch': 0.79}
{'loss': 0.2718, 'learning_rate': 0.0002, 'epoch': 0.79}
{'loss': 0.2074, 'learning_rate': 0.0002, 'epoch': 0.79}
{'loss': 0.4799, 'learning_rate': 0.0002, 'epoch': 0.79}
{'loss': 0.3909, 'learning_rate': 0.0002, 'epoch': 0.79}
{'loss': 0.2937, 'learning_rate': 0.0002, 'epoch': 0.79}
{'loss': 0.2504, 'learning_rate': 0.0002, 'epoch': 0.8}
{'loss': 0.2685, 'learning_rate': 0.0002, 'epoch': 0.8}
{'loss': 0.2978, 'learning_rate': 0.0002, 'epoch': 0.8}
{'loss': 0.2585, 'learning_rate': 0.0002, 'epoch': 0.8}
{'loss': 0.4134, 'learning_rate': 0.0002, 'epoch': 0.8}
{'loss': 0.2815, 'learning_rate': 0.0002, 'epoch': 0.8}
{'loss': 0.4411, 'learning_rate': 0.0002, 'epoch': 0.8}
{'loss': 0.4964, 'learning_rate': 0.0002, 'epoch': 0.8}
{'loss': 0.4187, 'learning_rate': 0.0002, 'epoch': 0.8}
{'loss': 0.3745, 'learning_rate': 0.0002, 'epoch': 0.81}
{'loss': 0.5763, 'learning_rate': 0.0002, 'epoch': 0.81}
{'loss': 0.2857, 'learning_rate': 0.0002, 'epoch': 0.81}
{'loss': 0.2389, 'learning_rate': 0.0002, 'epoch': 0.81}
{'loss': 0.4217, 'learning_rate': 0.0002, 'epoch': 0.81}
{'loss': 0.3394, 'learning_rate': 0.0002, 'epoch': 0.81}
{'loss': 0.212, 'learning_rate': 0.0002, 'epoch': 0.81}
{'loss': 0.2031, 'learning_rate': 0.0002, 'epoch': 0.81}
{'loss': 0.5245, 'learning_rate': 0.0002, 'epoch': 0.81}
{'loss': 0.4667, 'learning_rate': 0.0002, 'epoch': 0.81}
{'loss': 0.3898, 'learning_rate': 0.0002, 'epoch': 0.82}
{'loss': 0.3774, 'learning_rate': 0.0002, 'epoch': 0.82}
{'loss': 0.4058, 'learning_rate': 0.0002, 'epoch': 0.82}
{'loss': 0.277, 'learning_rate': 0.0002, 'epoch': 0.82}
{'loss': 0.3974, 'learning_rate': 0.0002, 'epoch': 0.82}
{'loss': 0.4109, 'learning_rate': 0.0002, 'epoch': 0.82}
{'loss': 0.2998, 'learning_rate': 0.0002, 'epoch': 0.82}
{'loss': 0.2729, 'learning_rate': 0.0002, 'epoch': 0.82}
{'loss': 0.4543, 'learning_rate': 0.0002, 'epoch': 0.82}
{'loss': 0.2617, 'learning_rate': 0.0002, 'epoch': 0.83}
{'loss': 0.4736, 'learning_rate': 0.0002, 'epoch': 0.83}
{'loss': 0.4624, 'learning_rate': 0.0002, 'epoch': 0.83}
{'loss': 0.3015, 'learning_rate': 0.0002, 'epoch': 0.83}
{'loss': 0.4044, 'learning_rate': 0.0002, 'epoch': 0.83}
{'loss': 0.5238, 'learning_rate': 0.0002, 'epoch': 0.83}
{'loss': 0.2592, 'learning_rate': 0.0002, 'epoch': 0.83}
{'loss': 0.3995, 'learning_rate': 0.0002, 'epoch': 0.83}
{'loss': 0.4536, 'learning_rate': 0.0002, 'epoch': 0.83}
{'loss': 0.4174, 'learning_rate': 0.0002, 'epoch': 0.83}
{'loss': 0.3577, 'learning_rate': 0.0002, 'epoch': 0.84}
{'loss': 0.1902, 'learning_rate': 0.0002, 'epoch': 0.84}
{'loss': 0.3516, 'learning_rate': 0.0002, 'epoch': 0.84}
{'loss': 0.3765, 'learning_rate': 0.0002, 'epoch': 0.84}
{'loss': 0.2962, 'learning_rate': 0.0002, 'epoch': 0.84}
{'loss': 0.5329, 'learning_rate': 0.0002, 'epoch': 0.84}
{'loss': 0.266, 'learning_rate': 0.0002, 'epoch': 0.84}
{'loss': 0.5459, 'learning_rate': 0.0002, 'epoch': 0.84}
{'loss': 0.4053, 'learning_rate': 0.0002, 'epoch': 0.84}
{'loss': 0.2651, 'learning_rate': 0.0002, 'epoch': 0.85}
{'loss': 0.2295, 'learning_rate': 0.0002, 'epoch': 0.85}
{'loss': 0.486, 'learning_rate': 0.0002, 'epoch': 0.85}
{'loss': 0.2963, 'learning_rate': 0.0002, 'epoch': 0.85}
{'loss': 0.3181, 'learning_rate': 0.0002, 'epoch': 0.85}
{'loss': 0.37, 'learning_rate': 0.0002, 'epoch': 0.85}
{'loss': 0.4694, 'learning_rate': 0.0002, 'epoch': 0.85}
{'loss': 0.4924, 'learning_rate': 0.0002, 'epoch': 0.85}
{'loss': 0.5908, 'learning_rate': 0.0002, 'epoch': 0.85}
{'loss': 0.4253, 'learning_rate': 0.0002, 'epoch': 0.86}
{'loss': 0.4048, 'learning_rate': 0.0002, 'epoch': 0.86}
{'loss': 0.5041, 'learning_rate': 0.0002, 'epoch': 0.86}
{'loss': 0.4336, 'learning_rate': 0.0002, 'epoch': 0.86}
{'loss': 0.3565, 'learning_rate': 0.0002, 'epoch': 0.86}
{'loss': 0.1554, 'learning_rate': 0.0002, 'epoch': 0.86}
{'loss': 0.2803, 'learning_rate': 0.0002, 'epoch': 0.86}
{'loss': 0.1945, 'learning_rate': 0.0002, 'epoch': 0.86}
{'loss': 0.4319, 'learning_rate': 0.0002, 'epoch': 0.86}
{'loss': 0.4987, 'learning_rate': 0.0002, 'epoch': 0.86}
{'loss': 0.4447, 'learning_rate': 0.0002, 'epoch': 0.87}
{'loss': 0.4203, 'learning_rate': 0.0002, 'epoch': 0.87}
{'loss': 0.4991, 'learning_rate': 0.0002, 'epoch': 0.87}
{'loss': 0.2189, 'learning_rate': 0.0002, 'epoch': 0.87}
{'loss': 0.3105, 'learning_rate': 0.0002, 'epoch': 0.87}
{'loss': 0.5218, 'learning_rate': 0.0002, 'epoch': 0.87}
{'loss': 0.2588, 'learning_rate': 0.0002, 'epoch': 0.87}
{'loss': 0.4293, 'learning_rate': 0.0002, 'epoch': 0.87}
{'loss': 0.3213, 'learning_rate': 0.0002, 'epoch': 0.87}
{'loss': 0.2778, 'learning_rate': 0.0002, 'epoch': 0.88}
{'loss': 0.4873, 'learning_rate': 0.0002, 'epoch': 0.88}
{'loss': 0.3646, 'learning_rate': 0.0002, 'epoch': 0.88}
{'loss': 0.242, 'learning_rate': 0.0002, 'epoch': 0.88}
{'loss': 0.3817, 'learning_rate': 0.0002, 'epoch': 0.88}
{'loss': 0.5222, 'learning_rate': 0.0002, 'epoch': 0.88}
{'loss': 0.382, 'learning_rate': 0.0002, 'epoch': 0.88}
{'loss': 0.5039, 'learning_rate': 0.0002, 'epoch': 0.88}
{'loss': 0.2979, 'learning_rate': 0.0002, 'epoch': 0.88}
{'loss': 0.2363, 'learning_rate': 0.0002, 'epoch': 0.88}
{'loss': 0.2158, 'learning_rate': 0.0002, 'epoch': 0.89}
{'loss': 0.459, 'learning_rate': 0.0002, 'epoch': 0.89}
{'loss': 0.3428, 'learning_rate': 0.0002, 'epoch': 0.89}
{'loss': 0.7895, 'learning_rate': 0.0002, 'epoch': 0.89}
{'loss': 0.3768, 'learning_rate': 0.0002, 'epoch': 0.89}
{'loss': 0.2499, 'learning_rate': 0.0002, 'epoch': 0.89}
{'loss': 0.2815, 'learning_rate': 0.0002, 'epoch': 0.89}
{'loss': 0.4466, 'learning_rate': 0.0002, 'epoch': 0.89}
{'loss': 0.4038, 'learning_rate': 0.0002, 'epoch': 0.89}
{'loss': 0.2232, 'learning_rate': 0.0002, 'epoch': 0.9}
{'loss': 0.3559, 'learning_rate': 0.0002, 'epoch': 0.9}
{'loss': 0.3774, 'learning_rate': 0.0002, 'epoch': 0.9}
{'loss': 0.3281, 'learning_rate': 0.0002, 'epoch': 0.9}
{'loss': 0.6733, 'learning_rate': 0.0002, 'epoch': 0.9}
{'loss': 0.2841, 'learning_rate': 0.0002, 'epoch': 0.9}
{'loss': 0.3649, 'learning_rate': 0.0002, 'epoch': 0.9}
{'loss': 0.2847, 'learning_rate': 0.0002, 'epoch': 0.9}
{'loss': 0.2831, 'learning_rate': 0.0002, 'epoch': 0.9}
{'loss': 0.4371, 'learning_rate': 0.0002, 'epoch': 0.9}
{'loss': 0.3602, 'learning_rate': 0.0002, 'epoch': 0.91}
{'loss': 0.2238, 'learning_rate': 0.0002, 'epoch': 0.91}
{'loss': 0.3899, 'learning_rate': 0.0002, 'epoch': 0.91}
{'loss': 0.3149, 'learning_rate': 0.0002, 'epoch': 0.91}
{'loss': 0.2408, 'learning_rate': 0.0002, 'epoch': 0.91}
{'loss': 0.459, 'learning_rate': 0.0002, 'epoch': 0.91}
{'loss': 0.2286, 'learning_rate': 0.0002, 'epoch': 0.91}
{'loss': 0.226, 'learning_rate': 0.0002, 'epoch': 0.91}
{'loss': 0.3772, 'learning_rate': 0.0002, 'epoch': 0.91}
{'loss': 0.4171, 'learning_rate': 0.0002, 'epoch': 0.92}
{'loss': 0.5209, 'learning_rate': 0.0002, 'epoch': 0.92}
{'loss': 0.3366, 'learning_rate': 0.0002, 'epoch': 0.92}
{'loss': 0.2718, 'learning_rate': 0.0002, 'epoch': 0.92}
{'loss': 0.6649, 'learning_rate': 0.0002, 'epoch': 0.92}
{'loss': 0.3801, 'learning_rate': 0.0002, 'epoch': 0.92}
{'loss': 0.4947, 'learning_rate': 0.0002, 'epoch': 0.92}
{'loss': 0.5254, 'learning_rate': 0.0002, 'epoch': 0.92}
{'loss': 0.3896, 'learning_rate': 0.0002, 'epoch': 0.92}
{'loss': 0.2487, 'learning_rate': 0.0002, 'epoch': 0.92}
{'loss': 0.3839, 'learning_rate': 0.0002, 'epoch': 0.93}
{'loss': 0.4478, 'learning_rate': 0.0002, 'epoch': 0.93}
{'loss': 0.3631, 'learning_rate': 0.0002, 'epoch': 0.93}
{'loss': 0.2756, 'learning_rate': 0.0002, 'epoch': 0.93}
{'loss': 0.2158, 'learning_rate': 0.0002, 'epoch': 0.93}
{'loss': 0.4935, 'learning_rate': 0.0002, 'epoch': 0.93}
{'loss': 0.4076, 'learning_rate': 0.0002, 'epoch': 0.93}
{'loss': 0.251, 'learning_rate': 0.0002, 'epoch': 0.93}
{'loss': 0.3461, 'learning_rate': 0.0002, 'epoch': 0.93}
{'loss': 0.2433, 'learning_rate': 0.0002, 'epoch': 0.94}
{'loss': 0.4643, 'learning_rate': 0.0002, 'epoch': 0.94}
{'loss': 0.3969, 'learning_rate': 0.0002, 'epoch': 0.94}
{'loss': 0.3025, 'learning_rate': 0.0002, 'epoch': 0.94}
{'loss': 0.4184, 'learning_rate': 0.0002, 'epoch': 0.94}
{'loss': 0.2148, 'learning_rate': 0.0002, 'epoch': 0.94}
{'loss': 0.3331, 'learning_rate': 0.0002, 'epoch': 0.94}
{'loss': 0.3655, 'learning_rate': 0.0002, 'epoch': 0.94}
{'loss': 0.2517, 'learning_rate': 0.0002, 'epoch': 0.94}
{'loss': 0.3132, 'learning_rate': 0.0002, 'epoch': 0.94}
{'loss': 0.4761, 'learning_rate': 0.0002, 'epoch': 0.95}
{'loss': 0.4675, 'learning_rate': 0.0002, 'epoch': 0.95}
{'loss': 0.2958, 'learning_rate': 0.0002, 'epoch': 0.95}
{'loss': 0.3135, 'learning_rate': 0.0002, 'epoch': 0.95}
{'loss': 0.9011, 'learning_rate': 0.0002, 'epoch': 0.95}
{'loss': 0.4466, 'learning_rate': 0.0002, 'epoch': 0.95}
{'loss': 0.337, 'learning_rate': 0.0002, 'epoch': 0.95}
{'loss': 0.3196, 'learning_rate': 0.0002, 'epoch': 0.95}
{'loss': 0.3092, 'learning_rate': 0.0002, 'epoch': 0.95}
{'loss': 0.4364, 'learning_rate': 0.0002, 'epoch': 0.96}
{'loss': 0.2985, 'learning_rate': 0.0002, 'epoch': 0.96}
{'loss': 0.3332, 'learning_rate': 0.0002, 'epoch': 0.96}
{'loss': 0.3837, 'learning_rate': 0.0002, 'epoch': 0.96}
{'loss': 0.5331, 'learning_rate': 0.0002, 'epoch': 0.96}
{'loss': 0.5079, 'learning_rate': 0.0002, 'epoch': 0.96}
{'loss': 0.3514, 'learning_rate': 0.0002, 'epoch': 0.96}
{'loss': 0.3169, 'learning_rate': 0.0002, 'epoch': 0.96}
{'loss': 0.538, 'learning_rate': 0.0002, 'epoch': 0.96}
{'loss': 0.2726, 'learning_rate': 0.0002, 'epoch': 0.97}
{'loss': 0.3524, 'learning_rate': 0.0002, 'epoch': 0.97}
{'loss': 0.3172, 'learning_rate': 0.0002, 'epoch': 0.97}
{'loss': 0.3024, 'learning_rate': 0.0002, 'epoch': 0.97}
{'loss': 0.3326, 'learning_rate': 0.0002, 'epoch': 0.97}
{'loss': 0.317, 'learning_rate': 0.0002, 'epoch': 0.97}
{'loss': 0.5887, 'learning_rate': 0.0002, 'epoch': 0.97}
{'loss': 0.2172, 'learning_rate': 0.0002, 'epoch': 0.97}
{'loss': 0.3855, 'learning_rate': 0.0002, 'epoch': 0.97}
{'loss': 0.2968, 'learning_rate': 0.0002, 'epoch': 0.97}
{'loss': 0.3081, 'learning_rate': 0.0002, 'epoch': 0.98}
{'loss': 0.5478, 'learning_rate': 0.0002, 'epoch': 0.98}
{'loss': 0.358, 'learning_rate': 0.0002, 'epoch': 0.98}
{'loss': 0.4646, 'learning_rate': 0.0002, 'epoch': 0.98}
{'loss': 0.3834, 'learning_rate': 0.0002, 'epoch': 0.98}
{'loss': 0.6758, 'learning_rate': 0.0002, 'epoch': 0.98}
{'loss': 0.2964, 'learning_rate': 0.0002, 'epoch': 0.98}
{'loss': 0.3175, 'learning_rate': 0.0002, 'epoch': 0.98}
{'loss': 0.2635, 'learning_rate': 0.0002, 'epoch': 0.98}
{'loss': 0.2552, 'learning_rate': 0.0002, 'epoch': 0.99}
{'loss': 0.3813, 'learning_rate': 0.0002, 'epoch': 0.99}
{'loss': 0.3076, 'learning_rate': 0.0002, 'epoch': 0.99}
{'loss': 0.4584, 'learning_rate': 0.0002, 'epoch': 0.99}
{'loss': 0.3794, 'learning_rate': 0.0002, 'epoch': 0.99}
{'loss': 0.6415, 'learning_rate': 0.0002, 'epoch': 0.99}
{'loss': 0.4507, 'learning_rate': 0.0002, 'epoch': 0.99}
{'loss': 0.8975, 'learning_rate': 0.0002, 'epoch': 0.99}
{'loss': 0.3956, 'learning_rate': 0.0002, 'epoch': 0.99}
{'loss': 0.4455, 'learning_rate': 0.0002, 'epoch': 0.99}
{'loss': 0.5181, 'learning_rate': 0.0002, 'epoch': 1.0}
{'loss': 0.4715, 'learning_rate': 0.0002, 'epoch': 1.0}
{'loss': 0.402, 'learning_rate': 0.0002, 'epoch': 1.0}
{'loss': 0.3143, 'learning_rate': 0.0002, 'epoch': 1.0}
{'loss': 0.3085, 'learning_rate': 0.0002, 'epoch': 1.0}
{'train_runtime': 6848.7127, 'train_samples_per_second': 3.311, 'train_steps_per_second': 0.138, 'train_loss': 0.4539729672291922, 'epoch': 1.0}
[2025-07-25 12:56:30,536] [INFO] [launch.py:347:main] Process 1961338 exits successfully.
[2025-07-25 12:56:30,536] [INFO] [launch.py:347:main] Process 1961336 exits successfully.
[2025-07-25 12:56:30,537] [INFO] [launch.py:347:main] Process 1961337 exits successfully.
value_counts_action.txt
{1: 51933049, 0: 51043577, 3: 48957492, 2: 44366622, -1: 13462844}
Model merge completed successfully.
