[2025-07-24 21:18:54,555] [INFO] [real_accelerator.py:110:get_accelerator] Setting ds_accelerator to cuda (auto detect)
[2025-07-24 21:21:38,703] [WARNING] [runner.py:196:fetch_hostfile] Unable to find hostfile, will proceed with training with local resources only.
[2025-07-24 21:21:38,703] [INFO] [runner.py:555:main] cmd = /work/09359/mf0463/ls6/miniconda3/envs/clmoe/bin/python -u -m deepspeed.launcher.launch --world_info=eyJsb2NhbGhvc3QiOiBbMCwgMSwgMl19 --master_addr=127.0.0.1 --master_port=29600 --enable_each_rank_log=None llava/train/train_mem_MOE.py --deepspeed ./scripts/zero3_offload.json --lora_enable True --lora_r 32 --lora_alpha 64 --mm_projector_lr 2e-5 --expert_num 4 --model_name_or_path /work/09359/mf0463/ls6/CL-MoE/checkpoint/vicuna-7b-v1.5 --previous_task_model_path ./checkpoints/CL4VQA/judge/llava-1.5-7b-lora --version v1 --data_path /work/09359/mf0463/ls6/CL-MoE/data/CL4VQA/train/train_q_commonsense.json --image_folder /work/09359/mf0463/ls6/ --vision_tower /work/09359/mf0463/ls6/CL-MoE/checkpoint/clip-vit-large-patch14-336 --mm_projector_type mlp2x_gelu --mm_vision_select_layer -2 --mm_use_im_start_end False --mm_use_im_patch_token False --image_aspect_ratio pad --group_by_modality_length True --bf16 True --output_dir ./checkpoints/CL4VQA/Only_Pretrain_1.5_MOE_2/commonsense/llava-1.5-7b-lora --num_train_epochs 1 --per_device_train_batch_size 8 --per_device_eval_batch_size 16 --gradient_accumulation_steps 1 --evaluation_strategy no --save_strategy steps --save_steps 50000 --learning_rate 2e-4 --weight_decay 0. --warmup_ratio 0.03 --lr_scheduler_type cosine --logging_steps 1 --tf32 True --model_max_length 2048 --gradient_checkpointing True --dataloader_num_workers 4 --lazy_preprocess True --report_to none --task commonsense
[2025-07-24 21:21:40,713] [INFO] [real_accelerator.py:110:get_accelerator] Setting ds_accelerator to cuda (auto detect)
[2025-07-24 21:21:47,785] [INFO] [launch.py:145:main] WORLD INFO DICT: {'localhost': [0, 1, 2]}
[2025-07-24 21:21:47,785] [INFO] [launch.py:151:main] nnodes=1, num_local_procs=3, node_rank=0
[2025-07-24 21:21:47,785] [INFO] [launch.py:162:main] global_rank_mapping=defaultdict(<class 'list'>, {'localhost': [0, 1, 2]})
[2025-07-24 21:21:47,785] [INFO] [launch.py:163:main] dist_world_size=3
[2025-07-24 21:21:47,785] [INFO] [launch.py:165:main] Setting CUDA_VISIBLE_DEVICES=0,1,2
[2025-07-24 21:21:51,992] [INFO] [real_accelerator.py:110:get_accelerator] Setting ds_accelerator to cuda (auto detect)
[2025-07-24 21:21:51,992] [INFO] [real_accelerator.py:110:get_accelerator] Setting ds_accelerator to cuda (auto detect)
[2025-07-24 21:21:51,992] [INFO] [real_accelerator.py:110:get_accelerator] Setting ds_accelerator to cuda (auto detect)
[2025-07-24 21:22:03,004] [WARNING] [comm.py:152:init_deepspeed_backend] NCCL backend in DeepSpeed not yet implemented
[2025-07-24 21:22:03,004] [INFO] [comm.py:594:init_distributed] cdb=None
[2025-07-24 21:22:03,004] [WARNING] [comm.py:152:init_deepspeed_backend] NCCL backend in DeepSpeed not yet implemented
[2025-07-24 21:22:03,004] [INFO] [comm.py:594:init_distributed] cdb=None
[2025-07-24 21:22:03,004] [INFO] [comm.py:625:init_distributed] Initializing TorchBackend in DeepSpeed with backend nccl
[2025-07-24 21:22:03,005] [WARNING] [comm.py:152:init_deepspeed_backend] NCCL backend in DeepSpeed not yet implemented
[2025-07-24 21:22:03,005] [INFO] [comm.py:594:init_distributed] cdb=None
[2025-07-24 21:22:22,732] [INFO] [partition_parameters.py:453:__exit__] finished initializing model with 6.74B parameters
Adding LoRA adapters...
[2025-07-24 21:24:32,092] [WARNING] [partition_parameters.py:836:_post_init_method] param `class_embedding` in CLIPVisionEmbeddings not on GPU so was not broadcasted from rank 0
[2025-07-24 21:24:32,614] [INFO] [partition_parameters.py:453:__exit__] finished initializing model with 7.04B parameters
Loading additional LLaVA weights...
Loading additional LLaVA weights...
Loading additional LLaVA weights...
Loading LoRA weights...
Loading LoRA weights...
Loading LoRA weights...
Model is loaded...
Model is loaded...
Model is loaded...
Formatting inputs...Skip in lazy mode
ninja: no work to do.
Time to load cpu_adam op: 0.8575642108917236 secondsTime to load cpu_adam op: 0.857656717300415 seconds

Time to load cpu_adam op: 0.8572342395782471 seconds
Parameter Offload: Total persistent parameters: 49882112 in 1912 params
{'loss': 0.5331, 'learning_rate': 0.0, 'epoch': 0.0}
{'loss': 0.462, 'learning_rate': 4.0759009418101235e-05, 'epoch': 0.0}
{'loss': 0.3792, 'learning_rate': 6.46015014942309e-05, 'epoch': 0.0}
{'loss': 0.3751, 'learning_rate': 8.151801883620247e-05, 'epoch': 0.0}
{'loss': 0.5663, 'learning_rate': 9.463948908766787e-05, 'epoch': 0.01}
{'loss': 0.3515, 'learning_rate': 0.00010536051091233212, 'epoch': 0.01}
{'loss': 0.3765, 'learning_rate': 0.00011442500570809875, 'epoch': 0.01}
{'loss': 0.3671, 'learning_rate': 0.0001222770282543037, 'epoch': 0.01}
{'loss': 0.3567, 'learning_rate': 0.0001292030029884618, 'epoch': 0.01}
{'loss': 0.3628, 'learning_rate': 0.00013539849850576911, 'epoch': 0.01}
{'loss': 0.3395, 'learning_rate': 0.00014100300592531482, 'epoch': 0.01}
{'loss': 0.3648, 'learning_rate': 0.00014611952033043336, 'epoch': 0.01}
{'loss': 0.3774, 'learning_rate': 0.00015082625732282866, 'epoch': 0.01}
{'loss': 0.2922, 'learning_rate': 0.00015518401512619999, 'epoch': 0.01}
{'loss': 0.4227, 'learning_rate': 0.00015924099058189876, 'epoch': 0.02}
{'loss': 0.4256, 'learning_rate': 0.00016303603767240494, 'epoch': 0.02}
{'loss': 0.3987, 'learning_rate': 0.00016660093644266144, 'epoch': 0.02}
{'loss': 0.3061, 'learning_rate': 0.000169962012406563, 'epoch': 0.02}
{'loss': 0.3191, 'learning_rate': 0.00017314131752785847, 'epoch': 0.02}
{'loss': 0.5369, 'learning_rate': 0.00017615750792387034, 'epoch': 0.02}
{'loss': 0.3467, 'learning_rate': 0.00017902650720232966, 'epoch': 0.02}
{'loss': 0.321, 'learning_rate': 0.00018176201534341607, 'epoch': 0.02}
{'loss': 0.3435, 'learning_rate': 0.00018437590437029225, 'epoch': 0.02}
{'loss': 0.3281, 'learning_rate': 0.0001868785297485346, 'epoch': 0.02}
{'loss': 0.3401, 'learning_rate': 0.00018927897817533573, 'epoch': 0.03}
{'loss': 0.3196, 'learning_rate': 0.0001915852667409299, 'epoch': 0.03}
{'loss': 0.3162, 'learning_rate': 0.00019380450448269268, 'epoch': 0.03}
{'loss': 0.3592, 'learning_rate': 0.00019594302454430123, 'epoch': 0.03}
{'loss': 0.454, 'learning_rate': 0.00019800649313336154, 'epoch': 0.03}
{'loss': 0.3487, 'learning_rate': 0.0002, 'epoch': 0.03}
{'loss': 0.3548, 'learning_rate': 0.0002, 'epoch': 0.03}
{'loss': 0.3744, 'learning_rate': 0.0002, 'epoch': 0.03}
{'loss': 0.3368, 'learning_rate': 0.0002, 'epoch': 0.03}
{'loss': 0.3378, 'learning_rate': 0.0002, 'epoch': 0.03}
{'loss': 0.3196, 'learning_rate': 0.0002, 'epoch': 0.04}
{'loss': 0.3302, 'learning_rate': 0.0002, 'epoch': 0.04}
{'loss': 0.3521, 'learning_rate': 0.0002, 'epoch': 0.04}
{'loss': 0.4949, 'learning_rate': 0.0002, 'epoch': 0.04}
{'loss': 0.3259, 'learning_rate': 0.0002, 'epoch': 0.04}
{'loss': 0.3446, 'learning_rate': 0.0002, 'epoch': 0.04}
{'loss': 0.3364, 'learning_rate': 0.0002, 'epoch': 0.04}
{'loss': 0.3111, 'learning_rate': 0.0002, 'epoch': 0.04}
{'loss': 0.3388, 'learning_rate': 0.0002, 'epoch': 0.04}
{'loss': 0.3115, 'learning_rate': 0.0002, 'epoch': 0.04}
{'loss': 0.3543, 'learning_rate': 0.0002, 'epoch': 0.05}
{'loss': 0.3503, 'learning_rate': 0.0002, 'epoch': 0.05}
{'loss': 0.3252, 'learning_rate': 0.0002, 'epoch': 0.05}
{'loss': 0.3424, 'learning_rate': 0.0002, 'epoch': 0.05}
{'loss': 0.3257, 'learning_rate': 0.0002, 'epoch': 0.05}
{'loss': 0.3085, 'learning_rate': 0.0002, 'epoch': 0.05}
{'loss': 0.3239, 'learning_rate': 0.0002, 'epoch': 0.05}
{'loss': 0.3469, 'learning_rate': 0.0002, 'epoch': 0.05}
{'loss': 0.3019, 'learning_rate': 0.0002, 'epoch': 0.05}
{'loss': 0.3347, 'learning_rate': 0.0002, 'epoch': 0.05}
{'loss': 0.3466, 'learning_rate': 0.0002, 'epoch': 0.06}
{'loss': 0.3333, 'learning_rate': 0.0002, 'epoch': 0.06}
{'loss': 0.4133, 'learning_rate': 0.0002, 'epoch': 0.06}
{'loss': 0.3365, 'learning_rate': 0.0002, 'epoch': 0.06}
{'loss': 0.3654, 'learning_rate': 0.0002, 'epoch': 0.06}
{'loss': 0.3404, 'learning_rate': 0.0002, 'epoch': 0.06}
{'loss': 0.3561, 'learning_rate': 0.0002, 'epoch': 0.06}
{'loss': 0.333, 'learning_rate': 0.0002, 'epoch': 0.06}
{'loss': 0.3449, 'learning_rate': 0.0002, 'epoch': 0.06}
{'loss': 0.3653, 'learning_rate': 0.0002, 'epoch': 0.07}
{'loss': 0.35, 'learning_rate': 0.0002, 'epoch': 0.07}
{'loss': 0.3771, 'learning_rate': 0.0002, 'epoch': 0.07}
{'loss': 0.3426, 'learning_rate': 0.0002, 'epoch': 0.07}
{'loss': 0.3186, 'learning_rate': 0.0002, 'epoch': 0.07}
{'loss': 0.3172, 'learning_rate': 0.0002, 'epoch': 0.07}
{'loss': 0.4626, 'learning_rate': 0.0002, 'epoch': 0.07}
{'loss': 0.3394, 'learning_rate': 0.0002, 'epoch': 0.07}
{'loss': 0.3514, 'learning_rate': 0.0002, 'epoch': 0.07}
{'loss': 0.339, 'learning_rate': 0.0002, 'epoch': 0.07}
{'loss': 0.3195, 'learning_rate': 0.0002, 'epoch': 0.08}
{'loss': 0.3223, 'learning_rate': 0.0002, 'epoch': 0.08}
{'loss': 0.3574, 'learning_rate': 0.0002, 'epoch': 0.08}
{'loss': 0.3437, 'learning_rate': 0.0002, 'epoch': 0.08}
{'loss': 0.3797, 'learning_rate': 0.0002, 'epoch': 0.08}
{'loss': 0.3204, 'learning_rate': 0.0002, 'epoch': 0.08}
{'loss': 0.3685, 'learning_rate': 0.0002, 'epoch': 0.08}
{'loss': 0.3357, 'learning_rate': 0.0002, 'epoch': 0.08}
{'loss': 0.3269, 'learning_rate': 0.0002, 'epoch': 0.08}
{'loss': 0.3506, 'learning_rate': 0.0002, 'epoch': 0.08}
{'loss': 0.3345, 'learning_rate': 0.0002, 'epoch': 0.09}
{'loss': 0.334, 'learning_rate': 0.0002, 'epoch': 0.09}
{'loss': 0.3548, 'learning_rate': 0.0002, 'epoch': 0.09}
{'loss': 0.3366, 'learning_rate': 0.0002, 'epoch': 0.09}
{'loss': 0.3141, 'learning_rate': 0.0002, 'epoch': 0.09}
{'loss': 0.4629, 'learning_rate': 0.0002, 'epoch': 0.09}
{'loss': 0.3508, 'learning_rate': 0.0002, 'epoch': 0.09}
{'loss': 0.3683, 'learning_rate': 0.0002, 'epoch': 0.09}
{'loss': 0.3324, 'learning_rate': 0.0002, 'epoch': 0.09}
{'loss': 0.3523, 'learning_rate': 0.0002, 'epoch': 0.09}
{'loss': 0.414, 'learning_rate': 0.0002, 'epoch': 0.1}
{'loss': 0.3135, 'learning_rate': 0.0002, 'epoch': 0.1}
{'loss': 0.3637, 'learning_rate': 0.0002, 'epoch': 0.1}
{'loss': 0.3281, 'learning_rate': 0.0002, 'epoch': 0.1}
{'loss': 0.3232, 'learning_rate': 0.0002, 'epoch': 0.1}
{'loss': 0.3593, 'learning_rate': 0.0002, 'epoch': 0.1}
{'loss': 0.366, 'learning_rate': 0.0002, 'epoch': 0.1}
{'loss': 0.3254, 'learning_rate': 0.0002, 'epoch': 0.1}
{'loss': 0.3367, 'learning_rate': 0.0002, 'epoch': 0.1}
{'loss': 0.3639, 'learning_rate': 0.0002, 'epoch': 0.1}
{'loss': 0.5173, 'learning_rate': 0.0002, 'epoch': 0.11}
{'loss': 0.3838, 'learning_rate': 0.0002, 'epoch': 0.11}
{'loss': 0.2991, 'learning_rate': 0.0002, 'epoch': 0.11}
{'loss': 0.306, 'learning_rate': 0.0002, 'epoch': 0.11}
{'loss': 0.3831, 'learning_rate': 0.0002, 'epoch': 0.11}
{'loss': 0.44, 'learning_rate': 0.0002, 'epoch': 0.11}
{'loss': 0.3845, 'learning_rate': 0.0002, 'epoch': 0.11}
{'loss': 0.473, 'learning_rate': 0.0002, 'epoch': 0.11}
{'loss': 0.3913, 'learning_rate': 0.0002, 'epoch': 0.11}
{'loss': 0.3369, 'learning_rate': 0.0002, 'epoch': 0.12}
{'loss': 0.3621, 'learning_rate': 0.0002, 'epoch': 0.12}
{'loss': 0.3706, 'learning_rate': 0.0002, 'epoch': 0.12}
{'loss': 0.3418, 'learning_rate': 0.0002, 'epoch': 0.12}
{'loss': 0.3278, 'learning_rate': 0.0002, 'epoch': 0.12}
{'loss': 0.3701, 'learning_rate': 0.0002, 'epoch': 0.12}
{'loss': 0.32, 'learning_rate': 0.0002, 'epoch': 0.12}
{'loss': 0.2993, 'learning_rate': 0.0002, 'epoch': 0.12}
{'loss': 0.3463, 'learning_rate': 0.0002, 'epoch': 0.12}
{'loss': 0.328, 'learning_rate': 0.0002, 'epoch': 0.12}
{'loss': 0.3129, 'learning_rate': 0.0002, 'epoch': 0.13}
{'loss': 0.6747, 'learning_rate': 0.0002, 'epoch': 0.13}
{'loss': 0.3753, 'learning_rate': 0.0002, 'epoch': 0.13}
{'loss': 0.4279, 'learning_rate': 0.0002, 'epoch': 0.13}
{'loss': 0.3272, 'learning_rate': 0.0002, 'epoch': 0.13}
{'loss': 0.3492, 'learning_rate': 0.0002, 'epoch': 0.13}
{'loss': 0.302, 'learning_rate': 0.0002, 'epoch': 0.13}
{'loss': 0.3535, 'learning_rate': 0.0002, 'epoch': 0.13}
{'loss': 0.3683, 'learning_rate': 0.0002, 'epoch': 0.13}
{'loss': 0.4904, 'learning_rate': 0.0002, 'epoch': 0.13}
{'loss': 0.3124, 'learning_rate': 0.0002, 'epoch': 0.14}
{'loss': 0.3581, 'learning_rate': 0.0002, 'epoch': 0.14}
{'loss': 0.3528, 'learning_rate': 0.0002, 'epoch': 0.14}
{'loss': 0.3904, 'learning_rate': 0.0002, 'epoch': 0.14}
{'loss': 0.3167, 'learning_rate': 0.0002, 'epoch': 0.14}
{'loss': 0.3015, 'learning_rate': 0.0002, 'epoch': 0.14}
{'loss': 0.35, 'learning_rate': 0.0002, 'epoch': 0.14}
{'loss': 0.3386, 'learning_rate': 0.0002, 'epoch': 0.14}
{'loss': 0.3496, 'learning_rate': 0.0002, 'epoch': 0.14}
{'loss': 0.3855, 'learning_rate': 0.0002, 'epoch': 0.14}
{'loss': 0.5791, 'learning_rate': 0.0002, 'epoch': 0.15}
{'loss': 0.3356, 'learning_rate': 0.0002, 'epoch': 0.15}
{'loss': 0.3385, 'learning_rate': 0.0002, 'epoch': 0.15}
{'loss': 0.4711, 'learning_rate': 0.0002, 'epoch': 0.15}
{'loss': 0.3059, 'learning_rate': 0.0002, 'epoch': 0.15}
{'loss': 0.3041, 'learning_rate': 0.0002, 'epoch': 0.15}
{'loss': 0.4749, 'learning_rate': 0.0002, 'epoch': 0.15}
{'loss': 0.3699, 'learning_rate': 0.0002, 'epoch': 0.15}
{'loss': 0.3166, 'learning_rate': 0.0002, 'epoch': 0.15}
{'loss': 0.3935, 'learning_rate': 0.0002, 'epoch': 0.15}
{'loss': 0.3121, 'learning_rate': 0.0002, 'epoch': 0.16}
{'loss': 0.3488, 'learning_rate': 0.0002, 'epoch': 0.16}
{'loss': 0.4321, 'learning_rate': 0.0002, 'epoch': 0.16}
{'loss': 0.3363, 'learning_rate': 0.0002, 'epoch': 0.16}
{'loss': 0.5159, 'learning_rate': 0.0002, 'epoch': 0.16}
{'loss': 0.312, 'learning_rate': 0.0002, 'epoch': 0.16}
{'loss': 0.3837, 'learning_rate': 0.0002, 'epoch': 0.16}
{'loss': 0.3215, 'learning_rate': 0.0002, 'epoch': 0.16}
{'loss': 0.3142, 'learning_rate': 0.0002, 'epoch': 0.16}
{'loss': 0.3405, 'learning_rate': 0.0002, 'epoch': 0.16}
{'loss': 0.3357, 'learning_rate': 0.0002, 'epoch': 0.17}
{'loss': 0.4713, 'learning_rate': 0.0002, 'epoch': 0.17}
{'loss': 0.3902, 'learning_rate': 0.0002, 'epoch': 0.17}
{'loss': 0.3508, 'learning_rate': 0.0002, 'epoch': 0.17}
{'loss': 0.3979, 'learning_rate': 0.0002, 'epoch': 0.17}
{'loss': 0.3552, 'learning_rate': 0.0002, 'epoch': 0.17}
{'loss': 0.4292, 'learning_rate': 0.0002, 'epoch': 0.17}
{'loss': 0.3488, 'learning_rate': 0.0002, 'epoch': 0.17}
{'loss': 0.3301, 'learning_rate': 0.0002, 'epoch': 0.17}
{'loss': 0.3438, 'learning_rate': 0.0002, 'epoch': 0.18}
{'loss': 0.4079, 'learning_rate': 0.0002, 'epoch': 0.18}
{'loss': 0.3564, 'learning_rate': 0.0002, 'epoch': 0.18}
{'loss': 0.5349, 'learning_rate': 0.0002, 'epoch': 0.18}
{'loss': 0.5588, 'learning_rate': 0.0002, 'epoch': 0.18}
{'loss': 0.3846, 'learning_rate': 0.0002, 'epoch': 0.18}
{'loss': 0.3598, 'learning_rate': 0.0002, 'epoch': 0.18}
{'loss': 0.421, 'learning_rate': 0.0002, 'epoch': 0.18}
{'loss': 0.3556, 'learning_rate': 0.0002, 'epoch': 0.18}
{'loss': 0.3475, 'learning_rate': 0.0002, 'epoch': 0.18}
{'loss': 0.373, 'learning_rate': 0.0002, 'epoch': 0.19}
{'loss': 0.3284, 'learning_rate': 0.0002, 'epoch': 0.19}
{'loss': 0.3637, 'learning_rate': 0.0002, 'epoch': 0.19}
{'loss': 0.2956, 'learning_rate': 0.0002, 'epoch': 0.19}
{'loss': 0.3747, 'learning_rate': 0.0002, 'epoch': 0.19}
{'loss': 0.3213, 'learning_rate': 0.0002, 'epoch': 0.19}
{'loss': 0.3059, 'learning_rate': 0.0002, 'epoch': 0.19}
{'loss': 0.3598, 'learning_rate': 0.0002, 'epoch': 0.19}
{'loss': 0.3584, 'learning_rate': 0.0002, 'epoch': 0.19}
{'loss': 0.3409, 'learning_rate': 0.0002, 'epoch': 0.19}
{'loss': 0.2819, 'learning_rate': 0.0002, 'epoch': 0.2}
{'loss': 0.3565, 'learning_rate': 0.0002, 'epoch': 0.2}
{'loss': 0.3782, 'learning_rate': 0.0002, 'epoch': 0.2}
{'loss': 0.35, 'learning_rate': 0.0002, 'epoch': 0.2}
{'loss': 0.3393, 'learning_rate': 0.0002, 'epoch': 0.2}
{'loss': 0.339, 'learning_rate': 0.0002, 'epoch': 0.2}
{'loss': 0.3532, 'learning_rate': 0.0002, 'epoch': 0.2}
{'loss': 0.3027, 'learning_rate': 0.0002, 'epoch': 0.2}
{'loss': 0.2887, 'learning_rate': 0.0002, 'epoch': 0.2}
{'loss': 0.3546, 'learning_rate': 0.0002, 'epoch': 0.2}
{'loss': 0.3635, 'learning_rate': 0.0002, 'epoch': 0.21}
{'loss': 0.2753, 'learning_rate': 0.0002, 'epoch': 0.21}
{'loss': 0.3212, 'learning_rate': 0.0002, 'epoch': 0.21}
{'loss': 0.3232, 'learning_rate': 0.0002, 'epoch': 0.21}
{'loss': 0.3833, 'learning_rate': 0.0002, 'epoch': 0.21}
{'loss': 0.3139, 'learning_rate': 0.0002, 'epoch': 0.21}
{'loss': 0.2841, 'learning_rate': 0.0002, 'epoch': 0.21}
{'loss': 0.3517, 'learning_rate': 0.0002, 'epoch': 0.21}
{'loss': 0.3432, 'learning_rate': 0.0002, 'epoch': 0.21}
{'loss': 0.3402, 'learning_rate': 0.0002, 'epoch': 0.21}
{'loss': 0.3328, 'learning_rate': 0.0002, 'epoch': 0.22}
{'loss': 0.3537, 'learning_rate': 0.0002, 'epoch': 0.22}
{'loss': 0.3271, 'learning_rate': 0.0002, 'epoch': 0.22}
{'loss': 0.3838, 'learning_rate': 0.0002, 'epoch': 0.22}
{'loss': 0.3048, 'learning_rate': 0.0002, 'epoch': 0.22}
{'loss': 0.4137, 'learning_rate': 0.0002, 'epoch': 0.22}
{'loss': 0.349, 'learning_rate': 0.0002, 'epoch': 0.22}
{'loss': 0.3452, 'learning_rate': 0.0002, 'epoch': 0.22}
{'loss': 0.3692, 'learning_rate': 0.0002, 'epoch': 0.22}
{'loss': 0.3363, 'learning_rate': 0.0002, 'epoch': 0.23}
{'loss': 0.3239, 'learning_rate': 0.0002, 'epoch': 0.23}
{'loss': 0.3088, 'learning_rate': 0.0002, 'epoch': 0.23}
{'loss': 0.3375, 'learning_rate': 0.0002, 'epoch': 0.23}
{'loss': 0.292, 'learning_rate': 0.0002, 'epoch': 0.23}
{'loss': 0.3269, 'learning_rate': 0.0002, 'epoch': 0.23}
{'loss': 0.3364, 'learning_rate': 0.0002, 'epoch': 0.23}
{'loss': 0.3217, 'learning_rate': 0.0002, 'epoch': 0.23}
{'loss': 0.3403, 'learning_rate': 0.0002, 'epoch': 0.23}
{'loss': 0.3427, 'learning_rate': 0.0002, 'epoch': 0.23}
{'loss': 0.3582, 'learning_rate': 0.0002, 'epoch': 0.24}
{'loss': 0.3706, 'learning_rate': 0.0002, 'epoch': 0.24}
{'loss': 0.3075, 'learning_rate': 0.0002, 'epoch': 0.24}
{'loss': 0.3485, 'learning_rate': 0.0002, 'epoch': 0.24}
{'loss': 0.3379, 'learning_rate': 0.0002, 'epoch': 0.24}
{'loss': 0.321, 'learning_rate': 0.0002, 'epoch': 0.24}
{'loss': 0.3317, 'learning_rate': 0.0002, 'epoch': 0.24}
{'loss': 0.4664, 'learning_rate': 0.0002, 'epoch': 0.24}
{'loss': 0.3929, 'learning_rate': 0.0002, 'epoch': 0.24}
{'loss': 0.2922, 'learning_rate': 0.0002, 'epoch': 0.24}
{'loss': 0.3227, 'learning_rate': 0.0002, 'epoch': 0.25}
{'loss': 0.3719, 'learning_rate': 0.0002, 'epoch': 0.25}
{'loss': 0.3585, 'learning_rate': 0.0002, 'epoch': 0.25}
{'loss': 0.3214, 'learning_rate': 0.0002, 'epoch': 0.25}
{'loss': 0.3123, 'learning_rate': 0.0002, 'epoch': 0.25}
{'loss': 0.2945, 'learning_rate': 0.0002, 'epoch': 0.25}
{'loss': 0.3835, 'learning_rate': 0.0002, 'epoch': 0.25}
{'loss': 0.3308, 'learning_rate': 0.0002, 'epoch': 0.25}
{'loss': 0.2772, 'learning_rate': 0.0002, 'epoch': 0.25}
{'loss': 0.3039, 'learning_rate': 0.0002, 'epoch': 0.25}
{'loss': 0.3094, 'learning_rate': 0.0002, 'epoch': 0.26}
{'loss': 0.374, 'learning_rate': 0.0002, 'epoch': 0.26}
{'loss': 0.2695, 'learning_rate': 0.0002, 'epoch': 0.26}
{'loss': 0.3476, 'learning_rate': 0.0002, 'epoch': 0.26}
{'loss': 0.4182, 'learning_rate': 0.0002, 'epoch': 0.26}
{'loss': 0.3302, 'learning_rate': 0.0002, 'epoch': 0.26}
{'loss': 0.3472, 'learning_rate': 0.0002, 'epoch': 0.26}
{'loss': 0.4251, 'learning_rate': 0.0002, 'epoch': 0.26}
{'loss': 0.3176, 'learning_rate': 0.0002, 'epoch': 0.26}
{'loss': 0.3079, 'learning_rate': 0.0002, 'epoch': 0.26}
{'loss': 0.3609, 'learning_rate': 0.0002, 'epoch': 0.27}
{'loss': 0.3222, 'learning_rate': 0.0002, 'epoch': 0.27}
{'loss': 0.3156, 'learning_rate': 0.0002, 'epoch': 0.27}
{'loss': 0.3452, 'learning_rate': 0.0002, 'epoch': 0.27}
{'loss': 0.332, 'learning_rate': 0.0002, 'epoch': 0.27}
{'loss': 0.3704, 'learning_rate': 0.0002, 'epoch': 0.27}
{'loss': 0.3698, 'learning_rate': 0.0002, 'epoch': 0.27}
{'loss': 0.3227, 'learning_rate': 0.0002, 'epoch': 0.27}
{'loss': 0.3641, 'learning_rate': 0.0002, 'epoch': 0.27}
{'loss': 0.2966, 'learning_rate': 0.0002, 'epoch': 0.27}
{'loss': 0.3468, 'learning_rate': 0.0002, 'epoch': 0.28}
{'loss': 0.4383, 'learning_rate': 0.0002, 'epoch': 0.28}
{'loss': 0.323, 'learning_rate': 0.0002, 'epoch': 0.28}
{'loss': 0.3564, 'learning_rate': 0.0002, 'epoch': 0.28}
{'loss': 0.3521, 'learning_rate': 0.0002, 'epoch': 0.28}
{'loss': 0.3111, 'learning_rate': 0.0002, 'epoch': 0.28}
{'loss': 0.4185, 'learning_rate': 0.0002, 'epoch': 0.28}
{'loss': 0.3496, 'learning_rate': 0.0002, 'epoch': 0.28}
{'loss': 0.3013, 'learning_rate': 0.0002, 'epoch': 0.28}
{'loss': 0.3258, 'learning_rate': 0.0002, 'epoch': 0.29}
{'loss': 0.4283, 'learning_rate': 0.0002, 'epoch': 0.29}
{'loss': 0.4917, 'learning_rate': 0.0002, 'epoch': 0.29}
{'loss': 0.3532, 'learning_rate': 0.0002, 'epoch': 0.29}
{'loss': 0.3158, 'learning_rate': 0.0002, 'epoch': 0.29}
{'loss': 0.3401, 'learning_rate': 0.0002, 'epoch': 0.29}
{'loss': 0.3769, 'learning_rate': 0.0002, 'epoch': 0.29}
{'loss': 0.3709, 'learning_rate': 0.0002, 'epoch': 0.29}
{'loss': 0.3212, 'learning_rate': 0.0002, 'epoch': 0.29}
{'loss': 0.4287, 'learning_rate': 0.0002, 'epoch': 0.29}
{'loss': 0.3489, 'learning_rate': 0.0002, 'epoch': 0.3}
{'loss': 0.3235, 'learning_rate': 0.0002, 'epoch': 0.3}
{'loss': 0.3267, 'learning_rate': 0.0002, 'epoch': 0.3}
{'loss': 0.3694, 'learning_rate': 0.0002, 'epoch': 0.3}
{'loss': 0.4701, 'learning_rate': 0.0002, 'epoch': 0.3}
{'loss': 0.3624, 'learning_rate': 0.0002, 'epoch': 0.3}
{'loss': 0.32, 'learning_rate': 0.0002, 'epoch': 0.3}
{'loss': 0.3416, 'learning_rate': 0.0002, 'epoch': 0.3}
{'loss': 0.2962, 'learning_rate': 0.0002, 'epoch': 0.3}
{'loss': 0.3512, 'learning_rate': 0.0002, 'epoch': 0.3}
{'loss': 0.3736, 'learning_rate': 0.0002, 'epoch': 0.31}
{'loss': 0.313, 'learning_rate': 0.0002, 'epoch': 0.31}
{'loss': 0.3365, 'learning_rate': 0.0002, 'epoch': 0.31}
{'loss': 0.3634, 'learning_rate': 0.0002, 'epoch': 0.31}
{'loss': 0.3322, 'learning_rate': 0.0002, 'epoch': 0.31}
{'loss': 0.3518, 'learning_rate': 0.0002, 'epoch': 0.31}
{'loss': 0.3736, 'learning_rate': 0.0002, 'epoch': 0.31}
{'loss': 0.3564, 'learning_rate': 0.0002, 'epoch': 0.31}
{'loss': 0.3496, 'learning_rate': 0.0002, 'epoch': 0.31}
{'loss': 0.4384, 'learning_rate': 0.0002, 'epoch': 0.31}
{'loss': 0.3507, 'learning_rate': 0.0002, 'epoch': 0.32}
{'loss': 0.3583, 'learning_rate': 0.0002, 'epoch': 0.32}
{'loss': 0.315, 'learning_rate': 0.0002, 'epoch': 0.32}
{'loss': 0.3002, 'learning_rate': 0.0002, 'epoch': 0.32}
{'loss': 0.3266, 'learning_rate': 0.0002, 'epoch': 0.32}
{'loss': 0.3399, 'learning_rate': 0.0002, 'epoch': 0.32}
{'loss': 0.3029, 'learning_rate': 0.0002, 'epoch': 0.32}
{'loss': 0.3808, 'learning_rate': 0.0002, 'epoch': 0.32}
{'loss': 0.4042, 'learning_rate': 0.0002, 'epoch': 0.32}
{'loss': 0.3723, 'learning_rate': 0.0002, 'epoch': 0.32}
{'loss': 0.3898, 'learning_rate': 0.0002, 'epoch': 0.33}
{'loss': 0.2989, 'learning_rate': 0.0002, 'epoch': 0.33}
{'loss': 0.3412, 'learning_rate': 0.0002, 'epoch': 0.33}
{'loss': 0.3129, 'learning_rate': 0.0002, 'epoch': 0.33}
{'loss': 0.3762, 'learning_rate': 0.0002, 'epoch': 0.33}
{'loss': 0.36, 'learning_rate': 0.0002, 'epoch': 0.33}
{'loss': 0.3073, 'learning_rate': 0.0002, 'epoch': 0.33}
{'loss': 0.4166, 'learning_rate': 0.0002, 'epoch': 0.33}
{'loss': 0.3542, 'learning_rate': 0.0002, 'epoch': 0.33}
{'loss': 0.297, 'learning_rate': 0.0002, 'epoch': 0.34}
{'loss': 0.325, 'learning_rate': 0.0002, 'epoch': 0.34}
{'loss': 0.2941, 'learning_rate': 0.0002, 'epoch': 0.34}
{'loss': 0.3569, 'learning_rate': 0.0002, 'epoch': 0.34}
{'loss': 0.3295, 'learning_rate': 0.0002, 'epoch': 0.34}
{'loss': 0.3246, 'learning_rate': 0.0002, 'epoch': 0.34}
{'loss': 0.3224, 'learning_rate': 0.0002, 'epoch': 0.34}
{'loss': 0.3301, 'learning_rate': 0.0002, 'epoch': 0.34}
{'loss': 0.3558, 'learning_rate': 0.0002, 'epoch': 0.34}
{'loss': 0.3548, 'learning_rate': 0.0002, 'epoch': 0.34}
{'loss': 0.3442, 'learning_rate': 0.0002, 'epoch': 0.35}
{'loss': 0.3296, 'learning_rate': 0.0002, 'epoch': 0.35}
{'loss': 0.3815, 'learning_rate': 0.0002, 'epoch': 0.35}
{'loss': 0.4098, 'learning_rate': 0.0002, 'epoch': 0.35}
{'loss': 0.4973, 'learning_rate': 0.0002, 'epoch': 0.35}
{'loss': 0.3269, 'learning_rate': 0.0002, 'epoch': 0.35}
{'loss': 0.3039, 'learning_rate': 0.0002, 'epoch': 0.35}
{'loss': 0.2985, 'learning_rate': 0.0002, 'epoch': 0.35}
{'loss': 0.3284, 'learning_rate': 0.0002, 'epoch': 0.35}
{'loss': 0.3949, 'learning_rate': 0.0002, 'epoch': 0.35}
{'loss': 0.377, 'learning_rate': 0.0002, 'epoch': 0.36}
{'loss': 0.3428, 'learning_rate': 0.0002, 'epoch': 0.36}
{'loss': 0.3351, 'learning_rate': 0.0002, 'epoch': 0.36}
{'loss': 0.313, 'learning_rate': 0.0002, 'epoch': 0.36}
{'loss': 0.3378, 'learning_rate': 0.0002, 'epoch': 0.36}
{'loss': 0.36, 'learning_rate': 0.0002, 'epoch': 0.36}
{'loss': 0.3347, 'learning_rate': 0.0002, 'epoch': 0.36}
{'loss': 0.3898, 'learning_rate': 0.0002, 'epoch': 0.36}
{'loss': 0.3467, 'learning_rate': 0.0002, 'epoch': 0.36}
{'loss': 0.3177, 'learning_rate': 0.0002, 'epoch': 0.36}
{'loss': 0.3907, 'learning_rate': 0.0002, 'epoch': 0.37}
{'loss': 0.423, 'learning_rate': 0.0002, 'epoch': 0.37}
{'loss': 0.3195, 'learning_rate': 0.0002, 'epoch': 0.37}
{'loss': 0.315, 'learning_rate': 0.0002, 'epoch': 0.37}
{'loss': 0.4002, 'learning_rate': 0.0002, 'epoch': 0.37}
{'loss': 0.3291, 'learning_rate': 0.0002, 'epoch': 0.37}
{'loss': 0.4555, 'learning_rate': 0.0002, 'epoch': 0.37}
{'loss': 0.3473, 'learning_rate': 0.0002, 'epoch': 0.37}
{'loss': 0.324, 'learning_rate': 0.0002, 'epoch': 0.37}
{'loss': 0.3677, 'learning_rate': 0.0002, 'epoch': 0.37}
{'loss': 0.3053, 'learning_rate': 0.0002, 'epoch': 0.38}
{'loss': 0.4064, 'learning_rate': 0.0002, 'epoch': 0.38}
{'loss': 0.323, 'learning_rate': 0.0002, 'epoch': 0.38}
{'loss': 0.3088, 'learning_rate': 0.0002, 'epoch': 0.38}
{'loss': 0.3347, 'learning_rate': 0.0002, 'epoch': 0.38}
{'loss': 0.4375, 'learning_rate': 0.0002, 'epoch': 0.38}
{'loss': 0.3118, 'learning_rate': 0.0002, 'epoch': 0.38}
{'loss': 0.3125, 'learning_rate': 0.0002, 'epoch': 0.38}
{'loss': 0.3578, 'learning_rate': 0.0002, 'epoch': 0.38}
{'loss': 0.4065, 'learning_rate': 0.0002, 'epoch': 0.38}
{'loss': 0.4139, 'learning_rate': 0.0002, 'epoch': 0.39}
{'loss': 0.368, 'learning_rate': 0.0002, 'epoch': 0.39}
{'loss': 0.3385, 'learning_rate': 0.0002, 'epoch': 0.39}
{'loss': 0.3406, 'learning_rate': 0.0002, 'epoch': 0.39}
{'loss': 0.3493, 'learning_rate': 0.0002, 'epoch': 0.39}
{'loss': 0.3456, 'learning_rate': 0.0002, 'epoch': 0.39}
{'loss': 0.3668, 'learning_rate': 0.0002, 'epoch': 0.39}
{'loss': 0.3459, 'learning_rate': 0.0002, 'epoch': 0.39}
{'loss': 0.3487, 'learning_rate': 0.0002, 'epoch': 0.39}
{'loss': 0.3232, 'learning_rate': 0.0002, 'epoch': 0.4}
{'loss': 0.3503, 'learning_rate': 0.0002, 'epoch': 0.4}
{'loss': 0.286, 'learning_rate': 0.0002, 'epoch': 0.4}
{'loss': 0.3412, 'learning_rate': 0.0002, 'epoch': 0.4}
{'loss': 0.3173, 'learning_rate': 0.0002, 'epoch': 0.4}
{'loss': 0.3025, 'learning_rate': 0.0002, 'epoch': 0.4}
{'loss': 0.4822, 'learning_rate': 0.0002, 'epoch': 0.4}
{'loss': 0.3327, 'learning_rate': 0.0002, 'epoch': 0.4}
{'loss': 0.3477, 'learning_rate': 0.0002, 'epoch': 0.4}
{'loss': 0.3112, 'learning_rate': 0.0002, 'epoch': 0.4}
{'loss': 0.3472, 'learning_rate': 0.0002, 'epoch': 0.41}
{'loss': 0.3933, 'learning_rate': 0.0002, 'epoch': 0.41}
{'loss': 0.3741, 'learning_rate': 0.0002, 'epoch': 0.41}
{'loss': 0.385, 'learning_rate': 0.0002, 'epoch': 0.41}
{'loss': 0.2578, 'learning_rate': 0.0002, 'epoch': 0.41}
{'loss': 0.2658, 'learning_rate': 0.0002, 'epoch': 0.41}
{'loss': 0.3283, 'learning_rate': 0.0002, 'epoch': 0.41}
{'loss': 0.3225, 'learning_rate': 0.0002, 'epoch': 0.41}
{'loss': 0.3791, 'learning_rate': 0.0002, 'epoch': 0.41}
{'loss': 0.2922, 'learning_rate': 0.0002, 'epoch': 0.41}
{'loss': 0.3061, 'learning_rate': 0.0002, 'epoch': 0.42}
{'loss': 0.3001, 'learning_rate': 0.0002, 'epoch': 0.42}
{'loss': 0.3824, 'learning_rate': 0.0002, 'epoch': 0.42}
{'loss': 0.3981, 'learning_rate': 0.0002, 'epoch': 0.42}
{'loss': 0.3649, 'learning_rate': 0.0002, 'epoch': 0.42}
{'loss': 0.3681, 'learning_rate': 0.0002, 'epoch': 0.42}
{'loss': 0.3635, 'learning_rate': 0.0002, 'epoch': 0.42}
{'loss': 0.3087, 'learning_rate': 0.0002, 'epoch': 0.42}
{'loss': 0.4857, 'learning_rate': 0.0002, 'epoch': 0.42}
{'loss': 0.4322, 'learning_rate': 0.0002, 'epoch': 0.42}
{'loss': 0.3333, 'learning_rate': 0.0002, 'epoch': 0.43}
{'loss': 0.3766, 'learning_rate': 0.0002, 'epoch': 0.43}
{'loss': 0.3034, 'learning_rate': 0.0002, 'epoch': 0.43}
{'loss': 0.3284, 'learning_rate': 0.0002, 'epoch': 0.43}
{'loss': 0.4771, 'learning_rate': 0.0002, 'epoch': 0.43}
{'loss': 0.5076, 'learning_rate': 0.0002, 'epoch': 0.43}
{'loss': 0.3396, 'learning_rate': 0.0002, 'epoch': 0.43}
{'loss': 0.3359, 'learning_rate': 0.0002, 'epoch': 0.43}
{'loss': 0.3426, 'learning_rate': 0.0002, 'epoch': 0.43}
{'loss': 0.3189, 'learning_rate': 0.0002, 'epoch': 0.43}
{'loss': 0.3247, 'learning_rate': 0.0002, 'epoch': 0.44}
{'loss': 0.3081, 'learning_rate': 0.0002, 'epoch': 0.44}
{'loss': 0.3588, 'learning_rate': 0.0002, 'epoch': 0.44}
{'loss': 0.31, 'learning_rate': 0.0002, 'epoch': 0.44}
{'loss': 0.5041, 'learning_rate': 0.0002, 'epoch': 0.44}
{'loss': 0.3337, 'learning_rate': 0.0002, 'epoch': 0.44}
{'loss': 0.3604, 'learning_rate': 0.0002, 'epoch': 0.44}
{'loss': 0.3441, 'learning_rate': 0.0002, 'epoch': 0.44}
{'loss': 0.3605, 'learning_rate': 0.0002, 'epoch': 0.44}
{'loss': 0.3193, 'learning_rate': 0.0002, 'epoch': 0.45}
{'loss': 0.319, 'learning_rate': 0.0002, 'epoch': 0.45}
{'loss': 0.3681, 'learning_rate': 0.0002, 'epoch': 0.45}
{'loss': 0.3173, 'learning_rate': 0.0002, 'epoch': 0.45}
{'loss': 0.3535, 'learning_rate': 0.0002, 'epoch': 0.45}
{'loss': 0.3989, 'learning_rate': 0.0002, 'epoch': 0.45}
{'loss': 0.3078, 'learning_rate': 0.0002, 'epoch': 0.45}
{'loss': 0.349, 'learning_rate': 0.0002, 'epoch': 0.45}
{'loss': 0.303, 'learning_rate': 0.0002, 'epoch': 0.45}
{'loss': 0.3694, 'learning_rate': 0.0002, 'epoch': 0.45}
{'loss': 0.3562, 'learning_rate': 0.0002, 'epoch': 0.46}
{'loss': 0.3139, 'learning_rate': 0.0002, 'epoch': 0.46}
{'loss': 0.373, 'learning_rate': 0.0002, 'epoch': 0.46}
{'loss': 0.3053, 'learning_rate': 0.0002, 'epoch': 0.46}
{'loss': 0.3896, 'learning_rate': 0.0002, 'epoch': 0.46}
{'loss': 0.3641, 'learning_rate': 0.0002, 'epoch': 0.46}
{'loss': 0.3289, 'learning_rate': 0.0002, 'epoch': 0.46}
{'loss': 0.3376, 'learning_rate': 0.0002, 'epoch': 0.46}
{'loss': 0.3078, 'learning_rate': 0.0002, 'epoch': 0.46}
{'loss': 0.2925, 'learning_rate': 0.0002, 'epoch': 0.46}
{'loss': 0.3107, 'learning_rate': 0.0002, 'epoch': 0.47}
{'loss': 0.3422, 'learning_rate': 0.0002, 'epoch': 0.47}
{'loss': 0.3257, 'learning_rate': 0.0002, 'epoch': 0.47}
{'loss': 0.2978, 'learning_rate': 0.0002, 'epoch': 0.47}
{'loss': 0.2509, 'learning_rate': 0.0002, 'epoch': 0.47}
{'loss': 0.428, 'learning_rate': 0.0002, 'epoch': 0.47}
{'loss': 0.3059, 'learning_rate': 0.0002, 'epoch': 0.47}
{'loss': 0.3935, 'learning_rate': 0.0002, 'epoch': 0.47}
{'loss': 0.3213, 'learning_rate': 0.0002, 'epoch': 0.47}
{'loss': 0.32, 'learning_rate': 0.0002, 'epoch': 0.47}
{'loss': 0.2841, 'learning_rate': 0.0002, 'epoch': 0.48}
{'loss': 0.4046, 'learning_rate': 0.0002, 'epoch': 0.48}
{'loss': 0.4148, 'learning_rate': 0.0002, 'epoch': 0.48}
{'loss': 0.3373, 'learning_rate': 0.0002, 'epoch': 0.48}
{'loss': 0.3655, 'learning_rate': 0.0002, 'epoch': 0.48}
{'loss': 0.3079, 'learning_rate': 0.0002, 'epoch': 0.48}
{'loss': 0.3325, 'learning_rate': 0.0002, 'epoch': 0.48}
{'loss': 0.5807, 'learning_rate': 0.0002, 'epoch': 0.48}
{'loss': 0.3122, 'learning_rate': 0.0002, 'epoch': 0.48}
{'loss': 0.3765, 'learning_rate': 0.0002, 'epoch': 0.48}
{'loss': 0.4359, 'learning_rate': 0.0002, 'epoch': 0.49}
{'loss': 0.3228, 'learning_rate': 0.0002, 'epoch': 0.49}
{'loss': 0.2783, 'learning_rate': 0.0002, 'epoch': 0.49}
{'loss': 0.345, 'learning_rate': 0.0002, 'epoch': 0.49}
{'loss': 0.3553, 'learning_rate': 0.0002, 'epoch': 0.49}
{'loss': 0.3733, 'learning_rate': 0.0002, 'epoch': 0.49}
{'loss': 0.3331, 'learning_rate': 0.0002, 'epoch': 0.49}
{'loss': 0.3238, 'learning_rate': 0.0002, 'epoch': 0.49}
{'loss': 0.2893, 'learning_rate': 0.0002, 'epoch': 0.49}
{'loss': 0.4204, 'learning_rate': 0.0002, 'epoch': 0.49}
{'loss': 0.431, 'learning_rate': 0.0002, 'epoch': 0.5}
{'loss': 0.3288, 'learning_rate': 0.0002, 'epoch': 0.5}
{'loss': 0.3407, 'learning_rate': 0.0002, 'epoch': 0.5}
{'loss': 0.3243, 'learning_rate': 0.0002, 'epoch': 0.5}
{'loss': 0.3025, 'learning_rate': 0.0002, 'epoch': 0.5}
{'loss': 0.3372, 'learning_rate': 0.0002, 'epoch': 0.5}
{'loss': 0.3254, 'learning_rate': 0.0002, 'epoch': 0.5}
{'loss': 0.268, 'learning_rate': 0.0002, 'epoch': 0.5}
{'loss': 0.3197, 'learning_rate': 0.0002, 'epoch': 0.5}
{'loss': 0.4444, 'learning_rate': 0.0002, 'epoch': 0.51}
{'loss': 0.2938, 'learning_rate': 0.0002, 'epoch': 0.51}
{'loss': 0.2657, 'learning_rate': 0.0002, 'epoch': 0.51}
{'loss': 0.3919, 'learning_rate': 0.0002, 'epoch': 0.51}
{'loss': 0.4677, 'learning_rate': 0.0002, 'epoch': 0.51}
{'loss': 0.2944, 'learning_rate': 0.0002, 'epoch': 0.51}
{'loss': 0.2945, 'learning_rate': 0.0002, 'epoch': 0.51}
{'loss': 0.3699, 'learning_rate': 0.0002, 'epoch': 0.51}
{'loss': 0.375, 'learning_rate': 0.0002, 'epoch': 0.51}
{'loss': 0.2635, 'learning_rate': 0.0002, 'epoch': 0.51}
{'loss': 0.305, 'learning_rate': 0.0002, 'epoch': 0.52}
{'loss': 0.358, 'learning_rate': 0.0002, 'epoch': 0.52}
{'loss': 0.3441, 'learning_rate': 0.0002, 'epoch': 0.52}
{'loss': 0.3396, 'learning_rate': 0.0002, 'epoch': 0.52}
{'loss': 0.3837, 'learning_rate': 0.0002, 'epoch': 0.52}
{'loss': 0.3181, 'learning_rate': 0.0002, 'epoch': 0.52}
{'loss': 0.3157, 'learning_rate': 0.0002, 'epoch': 0.52}
{'loss': 0.3466, 'learning_rate': 0.0002, 'epoch': 0.52}
{'loss': 0.3617, 'learning_rate': 0.0002, 'epoch': 0.52}
{'loss': 0.2956, 'learning_rate': 0.0002, 'epoch': 0.52}
{'loss': 0.2864, 'learning_rate': 0.0002, 'epoch': 0.53}
{'loss': 0.3266, 'learning_rate': 0.0002, 'epoch': 0.53}
{'loss': 0.3798, 'learning_rate': 0.0002, 'epoch': 0.53}
{'loss': 0.411, 'learning_rate': 0.0002, 'epoch': 0.53}
{'loss': 0.3352, 'learning_rate': 0.0002, 'epoch': 0.53}
{'loss': 0.2775, 'learning_rate': 0.0002, 'epoch': 0.53}
{'loss': 0.3768, 'learning_rate': 0.0002, 'epoch': 0.53}
{'loss': 0.3227, 'learning_rate': 0.0002, 'epoch': 0.53}
{'loss': 0.3525, 'learning_rate': 0.0002, 'epoch': 0.53}
{'loss': 0.3426, 'learning_rate': 0.0002, 'epoch': 0.53}
{'loss': 0.3319, 'learning_rate': 0.0002, 'epoch': 0.54}
{'loss': 0.3627, 'learning_rate': 0.0002, 'epoch': 0.54}
{'loss': 0.3352, 'learning_rate': 0.0002, 'epoch': 0.54}
{'loss': 0.3896, 'learning_rate': 0.0002, 'epoch': 0.54}
{'loss': 0.367, 'learning_rate': 0.0002, 'epoch': 0.54}
{'loss': 0.2793, 'learning_rate': 0.0002, 'epoch': 0.54}
{'loss': 0.3099, 'learning_rate': 0.0002, 'epoch': 0.54}
{'loss': 0.4772, 'learning_rate': 0.0002, 'epoch': 0.54}
{'loss': 0.3338, 'learning_rate': 0.0002, 'epoch': 0.54}
{'loss': 0.3064, 'learning_rate': 0.0002, 'epoch': 0.54}
{'loss': 0.3171, 'learning_rate': 0.0002, 'epoch': 0.55}
{'loss': 0.3591, 'learning_rate': 0.0002, 'epoch': 0.55}
{'loss': 0.3068, 'learning_rate': 0.0002, 'epoch': 0.55}
{'loss': 0.3786, 'learning_rate': 0.0002, 'epoch': 0.55}
{'loss': 0.3545, 'learning_rate': 0.0002, 'epoch': 0.55}
{'loss': 0.3393, 'learning_rate': 0.0002, 'epoch': 0.55}
{'loss': 0.3071, 'learning_rate': 0.0002, 'epoch': 0.55}
{'loss': 0.2903, 'learning_rate': 0.0002, 'epoch': 0.55}
{'loss': 0.5138, 'learning_rate': 0.0002, 'epoch': 0.55}
{'loss': 0.3125, 'learning_rate': 0.0002, 'epoch': 0.55}
{'loss': 0.3618, 'learning_rate': 0.0002, 'epoch': 0.56}
{'loss': 0.3227, 'learning_rate': 0.0002, 'epoch': 0.56}
{'loss': 0.3222, 'learning_rate': 0.0002, 'epoch': 0.56}
{'loss': 0.4255, 'learning_rate': 0.0002, 'epoch': 0.56}
{'loss': 0.363, 'learning_rate': 0.0002, 'epoch': 0.56}
{'loss': 0.3377, 'learning_rate': 0.0002, 'epoch': 0.56}
{'loss': 0.3164, 'learning_rate': 0.0002, 'epoch': 0.56}
{'loss': 0.3224, 'learning_rate': 0.0002, 'epoch': 0.56}
{'loss': 0.3293, 'learning_rate': 0.0002, 'epoch': 0.56}
{'loss': 0.2785, 'learning_rate': 0.0002, 'epoch': 0.57}
{'loss': 0.3041, 'learning_rate': 0.0002, 'epoch': 0.57}
{'loss': 0.3063, 'learning_rate': 0.0002, 'epoch': 0.57}
{'loss': 0.4093, 'learning_rate': 0.0002, 'epoch': 0.57}
{'loss': 0.3254, 'learning_rate': 0.0002, 'epoch': 0.57}
{'loss': 0.3837, 'learning_rate': 0.0002, 'epoch': 0.57}
{'loss': 0.3884, 'learning_rate': 0.0002, 'epoch': 0.57}
{'loss': 0.3654, 'learning_rate': 0.0002, 'epoch': 0.57}
{'loss': 0.3363, 'learning_rate': 0.0002, 'epoch': 0.57}
{'loss': 0.2727, 'learning_rate': 0.0002, 'epoch': 0.57}
{'loss': 0.3318, 'learning_rate': 0.0002, 'epoch': 0.58}
{'loss': 0.3998, 'learning_rate': 0.0002, 'epoch': 0.58}
{'loss': 0.3182, 'learning_rate': 0.0002, 'epoch': 0.58}
{'loss': 0.2968, 'learning_rate': 0.0002, 'epoch': 0.58}
{'loss': 0.3634, 'learning_rate': 0.0002, 'epoch': 0.58}
{'loss': 0.392, 'learning_rate': 0.0002, 'epoch': 0.58}
{'loss': 0.3403, 'learning_rate': 0.0002, 'epoch': 0.58}
{'loss': 0.3115, 'learning_rate': 0.0002, 'epoch': 0.58}
{'loss': 0.3764, 'learning_rate': 0.0002, 'epoch': 0.58}
{'loss': 0.4026, 'learning_rate': 0.0002, 'epoch': 0.58}
{'loss': 0.3296, 'learning_rate': 0.0002, 'epoch': 0.59}
{'loss': 0.4247, 'learning_rate': 0.0002, 'epoch': 0.59}
{'loss': 0.4655, 'learning_rate': 0.0002, 'epoch': 0.59}
{'loss': 0.3387, 'learning_rate': 0.0002, 'epoch': 0.59}
{'loss': 0.3442, 'learning_rate': 0.0002, 'epoch': 0.59}
{'loss': 0.5031, 'learning_rate': 0.0002, 'epoch': 0.59}
{'loss': 0.3996, 'learning_rate': 0.0002, 'epoch': 0.59}
{'loss': 0.3143, 'learning_rate': 0.0002, 'epoch': 0.59}
{'loss': 0.3019, 'learning_rate': 0.0002, 'epoch': 0.59}
{'loss': 0.3599, 'learning_rate': 0.0002, 'epoch': 0.59}
{'loss': 0.2846, 'learning_rate': 0.0002, 'epoch': 0.6}
{'loss': 0.3425, 'learning_rate': 0.0002, 'epoch': 0.6}
{'loss': 0.3485, 'learning_rate': 0.0002, 'epoch': 0.6}
{'loss': 0.358, 'learning_rate': 0.0002, 'epoch': 0.6}
{'loss': 0.3244, 'learning_rate': 0.0002, 'epoch': 0.6}
{'loss': 0.3654, 'learning_rate': 0.0002, 'epoch': 0.6}
{'loss': 0.3171, 'learning_rate': 0.0002, 'epoch': 0.6}
{'loss': 0.3818, 'learning_rate': 0.0002, 'epoch': 0.6}
{'loss': 0.3413, 'learning_rate': 0.0002, 'epoch': 0.6}
{'loss': 0.4425, 'learning_rate': 0.0002, 'epoch': 0.6}
{'loss': 0.3381, 'learning_rate': 0.0002, 'epoch': 0.61}
{'loss': 0.3386, 'learning_rate': 0.0002, 'epoch': 0.61}
{'loss': 0.3521, 'learning_rate': 0.0002, 'epoch': 0.61}
{'loss': 0.3379, 'learning_rate': 0.0002, 'epoch': 0.61}
{'loss': 0.3441, 'learning_rate': 0.0002, 'epoch': 0.61}
{'loss': 0.3355, 'learning_rate': 0.0002, 'epoch': 0.61}
{'loss': 0.3433, 'learning_rate': 0.0002, 'epoch': 0.61}
{'loss': 0.3492, 'learning_rate': 0.0002, 'epoch': 0.61}
{'loss': 0.3437, 'learning_rate': 0.0002, 'epoch': 0.61}
{'loss': 0.3643, 'learning_rate': 0.0002, 'epoch': 0.62}
{'loss': 0.3239, 'learning_rate': 0.0002, 'epoch': 0.62}
{'loss': 0.4954, 'learning_rate': 0.0002, 'epoch': 0.62}
{'loss': 0.3415, 'learning_rate': 0.0002, 'epoch': 0.62}
{'loss': 0.3427, 'learning_rate': 0.0002, 'epoch': 0.62}
{'loss': 0.3356, 'learning_rate': 0.0002, 'epoch': 0.62}
{'loss': 0.3854, 'learning_rate': 0.0002, 'epoch': 0.62}
{'loss': 0.3296, 'learning_rate': 0.0002, 'epoch': 0.62}
{'loss': 0.2782, 'learning_rate': 0.0002, 'epoch': 0.62}
{'loss': 0.3423, 'learning_rate': 0.0002, 'epoch': 0.62}
{'loss': 0.3275, 'learning_rate': 0.0002, 'epoch': 0.63}
{'loss': 0.4079, 'learning_rate': 0.0002, 'epoch': 0.63}
{'loss': 0.3664, 'learning_rate': 0.0002, 'epoch': 0.63}
{'loss': 0.3695, 'learning_rate': 0.0002, 'epoch': 0.63}
{'loss': 0.3412, 'learning_rate': 0.0002, 'epoch': 0.63}
{'loss': 0.2902, 'learning_rate': 0.0002, 'epoch': 0.63}
{'loss': 0.3482, 'learning_rate': 0.0002, 'epoch': 0.63}
{'loss': 0.367, 'learning_rate': 0.0002, 'epoch': 0.63}
{'loss': 0.4082, 'learning_rate': 0.0002, 'epoch': 0.63}
{'loss': 0.3162, 'learning_rate': 0.0002, 'epoch': 0.63}
{'loss': 0.3139, 'learning_rate': 0.0002, 'epoch': 0.64}
{'loss': 0.3232, 'learning_rate': 0.0002, 'epoch': 0.64}
{'loss': 0.2365, 'learning_rate': 0.0002, 'epoch': 0.64}
{'loss': 0.3161, 'learning_rate': 0.0002, 'epoch': 0.64}
{'loss': 0.3669, 'learning_rate': 0.0002, 'epoch': 0.64}
{'loss': 0.3606, 'learning_rate': 0.0002, 'epoch': 0.64}
{'loss': 0.3478, 'learning_rate': 0.0002, 'epoch': 0.64}
{'loss': 0.3229, 'learning_rate': 0.0002, 'epoch': 0.64}
{'loss': 0.3146, 'learning_rate': 0.0002, 'epoch': 0.64}
{'loss': 0.3304, 'learning_rate': 0.0002, 'epoch': 0.64}
{'loss': 0.4819, 'learning_rate': 0.0002, 'epoch': 0.65}
{'loss': 0.3413, 'learning_rate': 0.0002, 'epoch': 0.65}
{'loss': 0.3579, 'learning_rate': 0.0002, 'epoch': 0.65}
{'loss': 0.3581, 'learning_rate': 0.0002, 'epoch': 0.65}
{'loss': 0.3588, 'learning_rate': 0.0002, 'epoch': 0.65}
{'loss': 0.2866, 'learning_rate': 0.0002, 'epoch': 0.65}
{'loss': 0.4222, 'learning_rate': 0.0002, 'epoch': 0.65}
{'loss': 0.3577, 'learning_rate': 0.0002, 'epoch': 0.65}
{'loss': 0.3699, 'learning_rate': 0.0002, 'epoch': 0.65}
{'loss': 0.3772, 'learning_rate': 0.0002, 'epoch': 0.65}
{'loss': 0.3185, 'learning_rate': 0.0002, 'epoch': 0.66}
{'loss': 0.4143, 'learning_rate': 0.0002, 'epoch': 0.66}
{'loss': 0.3845, 'learning_rate': 0.0002, 'epoch': 0.66}
{'loss': 0.2764, 'learning_rate': 0.0002, 'epoch': 0.66}
{'loss': 0.2877, 'learning_rate': 0.0002, 'epoch': 0.66}
{'loss': 0.294, 'learning_rate': 0.0002, 'epoch': 0.66}
{'loss': 0.2964, 'learning_rate': 0.0002, 'epoch': 0.66}
{'loss': 0.3297, 'learning_rate': 0.0002, 'epoch': 0.66}
{'loss': 0.3239, 'learning_rate': 0.0002, 'epoch': 0.66}
{'loss': 0.2823, 'learning_rate': 0.0002, 'epoch': 0.66}
{'loss': 0.2989, 'learning_rate': 0.0002, 'epoch': 0.67}
{'loss': 0.2813, 'learning_rate': 0.0002, 'epoch': 0.67}
{'loss': 0.5529, 'learning_rate': 0.0002, 'epoch': 0.67}
{'loss': 0.335, 'learning_rate': 0.0002, 'epoch': 0.67}
{'loss': 0.2935, 'learning_rate': 0.0002, 'epoch': 0.67}
{'loss': 0.3096, 'learning_rate': 0.0002, 'epoch': 0.67}
{'loss': 0.2845, 'learning_rate': 0.0002, 'epoch': 0.67}
{'loss': 0.2561, 'learning_rate': 0.0002, 'epoch': 0.67}
{'loss': 0.3127, 'learning_rate': 0.0002, 'epoch': 0.67}
{'loss': 0.2887, 'learning_rate': 0.0002, 'epoch': 0.68}
{'loss': 0.4862, 'learning_rate': 0.0002, 'epoch': 0.68}
{'loss': 0.3168, 'learning_rate': 0.0002, 'epoch': 0.68}
{'loss': 0.3777, 'learning_rate': 0.0002, 'epoch': 0.68}
{'loss': 0.39, 'learning_rate': 0.0002, 'epoch': 0.68}
{'loss': 0.3053, 'learning_rate': 0.0002, 'epoch': 0.68}
{'loss': 0.4381, 'learning_rate': 0.0002, 'epoch': 0.68}
{'loss': 0.3411, 'learning_rate': 0.0002, 'epoch': 0.68}
{'loss': 0.3604, 'learning_rate': 0.0002, 'epoch': 0.68}
{'loss': 0.3559, 'learning_rate': 0.0002, 'epoch': 0.68}
{'loss': 0.3534, 'learning_rate': 0.0002, 'epoch': 0.69}
{'loss': 0.5353, 'learning_rate': 0.0002, 'epoch': 0.69}
{'loss': 0.3363, 'learning_rate': 0.0002, 'epoch': 0.69}
{'loss': 0.3348, 'learning_rate': 0.0002, 'epoch': 0.69}
{'loss': 0.3144, 'learning_rate': 0.0002, 'epoch': 0.69}
{'loss': 0.3039, 'learning_rate': 0.0002, 'epoch': 0.69}
{'loss': 0.3225, 'learning_rate': 0.0002, 'epoch': 0.69}
{'loss': 0.3308, 'learning_rate': 0.0002, 'epoch': 0.69}
{'loss': 0.3392, 'learning_rate': 0.0002, 'epoch': 0.69}
{'loss': 0.284, 'learning_rate': 0.0002, 'epoch': 0.69}
{'loss': 0.4244, 'learning_rate': 0.0002, 'epoch': 0.7}
{'loss': 0.3768, 'learning_rate': 0.0002, 'epoch': 0.7}
{'loss': 0.3349, 'learning_rate': 0.0002, 'epoch': 0.7}
{'loss': 0.2885, 'learning_rate': 0.0002, 'epoch': 0.7}
{'loss': 0.3153, 'learning_rate': 0.0002, 'epoch': 0.7}
{'loss': 0.3878, 'learning_rate': 0.0002, 'epoch': 0.7}
{'loss': 0.3461, 'learning_rate': 0.0002, 'epoch': 0.7}
{'loss': 0.3493, 'learning_rate': 0.0002, 'epoch': 0.7}
{'loss': 0.3569, 'learning_rate': 0.0002, 'epoch': 0.7}
{'loss': 0.3819, 'learning_rate': 0.0002, 'epoch': 0.7}
{'loss': 0.3363, 'learning_rate': 0.0002, 'epoch': 0.71}
{'loss': 0.3111, 'learning_rate': 0.0002, 'epoch': 0.71}
{'loss': 0.3427, 'learning_rate': 0.0002, 'epoch': 0.71}
{'loss': 0.2876, 'learning_rate': 0.0002, 'epoch': 0.71}
{'loss': 0.3069, 'learning_rate': 0.0002, 'epoch': 0.71}
{'loss': 0.2906, 'learning_rate': 0.0002, 'epoch': 0.71}
{'loss': 0.3993, 'learning_rate': 0.0002, 'epoch': 0.71}
{'loss': 0.3649, 'learning_rate': 0.0002, 'epoch': 0.71}
{'loss': 0.2917, 'learning_rate': 0.0002, 'epoch': 0.71}
{'loss': 0.345, 'learning_rate': 0.0002, 'epoch': 0.71}
{'loss': 0.3542, 'learning_rate': 0.0002, 'epoch': 0.72}
{'loss': 0.3377, 'learning_rate': 0.0002, 'epoch': 0.72}
{'loss': 0.3467, 'learning_rate': 0.0002, 'epoch': 0.72}
{'loss': 0.3197, 'learning_rate': 0.0002, 'epoch': 0.72}
{'loss': 0.3323, 'learning_rate': 0.0002, 'epoch': 0.72}
{'loss': 0.3334, 'learning_rate': 0.0002, 'epoch': 0.72}
{'loss': 0.3196, 'learning_rate': 0.0002, 'epoch': 0.72}
{'loss': 0.3233, 'learning_rate': 0.0002, 'epoch': 0.72}
{'loss': 0.4076, 'learning_rate': 0.0002, 'epoch': 0.72}
{'loss': 0.3188, 'learning_rate': 0.0002, 'epoch': 0.73}
{'loss': 0.3191, 'learning_rate': 0.0002, 'epoch': 0.73}
{'loss': 0.2948, 'learning_rate': 0.0002, 'epoch': 0.73}
{'loss': 0.3015, 'learning_rate': 0.0002, 'epoch': 0.73}
{'loss': 0.3404, 'learning_rate': 0.0002, 'epoch': 0.73}
{'loss': 0.4924, 'learning_rate': 0.0002, 'epoch': 0.73}
{'loss': 0.315, 'learning_rate': 0.0002, 'epoch': 0.73}
{'loss': 0.3641, 'learning_rate': 0.0002, 'epoch': 0.73}
{'loss': 0.3629, 'learning_rate': 0.0002, 'epoch': 0.73}
{'loss': 0.3359, 'learning_rate': 0.0002, 'epoch': 0.73}
{'loss': 0.3275, 'learning_rate': 0.0002, 'epoch': 0.74}
{'loss': 0.4578, 'learning_rate': 0.0002, 'epoch': 0.74}
{'loss': 0.3723, 'learning_rate': 0.0002, 'epoch': 0.74}
{'loss': 0.3213, 'learning_rate': 0.0002, 'epoch': 0.74}
{'loss': 0.3217, 'learning_rate': 0.0002, 'epoch': 0.74}
{'loss': 0.2683, 'learning_rate': 0.0002, 'epoch': 0.74}
{'loss': 0.289, 'learning_rate': 0.0002, 'epoch': 0.74}
{'loss': 0.3275, 'learning_rate': 0.0002, 'epoch': 0.74}
{'loss': 0.3027, 'learning_rate': 0.0002, 'epoch': 0.74}
{'loss': 0.3213, 'learning_rate': 0.0002, 'epoch': 0.74}
{'loss': 0.3277, 'learning_rate': 0.0002, 'epoch': 0.75}
{'loss': 0.2983, 'learning_rate': 0.0002, 'epoch': 0.75}
{'loss': 0.3463, 'learning_rate': 0.0002, 'epoch': 0.75}
{'loss': 0.3099, 'learning_rate': 0.0002, 'epoch': 0.75}
{'loss': 0.328, 'learning_rate': 0.0002, 'epoch': 0.75}
{'loss': 0.3988, 'learning_rate': 0.0002, 'epoch': 0.75}
{'loss': 0.2871, 'learning_rate': 0.0002, 'epoch': 0.75}
{'loss': 0.3463, 'learning_rate': 0.0002, 'epoch': 0.75}
{'loss': 0.3344, 'learning_rate': 0.0002, 'epoch': 0.75}
{'loss': 0.3108, 'learning_rate': 0.0002, 'epoch': 0.75}
{'loss': 0.3759, 'learning_rate': 0.0002, 'epoch': 0.76}
{'loss': 0.4139, 'learning_rate': 0.0002, 'epoch': 0.76}
{'loss': 0.296, 'learning_rate': 0.0002, 'epoch': 0.76}
{'loss': 0.2999, 'learning_rate': 0.0002, 'epoch': 0.76}
{'loss': 0.3472, 'learning_rate': 0.0002, 'epoch': 0.76}
{'loss': 0.2751, 'learning_rate': 0.0002, 'epoch': 0.76}
{'loss': 0.3438, 'learning_rate': 0.0002, 'epoch': 0.76}
{'loss': 0.3918, 'learning_rate': 0.0002, 'epoch': 0.76}
{'loss': 0.2855, 'learning_rate': 0.0002, 'epoch': 0.76}
{'loss': 0.3328, 'learning_rate': 0.0002, 'epoch': 0.76}
{'loss': 0.3098, 'learning_rate': 0.0002, 'epoch': 0.77}
{'loss': 0.4499, 'learning_rate': 0.0002, 'epoch': 0.77}
{'loss': 0.2996, 'learning_rate': 0.0002, 'epoch': 0.77}
{'loss': 0.331, 'learning_rate': 0.0002, 'epoch': 0.77}
{'loss': 0.4023, 'learning_rate': 0.0002, 'epoch': 0.77}
{'loss': 0.3221, 'learning_rate': 0.0002, 'epoch': 0.77}
{'loss': 0.3516, 'learning_rate': 0.0002, 'epoch': 0.77}
{'loss': 0.3114, 'learning_rate': 0.0002, 'epoch': 0.77}
{'loss': 0.3608, 'learning_rate': 0.0002, 'epoch': 0.77}
{'loss': 0.2888, 'learning_rate': 0.0002, 'epoch': 0.77}
{'loss': 0.2869, 'learning_rate': 0.0002, 'epoch': 0.78}
{'loss': 0.3576, 'learning_rate': 0.0002, 'epoch': 0.78}
{'loss': 0.3888, 'learning_rate': 0.0002, 'epoch': 0.78}
{'loss': 0.3061, 'learning_rate': 0.0002, 'epoch': 0.78}
{'loss': 0.4076, 'learning_rate': 0.0002, 'epoch': 0.78}
{'loss': 0.3244, 'learning_rate': 0.0002, 'epoch': 0.78}
{'loss': 0.4851, 'learning_rate': 0.0002, 'epoch': 0.78}
{'loss': 0.404, 'learning_rate': 0.0002, 'epoch': 0.78}
{'loss': 0.3535, 'learning_rate': 0.0002, 'epoch': 0.78}
{'loss': 0.3563, 'learning_rate': 0.0002, 'epoch': 0.79}
{'loss': 0.3108, 'learning_rate': 0.0002, 'epoch': 0.79}
{'loss': 0.2941, 'learning_rate': 0.0002, 'epoch': 0.79}
{'loss': 0.3012, 'learning_rate': 0.0002, 'epoch': 0.79}
{'loss': 0.4235, 'learning_rate': 0.0002, 'epoch': 0.79}
{'loss': 0.3609, 'learning_rate': 0.0002, 'epoch': 0.79}
{'loss': 0.3309, 'learning_rate': 0.0002, 'epoch': 0.79}
{'loss': 0.3678, 'learning_rate': 0.0002, 'epoch': 0.79}
{'loss': 0.3943, 'learning_rate': 0.0002, 'epoch': 0.79}
{'loss': 0.4034, 'learning_rate': 0.0002, 'epoch': 0.79}
{'loss': 0.3153, 'learning_rate': 0.0002, 'epoch': 0.8}
{'loss': 0.3643, 'learning_rate': 0.0002, 'epoch': 0.8}
{'loss': 0.2786, 'learning_rate': 0.0002, 'epoch': 0.8}
{'loss': 0.3265, 'learning_rate': 0.0002, 'epoch': 0.8}
{'loss': 0.3006, 'learning_rate': 0.0002, 'epoch': 0.8}
{'loss': 0.3674, 'learning_rate': 0.0002, 'epoch': 0.8}
{'loss': 0.3078, 'learning_rate': 0.0002, 'epoch': 0.8}
{'loss': 0.2924, 'learning_rate': 0.0002, 'epoch': 0.8}
{'loss': 0.3324, 'learning_rate': 0.0002, 'epoch': 0.8}
{'loss': 0.4052, 'learning_rate': 0.0002, 'epoch': 0.8}
{'loss': 0.3787, 'learning_rate': 0.0002, 'epoch': 0.81}
{'loss': 0.2669, 'learning_rate': 0.0002, 'epoch': 0.81}
{'loss': 0.2843, 'learning_rate': 0.0002, 'epoch': 0.81}
{'loss': 0.3071, 'learning_rate': 0.0002, 'epoch': 0.81}
{'loss': 0.313, 'learning_rate': 0.0002, 'epoch': 0.81}
{'loss': 0.4589, 'learning_rate': 0.0002, 'epoch': 0.81}
{'loss': 0.29, 'learning_rate': 0.0002, 'epoch': 0.81}
{'loss': 0.3721, 'learning_rate': 0.0002, 'epoch': 0.81}
{'loss': 0.3327, 'learning_rate': 0.0002, 'epoch': 0.81}
{'loss': 0.3147, 'learning_rate': 0.0002, 'epoch': 0.81}
{'loss': 0.3096, 'learning_rate': 0.0002, 'epoch': 0.82}
{'loss': 0.3265, 'learning_rate': 0.0002, 'epoch': 0.82}
{'loss': 0.3888, 'learning_rate': 0.0002, 'epoch': 0.82}
{'loss': 0.3748, 'learning_rate': 0.0002, 'epoch': 0.82}
{'loss': 0.4224, 'learning_rate': 0.0002, 'epoch': 0.82}
{'loss': 0.3107, 'learning_rate': 0.0002, 'epoch': 0.82}
{'loss': 0.3584, 'learning_rate': 0.0002, 'epoch': 0.82}
{'loss': 0.3165, 'learning_rate': 0.0002, 'epoch': 0.82}
{'loss': 0.3161, 'learning_rate': 0.0002, 'epoch': 0.82}
{'loss': 0.4351, 'learning_rate': 0.0002, 'epoch': 0.82}
{'loss': 0.3136, 'learning_rate': 0.0002, 'epoch': 0.83}
{'loss': 0.3378, 'learning_rate': 0.0002, 'epoch': 0.83}
{'loss': 0.2915, 'learning_rate': 0.0002, 'epoch': 0.83}
{'loss': 0.4125, 'learning_rate': 0.0002, 'epoch': 0.83}
{'loss': 0.2992, 'learning_rate': 0.0002, 'epoch': 0.83}
{'loss': 0.34, 'learning_rate': 0.0002, 'epoch': 0.83}
{'loss': 0.3749, 'learning_rate': 0.0002, 'epoch': 0.83}
{'loss': 0.2856, 'learning_rate': 0.0002, 'epoch': 0.83}
{'loss': 0.328, 'learning_rate': 0.0002, 'epoch': 0.83}
{'loss': 0.3112, 'learning_rate': 0.0002, 'epoch': 0.84}
{'loss': 0.309, 'learning_rate': 0.0002, 'epoch': 0.84}
{'loss': 0.3139, 'learning_rate': 0.0002, 'epoch': 0.84}
{'loss': 0.327, 'learning_rate': 0.0002, 'epoch': 0.84}
{'loss': 0.345, 'learning_rate': 0.0002, 'epoch': 0.84}
{'loss': 0.3261, 'learning_rate': 0.0002, 'epoch': 0.84}
{'loss': 0.3479, 'learning_rate': 0.0002, 'epoch': 0.84}
{'loss': 0.3604, 'learning_rate': 0.0002, 'epoch': 0.84}
{'loss': 0.403, 'learning_rate': 0.0002, 'epoch': 0.84}
{'loss': 0.4111, 'learning_rate': 0.0002, 'epoch': 0.84}
{'loss': 0.3646, 'learning_rate': 0.0002, 'epoch': 0.85}
{'loss': 0.3066, 'learning_rate': 0.0002, 'epoch': 0.85}
{'loss': 0.2948, 'learning_rate': 0.0002, 'epoch': 0.85}
{'loss': 0.2788, 'learning_rate': 0.0002, 'epoch': 0.85}
{'loss': 0.3326, 'learning_rate': 0.0002, 'epoch': 0.85}
{'loss': 0.3396, 'learning_rate': 0.0002, 'epoch': 0.85}
{'loss': 0.3716, 'learning_rate': 0.0002, 'epoch': 0.85}
{'loss': 0.4353, 'learning_rate': 0.0002, 'epoch': 0.85}
{'loss': 0.3487, 'learning_rate': 0.0002, 'epoch': 0.85}
{'loss': 0.3812, 'learning_rate': 0.0002, 'epoch': 0.85}
{'loss': 0.3031, 'learning_rate': 0.0002, 'epoch': 0.86}
{'loss': 0.3116, 'learning_rate': 0.0002, 'epoch': 0.86}
{'loss': 0.3075, 'learning_rate': 0.0002, 'epoch': 0.86}
{'loss': 0.3237, 'learning_rate': 0.0002, 'epoch': 0.86}
{'loss': 0.3324, 'learning_rate': 0.0002, 'epoch': 0.86}
{'loss': 0.35, 'learning_rate': 0.0002, 'epoch': 0.86}
{'loss': 0.4617, 'learning_rate': 0.0002, 'epoch': 0.86}
{'loss': 0.3605, 'learning_rate': 0.0002, 'epoch': 0.86}
{'loss': 0.2652, 'learning_rate': 0.0002, 'epoch': 0.86}
{'loss': 0.3011, 'learning_rate': 0.0002, 'epoch': 0.86}
{'loss': 0.3117, 'learning_rate': 0.0002, 'epoch': 0.87}
{'loss': 0.6155, 'learning_rate': 0.0002, 'epoch': 0.87}
{'loss': 0.3332, 'learning_rate': 0.0002, 'epoch': 0.87}
{'loss': 0.3157, 'learning_rate': 0.0002, 'epoch': 0.87}
{'loss': 0.4167, 'learning_rate': 0.0002, 'epoch': 0.87}
{'loss': 0.2842, 'learning_rate': 0.0002, 'epoch': 0.87}
{'loss': 0.4341, 'learning_rate': 0.0002, 'epoch': 0.87}
{'loss': 0.3301, 'learning_rate': 0.0002, 'epoch': 0.87}
{'loss': 0.3725, 'learning_rate': 0.0002, 'epoch': 0.87}
{'loss': 0.2991, 'learning_rate': 0.0002, 'epoch': 0.87}
{'loss': 0.376, 'learning_rate': 0.0002, 'epoch': 0.88}
{'loss': 0.2966, 'learning_rate': 0.0002, 'epoch': 0.88}
{'loss': 0.4286, 'learning_rate': 0.0002, 'epoch': 0.88}
{'loss': 0.314, 'learning_rate': 0.0002, 'epoch': 0.88}
{'loss': 0.3453, 'learning_rate': 0.0002, 'epoch': 0.88}
{'loss': 0.3422, 'learning_rate': 0.0002, 'epoch': 0.88}
{'loss': 0.3174, 'learning_rate': 0.0002, 'epoch': 0.88}
{'loss': 0.3894, 'learning_rate': 0.0002, 'epoch': 0.88}
{'loss': 0.4585, 'learning_rate': 0.0002, 'epoch': 0.88}
{'loss': 0.2927, 'learning_rate': 0.0002, 'epoch': 0.88}
{'loss': 0.3495, 'learning_rate': 0.0002, 'epoch': 0.89}
{'loss': 0.2781, 'learning_rate': 0.0002, 'epoch': 0.89}
{'loss': 0.395, 'learning_rate': 0.0002, 'epoch': 0.89}
{'loss': 0.3726, 'learning_rate': 0.0002, 'epoch': 0.89}
{'loss': 0.3508, 'learning_rate': 0.0002, 'epoch': 0.89}
{'loss': 0.4585, 'learning_rate': 0.0002, 'epoch': 0.89}
{'loss': 0.3403, 'learning_rate': 0.0002, 'epoch': 0.89}
{'loss': 0.3514, 'learning_rate': 0.0002, 'epoch': 0.89}
{'loss': 0.3484, 'learning_rate': 0.0002, 'epoch': 0.89}
{'loss': 0.349, 'learning_rate': 0.0002, 'epoch': 0.9}
{'loss': 0.3552, 'learning_rate': 0.0002, 'epoch': 0.9}
{'loss': 0.5759, 'learning_rate': 0.0002, 'epoch': 0.9}
{'loss': 0.3263, 'learning_rate': 0.0002, 'epoch': 0.9}
{'loss': 0.3474, 'learning_rate': 0.0002, 'epoch': 0.9}
{'loss': 0.3304, 'learning_rate': 0.0002, 'epoch': 0.9}
{'loss': 0.3095, 'learning_rate': 0.0002, 'epoch': 0.9}
{'loss': 0.39, 'learning_rate': 0.0002, 'epoch': 0.9}
{'loss': 0.3941, 'learning_rate': 0.0002, 'epoch': 0.9}
{'loss': 0.3612, 'learning_rate': 0.0002, 'epoch': 0.9}
{'loss': 0.3359, 'learning_rate': 0.0002, 'epoch': 0.91}
{'loss': 0.3193, 'learning_rate': 0.0002, 'epoch': 0.91}
{'loss': 0.3312, 'learning_rate': 0.0002, 'epoch': 0.91}
{'loss': 0.3322, 'learning_rate': 0.0002, 'epoch': 0.91}
{'loss': 0.3086, 'learning_rate': 0.0002, 'epoch': 0.91}
{'loss': 0.2952, 'learning_rate': 0.0002, 'epoch': 0.91}
{'loss': 0.3155, 'learning_rate': 0.0002, 'epoch': 0.91}
{'loss': 0.3745, 'learning_rate': 0.0002, 'epoch': 0.91}
{'loss': 0.3151, 'learning_rate': 0.0002, 'epoch': 0.91}
{'loss': 0.3341, 'learning_rate': 0.0002, 'epoch': 0.91}
{'loss': 0.4788, 'learning_rate': 0.0002, 'epoch': 0.92}
{'loss': 0.3974, 'learning_rate': 0.0002, 'epoch': 0.92}
{'loss': 0.3259, 'learning_rate': 0.0002, 'epoch': 0.92}
{'loss': 0.3436, 'learning_rate': 0.0002, 'epoch': 0.92}
{'loss': 0.2991, 'learning_rate': 0.0002, 'epoch': 0.92}
{'loss': 0.3451, 'learning_rate': 0.0002, 'epoch': 0.92}
{'loss': 0.2913, 'learning_rate': 0.0002, 'epoch': 0.92}
{'loss': 0.3003, 'learning_rate': 0.0002, 'epoch': 0.92}
{'loss': 0.2942, 'learning_rate': 0.0002, 'epoch': 0.92}
{'loss': 0.5545, 'learning_rate': 0.0002, 'epoch': 0.92}
{'loss': 0.3492, 'learning_rate': 0.0002, 'epoch': 0.93}
{'loss': 0.3318, 'learning_rate': 0.0002, 'epoch': 0.93}
{'loss': 0.2831, 'learning_rate': 0.0002, 'epoch': 0.93}
{'loss': 0.3756, 'learning_rate': 0.0002, 'epoch': 0.93}
{'loss': 0.3096, 'learning_rate': 0.0002, 'epoch': 0.93}
{'loss': 0.4165, 'learning_rate': 0.0002, 'epoch': 0.93}
{'loss': 0.3138, 'learning_rate': 0.0002, 'epoch': 0.93}
{'loss': 0.2842, 'learning_rate': 0.0002, 'epoch': 0.93}
{'loss': 0.3323, 'learning_rate': 0.0002, 'epoch': 0.93}
{'loss': 0.3271, 'learning_rate': 0.0002, 'epoch': 0.93}
{'loss': 0.3238, 'learning_rate': 0.0002, 'epoch': 0.94}
{'loss': 0.3063, 'learning_rate': 0.0002, 'epoch': 0.94}
{'loss': 0.3337, 'learning_rate': 0.0002, 'epoch': 0.94}
{'loss': 0.4757, 'learning_rate': 0.0002, 'epoch': 0.94}
{'loss': 0.2902, 'learning_rate': 0.0002, 'epoch': 0.94}
{'loss': 0.3715, 'learning_rate': 0.0002, 'epoch': 0.94}
{'loss': 0.409, 'learning_rate': 0.0002, 'epoch': 0.94}
{'loss': 0.2793, 'learning_rate': 0.0002, 'epoch': 0.94}
{'loss': 0.3456, 'learning_rate': 0.0002, 'epoch': 0.94}
{'loss': 0.3056, 'learning_rate': 0.0002, 'epoch': 0.95}
{'loss': 0.3949, 'learning_rate': 0.0002, 'epoch': 0.95}
{'loss': 0.3411, 'learning_rate': 0.0002, 'epoch': 0.95}
{'loss': 0.2537, 'learning_rate': 0.0002, 'epoch': 0.95}
{'loss': 0.2778, 'learning_rate': 0.0002, 'epoch': 0.95}
{'loss': 0.4189, 'learning_rate': 0.0002, 'epoch': 0.95}
{'loss': 0.368, 'learning_rate': 0.0002, 'epoch': 0.95}
{'loss': 0.3009, 'learning_rate': 0.0002, 'epoch': 0.95}
{'loss': 0.3168, 'learning_rate': 0.0002, 'epoch': 0.95}
{'loss': 0.3322, 'learning_rate': 0.0002, 'epoch': 0.95}
{'loss': 0.296, 'learning_rate': 0.0002, 'epoch': 0.96}
{'loss': 0.3494, 'learning_rate': 0.0002, 'epoch': 0.96}
{'loss': 0.3052, 'learning_rate': 0.0002, 'epoch': 0.96}
{'loss': 0.3053, 'learning_rate': 0.0002, 'epoch': 0.96}
{'loss': 0.2759, 'learning_rate': 0.0002, 'epoch': 0.96}
{'loss': 0.3502, 'learning_rate': 0.0002, 'epoch': 0.96}
{'loss': 0.3019, 'learning_rate': 0.0002, 'epoch': 0.96}
{'loss': 0.4263, 'learning_rate': 0.0002, 'epoch': 0.96}
{'loss': 0.2919, 'learning_rate': 0.0002, 'epoch': 0.96}
{'loss': 0.2744, 'learning_rate': 0.0002, 'epoch': 0.96}
{'loss': 0.3607, 'learning_rate': 0.0002, 'epoch': 0.97}
{'loss': 0.3152, 'learning_rate': 0.0002, 'epoch': 0.97}
{'loss': 0.2668, 'learning_rate': 0.0002, 'epoch': 0.97}
{'loss': 0.2932, 'learning_rate': 0.0002, 'epoch': 0.97}
{'loss': 0.3502, 'learning_rate': 0.0002, 'epoch': 0.97}
{'loss': 0.3863, 'learning_rate': 0.0002, 'epoch': 0.97}
{'loss': 0.3378, 'learning_rate': 0.0002, 'epoch': 0.97}
{'loss': 0.2952, 'learning_rate': 0.0002, 'epoch': 0.97}
{'loss': 0.3217, 'learning_rate': 0.0002, 'epoch': 0.97}
{'loss': 0.3241, 'learning_rate': 0.0002, 'epoch': 0.97}
{'loss': 0.3601, 'learning_rate': 0.0002, 'epoch': 0.98}
{'loss': 0.3904, 'learning_rate': 0.0002, 'epoch': 0.98}
{'loss': 0.307, 'learning_rate': 0.0002, 'epoch': 0.98}
{'loss': 0.3346, 'learning_rate': 0.0002, 'epoch': 0.98}
{'loss': 0.3279, 'learning_rate': 0.0002, 'epoch': 0.98}
{'loss': 0.3284, 'learning_rate': 0.0002, 'epoch': 0.98}
{'loss': 0.3238, 'learning_rate': 0.0002, 'epoch': 0.98}
{'loss': 0.2887, 'learning_rate': 0.0002, 'epoch': 0.98}
{'loss': 0.4091, 'learning_rate': 0.0002, 'epoch': 0.98}
{'loss': 0.3351, 'learning_rate': 0.0002, 'epoch': 0.98}
{'loss': 0.3349, 'learning_rate': 0.0002, 'epoch': 0.99}
{'loss': 0.2762, 'learning_rate': 0.0002, 'epoch': 0.99}
{'loss': 0.2445, 'learning_rate': 0.0002, 'epoch': 0.99}
{'loss': 0.3323, 'learning_rate': 0.0002, 'epoch': 0.99}
{'loss': 0.3079, 'learning_rate': 0.0002, 'epoch': 0.99}
{'loss': 0.3013, 'learning_rate': 0.0002, 'epoch': 0.99}
{'loss': 0.3489, 'learning_rate': 0.0002, 'epoch': 0.99}
{'loss': 0.323, 'learning_rate': 0.0002, 'epoch': 0.99}
{'loss': 0.3908, 'learning_rate': 0.0002, 'epoch': 0.99}
{'loss': 0.3795, 'learning_rate': 0.0002, 'epoch': 0.99}
{'loss': 0.3195, 'learning_rate': 0.0002, 'epoch': 1.0}
{'loss': 0.337, 'learning_rate': 0.0002, 'epoch': 1.0}
{'loss': 0.2479, 'learning_rate': 0.0002, 'epoch': 1.0}
{'loss': 0.31, 'learning_rate': 0.0002, 'epoch': 1.0}
{'loss': 0.3281, 'learning_rate': 0.0002, 'epoch': 1.0}
{'train_runtime': 6886.9637, 'train_samples_per_second': 3.422, 'train_steps_per_second': 0.143, 'train_loss': 0.34894576469956007, 'epoch': 1.0}
[2025-07-24 23:19:53,142] [INFO] [launch.py:347:main] Process 4082967 exits successfully.
[2025-07-24 23:19:54,144] [INFO] [launch.py:347:main] Process 4082966 exits successfully.
[2025-07-24 23:19:54,144] [INFO] [launch.py:347:main] Process 4082968 exits successfully.
value_counts_commonsense.txt
{1: 52556881, 0: 51105837, 3: 50485668, 2: 50269448, -1: 8826518}
Model merge completed successfully.
