[2025-07-27 00:26:47,123] [INFO] [real_accelerator.py:110:get_accelerator] Setting ds_accelerator to cuda (auto detect)
[2025-07-27 00:29:41,451] [WARNING] [runner.py:196:fetch_hostfile] Unable to find hostfile, will proceed with training with local resources only.
[2025-07-27 00:29:41,452] [INFO] [runner.py:555:main] cmd = /work/09359/mf0463/ls6/miniconda3/envs/clmoe/bin/python -u -m deepspeed.launcher.launch --world_info=eyJsb2NhbGhvc3QiOiBbMCwgMSwgMl19 --master_addr=127.0.0.1 --master_port=29600 --enable_each_rank_log=None llava/train/train_mem_MOE.py --deepspeed ./scripts/zero3_offload.json --lora_enable True --lora_r 32 --lora_alpha 64 --mm_projector_lr 2e-5 --expert_num 4 --model_name_or_path /work/09359/mf0463/ls6/CL-MoE/checkpoint/vicuna-7b-v1.5 --previous_task_model_path ./checkpoints/CL4VQA/color/llava-1.5-7b-lora --version v1 --data_path /work/09359/mf0463/ls6/CL-MoE/data/CL4VQA/train/train_q_type.json --image_folder /work/09359/mf0463/ls6/ --vision_tower /work/09359/mf0463/ls6/CL-MoE/checkpoint/clip-vit-large-patch14-336 --mm_projector_type mlp2x_gelu --mm_vision_select_layer -2 --mm_use_im_start_end False --mm_use_im_patch_token False --image_aspect_ratio pad --group_by_modality_length True --bf16 True --output_dir ./checkpoints/CL4VQA/Only_Pretrain_1.5_MOE_2/type/llava-1.5-7b-lora --num_train_epochs 1 --per_device_train_batch_size 8 --per_device_eval_batch_size 16 --gradient_accumulation_steps 1 --evaluation_strategy no --save_strategy steps --save_steps 50000 --learning_rate 2e-4 --weight_decay 0. --warmup_ratio 0.03 --lr_scheduler_type cosine --logging_steps 1 --tf32 True --model_max_length 2048 --gradient_checkpointing True --dataloader_num_workers 4 --lazy_preprocess True --report_to none --task type
[2025-07-27 00:29:43,504] [INFO] [real_accelerator.py:110:get_accelerator] Setting ds_accelerator to cuda (auto detect)
[2025-07-27 00:29:51,151] [INFO] [launch.py:145:main] WORLD INFO DICT: {'localhost': [0, 1, 2]}
[2025-07-27 00:29:51,151] [INFO] [launch.py:151:main] nnodes=1, num_local_procs=3, node_rank=0
[2025-07-27 00:29:51,151] [INFO] [launch.py:162:main] global_rank_mapping=defaultdict(<class 'list'>, {'localhost': [0, 1, 2]})
[2025-07-27 00:29:51,151] [INFO] [launch.py:163:main] dist_world_size=3
[2025-07-27 00:29:51,151] [INFO] [launch.py:165:main] Setting CUDA_VISIBLE_DEVICES=0,1,2
[2025-07-27 00:29:55,491] [INFO] [real_accelerator.py:110:get_accelerator] Setting ds_accelerator to cuda (auto detect)
[2025-07-27 00:29:55,491] [INFO] [real_accelerator.py:110:get_accelerator] Setting ds_accelerator to cuda (auto detect)
[2025-07-27 00:29:55,491] [INFO] [real_accelerator.py:110:get_accelerator] Setting ds_accelerator to cuda (auto detect)
[2025-07-27 00:30:05,978] [WARNING] [comm.py:152:init_deepspeed_backend] NCCL backend in DeepSpeed not yet implemented
[2025-07-27 00:30:05,978] [WARNING] [comm.py:152:init_deepspeed_backend] NCCL backend in DeepSpeed not yet implemented
[2025-07-27 00:30:05,978] [WARNING] [comm.py:152:init_deepspeed_backend] NCCL backend in DeepSpeed not yet implemented
[2025-07-27 00:30:05,978] [INFO] [comm.py:594:init_distributed] cdb=None
[2025-07-27 00:30:05,978] [INFO] [comm.py:594:init_distributed] cdb=None
[2025-07-27 00:30:05,978] [INFO] [comm.py:594:init_distributed] cdb=None
[2025-07-27 00:30:05,978] [INFO] [comm.py:625:init_distributed] Initializing TorchBackend in DeepSpeed with backend nccl
[2025-07-27 00:30:23,580] [INFO] [partition_parameters.py:453:__exit__] finished initializing model with 6.74B parameters
Adding LoRA adapters...
[2025-07-27 00:32:27,924] [WARNING] [partition_parameters.py:836:_post_init_method] param `class_embedding` in CLIPVisionEmbeddings not on GPU so was not broadcasted from rank 0
[2025-07-27 00:32:28,420] [INFO] [partition_parameters.py:453:__exit__] finished initializing model with 7.04B parameters
Loading additional LLaVA weights...
Loading additional LLaVA weights...
Loading additional LLaVA weights...
Loading LoRA weights...
Loading LoRA weights...
Loading LoRA weights...
Model is loaded...
Model is loaded...
Model is loaded...
Formatting inputs...Skip in lazy mode
ninja: no work to do.
Time to load cpu_adam op: 1.0501978397369385 secondsTime to load cpu_adam op: 1.0499582290649414 seconds

Time to load cpu_adam op: 1.0554468631744385 seconds
Parameter Offload: Total persistent parameters: 49882112 in 1912 params
{'loss': 3.5246, 'learning_rate': 0.0, 'epoch': 0.0}
{'loss': 2.1033, 'learning_rate': 4.160291953530189e-05, 'epoch': 0.0}
{'loss': 1.7208, 'learning_rate': 6.593906738397314e-05, 'epoch': 0.0}
{'loss': 1.7605, 'learning_rate': 8.320583907060378e-05, 'epoch': 0.0}
{'loss': 1.6171, 'learning_rate': 9.659898769835576e-05, 'epoch': 0.01}
{'loss': 1.3406, 'learning_rate': 0.00010754198691927504, 'epoch': 0.01}
{'loss': 1.4051, 'learning_rate': 0.00011679416092939624, 'epoch': 0.01}
{'loss': 2.4982, 'learning_rate': 0.00012480875860590567, 'epoch': 0.01}
{'loss': 2.039, 'learning_rate': 0.00013187813476794627, 'epoch': 0.01}
{'loss': 1.5618, 'learning_rate': 0.00013820190723365768, 'epoch': 0.01}
{'loss': 1.3578, 'learning_rate': 0.00014392245526804667, 'epoch': 0.01}
{'loss': 1.317, 'learning_rate': 0.00014914490645457693, 'epoch': 0.01}
{'loss': 2.0148, 'learning_rate': 0.0001539490958390591, 'epoch': 0.01}
{'loss': 1.7766, 'learning_rate': 0.00015839708046469812, 'epoch': 0.02}
{'loss': 1.5899, 'learning_rate': 0.00016253805508232888, 'epoch': 0.02}
{'loss': 1.1654, 'learning_rate': 0.00016641167814120757, 'epoch': 0.02}
{'loss': 1.4442, 'learning_rate': 0.00017005038768807437, 'epoch': 0.02}
{'loss': 1.4249, 'learning_rate': 0.00017348105430324814, 'epoch': 0.02}
{'loss': 1.5486, 'learning_rate': 0.00017672618653358856, 'epoch': 0.02}
{'loss': 1.3593, 'learning_rate': 0.00017980482676895954, 'epoch': 0.02}
{'loss': 1.0352, 'learning_rate': 0.00018273322831336938, 'epoch': 0.02}
{'loss': 1.2569, 'learning_rate': 0.0001855253748033486, 'epoch': 0.02}
{'loss': 1.331, 'learning_rate': 0.00018819338407079277, 'epoch': 0.03}
{'loss': 1.0567, 'learning_rate': 0.00019074782598987882, 'epoch': 0.03}
{'loss': 1.3417, 'learning_rate': 0.00019319797539671152, 'epoch': 0.03}
{'loss': 1.1918, 'learning_rate': 0.00019555201537436098, 'epoch': 0.03}
{'loss': 1.189, 'learning_rate': 0.00019781720215191942, 'epoch': 0.03}
{'loss': 1.6496, 'learning_rate': 0.0002, 'epoch': 0.03}
{'loss': 1.5144, 'learning_rate': 0.0002, 'epoch': 0.03}
{'loss': 1.2153, 'learning_rate': 0.0002, 'epoch': 0.03}
{'loss': 1.3444, 'learning_rate': 0.0002, 'epoch': 0.03}
{'loss': 1.6055, 'learning_rate': 0.0002, 'epoch': 0.04}
{'loss': 0.9797, 'learning_rate': 0.0002, 'epoch': 0.04}
{'loss': 0.9979, 'learning_rate': 0.0002, 'epoch': 0.04}
{'loss': 1.1915, 'learning_rate': 0.0002, 'epoch': 0.04}
{'loss': 1.3393, 'learning_rate': 0.0002, 'epoch': 0.04}
{'loss': 1.045, 'learning_rate': 0.0002, 'epoch': 0.04}
{'loss': 1.1728, 'learning_rate': 0.0002, 'epoch': 0.04}
{'loss': 1.1477, 'learning_rate': 0.0002, 'epoch': 0.04}
{'loss': 1.1371, 'learning_rate': 0.0002, 'epoch': 0.04}
{'loss': 1.015, 'learning_rate': 0.0002, 'epoch': 0.05}
{'loss': 1.1359, 'learning_rate': 0.0002, 'epoch': 0.05}
{'loss': 1.3507, 'learning_rate': 0.0002, 'epoch': 0.05}
{'loss': 1.1984, 'learning_rate': 0.0002, 'epoch': 0.05}
{'loss': 1.5028, 'learning_rate': 0.0002, 'epoch': 0.05}
{'loss': 1.0055, 'learning_rate': 0.0002, 'epoch': 0.05}
{'loss': 1.1076, 'learning_rate': 0.0002, 'epoch': 0.05}
{'loss': 0.9233, 'learning_rate': 0.0002, 'epoch': 0.05}
{'loss': 0.81, 'learning_rate': 0.0002, 'epoch': 0.05}
{'loss': 1.3293, 'learning_rate': 0.0002, 'epoch': 0.06}
{'loss': 1.1629, 'learning_rate': 0.0002, 'epoch': 0.06}
{'loss': 1.231, 'learning_rate': 0.0002, 'epoch': 0.06}
{'loss': 1.2142, 'learning_rate': 0.0002, 'epoch': 0.06}
{'loss': 0.7117, 'learning_rate': 0.0002, 'epoch': 0.06}
{'loss': 1.2405, 'learning_rate': 0.0002, 'epoch': 0.06}
{'loss': 1.3245, 'learning_rate': 0.0002, 'epoch': 0.06}
{'loss': 1.5438, 'learning_rate': 0.0002, 'epoch': 0.06}
{'loss': 1.4996, 'learning_rate': 0.0002, 'epoch': 0.06}
{'loss': 1.1199, 'learning_rate': 0.0002, 'epoch': 0.06}
{'loss': 0.854, 'learning_rate': 0.0002, 'epoch': 0.07}
{'loss': 1.1832, 'learning_rate': 0.0002, 'epoch': 0.07}
{'loss': 1.0442, 'learning_rate': 0.0002, 'epoch': 0.07}
{'loss': 0.7881, 'learning_rate': 0.0002, 'epoch': 0.07}
{'loss': 0.7992, 'learning_rate': 0.0002, 'epoch': 0.07}
{'loss': 0.9842, 'learning_rate': 0.0002, 'epoch': 0.07}
{'loss': 1.3877, 'learning_rate': 0.0002, 'epoch': 0.07}
{'loss': 0.9261, 'learning_rate': 0.0002, 'epoch': 0.07}
{'loss': 0.9735, 'learning_rate': 0.0002, 'epoch': 0.07}
{'loss': 1.0487, 'learning_rate': 0.0002, 'epoch': 0.08}
{'loss': 0.9822, 'learning_rate': 0.0002, 'epoch': 0.08}
{'loss': 1.2444, 'learning_rate': 0.0002, 'epoch': 0.08}
{'loss': 0.9456, 'learning_rate': 0.0002, 'epoch': 0.08}
{'loss': 1.1492, 'learning_rate': 0.0002, 'epoch': 0.08}
{'loss': 0.9482, 'learning_rate': 0.0002, 'epoch': 0.08}
{'loss': 1.1361, 'learning_rate': 0.0002, 'epoch': 0.08}
{'loss': 0.9507, 'learning_rate': 0.0002, 'epoch': 0.08}
{'loss': 1.0027, 'learning_rate': 0.0002, 'epoch': 0.08}
{'loss': 1.0605, 'learning_rate': 0.0002, 'epoch': 0.09}
{'loss': 1.2693, 'learning_rate': 0.0002, 'epoch': 0.09}
{'loss': 1.001, 'learning_rate': 0.0002, 'epoch': 0.09}
{'loss': 1.2593, 'learning_rate': 0.0002, 'epoch': 0.09}
{'loss': 1.0622, 'learning_rate': 0.0002, 'epoch': 0.09}
{'loss': 1.0081, 'learning_rate': 0.0002, 'epoch': 0.09}
{'loss': 1.2992, 'learning_rate': 0.0002, 'epoch': 0.09}
{'loss': 0.9471, 'learning_rate': 0.0002, 'epoch': 0.09}
{'loss': 1.0557, 'learning_rate': 0.0002, 'epoch': 0.09}
{'loss': 0.8625, 'learning_rate': 0.0002, 'epoch': 0.1}
{'loss': 1.0125, 'learning_rate': 0.0002, 'epoch': 0.1}
{'loss': 1.0056, 'learning_rate': 0.0002, 'epoch': 0.1}
{'loss': 1.2561, 'learning_rate': 0.0002, 'epoch': 0.1}
{'loss': 0.9649, 'learning_rate': 0.0002, 'epoch': 0.1}
{'loss': 1.0704, 'learning_rate': 0.0002, 'epoch': 0.1}
{'loss': 1.001, 'learning_rate': 0.0002, 'epoch': 0.1}
{'loss': 1.0605, 'learning_rate': 0.0002, 'epoch': 0.1}
{'loss': 1.2545, 'learning_rate': 0.0002, 'epoch': 0.1}
{'loss': 1.2225, 'learning_rate': 0.0002, 'epoch': 0.11}
{'loss': 0.9917, 'learning_rate': 0.0002, 'epoch': 0.11}
{'loss': 1.151, 'learning_rate': 0.0002, 'epoch': 0.11}
{'loss': 0.8786, 'learning_rate': 0.0002, 'epoch': 0.11}
{'loss': 0.9209, 'learning_rate': 0.0002, 'epoch': 0.11}
{'loss': 0.9212, 'learning_rate': 0.0002, 'epoch': 0.11}
{'loss': 0.7744, 'learning_rate': 0.0002, 'epoch': 0.11}
{'loss': 0.8669, 'learning_rate': 0.0002, 'epoch': 0.11}
{'loss': 1.1732, 'learning_rate': 0.0002, 'epoch': 0.11}
{'loss': 0.9496, 'learning_rate': 0.0002, 'epoch': 0.12}
{'loss': 0.831, 'learning_rate': 0.0002, 'epoch': 0.12}
{'loss': 1.2365, 'learning_rate': 0.0002, 'epoch': 0.12}
{'loss': 0.993, 'learning_rate': 0.0002, 'epoch': 0.12}
{'loss': 0.8688, 'learning_rate': 0.0002, 'epoch': 0.12}
{'loss': 1.0177, 'learning_rate': 0.0002, 'epoch': 0.12}
{'loss': 0.7718, 'learning_rate': 0.0002, 'epoch': 0.12}
{'loss': 0.9937, 'learning_rate': 0.0002, 'epoch': 0.12}
{'loss': 0.7999, 'learning_rate': 0.0002, 'epoch': 0.12}
{'loss': 1.5482, 'learning_rate': 0.0002, 'epoch': 0.13}
{'loss': 0.8258, 'learning_rate': 0.0002, 'epoch': 0.13}
{'loss': 0.7941, 'learning_rate': 0.0002, 'epoch': 0.13}
{'loss': 1.0317, 'learning_rate': 0.0002, 'epoch': 0.13}
{'loss': 1.1061, 'learning_rate': 0.0002, 'epoch': 0.13}
{'loss': 0.8119, 'learning_rate': 0.0002, 'epoch': 0.13}
{'loss': 0.6602, 'learning_rate': 0.0002, 'epoch': 0.13}
{'loss': 1.1405, 'learning_rate': 0.0002, 'epoch': 0.13}
{'loss': 1.0294, 'learning_rate': 0.0002, 'epoch': 0.13}
{'loss': 0.8965, 'learning_rate': 0.0002, 'epoch': 0.14}
{'loss': 0.8173, 'learning_rate': 0.0002, 'epoch': 0.14}
{'loss': 0.8976, 'learning_rate': 0.0002, 'epoch': 0.14}
{'loss': 0.8098, 'learning_rate': 0.0002, 'epoch': 0.14}
{'loss': 0.809, 'learning_rate': 0.0002, 'epoch': 0.14}
{'loss': 1.0538, 'learning_rate': 0.0002, 'epoch': 0.14}
{'loss': 0.5347, 'learning_rate': 0.0002, 'epoch': 0.14}
{'loss': 1.0683, 'learning_rate': 0.0002, 'epoch': 0.14}
{'loss': 0.8048, 'learning_rate': 0.0002, 'epoch': 0.14}
{'loss': 0.7537, 'learning_rate': 0.0002, 'epoch': 0.15}
{'loss': 1.0343, 'learning_rate': 0.0002, 'epoch': 0.15}
{'loss': 0.8709, 'learning_rate': 0.0002, 'epoch': 0.15}
{'loss': 0.9268, 'learning_rate': 0.0002, 'epoch': 0.15}
{'loss': 0.9906, 'learning_rate': 0.0002, 'epoch': 0.15}
{'loss': 0.7255, 'learning_rate': 0.0002, 'epoch': 0.15}
{'loss': 1.0793, 'learning_rate': 0.0002, 'epoch': 0.15}
{'loss': 1.0856, 'learning_rate': 0.0002, 'epoch': 0.15}
{'loss': 0.8587, 'learning_rate': 0.0002, 'epoch': 0.15}
{'loss': 0.6113, 'learning_rate': 0.0002, 'epoch': 0.16}
{'loss': 0.7071, 'learning_rate': 0.0002, 'epoch': 0.16}
{'loss': 0.7497, 'learning_rate': 0.0002, 'epoch': 0.16}
{'loss': 0.8989, 'learning_rate': 0.0002, 'epoch': 0.16}
{'loss': 0.8712, 'learning_rate': 0.0002, 'epoch': 0.16}
{'loss': 0.8975, 'learning_rate': 0.0002, 'epoch': 0.16}
{'loss': 0.8603, 'learning_rate': 0.0002, 'epoch': 0.16}
{'loss': 0.9744, 'learning_rate': 0.0002, 'epoch': 0.16}
{'loss': 1.1108, 'learning_rate': 0.0002, 'epoch': 0.16}
{'loss': 0.8335, 'learning_rate': 0.0002, 'epoch': 0.17}
{'loss': 0.6688, 'learning_rate': 0.0002, 'epoch': 0.17}
{'loss': 0.9428, 'learning_rate': 0.0002, 'epoch': 0.17}
{'loss': 0.9317, 'learning_rate': 0.0002, 'epoch': 0.17}
{'loss': 0.9729, 'learning_rate': 0.0002, 'epoch': 0.17}
{'loss': 0.916, 'learning_rate': 0.0002, 'epoch': 0.17}
{'loss': 1.1617, 'learning_rate': 0.0002, 'epoch': 0.17}
{'loss': 0.5943, 'learning_rate': 0.0002, 'epoch': 0.17}
{'loss': 0.8507, 'learning_rate': 0.0002, 'epoch': 0.17}
{'loss': 0.6349, 'learning_rate': 0.0002, 'epoch': 0.18}
{'loss': 1.31, 'learning_rate': 0.0002, 'epoch': 0.18}
{'loss': 0.6513, 'learning_rate': 0.0002, 'epoch': 0.18}
{'loss': 1.2064, 'learning_rate': 0.0002, 'epoch': 0.18}
{'loss': 0.9001, 'learning_rate': 0.0002, 'epoch': 0.18}
{'loss': 1.077, 'learning_rate': 0.0002, 'epoch': 0.18}
{'loss': 0.9548, 'learning_rate': 0.0002, 'epoch': 0.18}
{'loss': 0.706, 'learning_rate': 0.0002, 'epoch': 0.18}
{'loss': 1.0309, 'learning_rate': 0.0002, 'epoch': 0.18}
{'loss': 1.0705, 'learning_rate': 0.0002, 'epoch': 0.19}
{'loss': 0.7386, 'learning_rate': 0.0002, 'epoch': 0.19}
{'loss': 0.7489, 'learning_rate': 0.0002, 'epoch': 0.19}
{'loss': 0.8708, 'learning_rate': 0.0002, 'epoch': 0.19}
{'loss': 0.7858, 'learning_rate': 0.0002, 'epoch': 0.19}
{'loss': 1.0043, 'learning_rate': 0.0002, 'epoch': 0.19}
{'loss': 0.9119, 'learning_rate': 0.0002, 'epoch': 0.19}
{'loss': 0.7867, 'learning_rate': 0.0002, 'epoch': 0.19}
{'loss': 1.1041, 'learning_rate': 0.0002, 'epoch': 0.19}
{'loss': 0.779, 'learning_rate': 0.0002, 'epoch': 0.19}
{'loss': 0.6914, 'learning_rate': 0.0002, 'epoch': 0.2}
{'loss': 0.8768, 'learning_rate': 0.0002, 'epoch': 0.2}
{'loss': 0.9127, 'learning_rate': 0.0002, 'epoch': 0.2}
{'loss': 0.8965, 'learning_rate': 0.0002, 'epoch': 0.2}
{'loss': 1.1035, 'learning_rate': 0.0002, 'epoch': 0.2}
{'loss': 0.942, 'learning_rate': 0.0002, 'epoch': 0.2}
{'loss': 0.753, 'learning_rate': 0.0002, 'epoch': 0.2}
{'loss': 0.5386, 'learning_rate': 0.0002, 'epoch': 0.2}
{'loss': 0.5998, 'learning_rate': 0.0002, 'epoch': 0.2}
{'loss': 0.8342, 'learning_rate': 0.0002, 'epoch': 0.21}
{'loss': 0.7874, 'learning_rate': 0.0002, 'epoch': 0.21}
{'loss': 0.6183, 'learning_rate': 0.0002, 'epoch': 0.21}
{'loss': 0.8273, 'learning_rate': 0.0002, 'epoch': 0.21}
{'loss': 1.0552, 'learning_rate': 0.0002, 'epoch': 0.21}
{'loss': 0.7865, 'learning_rate': 0.0002, 'epoch': 0.21}
{'loss': 0.8096, 'learning_rate': 0.0002, 'epoch': 0.21}
{'loss': 0.8529, 'learning_rate': 0.0002, 'epoch': 0.21}
{'loss': 0.7502, 'learning_rate': 0.0002, 'epoch': 0.21}
{'loss': 0.7029, 'learning_rate': 0.0002, 'epoch': 0.22}
{'loss': 0.994, 'learning_rate': 0.0002, 'epoch': 0.22}
{'loss': 1.1778, 'learning_rate': 0.0002, 'epoch': 0.22}
{'loss': 0.8625, 'learning_rate': 0.0002, 'epoch': 0.22}
{'loss': 1.0386, 'learning_rate': 0.0002, 'epoch': 0.22}
{'loss': 0.6895, 'learning_rate': 0.0002, 'epoch': 0.22}
{'loss': 0.666, 'learning_rate': 0.0002, 'epoch': 0.22}
{'loss': 0.7148, 'learning_rate': 0.0002, 'epoch': 0.22}
{'loss': 0.7408, 'learning_rate': 0.0002, 'epoch': 0.22}
{'loss': 0.768, 'learning_rate': 0.0002, 'epoch': 0.23}
{'loss': 0.787, 'learning_rate': 0.0002, 'epoch': 0.23}
{'loss': 0.7538, 'learning_rate': 0.0002, 'epoch': 0.23}
{'loss': 0.8345, 'learning_rate': 0.0002, 'epoch': 0.23}
{'loss': 0.6388, 'learning_rate': 0.0002, 'epoch': 0.23}
{'loss': 1.1113, 'learning_rate': 0.0002, 'epoch': 0.23}
{'loss': 0.896, 'learning_rate': 0.0002, 'epoch': 0.23}
{'loss': 0.9156, 'learning_rate': 0.0002, 'epoch': 0.23}
{'loss': 0.8691, 'learning_rate': 0.0002, 'epoch': 0.23}
{'loss': 0.6111, 'learning_rate': 0.0002, 'epoch': 0.24}
{'loss': 0.8458, 'learning_rate': 0.0002, 'epoch': 0.24}
{'loss': 0.718, 'learning_rate': 0.0002, 'epoch': 0.24}
{'loss': 1.1633, 'learning_rate': 0.0002, 'epoch': 0.24}
{'loss': 0.7936, 'learning_rate': 0.0002, 'epoch': 0.24}
{'loss': 0.7022, 'learning_rate': 0.0002, 'epoch': 0.24}
{'loss': 0.8529, 'learning_rate': 0.0002, 'epoch': 0.24}
{'loss': 1.0491, 'learning_rate': 0.0002, 'epoch': 0.24}
{'loss': 0.9854, 'learning_rate': 0.0002, 'epoch': 0.24}
{'loss': 0.7922, 'learning_rate': 0.0002, 'epoch': 0.25}
{'loss': 0.9613, 'learning_rate': 0.0002, 'epoch': 0.25}
{'loss': 0.9204, 'learning_rate': 0.0002, 'epoch': 0.25}
{'loss': 0.8911, 'learning_rate': 0.0002, 'epoch': 0.25}
{'loss': 0.98, 'learning_rate': 0.0002, 'epoch': 0.25}
{'loss': 0.7511, 'learning_rate': 0.0002, 'epoch': 0.25}
{'loss': 0.8908, 'learning_rate': 0.0002, 'epoch': 0.25}
{'loss': 0.9963, 'learning_rate': 0.0002, 'epoch': 0.25}
{'loss': 0.7827, 'learning_rate': 0.0002, 'epoch': 0.25}
{'loss': 0.8048, 'learning_rate': 0.0002, 'epoch': 0.26}
{'loss': 1.1758, 'learning_rate': 0.0002, 'epoch': 0.26}
{'loss': 0.8919, 'learning_rate': 0.0002, 'epoch': 0.26}
{'loss': 0.7354, 'learning_rate': 0.0002, 'epoch': 0.26}
{'loss': 1.1264, 'learning_rate': 0.0002, 'epoch': 0.26}
{'loss': 1.046, 'learning_rate': 0.0002, 'epoch': 0.26}
{'loss': 0.5912, 'learning_rate': 0.0002, 'epoch': 0.26}
{'loss': 0.9912, 'learning_rate': 0.0002, 'epoch': 0.26}
{'loss': 0.8633, 'learning_rate': 0.0002, 'epoch': 0.26}
{'loss': 0.7833, 'learning_rate': 0.0002, 'epoch': 0.27}
{'loss': 0.7212, 'learning_rate': 0.0002, 'epoch': 0.27}
{'loss': 0.7589, 'learning_rate': 0.0002, 'epoch': 0.27}
{'loss': 0.7437, 'learning_rate': 0.0002, 'epoch': 0.27}
{'loss': 0.7334, 'learning_rate': 0.0002, 'epoch': 0.27}
{'loss': 0.8351, 'learning_rate': 0.0002, 'epoch': 0.27}
{'loss': 0.6069, 'learning_rate': 0.0002, 'epoch': 0.27}
{'loss': 0.9268, 'learning_rate': 0.0002, 'epoch': 0.27}
{'loss': 0.6184, 'learning_rate': 0.0002, 'epoch': 0.27}
{'loss': 0.7761, 'learning_rate': 0.0002, 'epoch': 0.28}
{'loss': 0.7378, 'learning_rate': 0.0002, 'epoch': 0.28}
{'loss': 0.7498, 'learning_rate': 0.0002, 'epoch': 0.28}
{'loss': 0.9402, 'learning_rate': 0.0002, 'epoch': 0.28}
{'loss': 1.1912, 'learning_rate': 0.0002, 'epoch': 0.28}
{'loss': 0.6148, 'learning_rate': 0.0002, 'epoch': 0.28}
{'loss': 1.0033, 'learning_rate': 0.0002, 'epoch': 0.28}
{'loss': 0.9088, 'learning_rate': 0.0002, 'epoch': 0.28}
{'loss': 0.9486, 'learning_rate': 0.0002, 'epoch': 0.28}
{'loss': 0.8568, 'learning_rate': 0.0002, 'epoch': 0.29}
{'loss': 0.8909, 'learning_rate': 0.0002, 'epoch': 0.29}
{'loss': 1.0749, 'learning_rate': 0.0002, 'epoch': 0.29}
{'loss': 0.8228, 'learning_rate': 0.0002, 'epoch': 0.29}
{'loss': 0.8888, 'learning_rate': 0.0002, 'epoch': 0.29}
{'loss': 1.0337, 'learning_rate': 0.0002, 'epoch': 0.29}
{'loss': 0.8105, 'learning_rate': 0.0002, 'epoch': 0.29}
{'loss': 0.9486, 'learning_rate': 0.0002, 'epoch': 0.29}
{'loss': 0.6739, 'learning_rate': 0.0002, 'epoch': 0.29}
{'loss': 1.0057, 'learning_rate': 0.0002, 'epoch': 0.3}
{'loss': 0.9303, 'learning_rate': 0.0002, 'epoch': 0.3}
{'loss': 0.5745, 'learning_rate': 0.0002, 'epoch': 0.3}
{'loss': 0.7823, 'learning_rate': 0.0002, 'epoch': 0.3}
{'loss': 0.9301, 'learning_rate': 0.0002, 'epoch': 0.3}
{'loss': 0.8424, 'learning_rate': 0.0002, 'epoch': 0.3}
{'loss': 0.6118, 'learning_rate': 0.0002, 'epoch': 0.3}
{'loss': 0.7729, 'learning_rate': 0.0002, 'epoch': 0.3}
{'loss': 0.7021, 'learning_rate': 0.0002, 'epoch': 0.3}
{'loss': 0.9595, 'learning_rate': 0.0002, 'epoch': 0.31}
{'loss': 0.5381, 'learning_rate': 0.0002, 'epoch': 0.31}
{'loss': 0.9056, 'learning_rate': 0.0002, 'epoch': 0.31}
{'loss': 0.7385, 'learning_rate': 0.0002, 'epoch': 0.31}
{'loss': 0.9376, 'learning_rate': 0.0002, 'epoch': 0.31}
{'loss': 0.8659, 'learning_rate': 0.0002, 'epoch': 0.31}
{'loss': 0.6612, 'learning_rate': 0.0002, 'epoch': 0.31}
{'loss': 0.9597, 'learning_rate': 0.0002, 'epoch': 0.31}
{'loss': 0.8218, 'learning_rate': 0.0002, 'epoch': 0.31}
{'loss': 0.6194, 'learning_rate': 0.0002, 'epoch': 0.31}
{'loss': 0.6072, 'learning_rate': 0.0002, 'epoch': 0.32}
{'loss': 0.5827, 'learning_rate': 0.0002, 'epoch': 0.32}
{'loss': 0.8251, 'learning_rate': 0.0002, 'epoch': 0.32}
{'loss': 0.7261, 'learning_rate': 0.0002, 'epoch': 0.32}
{'loss': 0.9203, 'learning_rate': 0.0002, 'epoch': 0.32}
{'loss': 1.0978, 'learning_rate': 0.0002, 'epoch': 0.32}
{'loss': 0.6825, 'learning_rate': 0.0002, 'epoch': 0.32}
{'loss': 0.6307, 'learning_rate': 0.0002, 'epoch': 0.32}
{'loss': 0.7631, 'learning_rate': 0.0002, 'epoch': 0.32}
{'loss': 0.6745, 'learning_rate': 0.0002, 'epoch': 0.33}
{'loss': 0.6387, 'learning_rate': 0.0002, 'epoch': 0.33}
{'loss': 0.7525, 'learning_rate': 0.0002, 'epoch': 0.33}
{'loss': 0.8902, 'learning_rate': 0.0002, 'epoch': 0.33}
{'loss': 0.7397, 'learning_rate': 0.0002, 'epoch': 0.33}
{'loss': 0.8815, 'learning_rate': 0.0002, 'epoch': 0.33}
{'loss': 0.6988, 'learning_rate': 0.0002, 'epoch': 0.33}
{'loss': 0.7315, 'learning_rate': 0.0002, 'epoch': 0.33}
{'loss': 0.6126, 'learning_rate': 0.0002, 'epoch': 0.33}
{'loss': 0.9513, 'learning_rate': 0.0002, 'epoch': 0.34}
{'loss': 0.4793, 'learning_rate': 0.0002, 'epoch': 0.34}
{'loss': 0.9829, 'learning_rate': 0.0002, 'epoch': 0.34}
{'loss': 0.8605, 'learning_rate': 0.0002, 'epoch': 0.34}
{'loss': 0.7969, 'learning_rate': 0.0002, 'epoch': 0.34}
{'loss': 0.672, 'learning_rate': 0.0002, 'epoch': 0.34}
{'loss': 0.6184, 'learning_rate': 0.0002, 'epoch': 0.34}
{'loss': 0.8601, 'learning_rate': 0.0002, 'epoch': 0.34}
{'loss': 0.5469, 'learning_rate': 0.0002, 'epoch': 0.34}
{'loss': 0.6846, 'learning_rate': 0.0002, 'epoch': 0.35}
{'loss': 0.6105, 'learning_rate': 0.0002, 'epoch': 0.35}
{'loss': 0.8351, 'learning_rate': 0.0002, 'epoch': 0.35}
{'loss': 0.9401, 'learning_rate': 0.0002, 'epoch': 0.35}
{'loss': 0.7963, 'learning_rate': 0.0002, 'epoch': 0.35}
{'loss': 0.7601, 'learning_rate': 0.0002, 'epoch': 0.35}
{'loss': 0.9831, 'learning_rate': 0.0002, 'epoch': 0.35}
{'loss': 0.5604, 'learning_rate': 0.0002, 'epoch': 0.35}
{'loss': 0.6746, 'learning_rate': 0.0002, 'epoch': 0.35}
{'loss': 0.5716, 'learning_rate': 0.0002, 'epoch': 0.36}
{'loss': 0.9686, 'learning_rate': 0.0002, 'epoch': 0.36}
{'loss': 0.6709, 'learning_rate': 0.0002, 'epoch': 0.36}
{'loss': 0.587, 'learning_rate': 0.0002, 'epoch': 0.36}
{'loss': 0.965, 'learning_rate': 0.0002, 'epoch': 0.36}
{'loss': 0.8873, 'learning_rate': 0.0002, 'epoch': 0.36}
{'loss': 0.9286, 'learning_rate': 0.0002, 'epoch': 0.36}
{'loss': 0.6268, 'learning_rate': 0.0002, 'epoch': 0.36}
{'loss': 0.6716, 'learning_rate': 0.0002, 'epoch': 0.36}
{'loss': 0.9225, 'learning_rate': 0.0002, 'epoch': 0.37}
{'loss': 0.6248, 'learning_rate': 0.0002, 'epoch': 0.37}
{'loss': 0.8396, 'learning_rate': 0.0002, 'epoch': 0.37}
{'loss': 0.79, 'learning_rate': 0.0002, 'epoch': 0.37}
{'loss': 0.6193, 'learning_rate': 0.0002, 'epoch': 0.37}
{'loss': 0.6357, 'learning_rate': 0.0002, 'epoch': 0.37}
{'loss': 0.7945, 'learning_rate': 0.0002, 'epoch': 0.37}
{'loss': 0.754, 'learning_rate': 0.0002, 'epoch': 0.37}
{'loss': 0.9239, 'learning_rate': 0.0002, 'epoch': 0.37}
{'loss': 0.91, 'learning_rate': 0.0002, 'epoch': 0.38}
{'loss': 0.8255, 'learning_rate': 0.0002, 'epoch': 0.38}
{'loss': 0.8233, 'learning_rate': 0.0002, 'epoch': 0.38}
{'loss': 0.9257, 'learning_rate': 0.0002, 'epoch': 0.38}
{'loss': 0.7677, 'learning_rate': 0.0002, 'epoch': 0.38}
{'loss': 0.649, 'learning_rate': 0.0002, 'epoch': 0.38}
{'loss': 0.7168, 'learning_rate': 0.0002, 'epoch': 0.38}
{'loss': 0.5835, 'learning_rate': 0.0002, 'epoch': 0.38}
{'loss': 0.6236, 'learning_rate': 0.0002, 'epoch': 0.38}
{'loss': 0.6084, 'learning_rate': 0.0002, 'epoch': 0.39}
{'loss': 0.6615, 'learning_rate': 0.0002, 'epoch': 0.39}
{'loss': 0.9325, 'learning_rate': 0.0002, 'epoch': 0.39}
{'loss': 0.82, 'learning_rate': 0.0002, 'epoch': 0.39}
{'loss': 0.7793, 'learning_rate': 0.0002, 'epoch': 0.39}
{'loss': 0.8493, 'learning_rate': 0.0002, 'epoch': 0.39}
{'loss': 0.6774, 'learning_rate': 0.0002, 'epoch': 0.39}
{'loss': 0.5589, 'learning_rate': 0.0002, 'epoch': 0.39}
{'loss': 0.7936, 'learning_rate': 0.0002, 'epoch': 0.39}
{'loss': 0.9011, 'learning_rate': 0.0002, 'epoch': 0.4}
{'loss': 0.8466, 'learning_rate': 0.0002, 'epoch': 0.4}
{'loss': 0.8417, 'learning_rate': 0.0002, 'epoch': 0.4}
{'loss': 0.9132, 'learning_rate': 0.0002, 'epoch': 0.4}
{'loss': 0.4536, 'learning_rate': 0.0002, 'epoch': 0.4}
{'loss': 0.9193, 'learning_rate': 0.0002, 'epoch': 0.4}
{'loss': 0.8441, 'learning_rate': 0.0002, 'epoch': 0.4}
{'loss': 0.9603, 'learning_rate': 0.0002, 'epoch': 0.4}
{'loss': 0.6782, 'learning_rate': 0.0002, 'epoch': 0.4}
{'loss': 0.6528, 'learning_rate': 0.0002, 'epoch': 0.41}
{'loss': 0.6381, 'learning_rate': 0.0002, 'epoch': 0.41}
{'loss': 0.8879, 'learning_rate': 0.0002, 'epoch': 0.41}
{'loss': 0.9454, 'learning_rate': 0.0002, 'epoch': 0.41}
{'loss': 0.6612, 'learning_rate': 0.0002, 'epoch': 0.41}
{'loss': 0.6396, 'learning_rate': 0.0002, 'epoch': 0.41}
{'loss': 0.7982, 'learning_rate': 0.0002, 'epoch': 0.41}
{'loss': 0.6965, 'learning_rate': 0.0002, 'epoch': 0.41}
{'loss': 0.8415, 'learning_rate': 0.0002, 'epoch': 0.41}
{'loss': 0.7893, 'learning_rate': 0.0002, 'epoch': 0.42}
{'loss': 0.6651, 'learning_rate': 0.0002, 'epoch': 0.42}
{'loss': 0.9064, 'learning_rate': 0.0002, 'epoch': 0.42}
{'loss': 1.1119, 'learning_rate': 0.0002, 'epoch': 0.42}
{'loss': 0.8882, 'learning_rate': 0.0002, 'epoch': 0.42}
{'loss': 0.5256, 'learning_rate': 0.0002, 'epoch': 0.42}
{'loss': 1.1581, 'learning_rate': 0.0002, 'epoch': 0.42}
{'loss': 0.7606, 'learning_rate': 0.0002, 'epoch': 0.42}
{'loss': 0.9389, 'learning_rate': 0.0002, 'epoch': 0.42}
{'loss': 0.8282, 'learning_rate': 0.0002, 'epoch': 0.43}
{'loss': 1.1302, 'learning_rate': 0.0002, 'epoch': 0.43}
{'loss': 0.7827, 'learning_rate': 0.0002, 'epoch': 0.43}
{'loss': 0.6087, 'learning_rate': 0.0002, 'epoch': 0.43}
{'loss': 0.8673, 'learning_rate': 0.0002, 'epoch': 0.43}
{'loss': 0.7055, 'learning_rate': 0.0002, 'epoch': 0.43}
{'loss': 1.0447, 'learning_rate': 0.0002, 'epoch': 0.43}
{'loss': 0.7923, 'learning_rate': 0.0002, 'epoch': 0.43}
{'loss': 0.5471, 'learning_rate': 0.0002, 'epoch': 0.43}
{'loss': 0.6745, 'learning_rate': 0.0002, 'epoch': 0.44}
{'loss': 1.1879, 'learning_rate': 0.0002, 'epoch': 0.44}
{'loss': 0.5631, 'learning_rate': 0.0002, 'epoch': 0.44}
{'loss': 0.7073, 'learning_rate': 0.0002, 'epoch': 0.44}
{'loss': 0.7973, 'learning_rate': 0.0002, 'epoch': 0.44}
{'loss': 0.5956, 'learning_rate': 0.0002, 'epoch': 0.44}
{'loss': 0.8002, 'learning_rate': 0.0002, 'epoch': 0.44}
{'loss': 0.5602, 'learning_rate': 0.0002, 'epoch': 0.44}
{'loss': 0.9163, 'learning_rate': 0.0002, 'epoch': 0.44}
{'loss': 0.7239, 'learning_rate': 0.0002, 'epoch': 0.44}
{'loss': 0.9933, 'learning_rate': 0.0002, 'epoch': 0.45}
{'loss': 0.296, 'learning_rate': 0.0002, 'epoch': 0.45}
{'loss': 0.6057, 'learning_rate': 0.0002, 'epoch': 0.45}
{'loss': 0.7216, 'learning_rate': 0.0002, 'epoch': 0.45}
{'loss': 0.8213, 'learning_rate': 0.0002, 'epoch': 0.45}
{'loss': 0.6087, 'learning_rate': 0.0002, 'epoch': 0.45}
{'loss': 0.8546, 'learning_rate': 0.0002, 'epoch': 0.45}
{'loss': 0.6325, 'learning_rate': 0.0002, 'epoch': 0.45}
{'loss': 0.5023, 'learning_rate': 0.0002, 'epoch': 0.45}
{'loss': 0.5739, 'learning_rate': 0.0002, 'epoch': 0.46}
{'loss': 1.2093, 'learning_rate': 0.0002, 'epoch': 0.46}
{'loss': 0.9753, 'learning_rate': 0.0002, 'epoch': 0.46}
{'loss': 1.0821, 'learning_rate': 0.0002, 'epoch': 0.46}
{'loss': 0.6538, 'learning_rate': 0.0002, 'epoch': 0.46}
{'loss': 0.6107, 'learning_rate': 0.0002, 'epoch': 0.46}
{'loss': 0.711, 'learning_rate': 0.0002, 'epoch': 0.46}
{'loss': 1.039, 'learning_rate': 0.0002, 'epoch': 0.46}
{'loss': 0.967, 'learning_rate': 0.0002, 'epoch': 0.46}
{'loss': 0.8466, 'learning_rate': 0.0002, 'epoch': 0.47}
{'loss': 0.6659, 'learning_rate': 0.0002, 'epoch': 0.47}
{'loss': 0.8057, 'learning_rate': 0.0002, 'epoch': 0.47}
{'loss': 0.7076, 'learning_rate': 0.0002, 'epoch': 0.47}
{'loss': 0.6981, 'learning_rate': 0.0002, 'epoch': 0.47}
{'loss': 0.9416, 'learning_rate': 0.0002, 'epoch': 0.47}
{'loss': 0.6441, 'learning_rate': 0.0002, 'epoch': 0.47}
{'loss': 0.6976, 'learning_rate': 0.0002, 'epoch': 0.47}
{'loss': 0.7509, 'learning_rate': 0.0002, 'epoch': 0.47}
{'loss': 0.6208, 'learning_rate': 0.0002, 'epoch': 0.48}
{'loss': 0.9369, 'learning_rate': 0.0002, 'epoch': 0.48}
{'loss': 0.7617, 'learning_rate': 0.0002, 'epoch': 0.48}
{'loss': 0.8438, 'learning_rate': 0.0002, 'epoch': 0.48}
{'loss': 1.1468, 'learning_rate': 0.0002, 'epoch': 0.48}
{'loss': 0.8063, 'learning_rate': 0.0002, 'epoch': 0.48}
{'loss': 0.7883, 'learning_rate': 0.0002, 'epoch': 0.48}
{'loss': 0.607, 'learning_rate': 0.0002, 'epoch': 0.48}
{'loss': 0.9517, 'learning_rate': 0.0002, 'epoch': 0.48}
{'loss': 0.6087, 'learning_rate': 0.0002, 'epoch': 0.49}
{'loss': 0.7629, 'learning_rate': 0.0002, 'epoch': 0.49}
{'loss': 0.571, 'learning_rate': 0.0002, 'epoch': 0.49}
{'loss': 0.8182, 'learning_rate': 0.0002, 'epoch': 0.49}
{'loss': 0.833, 'learning_rate': 0.0002, 'epoch': 0.49}
{'loss': 0.6525, 'learning_rate': 0.0002, 'epoch': 0.49}
{'loss': 0.9064, 'learning_rate': 0.0002, 'epoch': 0.49}
{'loss': 0.7202, 'learning_rate': 0.0002, 'epoch': 0.49}
{'loss': 0.5269, 'learning_rate': 0.0002, 'epoch': 0.49}
{'loss': 1.1789, 'learning_rate': 0.0002, 'epoch': 0.5}
{'loss': 0.5314, 'learning_rate': 0.0002, 'epoch': 0.5}
{'loss': 0.8652, 'learning_rate': 0.0002, 'epoch': 0.5}
{'loss': 0.3431, 'learning_rate': 0.0002, 'epoch': 0.5}
{'loss': 0.4567, 'learning_rate': 0.0002, 'epoch': 0.5}
{'loss': 0.9275, 'learning_rate': 0.0002, 'epoch': 0.5}
{'loss': 0.9829, 'learning_rate': 0.0002, 'epoch': 0.5}
{'loss': 0.7166, 'learning_rate': 0.0002, 'epoch': 0.5}
{'loss': 1.0527, 'learning_rate': 0.0002, 'epoch': 0.5}
{'loss': 0.6367, 'learning_rate': 0.0002, 'epoch': 0.51}
{'loss': 0.5872, 'learning_rate': 0.0002, 'epoch': 0.51}
{'loss': 0.4689, 'learning_rate': 0.0002, 'epoch': 0.51}
{'loss': 0.58, 'learning_rate': 0.0002, 'epoch': 0.51}
{'loss': 0.9753, 'learning_rate': 0.0002, 'epoch': 0.51}
{'loss': 0.496, 'learning_rate': 0.0002, 'epoch': 0.51}
{'loss': 1.0439, 'learning_rate': 0.0002, 'epoch': 0.51}
{'loss': 1.0193, 'learning_rate': 0.0002, 'epoch': 0.51}
{'loss': 1.0135, 'learning_rate': 0.0002, 'epoch': 0.51}
{'loss': 0.7439, 'learning_rate': 0.0002, 'epoch': 0.52}
{'loss': 0.6446, 'learning_rate': 0.0002, 'epoch': 0.52}
{'loss': 0.859, 'learning_rate': 0.0002, 'epoch': 0.52}
{'loss': 0.6006, 'learning_rate': 0.0002, 'epoch': 0.52}
{'loss': 0.7517, 'learning_rate': 0.0002, 'epoch': 0.52}
{'loss': 0.6573, 'learning_rate': 0.0002, 'epoch': 0.52}
{'loss': 0.596, 'learning_rate': 0.0002, 'epoch': 0.52}
{'loss': 0.9819, 'learning_rate': 0.0002, 'epoch': 0.52}
{'loss': 1.1053, 'learning_rate': 0.0002, 'epoch': 0.52}
{'loss': 0.7547, 'learning_rate': 0.0002, 'epoch': 0.53}
{'loss': 0.4987, 'learning_rate': 0.0002, 'epoch': 0.53}
{'loss': 0.6466, 'learning_rate': 0.0002, 'epoch': 0.53}
{'loss': 0.5383, 'learning_rate': 0.0002, 'epoch': 0.53}
{'loss': 0.9481, 'learning_rate': 0.0002, 'epoch': 0.53}
{'loss': 0.6773, 'learning_rate': 0.0002, 'epoch': 0.53}
{'loss': 1.0162, 'learning_rate': 0.0002, 'epoch': 0.53}
{'loss': 0.871, 'learning_rate': 0.0002, 'epoch': 0.53}
{'loss': 0.6451, 'learning_rate': 0.0002, 'epoch': 0.53}
{'loss': 0.7215, 'learning_rate': 0.0002, 'epoch': 0.54}
{'loss': 0.7119, 'learning_rate': 0.0002, 'epoch': 0.54}
{'loss': 0.8167, 'learning_rate': 0.0002, 'epoch': 0.54}
{'loss': 0.9529, 'learning_rate': 0.0002, 'epoch': 0.54}
{'loss': 0.9979, 'learning_rate': 0.0002, 'epoch': 0.54}
{'loss': 0.7681, 'learning_rate': 0.0002, 'epoch': 0.54}
{'loss': 0.9162, 'learning_rate': 0.0002, 'epoch': 0.54}
{'loss': 0.6903, 'learning_rate': 0.0002, 'epoch': 0.54}
{'loss': 0.7213, 'learning_rate': 0.0002, 'epoch': 0.54}
{'loss': 0.8806, 'learning_rate': 0.0002, 'epoch': 0.55}
{'loss': 1.203, 'learning_rate': 0.0002, 'epoch': 0.55}
{'loss': 0.6827, 'learning_rate': 0.0002, 'epoch': 0.55}
{'loss': 1.0462, 'learning_rate': 0.0002, 'epoch': 0.55}
{'loss': 0.6762, 'learning_rate': 0.0002, 'epoch': 0.55}
{'loss': 0.7208, 'learning_rate': 0.0002, 'epoch': 0.55}
{'loss': 0.7946, 'learning_rate': 0.0002, 'epoch': 0.55}
{'loss': 1.0149, 'learning_rate': 0.0002, 'epoch': 0.55}
{'loss': 0.7845, 'learning_rate': 0.0002, 'epoch': 0.55}
{'loss': 0.7076, 'learning_rate': 0.0002, 'epoch': 0.56}
{'loss': 0.5577, 'learning_rate': 0.0002, 'epoch': 0.56}
{'loss': 0.7555, 'learning_rate': 0.0002, 'epoch': 0.56}
{'loss': 0.9119, 'learning_rate': 0.0002, 'epoch': 0.56}
{'loss': 0.6832, 'learning_rate': 0.0002, 'epoch': 0.56}
{'loss': 0.7573, 'learning_rate': 0.0002, 'epoch': 0.56}
{'loss': 0.5236, 'learning_rate': 0.0002, 'epoch': 0.56}
{'loss': 1.0285, 'learning_rate': 0.0002, 'epoch': 0.56}
{'loss': 0.697, 'learning_rate': 0.0002, 'epoch': 0.56}
{'loss': 0.7981, 'learning_rate': 0.0002, 'epoch': 0.56}
{'loss': 0.5907, 'learning_rate': 0.0002, 'epoch': 0.57}
{'loss': 0.6056, 'learning_rate': 0.0002, 'epoch': 0.57}
{'loss': 0.6881, 'learning_rate': 0.0002, 'epoch': 0.57}
{'loss': 0.7651, 'learning_rate': 0.0002, 'epoch': 0.57}
{'loss': 0.9513, 'learning_rate': 0.0002, 'epoch': 0.57}
{'loss': 0.6068, 'learning_rate': 0.0002, 'epoch': 0.57}
{'loss': 0.7749, 'learning_rate': 0.0002, 'epoch': 0.57}
{'loss': 0.6946, 'learning_rate': 0.0002, 'epoch': 0.57}
{'loss': 1.0562, 'learning_rate': 0.0002, 'epoch': 0.57}
{'loss': 0.6175, 'learning_rate': 0.0002, 'epoch': 0.58}
{'loss': 0.8906, 'learning_rate': 0.0002, 'epoch': 0.58}
{'loss': 0.6456, 'learning_rate': 0.0002, 'epoch': 0.58}
{'loss': 0.8368, 'learning_rate': 0.0002, 'epoch': 0.58}
{'loss': 0.8239, 'learning_rate': 0.0002, 'epoch': 0.58}
{'loss': 0.7421, 'learning_rate': 0.0002, 'epoch': 0.58}
{'loss': 0.7779, 'learning_rate': 0.0002, 'epoch': 0.58}
{'loss': 0.578, 'learning_rate': 0.0002, 'epoch': 0.58}
{'loss': 0.8364, 'learning_rate': 0.0002, 'epoch': 0.58}
{'loss': 0.7098, 'learning_rate': 0.0002, 'epoch': 0.59}
{'loss': 0.8716, 'learning_rate': 0.0002, 'epoch': 0.59}
{'loss': 0.7073, 'learning_rate': 0.0002, 'epoch': 0.59}
{'loss': 1.0791, 'learning_rate': 0.0002, 'epoch': 0.59}
{'loss': 0.5029, 'learning_rate': 0.0002, 'epoch': 0.59}
{'loss': 0.674, 'learning_rate': 0.0002, 'epoch': 0.59}
{'loss': 0.5278, 'learning_rate': 0.0002, 'epoch': 0.59}
{'loss': 0.7347, 'learning_rate': 0.0002, 'epoch': 0.59}
{'loss': 1.0786, 'learning_rate': 0.0002, 'epoch': 0.59}
{'loss': 0.8924, 'learning_rate': 0.0002, 'epoch': 0.6}
{'loss': 0.9491, 'learning_rate': 0.0002, 'epoch': 0.6}
{'loss': 0.6658, 'learning_rate': 0.0002, 'epoch': 0.6}
{'loss': 0.5247, 'learning_rate': 0.0002, 'epoch': 0.6}
{'loss': 0.5593, 'learning_rate': 0.0002, 'epoch': 0.6}
{'loss': 0.8344, 'learning_rate': 0.0002, 'epoch': 0.6}
{'loss': 0.8465, 'learning_rate': 0.0002, 'epoch': 0.6}
{'loss': 0.662, 'learning_rate': 0.0002, 'epoch': 0.6}
{'loss': 0.6945, 'learning_rate': 0.0002, 'epoch': 0.6}
{'loss': 0.8411, 'learning_rate': 0.0002, 'epoch': 0.61}
{'loss': 0.547, 'learning_rate': 0.0002, 'epoch': 0.61}
{'loss': 0.6503, 'learning_rate': 0.0002, 'epoch': 0.61}
{'loss': 0.9562, 'learning_rate': 0.0002, 'epoch': 0.61}
{'loss': 0.4921, 'learning_rate': 0.0002, 'epoch': 0.61}
{'loss': 0.7104, 'learning_rate': 0.0002, 'epoch': 0.61}
{'loss': 0.6655, 'learning_rate': 0.0002, 'epoch': 0.61}
{'loss': 0.8599, 'learning_rate': 0.0002, 'epoch': 0.61}
{'loss': 0.6576, 'learning_rate': 0.0002, 'epoch': 0.61}
{'loss': 0.8913, 'learning_rate': 0.0002, 'epoch': 0.62}
{'loss': 0.7533, 'learning_rate': 0.0002, 'epoch': 0.62}
{'loss': 0.6175, 'learning_rate': 0.0002, 'epoch': 0.62}
{'loss': 0.6949, 'learning_rate': 0.0002, 'epoch': 0.62}
{'loss': 0.6212, 'learning_rate': 0.0002, 'epoch': 0.62}
{'loss': 0.8759, 'learning_rate': 0.0002, 'epoch': 0.62}
{'loss': 0.5406, 'learning_rate': 0.0002, 'epoch': 0.62}
{'loss': 0.981, 'learning_rate': 0.0002, 'epoch': 0.62}
{'loss': 0.4462, 'learning_rate': 0.0002, 'epoch': 0.62}
{'loss': 0.5933, 'learning_rate': 0.0002, 'epoch': 0.63}
{'loss': 0.858, 'learning_rate': 0.0002, 'epoch': 0.63}
{'loss': 0.8183, 'learning_rate': 0.0002, 'epoch': 0.63}
{'loss': 0.7753, 'learning_rate': 0.0002, 'epoch': 0.63}
{'loss': 0.3401, 'learning_rate': 0.0002, 'epoch': 0.63}
{'loss': 0.4505, 'learning_rate': 0.0002, 'epoch': 0.63}
{'loss': 0.7418, 'learning_rate': 0.0002, 'epoch': 0.63}
{'loss': 0.494, 'learning_rate': 0.0002, 'epoch': 0.63}
{'loss': 0.4573, 'learning_rate': 0.0002, 'epoch': 0.63}
{'loss': 0.882, 'learning_rate': 0.0002, 'epoch': 0.64}
{'loss': 0.7764, 'learning_rate': 0.0002, 'epoch': 0.64}
{'loss': 1.2004, 'learning_rate': 0.0002, 'epoch': 0.64}
{'loss': 0.9842, 'learning_rate': 0.0002, 'epoch': 0.64}
{'loss': 0.6051, 'learning_rate': 0.0002, 'epoch': 0.64}
{'loss': 0.4363, 'learning_rate': 0.0002, 'epoch': 0.64}
{'loss': 0.5677, 'learning_rate': 0.0002, 'epoch': 0.64}
{'loss': 0.9197, 'learning_rate': 0.0002, 'epoch': 0.64}
{'loss': 0.5502, 'learning_rate': 0.0002, 'epoch': 0.64}
{'loss': 1.1396, 'learning_rate': 0.0002, 'epoch': 0.65}
{'loss': 0.5723, 'learning_rate': 0.0002, 'epoch': 0.65}
{'loss': 0.6707, 'learning_rate': 0.0002, 'epoch': 0.65}
{'loss': 1.0357, 'learning_rate': 0.0002, 'epoch': 0.65}
{'loss': 0.7994, 'learning_rate': 0.0002, 'epoch': 0.65}
{'loss': 0.8935, 'learning_rate': 0.0002, 'epoch': 0.65}
{'loss': 0.7026, 'learning_rate': 0.0002, 'epoch': 0.65}
{'loss': 0.6647, 'learning_rate': 0.0002, 'epoch': 0.65}
{'loss': 0.9136, 'learning_rate': 0.0002, 'epoch': 0.65}
{'loss': 0.6093, 'learning_rate': 0.0002, 'epoch': 0.66}
{'loss': 0.6663, 'learning_rate': 0.0002, 'epoch': 0.66}
{'loss': 0.5225, 'learning_rate': 0.0002, 'epoch': 0.66}
{'loss': 0.6947, 'learning_rate': 0.0002, 'epoch': 0.66}
{'loss': 0.7937, 'learning_rate': 0.0002, 'epoch': 0.66}
{'loss': 0.6614, 'learning_rate': 0.0002, 'epoch': 0.66}
{'loss': 0.5937, 'learning_rate': 0.0002, 'epoch': 0.66}
{'loss': 0.7027, 'learning_rate': 0.0002, 'epoch': 0.66}
{'loss': 0.9046, 'learning_rate': 0.0002, 'epoch': 0.66}
{'loss': 0.5204, 'learning_rate': 0.0002, 'epoch': 0.67}
{'loss': 0.8224, 'learning_rate': 0.0002, 'epoch': 0.67}
{'loss': 0.9117, 'learning_rate': 0.0002, 'epoch': 0.67}
{'loss': 0.7384, 'learning_rate': 0.0002, 'epoch': 0.67}
{'loss': 0.6282, 'learning_rate': 0.0002, 'epoch': 0.67}
{'loss': 0.6538, 'learning_rate': 0.0002, 'epoch': 0.67}
{'loss': 0.7413, 'learning_rate': 0.0002, 'epoch': 0.67}
{'loss': 1.0049, 'learning_rate': 0.0002, 'epoch': 0.67}
{'loss': 0.5305, 'learning_rate': 0.0002, 'epoch': 0.67}
{'loss': 0.5454, 'learning_rate': 0.0002, 'epoch': 0.68}
{'loss': 0.5767, 'learning_rate': 0.0002, 'epoch': 0.68}
{'loss': 0.6035, 'learning_rate': 0.0002, 'epoch': 0.68}
{'loss': 0.8395, 'learning_rate': 0.0002, 'epoch': 0.68}
{'loss': 0.782, 'learning_rate': 0.0002, 'epoch': 0.68}
{'loss': 0.5944, 'learning_rate': 0.0002, 'epoch': 0.68}
{'loss': 0.5632, 'learning_rate': 0.0002, 'epoch': 0.68}
{'loss': 0.6229, 'learning_rate': 0.0002, 'epoch': 0.68}
{'loss': 0.7061, 'learning_rate': 0.0002, 'epoch': 0.68}
{'loss': 0.5648, 'learning_rate': 0.0002, 'epoch': 0.69}
{'loss': 0.3458, 'learning_rate': 0.0002, 'epoch': 0.69}
{'loss': 0.6061, 'learning_rate': 0.0002, 'epoch': 0.69}
{'loss': 0.4251, 'learning_rate': 0.0002, 'epoch': 0.69}
{'loss': 0.5149, 'learning_rate': 0.0002, 'epoch': 0.69}
{'loss': 0.7322, 'learning_rate': 0.0002, 'epoch': 0.69}
{'loss': 0.9091, 'learning_rate': 0.0002, 'epoch': 0.69}
{'loss': 0.6102, 'learning_rate': 0.0002, 'epoch': 0.69}
{'loss': 0.5184, 'learning_rate': 0.0002, 'epoch': 0.69}
{'loss': 0.4652, 'learning_rate': 0.0002, 'epoch': 0.69}
{'loss': 0.7833, 'learning_rate': 0.0002, 'epoch': 0.7}
{'loss': 0.6419, 'learning_rate': 0.0002, 'epoch': 0.7}
{'loss': 0.7202, 'learning_rate': 0.0002, 'epoch': 0.7}
{'loss': 0.9104, 'learning_rate': 0.0002, 'epoch': 0.7}
{'loss': 0.9508, 'learning_rate': 0.0002, 'epoch': 0.7}
{'loss': 1.0759, 'learning_rate': 0.0002, 'epoch': 0.7}
{'loss': 0.772, 'learning_rate': 0.0002, 'epoch': 0.7}
{'loss': 0.6937, 'learning_rate': 0.0002, 'epoch': 0.7}
{'loss': 0.9482, 'learning_rate': 0.0002, 'epoch': 0.7}
{'loss': 0.6136, 'learning_rate': 0.0002, 'epoch': 0.71}
{'loss': 0.5611, 'learning_rate': 0.0002, 'epoch': 0.71}
{'loss': 0.6412, 'learning_rate': 0.0002, 'epoch': 0.71}
{'loss': 0.8674, 'learning_rate': 0.0002, 'epoch': 0.71}
{'loss': 0.6557, 'learning_rate': 0.0002, 'epoch': 0.71}
{'loss': 0.681, 'learning_rate': 0.0002, 'epoch': 0.71}
{'loss': 0.7462, 'learning_rate': 0.0002, 'epoch': 0.71}
{'loss': 0.6754, 'learning_rate': 0.0002, 'epoch': 0.71}
{'loss': 0.834, 'learning_rate': 0.0002, 'epoch': 0.71}
{'loss': 0.7231, 'learning_rate': 0.0002, 'epoch': 0.72}
{'loss': 0.6152, 'learning_rate': 0.0002, 'epoch': 0.72}
{'loss': 0.6674, 'learning_rate': 0.0002, 'epoch': 0.72}
{'loss': 0.8796, 'learning_rate': 0.0002, 'epoch': 0.72}
{'loss': 0.9203, 'learning_rate': 0.0002, 'epoch': 0.72}
{'loss': 0.8075, 'learning_rate': 0.0002, 'epoch': 0.72}
{'loss': 0.6212, 'learning_rate': 0.0002, 'epoch': 0.72}
{'loss': 0.7116, 'learning_rate': 0.0002, 'epoch': 0.72}
{'loss': 0.6936, 'learning_rate': 0.0002, 'epoch': 0.72}
{'loss': 0.7061, 'learning_rate': 0.0002, 'epoch': 0.73}
{'loss': 0.6695, 'learning_rate': 0.0002, 'epoch': 0.73}
{'loss': 1.0263, 'learning_rate': 0.0002, 'epoch': 0.73}
{'loss': 0.7416, 'learning_rate': 0.0002, 'epoch': 0.73}
{'loss': 0.7991, 'learning_rate': 0.0002, 'epoch': 0.73}
{'loss': 0.7838, 'learning_rate': 0.0002, 'epoch': 0.73}
{'loss': 0.5799, 'learning_rate': 0.0002, 'epoch': 0.73}
{'loss': 0.5337, 'learning_rate': 0.0002, 'epoch': 0.73}
{'loss': 0.5034, 'learning_rate': 0.0002, 'epoch': 0.73}
{'loss': 0.7272, 'learning_rate': 0.0002, 'epoch': 0.74}
{'loss': 1.0222, 'learning_rate': 0.0002, 'epoch': 0.74}
{'loss': 0.5378, 'learning_rate': 0.0002, 'epoch': 0.74}
{'loss': 0.5071, 'learning_rate': 0.0002, 'epoch': 0.74}
{'loss': 0.6387, 'learning_rate': 0.0002, 'epoch': 0.74}
{'loss': 0.5715, 'learning_rate': 0.0002, 'epoch': 0.74}
{'loss': 0.8935, 'learning_rate': 0.0002, 'epoch': 0.74}
{'loss': 0.3847, 'learning_rate': 0.0002, 'epoch': 0.74}
{'loss': 0.5888, 'learning_rate': 0.0002, 'epoch': 0.74}
{'loss': 0.9698, 'learning_rate': 0.0002, 'epoch': 0.75}
{'loss': 0.5363, 'learning_rate': 0.0002, 'epoch': 0.75}
{'loss': 0.7846, 'learning_rate': 0.0002, 'epoch': 0.75}
{'loss': 0.6828, 'learning_rate': 0.0002, 'epoch': 0.75}
{'loss': 0.7956, 'learning_rate': 0.0002, 'epoch': 0.75}
{'loss': 0.8428, 'learning_rate': 0.0002, 'epoch': 0.75}
{'loss': 0.5946, 'learning_rate': 0.0002, 'epoch': 0.75}
{'loss': 0.9905, 'learning_rate': 0.0002, 'epoch': 0.75}
{'loss': 0.8279, 'learning_rate': 0.0002, 'epoch': 0.75}
{'loss': 0.6006, 'learning_rate': 0.0002, 'epoch': 0.76}
{'loss': 0.8027, 'learning_rate': 0.0002, 'epoch': 0.76}
{'loss': 0.3886, 'learning_rate': 0.0002, 'epoch': 0.76}
{'loss': 0.7341, 'learning_rate': 0.0002, 'epoch': 0.76}
{'loss': 0.5431, 'learning_rate': 0.0002, 'epoch': 0.76}
{'loss': 0.8365, 'learning_rate': 0.0002, 'epoch': 0.76}
{'loss': 0.6477, 'learning_rate': 0.0002, 'epoch': 0.76}
{'loss': 0.8007, 'learning_rate': 0.0002, 'epoch': 0.76}
{'loss': 0.8017, 'learning_rate': 0.0002, 'epoch': 0.76}
{'loss': 0.8548, 'learning_rate': 0.0002, 'epoch': 0.77}
{'loss': 0.721, 'learning_rate': 0.0002, 'epoch': 0.77}
{'loss': 0.565, 'learning_rate': 0.0002, 'epoch': 0.77}
{'loss': 0.7531, 'learning_rate': 0.0002, 'epoch': 0.77}
{'loss': 0.727, 'learning_rate': 0.0002, 'epoch': 0.77}
{'loss': 0.5796, 'learning_rate': 0.0002, 'epoch': 0.77}
{'loss': 1.0266, 'learning_rate': 0.0002, 'epoch': 0.77}
{'loss': 0.4527, 'learning_rate': 0.0002, 'epoch': 0.77}
{'loss': 0.6556, 'learning_rate': 0.0002, 'epoch': 0.77}
{'loss': 0.6271, 'learning_rate': 0.0002, 'epoch': 0.78}
{'loss': 0.5128, 'learning_rate': 0.0002, 'epoch': 0.78}
{'loss': 0.6301, 'learning_rate': 0.0002, 'epoch': 0.78}
{'loss': 0.7305, 'learning_rate': 0.0002, 'epoch': 0.78}
{'loss': 0.6191, 'learning_rate': 0.0002, 'epoch': 0.78}
{'loss': 1.086, 'learning_rate': 0.0002, 'epoch': 0.78}
{'loss': 0.9873, 'learning_rate': 0.0002, 'epoch': 0.78}
{'loss': 0.747, 'learning_rate': 0.0002, 'epoch': 0.78}
{'loss': 0.6225, 'learning_rate': 0.0002, 'epoch': 0.78}
{'loss': 0.5226, 'learning_rate': 0.0002, 'epoch': 0.79}
{'loss': 0.5266, 'learning_rate': 0.0002, 'epoch': 0.79}
{'loss': 0.8685, 'learning_rate': 0.0002, 'epoch': 0.79}
{'loss': 0.7083, 'learning_rate': 0.0002, 'epoch': 0.79}
{'loss': 0.4826, 'learning_rate': 0.0002, 'epoch': 0.79}
{'loss': 0.681, 'learning_rate': 0.0002, 'epoch': 0.79}
{'loss': 0.4821, 'learning_rate': 0.0002, 'epoch': 0.79}
{'loss': 0.7644, 'learning_rate': 0.0002, 'epoch': 0.79}
{'loss': 0.4855, 'learning_rate': 0.0002, 'epoch': 0.79}
{'loss': 0.9078, 'learning_rate': 0.0002, 'epoch': 0.8}
{'loss': 0.9563, 'learning_rate': 0.0002, 'epoch': 0.8}
{'loss': 0.7882, 'learning_rate': 0.0002, 'epoch': 0.8}
{'loss': 0.6514, 'learning_rate': 0.0002, 'epoch': 0.8}
{'loss': 0.9147, 'learning_rate': 0.0002, 'epoch': 0.8}
{'loss': 0.7983, 'learning_rate': 0.0002, 'epoch': 0.8}
{'loss': 0.5788, 'learning_rate': 0.0002, 'epoch': 0.8}
{'loss': 0.6644, 'learning_rate': 0.0002, 'epoch': 0.8}
{'loss': 0.6686, 'learning_rate': 0.0002, 'epoch': 0.8}
{'loss': 1.1757, 'learning_rate': 0.0002, 'epoch': 0.81}
{'loss': 0.7442, 'learning_rate': 0.0002, 'epoch': 0.81}
{'loss': 0.4752, 'learning_rate': 0.0002, 'epoch': 0.81}
{'loss': 0.6847, 'learning_rate': 0.0002, 'epoch': 0.81}
{'loss': 0.9033, 'learning_rate': 0.0002, 'epoch': 0.81}
{'loss': 0.5013, 'learning_rate': 0.0002, 'epoch': 0.81}
{'loss': 0.8487, 'learning_rate': 0.0002, 'epoch': 0.81}
{'loss': 0.8864, 'learning_rate': 0.0002, 'epoch': 0.81}
{'loss': 0.9118, 'learning_rate': 0.0002, 'epoch': 0.81}
{'loss': 0.859, 'learning_rate': 0.0002, 'epoch': 0.81}
{'loss': 0.5958, 'learning_rate': 0.0002, 'epoch': 0.82}
{'loss': 0.7563, 'learning_rate': 0.0002, 'epoch': 0.82}
{'loss': 0.6452, 'learning_rate': 0.0002, 'epoch': 0.82}
{'loss': 0.5432, 'learning_rate': 0.0002, 'epoch': 0.82}
{'loss': 0.7002, 'learning_rate': 0.0002, 'epoch': 0.82}
{'loss': 0.5804, 'learning_rate': 0.0002, 'epoch': 0.82}
{'loss': 0.4974, 'learning_rate': 0.0002, 'epoch': 0.82}
{'loss': 0.6013, 'learning_rate': 0.0002, 'epoch': 0.82}
{'loss': 0.5925, 'learning_rate': 0.0002, 'epoch': 0.82}
{'loss': 0.5433, 'learning_rate': 0.0002, 'epoch': 0.83}
{'loss': 0.7113, 'learning_rate': 0.0002, 'epoch': 0.83}
{'loss': 0.815, 'learning_rate': 0.0002, 'epoch': 0.83}
{'loss': 0.4943, 'learning_rate': 0.0002, 'epoch': 0.83}
{'loss': 0.4332, 'learning_rate': 0.0002, 'epoch': 0.83}
{'loss': 0.8787, 'learning_rate': 0.0002, 'epoch': 0.83}
{'loss': 0.582, 'learning_rate': 0.0002, 'epoch': 0.83}
{'loss': 0.9875, 'learning_rate': 0.0002, 'epoch': 0.83}
{'loss': 0.6289, 'learning_rate': 0.0002, 'epoch': 0.83}
{'loss': 0.5883, 'learning_rate': 0.0002, 'epoch': 0.84}
{'loss': 0.5951, 'learning_rate': 0.0002, 'epoch': 0.84}
{'loss': 0.6647, 'learning_rate': 0.0002, 'epoch': 0.84}
{'loss': 0.5212, 'learning_rate': 0.0002, 'epoch': 0.84}
{'loss': 0.5435, 'learning_rate': 0.0002, 'epoch': 0.84}
{'loss': 0.3561, 'learning_rate': 0.0002, 'epoch': 0.84}
{'loss': 0.5391, 'learning_rate': 0.0002, 'epoch': 0.84}
{'loss': 0.5686, 'learning_rate': 0.0002, 'epoch': 0.84}
{'loss': 0.5808, 'learning_rate': 0.0002, 'epoch': 0.84}
{'loss': 0.2607, 'learning_rate': 0.0002, 'epoch': 0.85}
{'loss': 0.4718, 'learning_rate': 0.0002, 'epoch': 0.85}
{'loss': 0.7395, 'learning_rate': 0.0002, 'epoch': 0.85}
{'loss': 0.4413, 'learning_rate': 0.0002, 'epoch': 0.85}
{'loss': 0.6392, 'learning_rate': 0.0002, 'epoch': 0.85}
{'loss': 0.5931, 'learning_rate': 0.0002, 'epoch': 0.85}
{'loss': 0.7332, 'learning_rate': 0.0002, 'epoch': 0.85}
{'loss': 0.5889, 'learning_rate': 0.0002, 'epoch': 0.85}
{'loss': 0.6531, 'learning_rate': 0.0002, 'epoch': 0.85}
{'loss': 0.9258, 'learning_rate': 0.0002, 'epoch': 0.86}
{'loss': 0.8835, 'learning_rate': 0.0002, 'epoch': 0.86}
{'loss': 0.8002, 'learning_rate': 0.0002, 'epoch': 0.86}
{'loss': 0.4464, 'learning_rate': 0.0002, 'epoch': 0.86}
{'loss': 0.7123, 'learning_rate': 0.0002, 'epoch': 0.86}
{'loss': 0.6687, 'learning_rate': 0.0002, 'epoch': 0.86}
{'loss': 0.6948, 'learning_rate': 0.0002, 'epoch': 0.86}
{'loss': 0.6806, 'learning_rate': 0.0002, 'epoch': 0.86}
{'loss': 0.5695, 'learning_rate': 0.0002, 'epoch': 0.86}
{'loss': 0.4229, 'learning_rate': 0.0002, 'epoch': 0.87}
{'loss': 0.6655, 'learning_rate': 0.0002, 'epoch': 0.87}
{'loss': 0.5904, 'learning_rate': 0.0002, 'epoch': 0.87}
{'loss': 1.1095, 'learning_rate': 0.0002, 'epoch': 0.87}
{'loss': 0.6914, 'learning_rate': 0.0002, 'epoch': 0.87}
{'loss': 0.7647, 'learning_rate': 0.0002, 'epoch': 0.87}
{'loss': 0.6393, 'learning_rate': 0.0002, 'epoch': 0.87}
{'loss': 0.5637, 'learning_rate': 0.0002, 'epoch': 0.87}
{'loss': 0.7721, 'learning_rate': 0.0002, 'epoch': 0.87}
{'loss': 0.9067, 'learning_rate': 0.0002, 'epoch': 0.88}
{'loss': 0.8075, 'learning_rate': 0.0002, 'epoch': 0.88}
{'loss': 0.6503, 'learning_rate': 0.0002, 'epoch': 0.88}
{'loss': 0.4025, 'learning_rate': 0.0002, 'epoch': 0.88}
{'loss': 0.567, 'learning_rate': 0.0002, 'epoch': 0.88}
{'loss': 0.8915, 'learning_rate': 0.0002, 'epoch': 0.88}
{'loss': 0.5702, 'learning_rate': 0.0002, 'epoch': 0.88}
{'loss': 0.6196, 'learning_rate': 0.0002, 'epoch': 0.88}
{'loss': 0.7267, 'learning_rate': 0.0002, 'epoch': 0.88}
{'loss': 0.6475, 'learning_rate': 0.0002, 'epoch': 0.89}
{'loss': 0.6483, 'learning_rate': 0.0002, 'epoch': 0.89}
{'loss': 0.8992, 'learning_rate': 0.0002, 'epoch': 0.89}
{'loss': 0.6643, 'learning_rate': 0.0002, 'epoch': 0.89}
{'loss': 0.4741, 'learning_rate': 0.0002, 'epoch': 0.89}
{'loss': 1.1221, 'learning_rate': 0.0002, 'epoch': 0.89}
{'loss': 0.8181, 'learning_rate': 0.0002, 'epoch': 0.89}
{'loss': 1.1774, 'learning_rate': 0.0002, 'epoch': 0.89}
{'loss': 0.8221, 'learning_rate': 0.0002, 'epoch': 0.89}
{'loss': 0.6369, 'learning_rate': 0.0002, 'epoch': 0.9}
{'loss': 0.9157, 'learning_rate': 0.0002, 'epoch': 0.9}
{'loss': 0.6196, 'learning_rate': 0.0002, 'epoch': 0.9}
{'loss': 0.9018, 'learning_rate': 0.0002, 'epoch': 0.9}
{'loss': 0.5394, 'learning_rate': 0.0002, 'epoch': 0.9}
{'loss': 0.7979, 'learning_rate': 0.0002, 'epoch': 0.9}
{'loss': 0.8575, 'learning_rate': 0.0002, 'epoch': 0.9}
{'loss': 0.694, 'learning_rate': 0.0002, 'epoch': 0.9}
{'loss': 1.088, 'learning_rate': 0.0002, 'epoch': 0.9}
{'loss': 0.6112, 'learning_rate': 0.0002, 'epoch': 0.91}
{'loss': 0.7826, 'learning_rate': 0.0002, 'epoch': 0.91}
{'loss': 0.676, 'learning_rate': 0.0002, 'epoch': 0.91}
{'loss': 0.6722, 'learning_rate': 0.0002, 'epoch': 0.91}
{'loss': 0.5559, 'learning_rate': 0.0002, 'epoch': 0.91}
{'loss': 0.4648, 'learning_rate': 0.0002, 'epoch': 0.91}
{'loss': 0.6589, 'learning_rate': 0.0002, 'epoch': 0.91}
{'loss': 0.7034, 'learning_rate': 0.0002, 'epoch': 0.91}
{'loss': 0.7794, 'learning_rate': 0.0002, 'epoch': 0.91}
{'loss': 0.8373, 'learning_rate': 0.0002, 'epoch': 0.92}
{'loss': 0.5988, 'learning_rate': 0.0002, 'epoch': 0.92}
{'loss': 0.8619, 'learning_rate': 0.0002, 'epoch': 0.92}
{'loss': 0.8497, 'learning_rate': 0.0002, 'epoch': 0.92}
{'loss': 0.4897, 'learning_rate': 0.0002, 'epoch': 0.92}
{'loss': 0.5336, 'learning_rate': 0.0002, 'epoch': 0.92}
{'loss': 0.4923, 'learning_rate': 0.0002, 'epoch': 0.92}
{'loss': 0.9441, 'learning_rate': 0.0002, 'epoch': 0.92}
{'loss': 0.6706, 'learning_rate': 0.0002, 'epoch': 0.92}
{'loss': 0.5632, 'learning_rate': 0.0002, 'epoch': 0.93}
{'loss': 1.1438, 'learning_rate': 0.0002, 'epoch': 0.93}
{'loss': 0.5808, 'learning_rate': 0.0002, 'epoch': 0.93}
{'loss': 0.7182, 'learning_rate': 0.0002, 'epoch': 0.93}
{'loss': 0.6909, 'learning_rate': 0.0002, 'epoch': 0.93}
{'loss': 0.9228, 'learning_rate': 0.0002, 'epoch': 0.93}
{'loss': 0.5322, 'learning_rate': 0.0002, 'epoch': 0.93}
{'loss': 0.706, 'learning_rate': 0.0002, 'epoch': 0.93}
{'loss': 0.6314, 'learning_rate': 0.0002, 'epoch': 0.93}
{'loss': 0.5889, 'learning_rate': 0.0002, 'epoch': 0.94}
{'loss': 0.7188, 'learning_rate': 0.0002, 'epoch': 0.94}
{'loss': 0.7411, 'learning_rate': 0.0002, 'epoch': 0.94}
{'loss': 0.8142, 'learning_rate': 0.0002, 'epoch': 0.94}
{'loss': 0.4748, 'learning_rate': 0.0002, 'epoch': 0.94}
{'loss': 0.7129, 'learning_rate': 0.0002, 'epoch': 0.94}
{'loss': 0.9418, 'learning_rate': 0.0002, 'epoch': 0.94}
{'loss': 0.5528, 'learning_rate': 0.0002, 'epoch': 0.94}
{'loss': 0.3599, 'learning_rate': 0.0002, 'epoch': 0.94}
{'loss': 0.6241, 'learning_rate': 0.0002, 'epoch': 0.94}
{'loss': 0.7645, 'learning_rate': 0.0002, 'epoch': 0.95}
{'loss': 0.6791, 'learning_rate': 0.0002, 'epoch': 0.95}
{'loss': 0.5099, 'learning_rate': 0.0002, 'epoch': 0.95}
{'loss': 0.892, 'learning_rate': 0.0002, 'epoch': 0.95}
{'loss': 0.8228, 'learning_rate': 0.0002, 'epoch': 0.95}
{'loss': 0.5775, 'learning_rate': 0.0002, 'epoch': 0.95}
{'loss': 0.414, 'learning_rate': 0.0002, 'epoch': 0.95}
{'loss': 0.7834, 'learning_rate': 0.0002, 'epoch': 0.95}
{'loss': 0.7338, 'learning_rate': 0.0002, 'epoch': 0.95}
{'loss': 0.8167, 'learning_rate': 0.0002, 'epoch': 0.96}
{'loss': 0.5141, 'learning_rate': 0.0002, 'epoch': 0.96}
{'loss': 0.7349, 'learning_rate': 0.0002, 'epoch': 0.96}
{'loss': 0.8205, 'learning_rate': 0.0002, 'epoch': 0.96}
{'loss': 0.5566, 'learning_rate': 0.0002, 'epoch': 0.96}
{'loss': 0.8373, 'learning_rate': 0.0002, 'epoch': 0.96}
{'loss': 0.5206, 'learning_rate': 0.0002, 'epoch': 0.96}
{'loss': 0.6244, 'learning_rate': 0.0002, 'epoch': 0.96}
{'loss': 0.6984, 'learning_rate': 0.0002, 'epoch': 0.96}
{'loss': 0.6176, 'learning_rate': 0.0002, 'epoch': 0.97}
{'loss': 0.6322, 'learning_rate': 0.0002, 'epoch': 0.97}
{'loss': 1.0372, 'learning_rate': 0.0002, 'epoch': 0.97}
{'loss': 0.4429, 'learning_rate': 0.0002, 'epoch': 0.97}
{'loss': 0.9699, 'learning_rate': 0.0002, 'epoch': 0.97}
{'loss': 0.9207, 'learning_rate': 0.0002, 'epoch': 0.97}
{'loss': 0.4529, 'learning_rate': 0.0002, 'epoch': 0.97}
{'loss': 0.6232, 'learning_rate': 0.0002, 'epoch': 0.97}
{'loss': 0.9029, 'learning_rate': 0.0002, 'epoch': 0.97}
{'loss': 0.8638, 'learning_rate': 0.0002, 'epoch': 0.98}
{'loss': 0.7405, 'learning_rate': 0.0002, 'epoch': 0.98}
{'loss': 0.6852, 'learning_rate': 0.0002, 'epoch': 0.98}
{'loss': 0.7124, 'learning_rate': 0.0002, 'epoch': 0.98}
{'loss': 0.6984, 'learning_rate': 0.0002, 'epoch': 0.98}
{'loss': 0.7628, 'learning_rate': 0.0002, 'epoch': 0.98}
{'loss': 0.6912, 'learning_rate': 0.0002, 'epoch': 0.98}
{'loss': 0.5793, 'learning_rate': 0.0002, 'epoch': 0.98}
{'loss': 0.7312, 'learning_rate': 0.0002, 'epoch': 0.98}
{'loss': 0.5709, 'learning_rate': 0.0002, 'epoch': 0.99}
{'loss': 0.9563, 'learning_rate': 0.0002, 'epoch': 0.99}
{'loss': 0.5212, 'learning_rate': 0.0002, 'epoch': 0.99}
{'loss': 0.7764, 'learning_rate': 0.0002, 'epoch': 0.99}
{'loss': 0.7755, 'learning_rate': 0.0002, 'epoch': 0.99}
{'loss': 0.7084, 'learning_rate': 0.0002, 'epoch': 0.99}
{'loss': 0.5096, 'learning_rate': 0.0002, 'epoch': 0.99}
{'loss': 0.4932, 'learning_rate': 0.0002, 'epoch': 0.99}
{'loss': 0.6097, 'learning_rate': 0.0002, 'epoch': 0.99}
{'loss': 0.7532, 'learning_rate': 0.0002, 'epoch': 1.0}
{'loss': 0.9126, 'learning_rate': 0.0002, 'epoch': 1.0}
{'loss': 0.5375, 'learning_rate': 0.0002, 'epoch': 1.0}
{'loss': 0.6524, 'learning_rate': 0.0002, 'epoch': 1.0}
{'loss': 1.042, 'learning_rate': 0.0002, 'epoch': 1.0}
{'train_runtime': 6410.3993, 'train_samples_per_second': 3.398, 'train_steps_per_second': 0.142, 'train_loss': 0.8147060828783964, 'epoch': 1.0}
[2025-07-27 02:19:41,474] [INFO] [launch.py:347:main] Process 1009891 exits successfully.
[2025-07-27 02:19:41,476] [INFO] [launch.py:347:main] Process 1009892 exits successfully.
[2025-07-27 02:19:42,477] [INFO] [launch.py:347:main] Process 1009893 exits successfully.
value_counts_type.txt
{0: 48765343, 1: 47982103, 3: 45667461, 2: 44375587, -1: 8682546}
Model merge completed successfully.
