[2025-07-24 08:59:23,695] [INFO] [real_accelerator.py:110:get_accelerator] Setting ds_accelerator to cuda (auto detect)
[2025-07-24 09:00:36,089] [WARNING] [runner.py:196:fetch_hostfile] Unable to find hostfile, will proceed with training with local resources only.
[2025-07-24 09:00:36,089] [INFO] [runner.py:555:main] cmd = /work/09359/mf0463/ls6/miniconda3/envs/clmoe/bin/python -u -m deepspeed.launcher.launch --world_info=eyJsb2NhbGhvc3QiOiBbMCwgMSwgMl19 --master_addr=127.0.0.1 --master_port=29600 --enable_each_rank_log=None llava/train/train_mem_MOE.py --deepspeed ./scripts/zero3_offload.json --lora_enable True --lora_r 32 --lora_alpha 64 --mm_projector_lr 2e-5 --expert_num 4 --model_name_or_path /work/09359/mf0463/ls6/CL-MoE/checkpoint/vicuna-7b-v1.5 --previous_task_model_path ./checkpoints/CL4VQA/recognition/llava-1.5-7b-lora --version v1 --data_path /work/09359/mf0463/ls6/CL-MoE/data/CL4VQA/train/train_q_location.json --image_folder /work/09359/mf0463/ls6/ --vision_tower /work/09359/mf0463/ls6/CL-MoE/checkpoint/clip-vit-large-patch14-336 --mm_projector_type mlp2x_gelu --mm_vision_select_layer -2 --mm_use_im_start_end False --mm_use_im_patch_token False --image_aspect_ratio pad --group_by_modality_length True --bf16 True --output_dir ./checkpoints/CL4VQA/Only_Pretrain_1.5_MOE_2/location/llava-1.5-7b-lora --num_train_epochs 1 --per_device_train_batch_size 8 --per_device_eval_batch_size 16 --gradient_accumulation_steps 1 --evaluation_strategy no --save_strategy steps --save_steps 50000 --learning_rate 2e-4 --weight_decay 0. --warmup_ratio 0.03 --lr_scheduler_type cosine --logging_steps 1 --tf32 True --model_max_length 2048 --gradient_checkpointing True --dataloader_num_workers 4 --lazy_preprocess True --report_to none --task location
[2025-07-24 09:00:38,076] [INFO] [real_accelerator.py:110:get_accelerator] Setting ds_accelerator to cuda (auto detect)
[2025-07-24 09:00:45,200] [INFO] [launch.py:145:main] WORLD INFO DICT: {'localhost': [0, 1, 2]}
[2025-07-24 09:00:45,200] [INFO] [launch.py:151:main] nnodes=1, num_local_procs=3, node_rank=0
[2025-07-24 09:00:45,200] [INFO] [launch.py:162:main] global_rank_mapping=defaultdict(<class 'list'>, {'localhost': [0, 1, 2]})
[2025-07-24 09:00:45,200] [INFO] [launch.py:163:main] dist_world_size=3
[2025-07-24 09:00:45,200] [INFO] [launch.py:165:main] Setting CUDA_VISIBLE_DEVICES=0,1,2
[2025-07-24 09:00:49,508] [INFO] [real_accelerator.py:110:get_accelerator] Setting ds_accelerator to cuda (auto detect)
[2025-07-24 09:00:49,508] [INFO] [real_accelerator.py:110:get_accelerator] Setting ds_accelerator to cuda (auto detect)
[2025-07-24 09:00:49,508] [INFO] [real_accelerator.py:110:get_accelerator] Setting ds_accelerator to cuda (auto detect)
[2025-07-24 09:00:57,986] [WARNING] [comm.py:152:init_deepspeed_backend] NCCL backend in DeepSpeed not yet implemented
[2025-07-24 09:00:57,986] [WARNING] [comm.py:152:init_deepspeed_backend] NCCL backend in DeepSpeed not yet implemented
[2025-07-24 09:00:57,986] [INFO] [comm.py:594:init_distributed] cdb=None
[2025-07-24 09:00:57,986] [INFO] [comm.py:594:init_distributed] cdb=None
[2025-07-24 09:00:57,986] [WARNING] [comm.py:152:init_deepspeed_backend] NCCL backend in DeepSpeed not yet implemented
[2025-07-24 09:00:57,987] [INFO] [comm.py:594:init_distributed] cdb=None
[2025-07-24 09:00:57,987] [INFO] [comm.py:625:init_distributed] Initializing TorchBackend in DeepSpeed with backend nccl
[2025-07-24 09:01:08,172] [INFO] [partition_parameters.py:453:__exit__] finished initializing model with 6.74B parameters
Adding LoRA adapters...
[2025-07-24 09:02:52,975] [WARNING] [partition_parameters.py:836:_post_init_method] param `class_embedding` in CLIPVisionEmbeddings not on GPU so was not broadcasted from rank 0
[2025-07-24 09:02:53,515] [INFO] [partition_parameters.py:453:__exit__] finished initializing model with 7.04B parameters
Loading additional LLaVA weights...
Loading additional LLaVA weights...
Loading additional LLaVA weights...
Loading LoRA weights...
Loading LoRA weights...
Loading LoRA weights...
Model is loaded...
Model is loaded...
Model is loaded...
Formatting inputs...Skip in lazy mode
ninja: no work to do.
Time to load cpu_adam op: 0.8792843818664551 secondsTime to load cpu_adam op: 0.8797929286956787 seconds
Time to load cpu_adam op: 0.87972092628479 seconds

Parameter Offload: Total persistent parameters: 49882112 in 1912 params
{'loss': 6.5119, 'learning_rate': 0.0, 'epoch': 0.0}
{'loss': 5.1948, 'learning_rate': 4.8930108423645205e-05, 'epoch': 0.0}
{'loss': 5.3633, 'learning_rate': 7.755238700769803e-05, 'epoch': 0.01}
{'loss': 3.991, 'learning_rate': 9.786021684729041e-05, 'epoch': 0.01}
{'loss': 3.9063, 'learning_rate': 0.00011361219343474658, 'epoch': 0.01}
{'loss': 3.5665, 'learning_rate': 0.00012648249543134322, 'epoch': 0.01}
{'loss': 3.0224, 'learning_rate': 0.0001373641807199326, 'epoch': 0.01}
{'loss': 2.6044, 'learning_rate': 0.00014679032527093562, 'epoch': 0.01}
{'loss': 3.2183, 'learning_rate': 0.00015510477401539606, 'epoch': 0.02}
{'loss': 2.2005, 'learning_rate': 0.0001625423018583918, 'epoch': 0.02}
{'loss': 2.2414, 'learning_rate': 0.0001692703641841094, 'epoch': 0.02}
{'loss': 2.0916, 'learning_rate': 0.00017541260385498843, 'epoch': 0.02}
{'loss': 2.0514, 'learning_rate': 0.00018106291662380673, 'epoch': 0.02}
{'loss': 2.0049, 'learning_rate': 0.0001862942891435778, 'epoch': 0.02}
{'loss': 1.652, 'learning_rate': 0.0001911645804424446, 'epoch': 0.03}
{'loss': 2.2044, 'learning_rate': 0.00019572043369458082, 'epoch': 0.03}
{'loss': 1.5442, 'learning_rate': 0.0002, 'epoch': 0.03}
{'loss': 1.7844, 'learning_rate': 0.0002, 'epoch': 0.03}
{'loss': 2.0471, 'learning_rate': 0.0002, 'epoch': 0.03}
{'loss': 1.3534, 'learning_rate': 0.0002, 'epoch': 0.04}
{'loss': 1.559, 'learning_rate': 0.0002, 'epoch': 0.04}
{'loss': 1.7248, 'learning_rate': 0.0002, 'epoch': 0.04}
{'loss': 1.9964, 'learning_rate': 0.0002, 'epoch': 0.04}
{'loss': 1.3124, 'learning_rate': 0.0002, 'epoch': 0.04}
{'loss': 1.2524, 'learning_rate': 0.0002, 'epoch': 0.04}
{'loss': 1.7532, 'learning_rate': 0.0002, 'epoch': 0.05}
{'loss': 2.2491, 'learning_rate': 0.0002, 'epoch': 0.05}
{'loss': 1.6431, 'learning_rate': 0.0002, 'epoch': 0.05}
{'loss': 1.5148, 'learning_rate': 0.0002, 'epoch': 0.05}
{'loss': 1.5898, 'learning_rate': 0.0002, 'epoch': 0.05}
{'loss': 2.1225, 'learning_rate': 0.0002, 'epoch': 0.06}
{'loss': 1.6012, 'learning_rate': 0.0002, 'epoch': 0.06}
{'loss': 2.0543, 'learning_rate': 0.0002, 'epoch': 0.06}
{'loss': 1.2038, 'learning_rate': 0.0002, 'epoch': 0.06}
{'loss': 2.0841, 'learning_rate': 0.0002, 'epoch': 0.06}
{'loss': 1.2913, 'learning_rate': 0.0002, 'epoch': 0.06}
{'loss': 1.8829, 'learning_rate': 0.0002, 'epoch': 0.07}
{'loss': 1.6055, 'learning_rate': 0.0002, 'epoch': 0.07}
{'loss': 1.6413, 'learning_rate': 0.0002, 'epoch': 0.07}
{'loss': 1.5164, 'learning_rate': 0.0002, 'epoch': 0.07}
{'loss': 1.8059, 'learning_rate': 0.0002, 'epoch': 0.07}
{'loss': 1.5131, 'learning_rate': 0.0002, 'epoch': 0.07}
{'loss': 1.8645, 'learning_rate': 0.0002, 'epoch': 0.08}
{'loss': 1.3808, 'learning_rate': 0.0002, 'epoch': 0.08}
{'loss': 1.8795, 'learning_rate': 0.0002, 'epoch': 0.08}
{'loss': 1.8575, 'learning_rate': 0.0002, 'epoch': 0.08}
{'loss': 1.8666, 'learning_rate': 0.0002, 'epoch': 0.08}
{'loss': 1.6665, 'learning_rate': 0.0002, 'epoch': 0.09}
{'loss': 1.6585, 'learning_rate': 0.0002, 'epoch': 0.09}
{'loss': 1.473, 'learning_rate': 0.0002, 'epoch': 0.09}
{'loss': 1.7463, 'learning_rate': 0.0002, 'epoch': 0.09}
{'loss': 1.4, 'learning_rate': 0.0002, 'epoch': 0.09}
{'loss': 1.7513, 'learning_rate': 0.0002, 'epoch': 0.09}
{'loss': 1.5199, 'learning_rate': 0.0002, 'epoch': 0.1}
{'loss': 1.5161, 'learning_rate': 0.0002, 'epoch': 0.1}
{'loss': 1.3184, 'learning_rate': 0.0002, 'epoch': 0.1}
{'loss': 1.5586, 'learning_rate': 0.0002, 'epoch': 0.1}
{'loss': 1.981, 'learning_rate': 0.0002, 'epoch': 0.1}
{'loss': 1.3373, 'learning_rate': 0.0002, 'epoch': 0.11}
{'loss': 1.6088, 'learning_rate': 0.0002, 'epoch': 0.11}
{'loss': 1.7373, 'learning_rate': 0.0002, 'epoch': 0.11}
{'loss': 1.6628, 'learning_rate': 0.0002, 'epoch': 0.11}
{'loss': 1.4285, 'learning_rate': 0.0002, 'epoch': 0.11}
{'loss': 1.3086, 'learning_rate': 0.0002, 'epoch': 0.11}
{'loss': 1.8053, 'learning_rate': 0.0002, 'epoch': 0.12}
{'loss': 1.3305, 'learning_rate': 0.0002, 'epoch': 0.12}
{'loss': 1.3098, 'learning_rate': 0.0002, 'epoch': 0.12}
{'loss': 1.4073, 'learning_rate': 0.0002, 'epoch': 0.12}
{'loss': 1.3595, 'learning_rate': 0.0002, 'epoch': 0.12}
{'loss': 1.6139, 'learning_rate': 0.0002, 'epoch': 0.12}
{'loss': 1.3806, 'learning_rate': 0.0002, 'epoch': 0.13}
{'loss': 1.6029, 'learning_rate': 0.0002, 'epoch': 0.13}
{'loss': 1.4152, 'learning_rate': 0.0002, 'epoch': 0.13}
{'loss': 1.3572, 'learning_rate': 0.0002, 'epoch': 0.13}
{'loss': 1.5772, 'learning_rate': 0.0002, 'epoch': 0.13}
{'loss': 1.258, 'learning_rate': 0.0002, 'epoch': 0.14}
{'loss': 1.2941, 'learning_rate': 0.0002, 'epoch': 0.14}
{'loss': 1.178, 'learning_rate': 0.0002, 'epoch': 0.14}
{'loss': 1.6672, 'learning_rate': 0.0002, 'epoch': 0.14}
{'loss': 1.2107, 'learning_rate': 0.0002, 'epoch': 0.14}
{'loss': 1.3767, 'learning_rate': 0.0002, 'epoch': 0.14}
{'loss': 1.4614, 'learning_rate': 0.0002, 'epoch': 0.15}
{'loss': 1.142, 'learning_rate': 0.0002, 'epoch': 0.15}
{'loss': 1.2791, 'learning_rate': 0.0002, 'epoch': 0.15}
{'loss': 1.1031, 'learning_rate': 0.0002, 'epoch': 0.15}
{'loss': 1.615, 'learning_rate': 0.0002, 'epoch': 0.15}
{'loss': 1.4437, 'learning_rate': 0.0002, 'epoch': 0.16}
{'loss': 1.5596, 'learning_rate': 0.0002, 'epoch': 0.16}
{'loss': 1.3625, 'learning_rate': 0.0002, 'epoch': 0.16}
{'loss': 1.5163, 'learning_rate': 0.0002, 'epoch': 0.16}
{'loss': 1.4581, 'learning_rate': 0.0002, 'epoch': 0.16}
{'loss': 1.2484, 'learning_rate': 0.0002, 'epoch': 0.16}
{'loss': 1.3322, 'learning_rate': 0.0002, 'epoch': 0.17}
{'loss': 0.9996, 'learning_rate': 0.0002, 'epoch': 0.17}
{'loss': 1.6043, 'learning_rate': 0.0002, 'epoch': 0.17}
{'loss': 1.6039, 'learning_rate': 0.0002, 'epoch': 0.17}
{'loss': 1.6787, 'learning_rate': 0.0002, 'epoch': 0.17}
{'loss': 1.6621, 'learning_rate': 0.0002, 'epoch': 0.17}
{'loss': 1.2115, 'learning_rate': 0.0002, 'epoch': 0.18}
{'loss': 1.2545, 'learning_rate': 0.0002, 'epoch': 0.18}
{'loss': 1.2932, 'learning_rate': 0.0002, 'epoch': 0.18}
{'loss': 1.4867, 'learning_rate': 0.0002, 'epoch': 0.18}
{'loss': 1.427, 'learning_rate': 0.0002, 'epoch': 0.18}
{'loss': 1.5288, 'learning_rate': 0.0002, 'epoch': 0.19}
{'loss': 1.573, 'learning_rate': 0.0002, 'epoch': 0.19}
{'loss': 1.3818, 'learning_rate': 0.0002, 'epoch': 0.19}
{'loss': 1.575, 'learning_rate': 0.0002, 'epoch': 0.19}
{'loss': 1.2076, 'learning_rate': 0.0002, 'epoch': 0.19}
{'loss': 1.2654, 'learning_rate': 0.0002, 'epoch': 0.19}
{'loss': 1.281, 'learning_rate': 0.0002, 'epoch': 0.2}
{'loss': 1.0976, 'learning_rate': 0.0002, 'epoch': 0.2}
{'loss': 1.1229, 'learning_rate': 0.0002, 'epoch': 0.2}
{'loss': 1.4871, 'learning_rate': 0.0002, 'epoch': 0.2}
{'loss': 1.4357, 'learning_rate': 0.0002, 'epoch': 0.2}
{'loss': 1.6565, 'learning_rate': 0.0002, 'epoch': 0.2}
{'loss': 1.2341, 'learning_rate': 0.0002, 'epoch': 0.21}
{'loss': 1.5233, 'learning_rate': 0.0002, 'epoch': 0.21}
{'loss': 1.5302, 'learning_rate': 0.0002, 'epoch': 0.21}
{'loss': 1.4197, 'learning_rate': 0.0002, 'epoch': 0.21}
{'loss': 1.4289, 'learning_rate': 0.0002, 'epoch': 0.21}
{'loss': 1.3506, 'learning_rate': 0.0002, 'epoch': 0.22}
{'loss': 1.2907, 'learning_rate': 0.0002, 'epoch': 0.22}
{'loss': 1.2524, 'learning_rate': 0.0002, 'epoch': 0.22}
{'loss': 1.3608, 'learning_rate': 0.0002, 'epoch': 0.22}
{'loss': 1.6907, 'learning_rate': 0.0002, 'epoch': 0.22}
{'loss': 1.7265, 'learning_rate': 0.0002, 'epoch': 0.22}
{'loss': 1.2451, 'learning_rate': 0.0002, 'epoch': 0.23}
{'loss': 1.4786, 'learning_rate': 0.0002, 'epoch': 0.23}
{'loss': 1.5362, 'learning_rate': 0.0002, 'epoch': 0.23}
{'loss': 1.563, 'learning_rate': 0.0002, 'epoch': 0.23}
{'loss': 1.262, 'learning_rate': 0.0002, 'epoch': 0.23}
{'loss': 1.5647, 'learning_rate': 0.0002, 'epoch': 0.24}
{'loss': 1.4689, 'learning_rate': 0.0002, 'epoch': 0.24}
{'loss': 1.2854, 'learning_rate': 0.0002, 'epoch': 0.24}
{'loss': 1.2825, 'learning_rate': 0.0002, 'epoch': 0.24}
{'loss': 0.845, 'learning_rate': 0.0002, 'epoch': 0.24}
{'loss': 1.4338, 'learning_rate': 0.0002, 'epoch': 0.24}
{'loss': 1.5106, 'learning_rate': 0.0002, 'epoch': 0.25}
{'loss': 1.4136, 'learning_rate': 0.0002, 'epoch': 0.25}
{'loss': 1.516, 'learning_rate': 0.0002, 'epoch': 0.25}
{'loss': 1.4399, 'learning_rate': 0.0002, 'epoch': 0.25}
{'loss': 1.4032, 'learning_rate': 0.0002, 'epoch': 0.25}
{'loss': 1.3583, 'learning_rate': 0.0002, 'epoch': 0.25}
{'loss': 1.2286, 'learning_rate': 0.0002, 'epoch': 0.26}
{'loss': 1.1758, 'learning_rate': 0.0002, 'epoch': 0.26}
{'loss': 1.6789, 'learning_rate': 0.0002, 'epoch': 0.26}
{'loss': 1.3943, 'learning_rate': 0.0002, 'epoch': 0.26}
{'loss': 1.6507, 'learning_rate': 0.0002, 'epoch': 0.26}
{'loss': 1.2818, 'learning_rate': 0.0002, 'epoch': 0.27}
{'loss': 1.2264, 'learning_rate': 0.0002, 'epoch': 0.27}
{'loss': 0.9595, 'learning_rate': 0.0002, 'epoch': 0.27}
{'loss': 0.9746, 'learning_rate': 0.0002, 'epoch': 0.27}
{'loss': 1.2518, 'learning_rate': 0.0002, 'epoch': 0.27}
{'loss': 1.3712, 'learning_rate': 0.0002, 'epoch': 0.27}
{'loss': 1.0886, 'learning_rate': 0.0002, 'epoch': 0.28}
{'loss': 1.3889, 'learning_rate': 0.0002, 'epoch': 0.28}
{'loss': 1.0032, 'learning_rate': 0.0002, 'epoch': 0.28}
{'loss': 1.4839, 'learning_rate': 0.0002, 'epoch': 0.28}
{'loss': 1.367, 'learning_rate': 0.0002, 'epoch': 0.28}
{'loss': 1.1348, 'learning_rate': 0.0002, 'epoch': 0.29}
{'loss': 1.4804, 'learning_rate': 0.0002, 'epoch': 0.29}
{'loss': 1.3312, 'learning_rate': 0.0002, 'epoch': 0.29}
{'loss': 1.0026, 'learning_rate': 0.0002, 'epoch': 0.29}
{'loss': 1.4462, 'learning_rate': 0.0002, 'epoch': 0.29}
{'loss': 0.9519, 'learning_rate': 0.0002, 'epoch': 0.29}
{'loss': 1.4762, 'learning_rate': 0.0002, 'epoch': 0.3}
{'loss': 1.5143, 'learning_rate': 0.0002, 'epoch': 0.3}
{'loss': 1.1117, 'learning_rate': 0.0002, 'epoch': 0.3}
{'loss': 1.0782, 'learning_rate': 0.0002, 'epoch': 0.3}
{'loss': 1.1784, 'learning_rate': 0.0002, 'epoch': 0.3}
{'loss': 1.0035, 'learning_rate': 0.0002, 'epoch': 0.3}
{'loss': 1.5145, 'learning_rate': 0.0002, 'epoch': 0.31}
{'loss': 1.0371, 'learning_rate': 0.0002, 'epoch': 0.31}
{'loss': 1.1663, 'learning_rate': 0.0002, 'epoch': 0.31}
{'loss': 1.0437, 'learning_rate': 0.0002, 'epoch': 0.31}
{'loss': 1.4452, 'learning_rate': 0.0002, 'epoch': 0.31}
{'loss': 1.09, 'learning_rate': 0.0002, 'epoch': 0.32}
{'loss': 1.2892, 'learning_rate': 0.0002, 'epoch': 0.32}
{'loss': 1.0057, 'learning_rate': 0.0002, 'epoch': 0.32}
{'loss': 1.565, 'learning_rate': 0.0002, 'epoch': 0.32}
{'loss': 1.4195, 'learning_rate': 0.0002, 'epoch': 0.32}
{'loss': 1.1383, 'learning_rate': 0.0002, 'epoch': 0.32}
{'loss': 1.2022, 'learning_rate': 0.0002, 'epoch': 0.33}
{'loss': 1.3744, 'learning_rate': 0.0002, 'epoch': 0.33}
{'loss': 1.1504, 'learning_rate': 0.0002, 'epoch': 0.33}
{'loss': 1.1537, 'learning_rate': 0.0002, 'epoch': 0.33}
{'loss': 1.508, 'learning_rate': 0.0002, 'epoch': 0.33}
{'loss': 1.0561, 'learning_rate': 0.0002, 'epoch': 0.34}
{'loss': 1.1571, 'learning_rate': 0.0002, 'epoch': 0.34}
{'loss': 1.4779, 'learning_rate': 0.0002, 'epoch': 0.34}
{'loss': 1.2871, 'learning_rate': 0.0002, 'epoch': 0.34}
{'loss': 0.9895, 'learning_rate': 0.0002, 'epoch': 0.34}
{'loss': 1.5504, 'learning_rate': 0.0002, 'epoch': 0.34}
{'loss': 1.4185, 'learning_rate': 0.0002, 'epoch': 0.35}
{'loss': 1.0871, 'learning_rate': 0.0002, 'epoch': 0.35}
{'loss': 1.6598, 'learning_rate': 0.0002, 'epoch': 0.35}
{'loss': 1.3305, 'learning_rate': 0.0002, 'epoch': 0.35}
{'loss': 1.2662, 'learning_rate': 0.0002, 'epoch': 0.35}
{'loss': 1.3487, 'learning_rate': 0.0002, 'epoch': 0.35}
{'loss': 1.3523, 'learning_rate': 0.0002, 'epoch': 0.36}
{'loss': 1.4947, 'learning_rate': 0.0002, 'epoch': 0.36}
{'loss': 0.777, 'learning_rate': 0.0002, 'epoch': 0.36}
{'loss': 1.204, 'learning_rate': 0.0002, 'epoch': 0.36}
{'loss': 0.8192, 'learning_rate': 0.0002, 'epoch': 0.36}
{'loss': 1.0049, 'learning_rate': 0.0002, 'epoch': 0.37}
{'loss': 1.1559, 'learning_rate': 0.0002, 'epoch': 0.37}
{'loss': 0.9155, 'learning_rate': 0.0002, 'epoch': 0.37}
{'loss': 1.0171, 'learning_rate': 0.0002, 'epoch': 0.37}
{'loss': 1.185, 'learning_rate': 0.0002, 'epoch': 0.37}
{'loss': 1.0663, 'learning_rate': 0.0002, 'epoch': 0.37}
{'loss': 1.5303, 'learning_rate': 0.0002, 'epoch': 0.38}
{'loss': 1.1397, 'learning_rate': 0.0002, 'epoch': 0.38}
{'loss': 1.437, 'learning_rate': 0.0002, 'epoch': 0.38}
{'loss': 1.1679, 'learning_rate': 0.0002, 'epoch': 0.38}
{'loss': 0.9841, 'learning_rate': 0.0002, 'epoch': 0.38}
{'loss': 0.7782, 'learning_rate': 0.0002, 'epoch': 0.39}
{'loss': 0.983, 'learning_rate': 0.0002, 'epoch': 0.39}
{'loss': 1.1704, 'learning_rate': 0.0002, 'epoch': 0.39}
{'loss': 1.4198, 'learning_rate': 0.0002, 'epoch': 0.39}
{'loss': 1.1481, 'learning_rate': 0.0002, 'epoch': 0.39}
{'loss': 1.121, 'learning_rate': 0.0002, 'epoch': 0.39}
{'loss': 1.0926, 'learning_rate': 0.0002, 'epoch': 0.4}
{'loss': 1.6167, 'learning_rate': 0.0002, 'epoch': 0.4}
{'loss': 1.119, 'learning_rate': 0.0002, 'epoch': 0.4}
{'loss': 1.1389, 'learning_rate': 0.0002, 'epoch': 0.4}
{'loss': 0.9767, 'learning_rate': 0.0002, 'epoch': 0.4}
{'loss': 1.5186, 'learning_rate': 0.0002, 'epoch': 0.4}
{'loss': 0.7909, 'learning_rate': 0.0002, 'epoch': 0.41}
{'loss': 1.1564, 'learning_rate': 0.0002, 'epoch': 0.41}
{'loss': 1.0128, 'learning_rate': 0.0002, 'epoch': 0.41}
{'loss': 0.847, 'learning_rate': 0.0002, 'epoch': 0.41}
{'loss': 1.4046, 'learning_rate': 0.0002, 'epoch': 0.41}
{'loss': 1.5287, 'learning_rate': 0.0002, 'epoch': 0.42}
{'loss': 1.3988, 'learning_rate': 0.0002, 'epoch': 0.42}
{'loss': 0.9149, 'learning_rate': 0.0002, 'epoch': 0.42}
{'loss': 1.9366, 'learning_rate': 0.0002, 'epoch': 0.42}
{'loss': 1.1725, 'learning_rate': 0.0002, 'epoch': 0.42}
{'loss': 0.8072, 'learning_rate': 0.0002, 'epoch': 0.42}
{'loss': 1.612, 'learning_rate': 0.0002, 'epoch': 0.43}
{'loss': 1.206, 'learning_rate': 0.0002, 'epoch': 0.43}
{'loss': 1.1085, 'learning_rate': 0.0002, 'epoch': 0.43}
{'loss': 0.9779, 'learning_rate': 0.0002, 'epoch': 0.43}
{'loss': 1.2339, 'learning_rate': 0.0002, 'epoch': 0.43}
{'loss': 1.5771, 'learning_rate': 0.0002, 'epoch': 0.43}
{'loss': 0.9532, 'learning_rate': 0.0002, 'epoch': 0.44}
{'loss': 1.1956, 'learning_rate': 0.0002, 'epoch': 0.44}
{'loss': 0.9172, 'learning_rate': 0.0002, 'epoch': 0.44}
{'loss': 1.1656, 'learning_rate': 0.0002, 'epoch': 0.44}
{'loss': 1.0788, 'learning_rate': 0.0002, 'epoch': 0.44}
{'loss': 0.7289, 'learning_rate': 0.0002, 'epoch': 0.45}
{'loss': 1.4099, 'learning_rate': 0.0002, 'epoch': 0.45}
{'loss': 1.0506, 'learning_rate': 0.0002, 'epoch': 0.45}
{'loss': 1.0817, 'learning_rate': 0.0002, 'epoch': 0.45}
{'loss': 1.0781, 'learning_rate': 0.0002, 'epoch': 0.45}
{'loss': 1.3804, 'learning_rate': 0.0002, 'epoch': 0.45}
{'loss': 1.041, 'learning_rate': 0.0002, 'epoch': 0.46}
{'loss': 1.2337, 'learning_rate': 0.0002, 'epoch': 0.46}
{'loss': 1.1923, 'learning_rate': 0.0002, 'epoch': 0.46}
{'loss': 1.2274, 'learning_rate': 0.0002, 'epoch': 0.46}
{'loss': 1.2222, 'learning_rate': 0.0002, 'epoch': 0.46}
{'loss': 1.1139, 'learning_rate': 0.0002, 'epoch': 0.47}
{'loss': 1.227, 'learning_rate': 0.0002, 'epoch': 0.47}
{'loss': 1.5398, 'learning_rate': 0.0002, 'epoch': 0.47}
{'loss': 1.2462, 'learning_rate': 0.0002, 'epoch': 0.47}
{'loss': 0.9812, 'learning_rate': 0.0002, 'epoch': 0.47}
{'loss': 1.0873, 'learning_rate': 0.0002, 'epoch': 0.47}
{'loss': 1.3511, 'learning_rate': 0.0002, 'epoch': 0.48}
{'loss': 1.173, 'learning_rate': 0.0002, 'epoch': 0.48}
{'loss': 1.3314, 'learning_rate': 0.0002, 'epoch': 0.48}
{'loss': 1.1549, 'learning_rate': 0.0002, 'epoch': 0.48}
{'loss': 1.3341, 'learning_rate': 0.0002, 'epoch': 0.48}
{'loss': 0.8789, 'learning_rate': 0.0002, 'epoch': 0.48}
{'loss': 1.2821, 'learning_rate': 0.0002, 'epoch': 0.49}
{'loss': 1.3468, 'learning_rate': 0.0002, 'epoch': 0.49}
{'loss': 1.0914, 'learning_rate': 0.0002, 'epoch': 0.49}
{'loss': 1.2412, 'learning_rate': 0.0002, 'epoch': 0.49}
{'loss': 1.3308, 'learning_rate': 0.0002, 'epoch': 0.49}
{'loss': 0.947, 'learning_rate': 0.0002, 'epoch': 0.5}
{'loss': 1.12, 'learning_rate': 0.0002, 'epoch': 0.5}
{'loss': 1.1753, 'learning_rate': 0.0002, 'epoch': 0.5}
{'loss': 1.0066, 'learning_rate': 0.0002, 'epoch': 0.5}
{'loss': 1.2477, 'learning_rate': 0.0002, 'epoch': 0.5}
{'loss': 1.0886, 'learning_rate': 0.0002, 'epoch': 0.5}
{'loss': 1.2875, 'learning_rate': 0.0002, 'epoch': 0.51}
{'loss': 1.1859, 'learning_rate': 0.0002, 'epoch': 0.51}
{'loss': 1.0151, 'learning_rate': 0.0002, 'epoch': 0.51}
{'loss': 0.709, 'learning_rate': 0.0002, 'epoch': 0.51}
{'loss': 1.3341, 'learning_rate': 0.0002, 'epoch': 0.51}
{'loss': 1.1061, 'learning_rate': 0.0002, 'epoch': 0.52}
{'loss': 1.4173, 'learning_rate': 0.0002, 'epoch': 0.52}
{'loss': 1.219, 'learning_rate': 0.0002, 'epoch': 0.52}
{'loss': 1.2817, 'learning_rate': 0.0002, 'epoch': 0.52}
{'loss': 1.0446, 'learning_rate': 0.0002, 'epoch': 0.52}
{'loss': 1.6339, 'learning_rate': 0.0002, 'epoch': 0.52}
{'loss': 1.2942, 'learning_rate': 0.0002, 'epoch': 0.53}
{'loss': 0.9894, 'learning_rate': 0.0002, 'epoch': 0.53}
{'loss': 0.9422, 'learning_rate': 0.0002, 'epoch': 0.53}
{'loss': 0.9486, 'learning_rate': 0.0002, 'epoch': 0.53}
{'loss': 1.2691, 'learning_rate': 0.0002, 'epoch': 0.53}
{'loss': 0.8746, 'learning_rate': 0.0002, 'epoch': 0.53}
{'loss': 1.2023, 'learning_rate': 0.0002, 'epoch': 0.54}
{'loss': 1.1662, 'learning_rate': 0.0002, 'epoch': 0.54}
{'loss': 1.2401, 'learning_rate': 0.0002, 'epoch': 0.54}
{'loss': 1.4681, 'learning_rate': 0.0002, 'epoch': 0.54}
{'loss': 1.1236, 'learning_rate': 0.0002, 'epoch': 0.54}
{'loss': 0.9241, 'learning_rate': 0.0002, 'epoch': 0.55}
{'loss': 1.3036, 'learning_rate': 0.0002, 'epoch': 0.55}
{'loss': 1.3351, 'learning_rate': 0.0002, 'epoch': 0.55}
{'loss': 1.2775, 'learning_rate': 0.0002, 'epoch': 0.55}
{'loss': 1.2848, 'learning_rate': 0.0002, 'epoch': 0.55}
{'loss': 1.1643, 'learning_rate': 0.0002, 'epoch': 0.55}
{'loss': 0.842, 'learning_rate': 0.0002, 'epoch': 0.56}
{'loss': 1.1684, 'learning_rate': 0.0002, 'epoch': 0.56}
{'loss': 1.1325, 'learning_rate': 0.0002, 'epoch': 0.56}
{'loss': 1.0632, 'learning_rate': 0.0002, 'epoch': 0.56}
{'loss': 1.2707, 'learning_rate': 0.0002, 'epoch': 0.56}
{'loss': 1.2025, 'learning_rate': 0.0002, 'epoch': 0.57}
{'loss': 1.1115, 'learning_rate': 0.0002, 'epoch': 0.57}
{'loss': 1.0455, 'learning_rate': 0.0002, 'epoch': 0.57}
{'loss': 0.8717, 'learning_rate': 0.0002, 'epoch': 0.57}
{'loss': 0.8705, 'learning_rate': 0.0002, 'epoch': 0.57}
{'loss': 1.2016, 'learning_rate': 0.0002, 'epoch': 0.57}
{'loss': 1.1073, 'learning_rate': 0.0002, 'epoch': 0.58}
{'loss': 1.1947, 'learning_rate': 0.0002, 'epoch': 0.58}
{'loss': 1.1969, 'learning_rate': 0.0002, 'epoch': 0.58}
{'loss': 1.2264, 'learning_rate': 0.0002, 'epoch': 0.58}
{'loss': 1.5956, 'learning_rate': 0.0002, 'epoch': 0.58}
{'loss': 1.4533, 'learning_rate': 0.0002, 'epoch': 0.58}
{'loss': 0.7976, 'learning_rate': 0.0002, 'epoch': 0.59}
{'loss': 1.0187, 'learning_rate': 0.0002, 'epoch': 0.59}
{'loss': 1.1778, 'learning_rate': 0.0002, 'epoch': 0.59}
{'loss': 0.8404, 'learning_rate': 0.0002, 'epoch': 0.59}
{'loss': 1.5616, 'learning_rate': 0.0002, 'epoch': 0.59}
{'loss': 1.0494, 'learning_rate': 0.0002, 'epoch': 0.6}
{'loss': 1.7802, 'learning_rate': 0.0002, 'epoch': 0.6}
{'loss': 1.5454, 'learning_rate': 0.0002, 'epoch': 0.6}
{'loss': 1.1026, 'learning_rate': 0.0002, 'epoch': 0.6}
{'loss': 1.3372, 'learning_rate': 0.0002, 'epoch': 0.6}
{'loss': 1.2179, 'learning_rate': 0.0002, 'epoch': 0.6}
{'loss': 1.2794, 'learning_rate': 0.0002, 'epoch': 0.61}
{'loss': 1.057, 'learning_rate': 0.0002, 'epoch': 0.61}
{'loss': 1.1915, 'learning_rate': 0.0002, 'epoch': 0.61}
{'loss': 1.2911, 'learning_rate': 0.0002, 'epoch': 0.61}
{'loss': 1.2499, 'learning_rate': 0.0002, 'epoch': 0.61}
{'loss': 1.0887, 'learning_rate': 0.0002, 'epoch': 0.61}
{'loss': 1.3311, 'learning_rate': 0.0002, 'epoch': 0.62}
{'loss': 0.8413, 'learning_rate': 0.0002, 'epoch': 0.62}
{'loss': 1.382, 'learning_rate': 0.0002, 'epoch': 0.62}
{'loss': 1.4657, 'learning_rate': 0.0002, 'epoch': 0.62}
{'loss': 0.9879, 'learning_rate': 0.0002, 'epoch': 0.62}
{'loss': 0.8586, 'learning_rate': 0.0002, 'epoch': 0.63}
{'loss': 1.0078, 'learning_rate': 0.0002, 'epoch': 0.63}
{'loss': 0.9774, 'learning_rate': 0.0002, 'epoch': 0.63}
{'loss': 1.4351, 'learning_rate': 0.0002, 'epoch': 0.63}
{'loss': 1.2921, 'learning_rate': 0.0002, 'epoch': 0.63}
{'loss': 1.0476, 'learning_rate': 0.0002, 'epoch': 0.63}
{'loss': 1.4314, 'learning_rate': 0.0002, 'epoch': 0.64}
{'loss': 1.1957, 'learning_rate': 0.0002, 'epoch': 0.64}
{'loss': 1.1366, 'learning_rate': 0.0002, 'epoch': 0.64}
{'loss': 1.3939, 'learning_rate': 0.0002, 'epoch': 0.64}
{'loss': 1.435, 'learning_rate': 0.0002, 'epoch': 0.64}
{'loss': 1.0962, 'learning_rate': 0.0002, 'epoch': 0.65}
{'loss': 1.5045, 'learning_rate': 0.0002, 'epoch': 0.65}
{'loss': 0.7924, 'learning_rate': 0.0002, 'epoch': 0.65}
{'loss': 1.3153, 'learning_rate': 0.0002, 'epoch': 0.65}
{'loss': 0.863, 'learning_rate': 0.0002, 'epoch': 0.65}
{'loss': 1.0871, 'learning_rate': 0.0002, 'epoch': 0.65}
{'loss': 0.9886, 'learning_rate': 0.0002, 'epoch': 0.66}
{'loss': 1.0057, 'learning_rate': 0.0002, 'epoch': 0.66}
{'loss': 1.0165, 'learning_rate': 0.0002, 'epoch': 0.66}
{'loss': 1.4165, 'learning_rate': 0.0002, 'epoch': 0.66}
{'loss': 1.0833, 'learning_rate': 0.0002, 'epoch': 0.66}
{'loss': 1.2563, 'learning_rate': 0.0002, 'epoch': 0.66}
{'loss': 1.042, 'learning_rate': 0.0002, 'epoch': 0.67}
{'loss': 1.4163, 'learning_rate': 0.0002, 'epoch': 0.67}
{'loss': 1.0488, 'learning_rate': 0.0002, 'epoch': 0.67}
{'loss': 1.6082, 'learning_rate': 0.0002, 'epoch': 0.67}
{'loss': 0.9788, 'learning_rate': 0.0002, 'epoch': 0.67}
{'loss': 1.421, 'learning_rate': 0.0002, 'epoch': 0.68}
{'loss': 0.8318, 'learning_rate': 0.0002, 'epoch': 0.68}
{'loss': 1.2939, 'learning_rate': 0.0002, 'epoch': 0.68}
{'loss': 1.2329, 'learning_rate': 0.0002, 'epoch': 0.68}
{'loss': 1.1005, 'learning_rate': 0.0002, 'epoch': 0.68}
{'loss': 0.9093, 'learning_rate': 0.0002, 'epoch': 0.68}
{'loss': 1.0908, 'learning_rate': 0.0002, 'epoch': 0.69}
{'loss': 1.3901, 'learning_rate': 0.0002, 'epoch': 0.69}
{'loss': 1.026, 'learning_rate': 0.0002, 'epoch': 0.69}
{'loss': 1.0105, 'learning_rate': 0.0002, 'epoch': 0.69}
{'loss': 1.1797, 'learning_rate': 0.0002, 'epoch': 0.69}
{'loss': 1.0067, 'learning_rate': 0.0002, 'epoch': 0.7}
{'loss': 0.85, 'learning_rate': 0.0002, 'epoch': 0.7}
{'loss': 1.132, 'learning_rate': 0.0002, 'epoch': 0.7}
{'loss': 1.3022, 'learning_rate': 0.0002, 'epoch': 0.7}
{'loss': 1.5587, 'learning_rate': 0.0002, 'epoch': 0.7}
{'loss': 1.1966, 'learning_rate': 0.0002, 'epoch': 0.7}
{'loss': 1.1489, 'learning_rate': 0.0002, 'epoch': 0.71}
{'loss': 1.2439, 'learning_rate': 0.0002, 'epoch': 0.71}
{'loss': 1.0724, 'learning_rate': 0.0002, 'epoch': 0.71}
{'loss': 1.5212, 'learning_rate': 0.0002, 'epoch': 0.71}
{'loss': 0.7201, 'learning_rate': 0.0002, 'epoch': 0.71}
{'loss': 0.7895, 'learning_rate': 0.0002, 'epoch': 0.71}
{'loss': 1.3539, 'learning_rate': 0.0002, 'epoch': 0.72}
{'loss': 0.8947, 'learning_rate': 0.0002, 'epoch': 0.72}
{'loss': 1.234, 'learning_rate': 0.0002, 'epoch': 0.72}
{'loss': 0.9285, 'learning_rate': 0.0002, 'epoch': 0.72}
{'loss': 1.0462, 'learning_rate': 0.0002, 'epoch': 0.72}
{'loss': 1.3633, 'learning_rate': 0.0002, 'epoch': 0.73}
{'loss': 1.0612, 'learning_rate': 0.0002, 'epoch': 0.73}
{'loss': 0.9333, 'learning_rate': 0.0002, 'epoch': 0.73}
{'loss': 1.1497, 'learning_rate': 0.0002, 'epoch': 0.73}
{'loss': 1.2418, 'learning_rate': 0.0002, 'epoch': 0.73}
{'loss': 1.1273, 'learning_rate': 0.0002, 'epoch': 0.73}
{'loss': 0.9574, 'learning_rate': 0.0002, 'epoch': 0.74}
{'loss': 1.2235, 'learning_rate': 0.0002, 'epoch': 0.74}
{'loss': 1.1649, 'learning_rate': 0.0002, 'epoch': 0.74}
{'loss': 1.029, 'learning_rate': 0.0002, 'epoch': 0.74}
{'loss': 0.9575, 'learning_rate': 0.0002, 'epoch': 0.74}
{'loss': 0.9768, 'learning_rate': 0.0002, 'epoch': 0.75}
{'loss': 1.3496, 'learning_rate': 0.0002, 'epoch': 0.75}
{'loss': 1.7169, 'learning_rate': 0.0002, 'epoch': 0.75}
{'loss': 1.1616, 'learning_rate': 0.0002, 'epoch': 0.75}
{'loss': 0.9204, 'learning_rate': 0.0002, 'epoch': 0.75}
{'loss': 1.1217, 'learning_rate': 0.0002, 'epoch': 0.75}
{'loss': 1.0913, 'learning_rate': 0.0002, 'epoch': 0.76}
{'loss': 1.1199, 'learning_rate': 0.0002, 'epoch': 0.76}
{'loss': 0.9713, 'learning_rate': 0.0002, 'epoch': 0.76}
{'loss': 1.0618, 'learning_rate': 0.0002, 'epoch': 0.76}
{'loss': 1.15, 'learning_rate': 0.0002, 'epoch': 0.76}
{'loss': 1.4523, 'learning_rate': 0.0002, 'epoch': 0.76}
{'loss': 1.2267, 'learning_rate': 0.0002, 'epoch': 0.77}
{'loss': 1.2722, 'learning_rate': 0.0002, 'epoch': 0.77}
{'loss': 1.0703, 'learning_rate': 0.0002, 'epoch': 0.77}
{'loss': 0.9251, 'learning_rate': 0.0002, 'epoch': 0.77}
{'loss': 0.9157, 'learning_rate': 0.0002, 'epoch': 0.77}
{'loss': 1.0687, 'learning_rate': 0.0002, 'epoch': 0.78}
{'loss': 0.9496, 'learning_rate': 0.0002, 'epoch': 0.78}
{'loss': 1.1963, 'learning_rate': 0.0002, 'epoch': 0.78}
{'loss': 1.6688, 'learning_rate': 0.0002, 'epoch': 0.78}
{'loss': 0.7919, 'learning_rate': 0.0002, 'epoch': 0.78}
{'loss': 0.7731, 'learning_rate': 0.0002, 'epoch': 0.78}
{'loss': 0.9739, 'learning_rate': 0.0002, 'epoch': 0.79}
{'loss': 1.0052, 'learning_rate': 0.0002, 'epoch': 0.79}
{'loss': 0.7847, 'learning_rate': 0.0002, 'epoch': 0.79}
{'loss': 0.8343, 'learning_rate': 0.0002, 'epoch': 0.79}
{'loss': 0.9407, 'learning_rate': 0.0002, 'epoch': 0.79}
{'loss': 0.8867, 'learning_rate': 0.0002, 'epoch': 0.8}
{'loss': 1.1824, 'learning_rate': 0.0002, 'epoch': 0.8}
{'loss': 0.8389, 'learning_rate': 0.0002, 'epoch': 0.8}
{'loss': 1.192, 'learning_rate': 0.0002, 'epoch': 0.8}
{'loss': 0.9612, 'learning_rate': 0.0002, 'epoch': 0.8}
{'loss': 1.0631, 'learning_rate': 0.0002, 'epoch': 0.8}
{'loss': 1.0844, 'learning_rate': 0.0002, 'epoch': 0.81}
{'loss': 1.0962, 'learning_rate': 0.0002, 'epoch': 0.81}
{'loss': 0.9858, 'learning_rate': 0.0002, 'epoch': 0.81}
{'loss': 0.861, 'learning_rate': 0.0002, 'epoch': 0.81}
{'loss': 1.1193, 'learning_rate': 0.0002, 'epoch': 0.81}
{'loss': 0.9637, 'learning_rate': 0.0002, 'epoch': 0.81}
{'loss': 1.0645, 'learning_rate': 0.0002, 'epoch': 0.82}
{'loss': 0.7463, 'learning_rate': 0.0002, 'epoch': 0.82}
{'loss': 1.0143, 'learning_rate': 0.0002, 'epoch': 0.82}
{'loss': 1.0334, 'learning_rate': 0.0002, 'epoch': 0.82}
{'loss': 0.9557, 'learning_rate': 0.0002, 'epoch': 0.82}
{'loss': 1.5297, 'learning_rate': 0.0002, 'epoch': 0.83}
{'loss': 1.1087, 'learning_rate': 0.0002, 'epoch': 0.83}
{'loss': 1.0121, 'learning_rate': 0.0002, 'epoch': 0.83}
{'loss': 0.8664, 'learning_rate': 0.0002, 'epoch': 0.83}
{'loss': 1.0078, 'learning_rate': 0.0002, 'epoch': 0.83}
{'loss': 1.4403, 'learning_rate': 0.0002, 'epoch': 0.83}
{'loss': 1.0133, 'learning_rate': 0.0002, 'epoch': 0.84}
{'loss': 1.3528, 'learning_rate': 0.0002, 'epoch': 0.84}
{'loss': 1.002, 'learning_rate': 0.0002, 'epoch': 0.84}
{'loss': 1.0518, 'learning_rate': 0.0002, 'epoch': 0.84}
{'loss': 0.9566, 'learning_rate': 0.0002, 'epoch': 0.84}
{'loss': 0.9532, 'learning_rate': 0.0002, 'epoch': 0.84}
{'loss': 0.8679, 'learning_rate': 0.0002, 'epoch': 0.85}
{'loss': 0.8148, 'learning_rate': 0.0002, 'epoch': 0.85}
{'loss': 1.0446, 'learning_rate': 0.0002, 'epoch': 0.85}
{'loss': 0.875, 'learning_rate': 0.0002, 'epoch': 0.85}
{'loss': 1.4194, 'learning_rate': 0.0002, 'epoch': 0.85}
{'loss': 1.556, 'learning_rate': 0.0002, 'epoch': 0.86}
{'loss': 1.2761, 'learning_rate': 0.0002, 'epoch': 0.86}
{'loss': 1.1938, 'learning_rate': 0.0002, 'epoch': 0.86}
{'loss': 1.0395, 'learning_rate': 0.0002, 'epoch': 0.86}
{'loss': 1.1291, 'learning_rate': 0.0002, 'epoch': 0.86}
{'loss': 1.2212, 'learning_rate': 0.0002, 'epoch': 0.86}
{'loss': 1.181, 'learning_rate': 0.0002, 'epoch': 0.87}
{'loss': 0.9092, 'learning_rate': 0.0002, 'epoch': 0.87}
{'loss': 1.1155, 'learning_rate': 0.0002, 'epoch': 0.87}
{'loss': 1.0688, 'learning_rate': 0.0002, 'epoch': 0.87}
{'loss': 0.8918, 'learning_rate': 0.0002, 'epoch': 0.87}
{'loss': 0.8474, 'learning_rate': 0.0002, 'epoch': 0.88}
{'loss': 1.3567, 'learning_rate': 0.0002, 'epoch': 0.88}
{'loss': 1.315, 'learning_rate': 0.0002, 'epoch': 0.88}
{'loss': 1.3652, 'learning_rate': 0.0002, 'epoch': 0.88}
{'loss': 1.4948, 'learning_rate': 0.0002, 'epoch': 0.88}
{'loss': 1.026, 'learning_rate': 0.0002, 'epoch': 0.88}
{'loss': 1.6292, 'learning_rate': 0.0002, 'epoch': 0.89}
{'loss': 1.1261, 'learning_rate': 0.0002, 'epoch': 0.89}
{'loss': 0.9516, 'learning_rate': 0.0002, 'epoch': 0.89}
{'loss': 1.5013, 'learning_rate': 0.0002, 'epoch': 0.89}
{'loss': 1.2349, 'learning_rate': 0.0002, 'epoch': 0.89}
{'loss': 1.0421, 'learning_rate': 0.0002, 'epoch': 0.89}
{'loss': 1.0915, 'learning_rate': 0.0002, 'epoch': 0.9}
{'loss': 1.0928, 'learning_rate': 0.0002, 'epoch': 0.9}
{'loss': 1.3675, 'learning_rate': 0.0002, 'epoch': 0.9}
{'loss': 1.2812, 'learning_rate': 0.0002, 'epoch': 0.9}
{'loss': 1.073, 'learning_rate': 0.0002, 'epoch': 0.9}
{'loss': 1.0438, 'learning_rate': 0.0002, 'epoch': 0.91}
{'loss': 1.1997, 'learning_rate': 0.0002, 'epoch': 0.91}
{'loss': 1.1325, 'learning_rate': 0.0002, 'epoch': 0.91}
{'loss': 0.7214, 'learning_rate': 0.0002, 'epoch': 0.91}
{'loss': 0.74, 'learning_rate': 0.0002, 'epoch': 0.91}
{'loss': 1.2023, 'learning_rate': 0.0002, 'epoch': 0.91}
{'loss': 1.067, 'learning_rate': 0.0002, 'epoch': 0.92}
{'loss': 1.3676, 'learning_rate': 0.0002, 'epoch': 0.92}
{'loss': 1.1459, 'learning_rate': 0.0002, 'epoch': 0.92}
{'loss': 1.1818, 'learning_rate': 0.0002, 'epoch': 0.92}
{'loss': 1.2371, 'learning_rate': 0.0002, 'epoch': 0.92}
{'loss': 0.9533, 'learning_rate': 0.0002, 'epoch': 0.93}
{'loss': 1.348, 'learning_rate': 0.0002, 'epoch': 0.93}
{'loss': 1.0498, 'learning_rate': 0.0002, 'epoch': 0.93}
{'loss': 1.0118, 'learning_rate': 0.0002, 'epoch': 0.93}
{'loss': 1.1356, 'learning_rate': 0.0002, 'epoch': 0.93}
{'loss': 1.2602, 'learning_rate': 0.0002, 'epoch': 0.93}
{'loss': 1.4911, 'learning_rate': 0.0002, 'epoch': 0.94}
{'loss': 1.2926, 'learning_rate': 0.0002, 'epoch': 0.94}
{'loss': 1.1442, 'learning_rate': 0.0002, 'epoch': 0.94}
{'loss': 1.3389, 'learning_rate': 0.0002, 'epoch': 0.94}
{'loss': 0.9024, 'learning_rate': 0.0002, 'epoch': 0.94}
{'loss': 1.4375, 'learning_rate': 0.0002, 'epoch': 0.94}
{'loss': 0.7099, 'learning_rate': 0.0002, 'epoch': 0.95}
{'loss': 1.3359, 'learning_rate': 0.0002, 'epoch': 0.95}
{'loss': 0.9225, 'learning_rate': 0.0002, 'epoch': 0.95}
{'loss': 1.1707, 'learning_rate': 0.0002, 'epoch': 0.95}
{'loss': 0.9285, 'learning_rate': 0.0002, 'epoch': 0.95}
{'loss': 0.8213, 'learning_rate': 0.0002, 'epoch': 0.96}
{'loss': 1.0028, 'learning_rate': 0.0002, 'epoch': 0.96}
{'loss': 0.8462, 'learning_rate': 0.0002, 'epoch': 0.96}
{'loss': 0.8654, 'learning_rate': 0.0002, 'epoch': 0.96}
{'loss': 1.0313, 'learning_rate': 0.0002, 'epoch': 0.96}
{'loss': 0.8075, 'learning_rate': 0.0002, 'epoch': 0.96}
{'loss': 1.1119, 'learning_rate': 0.0002, 'epoch': 0.97}
{'loss': 0.6287, 'learning_rate': 0.0002, 'epoch': 0.97}
{'loss': 1.2022, 'learning_rate': 0.0002, 'epoch': 0.97}
{'loss': 0.7217, 'learning_rate': 0.0002, 'epoch': 0.97}
{'loss': 1.2284, 'learning_rate': 0.0002, 'epoch': 0.97}
{'loss': 1.3635, 'learning_rate': 0.0002, 'epoch': 0.98}
{'loss': 1.2278, 'learning_rate': 0.0002, 'epoch': 0.98}
{'loss': 1.3133, 'learning_rate': 0.0002, 'epoch': 0.98}
{'loss': 0.7628, 'learning_rate': 0.0002, 'epoch': 0.98}
{'loss': 1.3097, 'learning_rate': 0.0002, 'epoch': 0.98}
{'loss': 1.057, 'learning_rate': 0.0002, 'epoch': 0.98}
{'loss': 1.6781, 'learning_rate': 0.0002, 'epoch': 0.99}
{'loss': 1.0984, 'learning_rate': 0.0002, 'epoch': 0.99}
{'loss': 1.0111, 'learning_rate': 0.0002, 'epoch': 0.99}
{'loss': 0.885, 'learning_rate': 0.0002, 'epoch': 0.99}
{'loss': 1.0943, 'learning_rate': 0.0002, 'epoch': 0.99}
{'loss': 0.7726, 'learning_rate': 0.0002, 'epoch': 0.99}
{'loss': 1.2728, 'learning_rate': 0.0002, 'epoch': 1.0}
{'loss': 0.9621, 'learning_rate': 0.0002, 'epoch': 1.0}
{'loss': 1.0478, 'learning_rate': 0.0002, 'epoch': 1.0}
{'train_runtime': 3951.3735, 'train_samples_per_second': 3.406, 'train_steps_per_second': 0.142, 'train_loss': 1.2916075059224366, 'epoch': 1.0}
[2025-07-24 10:09:12,458] [INFO] [launch.py:347:main] Process 261598 exits successfully.
[2025-07-24 10:09:12,458] [INFO] [launch.py:347:main] Process 261597 exits successfully.
[2025-07-24 10:09:13,459] [INFO] [launch.py:347:main] Process 261599 exits successfully.
value_counts_location.txt
{2: 28659820, 3: 28556808, 0: 28331687, 1: 26130505, -1: 4226812}
Model merge completed successfully.
